[2024-07-16T18:04:11.864+0000] {processor.py:161} INFO - Started process (PID=60) to work on /opt/airflow/dags/hello world.py
[2024-07-16T18:04:11.867+0000] {processor.py:830} INFO - Processing file /opt/airflow/dags/hello world.py for tasks to queue
[2024-07-16T18:04:11.872+0000] {logging_mixin.py:188} INFO - [2024-07-16T18:04:11.871+0000] {dagbag.py:545} INFO - Filling up the DagBag from /opt/airflow/dags/hello world.py
[2024-07-16T18:04:11.898+0000] {logging_mixin.py:188} INFO - [2024-07-16T18:04:11.891+0000] {dagbag.py:355} ERROR - Failed to import: /opt/airflow/dags/hello world.py
Traceback (most recent call last):
  File "/home/airflow/.local/lib/python3.12/site-packages/airflow/models/dagbag.py", line 351, in parse
    loader.exec_module(new_module)
  File "<frozen importlib._bootstrap_external>", line 995, in exec_module
  File "<frozen importlib._bootstrap>", line 488, in _call_with_frames_removed
  File "/opt/airflow/dags/hello world.py", line 1, in <module>
    from airflow import dag
ImportError: cannot import name 'dag' from 'airflow' (/home/airflow/.local/lib/python3.12/site-packages/airflow/__init__.py)
[2024-07-16T18:04:11.900+0000] {processor.py:842} WARNING - No viable dags retrieved from /opt/airflow/dags/hello world.py
[2024-07-16T18:04:11.947+0000] {processor.py:183} INFO - Processing /opt/airflow/dags/hello world.py took 0.092 seconds
[2024-07-16T18:04:21.137+0000] {processor.py:161} INFO - Started process (PID=119) to work on /opt/airflow/dags/hello world.py
[2024-07-16T18:04:21.141+0000] {processor.py:830} INFO - Processing file /opt/airflow/dags/hello world.py for tasks to queue
[2024-07-16T18:04:21.151+0000] {logging_mixin.py:188} INFO - [2024-07-16T18:04:21.150+0000] {dagbag.py:545} INFO - Filling up the DagBag from /opt/airflow/dags/hello world.py
[2024-07-16T18:04:21.188+0000] {logging_mixin.py:188} INFO - [2024-07-16T18:04:21.179+0000] {dagbag.py:355} ERROR - Failed to import: /opt/airflow/dags/hello world.py
Traceback (most recent call last):
  File "/home/airflow/.local/lib/python3.12/site-packages/airflow/models/dagbag.py", line 351, in parse
    loader.exec_module(new_module)
  File "<frozen importlib._bootstrap_external>", line 995, in exec_module
  File "<frozen importlib._bootstrap>", line 488, in _call_with_frames_removed
  File "/opt/airflow/dags/hello world.py", line 1, in <module>
    from airflow import dag
ImportError: cannot import name 'dag' from 'airflow' (/home/airflow/.local/lib/python3.12/site-packages/airflow/__init__.py)
[2024-07-16T18:04:21.192+0000] {processor.py:842} WARNING - No viable dags retrieved from /opt/airflow/dags/hello world.py
[2024-07-16T18:04:21.260+0000] {processor.py:183} INFO - Processing /opt/airflow/dags/hello world.py took 0.132 seconds
[2024-07-16T18:04:22.182+0000] {processor.py:161} INFO - Started process (PID=120) to work on /opt/airflow/dags/hello world.py
[2024-07-16T18:04:22.186+0000] {processor.py:830} INFO - Processing file /opt/airflow/dags/hello world.py for tasks to queue
[2024-07-16T18:04:22.198+0000] {logging_mixin.py:188} INFO - [2024-07-16T18:04:22.196+0000] {dagbag.py:545} INFO - Filling up the DagBag from /opt/airflow/dags/hello world.py
[2024-07-16T18:04:22.238+0000] {logging_mixin.py:188} INFO - [2024-07-16T18:04:22.229+0000] {dagbag.py:355} ERROR - Failed to import: /opt/airflow/dags/hello world.py
Traceback (most recent call last):
  File "/home/airflow/.local/lib/python3.12/site-packages/airflow/models/dagbag.py", line 351, in parse
    loader.exec_module(new_module)
  File "<frozen importlib._bootstrap_external>", line 995, in exec_module
  File "<frozen importlib._bootstrap>", line 488, in _call_with_frames_removed
  File "/opt/airflow/dags/hello world.py", line 1, in <module>
    from airflow import dag
ImportError: cannot import name 'dag' from 'airflow' (/home/airflow/.local/lib/python3.12/site-packages/airflow/__init__.py)
[2024-07-16T18:04:22.241+0000] {processor.py:842} WARNING - No viable dags retrieved from /opt/airflow/dags/hello world.py
[2024-07-16T18:04:22.303+0000] {processor.py:183} INFO - Processing /opt/airflow/dags/hello world.py took 0.151 seconds
[2024-07-16T18:12:19.894+0000] {processor.py:161} INFO - Started process (PID=66) to work on /opt/airflow/dags/hello world.py
[2024-07-16T18:12:19.896+0000] {processor.py:830} INFO - Processing file /opt/airflow/dags/hello world.py for tasks to queue
[2024-07-16T18:12:19.903+0000] {logging_mixin.py:188} INFO - [2024-07-16T18:12:19.902+0000] {dagbag.py:545} INFO - Filling up the DagBag from /opt/airflow/dags/hello world.py
[2024-07-16T18:12:19.943+0000] {processor.py:840} INFO - DAG(s) 'my_dag_name' retrieved from /opt/airflow/dags/hello world.py
[2024-07-16T18:12:20.322+0000] {logging_mixin.py:188} INFO - [2024-07-16T18:12:20.321+0000] {override.py:1858} INFO - Created Permission View: can delete on DAG:my_dag_name
[2024-07-16T18:12:20.341+0000] {logging_mixin.py:188} INFO - [2024-07-16T18:12:20.340+0000] {override.py:1858} INFO - Created Permission View: can edit on DAG:my_dag_name
[2024-07-16T18:12:20.350+0000] {logging_mixin.py:188} INFO - [2024-07-16T18:12:20.350+0000] {override.py:1858} INFO - Created Permission View: can read on DAG:my_dag_name
[2024-07-16T18:12:20.351+0000] {logging_mixin.py:188} INFO - [2024-07-16T18:12:20.351+0000] {dag.py:3089} INFO - Sync 1 DAGs
[2024-07-16T18:12:20.369+0000] {logging_mixin.py:188} INFO - [2024-07-16T18:12:20.368+0000] {dag.py:3111} INFO - Creating ORM DAG for my_dag_name
[2024-07-16T18:12:20.391+0000] {logging_mixin.py:188} INFO - [2024-07-16T18:12:20.390+0000] {dag.py:3947} INFO - Setting next_dagrun for my_dag_name to 2021-01-01 00:00:00+00:00, run_after=2021-01-02 00:00:00+00:00
[2024-07-16T18:12:20.440+0000] {processor.py:183} INFO - Processing /opt/airflow/dags/hello world.py took 0.553 seconds
[2024-07-16T18:12:50.784+0000] {processor.py:161} INFO - Started process (PID=125) to work on /opt/airflow/dags/hello world.py
[2024-07-16T18:12:50.786+0000] {processor.py:830} INFO - Processing file /opt/airflow/dags/hello world.py for tasks to queue
[2024-07-16T18:12:50.789+0000] {logging_mixin.py:188} INFO - [2024-07-16T18:12:50.788+0000] {dagbag.py:545} INFO - Filling up the DagBag from /opt/airflow/dags/hello world.py
[2024-07-16T18:12:50.804+0000] {processor.py:840} INFO - DAG(s) 'my_dag_name' retrieved from /opt/airflow/dags/hello world.py
[2024-07-16T18:12:50.829+0000] {logging_mixin.py:188} INFO - [2024-07-16T18:12:50.829+0000] {dag.py:3089} INFO - Sync 1 DAGs
[2024-07-16T18:12:50.869+0000] {logging_mixin.py:188} INFO - [2024-07-16T18:12:50.868+0000] {dag.py:3947} INFO - Setting next_dagrun for my_dag_name to 2021-01-01 00:00:00+00:00, run_after=2021-01-02 00:00:00+00:00
[2024-07-16T18:12:50.891+0000] {processor.py:183} INFO - Processing /opt/airflow/dags/hello world.py took 0.118 seconds
[2024-07-16T18:13:21.388+0000] {processor.py:161} INFO - Started process (PID=184) to work on /opt/airflow/dags/hello world.py
[2024-07-16T18:13:21.389+0000] {processor.py:830} INFO - Processing file /opt/airflow/dags/hello world.py for tasks to queue
[2024-07-16T18:13:21.392+0000] {logging_mixin.py:188} INFO - [2024-07-16T18:13:21.391+0000] {dagbag.py:545} INFO - Filling up the DagBag from /opt/airflow/dags/hello world.py
[2024-07-16T18:13:21.413+0000] {processor.py:840} INFO - DAG(s) 'my_dag_name' retrieved from /opt/airflow/dags/hello world.py
[2024-07-16T18:13:21.434+0000] {logging_mixin.py:188} INFO - [2024-07-16T18:13:21.433+0000] {dag.py:3089} INFO - Sync 1 DAGs
[2024-07-16T18:13:21.468+0000] {logging_mixin.py:188} INFO - [2024-07-16T18:13:21.468+0000] {dag.py:3947} INFO - Setting next_dagrun for my_dag_name to 2021-01-01 00:00:00+00:00, run_after=2021-01-02 00:00:00+00:00
[2024-07-16T18:13:21.489+0000] {processor.py:183} INFO - Processing /opt/airflow/dags/hello world.py took 0.108 seconds
[2024-07-16T18:18:17.144+0000] {processor.py:161} INFO - Started process (PID=61) to work on /opt/airflow/dags/hello world.py
[2024-07-16T18:18:17.146+0000] {processor.py:830} INFO - Processing file /opt/airflow/dags/hello world.py for tasks to queue
[2024-07-16T18:18:17.149+0000] {logging_mixin.py:188} INFO - [2024-07-16T18:18:17.149+0000] {dagbag.py:545} INFO - Filling up the DagBag from /opt/airflow/dags/hello world.py
[2024-07-16T18:18:17.189+0000] {processor.py:840} INFO - DAG(s) 'my_dag_name' retrieved from /opt/airflow/dags/hello world.py
[2024-07-16T18:18:17.745+0000] {logging_mixin.py:188} INFO - [2024-07-16T18:18:17.744+0000] {dag.py:3089} INFO - Sync 1 DAGs
[2024-07-16T18:18:17.781+0000] {logging_mixin.py:188} INFO - [2024-07-16T18:18:17.781+0000] {dag.py:3947} INFO - Setting next_dagrun for my_dag_name to 2021-01-01 00:00:00+00:00, run_after=2021-01-02 00:00:00+00:00
[2024-07-16T18:18:17.808+0000] {processor.py:183} INFO - Processing /opt/airflow/dags/hello world.py took 0.670 seconds
[2024-07-16T18:18:48.062+0000] {processor.py:161} INFO - Started process (PID=74) to work on /opt/airflow/dags/hello world.py
[2024-07-16T18:18:48.063+0000] {processor.py:830} INFO - Processing file /opt/airflow/dags/hello world.py for tasks to queue
[2024-07-16T18:18:48.065+0000] {logging_mixin.py:188} INFO - [2024-07-16T18:18:48.065+0000] {dagbag.py:545} INFO - Filling up the DagBag from /opt/airflow/dags/hello world.py
[2024-07-16T18:18:48.091+0000] {processor.py:840} INFO - DAG(s) 'my_dag_name' retrieved from /opt/airflow/dags/hello world.py
[2024-07-16T18:18:48.126+0000] {logging_mixin.py:188} INFO - [2024-07-16T18:18:48.126+0000] {dag.py:3089} INFO - Sync 1 DAGs
[2024-07-16T18:18:48.150+0000] {logging_mixin.py:188} INFO - [2024-07-16T18:18:48.150+0000] {dag.py:3947} INFO - Setting next_dagrun for my_dag_name to 2021-01-01 00:00:00+00:00, run_after=2021-01-02 00:00:00+00:00
[2024-07-16T18:18:48.167+0000] {processor.py:183} INFO - Processing /opt/airflow/dags/hello world.py took 0.111 seconds
[2024-07-16T18:19:18.286+0000] {processor.py:161} INFO - Started process (PID=81) to work on /opt/airflow/dags/hello world.py
[2024-07-16T18:19:18.287+0000] {processor.py:830} INFO - Processing file /opt/airflow/dags/hello world.py for tasks to queue
[2024-07-16T18:19:18.289+0000] {logging_mixin.py:188} INFO - [2024-07-16T18:19:18.289+0000] {dagbag.py:545} INFO - Filling up the DagBag from /opt/airflow/dags/hello world.py
[2024-07-16T18:19:18.310+0000] {processor.py:840} INFO - DAG(s) 'my_dag_name' retrieved from /opt/airflow/dags/hello world.py
[2024-07-16T18:19:18.338+0000] {logging_mixin.py:188} INFO - [2024-07-16T18:19:18.338+0000] {dag.py:3089} INFO - Sync 1 DAGs
[2024-07-16T18:19:18.358+0000] {logging_mixin.py:188} INFO - [2024-07-16T18:19:18.358+0000] {dag.py:3947} INFO - Setting next_dagrun for my_dag_name to 2021-01-20 00:00:00+00:00, run_after=2021-01-21 00:00:00+00:00
[2024-07-16T18:19:18.378+0000] {processor.py:183} INFO - Processing /opt/airflow/dags/hello world.py took 0.098 seconds
[2024-07-16T18:19:48.612+0000] {processor.py:161} INFO - Started process (PID=88) to work on /opt/airflow/dags/hello world.py
[2024-07-16T18:19:48.612+0000] {processor.py:830} INFO - Processing file /opt/airflow/dags/hello world.py for tasks to queue
[2024-07-16T18:19:48.614+0000] {logging_mixin.py:188} INFO - [2024-07-16T18:19:48.614+0000] {dagbag.py:545} INFO - Filling up the DagBag from /opt/airflow/dags/hello world.py
[2024-07-16T18:19:48.628+0000] {processor.py:840} INFO - DAG(s) 'my_dag_name' retrieved from /opt/airflow/dags/hello world.py
[2024-07-16T18:19:48.651+0000] {logging_mixin.py:188} INFO - [2024-07-16T18:19:48.650+0000] {dag.py:3089} INFO - Sync 1 DAGs
[2024-07-16T18:19:48.672+0000] {logging_mixin.py:188} INFO - [2024-07-16T18:19:48.672+0000] {dag.py:3947} INFO - Setting next_dagrun for my_dag_name to 2021-02-12 00:00:00+00:00, run_after=2021-02-13 00:00:00+00:00
[2024-07-16T18:19:48.693+0000] {processor.py:183} INFO - Processing /opt/airflow/dags/hello world.py took 0.085 seconds
[2024-07-16T18:20:18.865+0000] {processor.py:161} INFO - Started process (PID=95) to work on /opt/airflow/dags/hello world.py
[2024-07-16T18:20:18.866+0000] {processor.py:830} INFO - Processing file /opt/airflow/dags/hello world.py for tasks to queue
[2024-07-16T18:20:18.868+0000] {logging_mixin.py:188} INFO - [2024-07-16T18:20:18.868+0000] {dagbag.py:545} INFO - Filling up the DagBag from /opt/airflow/dags/hello world.py
[2024-07-16T18:20:18.890+0000] {processor.py:840} INFO - DAG(s) 'my_dag_name' retrieved from /opt/airflow/dags/hello world.py
[2024-07-16T18:20:18.915+0000] {logging_mixin.py:188} INFO - [2024-07-16T18:20:18.914+0000] {dag.py:3089} INFO - Sync 1 DAGs
[2024-07-16T18:20:18.935+0000] {logging_mixin.py:188} INFO - [2024-07-16T18:20:18.934+0000] {dag.py:3947} INFO - Setting next_dagrun for my_dag_name to 2021-02-21 00:00:00+00:00, run_after=2021-02-22 00:00:00+00:00
[2024-07-16T18:20:18.955+0000] {processor.py:183} INFO - Processing /opt/airflow/dags/hello world.py took 0.095 seconds
[2024-07-16T18:20:49.154+0000] {processor.py:161} INFO - Started process (PID=102) to work on /opt/airflow/dags/hello world.py
[2024-07-16T18:20:49.155+0000] {processor.py:830} INFO - Processing file /opt/airflow/dags/hello world.py for tasks to queue
[2024-07-16T18:20:49.156+0000] {logging_mixin.py:188} INFO - [2024-07-16T18:20:49.156+0000] {dagbag.py:545} INFO - Filling up the DagBag from /opt/airflow/dags/hello world.py
[2024-07-16T18:20:49.182+0000] {processor.py:840} INFO - DAG(s) 'my_dag_name' retrieved from /opt/airflow/dags/hello world.py
[2024-07-16T18:20:49.211+0000] {logging_mixin.py:188} INFO - [2024-07-16T18:20:49.211+0000] {dag.py:3089} INFO - Sync 1 DAGs
[2024-07-16T18:20:49.238+0000] {logging_mixin.py:188} INFO - [2024-07-16T18:20:49.237+0000] {dag.py:3947} INFO - Setting next_dagrun for my_dag_name to 2021-02-21 00:00:00+00:00, run_after=2021-02-22 00:00:00+00:00
[2024-07-16T18:20:49.263+0000] {processor.py:183} INFO - Processing /opt/airflow/dags/hello world.py took 0.114 seconds
[2024-07-16T18:21:19.374+0000] {processor.py:161} INFO - Started process (PID=109) to work on /opt/airflow/dags/hello world.py
[2024-07-16T18:21:19.375+0000] {processor.py:830} INFO - Processing file /opt/airflow/dags/hello world.py for tasks to queue
[2024-07-16T18:21:19.376+0000] {logging_mixin.py:188} INFO - [2024-07-16T18:21:19.376+0000] {dagbag.py:545} INFO - Filling up the DagBag from /opt/airflow/dags/hello world.py
[2024-07-16T18:21:19.392+0000] {processor.py:840} INFO - DAG(s) 'my_dag_name' retrieved from /opt/airflow/dags/hello world.py
[2024-07-16T18:21:19.473+0000] {logging_mixin.py:188} INFO - [2024-07-16T18:21:19.473+0000] {dag.py:3089} INFO - Sync 1 DAGs
[2024-07-16T18:21:19.482+0000] {logging_mixin.py:188} INFO - [2024-07-16T18:21:19.482+0000] {dag.py:3111} INFO - Creating ORM DAG for my_dag_name
[2024-07-16T18:21:19.490+0000] {logging_mixin.py:188} INFO - [2024-07-16T18:21:19.490+0000] {dag.py:3947} INFO - Setting next_dagrun for my_dag_name to 2021-01-01 00:00:00+00:00, run_after=2021-01-02 00:00:00+00:00
[2024-07-16T18:21:19.508+0000] {processor.py:183} INFO - Processing /opt/airflow/dags/hello world.py took 0.139 seconds
