[2024-07-16T17:10:24.190+0000] {processor.py:161} INFO - Started process (PID=69) to work on /home/airflow/.local/lib/python3.12/site-packages/airflow/example_dags/example_branch_operator.py
[2024-07-16T17:10:24.191+0000] {processor.py:830} INFO - Processing file /home/airflow/.local/lib/python3.12/site-packages/airflow/example_dags/example_branch_operator.py for tasks to queue
[2024-07-16T17:10:24.193+0000] {logging_mixin.py:188} INFO - [2024-07-16T17:10:24.193+0000] {dagbag.py:545} INFO - Filling up the DagBag from /home/airflow/.local/lib/python3.12/site-packages/airflow/example_dags/example_branch_operator.py
[2024-07-16T17:10:24.235+0000] {processor.py:840} INFO - DAG(s) 'example_branch_operator' retrieved from /home/airflow/.local/lib/python3.12/site-packages/airflow/example_dags/example_branch_operator.py
[2024-07-16T17:10:24.446+0000] {logging_mixin.py:188} INFO - [2024-07-16T17:10:24.446+0000] {dag.py:3089} INFO - Sync 1 DAGs
[2024-07-16T17:10:24.471+0000] {logging_mixin.py:188} INFO - [2024-07-16T17:10:24.471+0000] {dag.py:3947} INFO - Setting next_dagrun for example_branch_operator to 2024-07-15 00:00:00+00:00, run_after=2024-07-16 00:00:00+00:00
[2024-07-16T17:10:24.497+0000] {processor.py:183} INFO - Processing /home/airflow/.local/lib/python3.12/site-packages/airflow/example_dags/example_branch_operator.py took 0.313 seconds
[2024-07-16T17:10:55.298+0000] {processor.py:161} INFO - Started process (PID=127) to work on /home/airflow/.local/lib/python3.12/site-packages/airflow/example_dags/example_branch_operator.py
[2024-07-16T17:10:55.300+0000] {processor.py:830} INFO - Processing file /home/airflow/.local/lib/python3.12/site-packages/airflow/example_dags/example_branch_operator.py for tasks to queue
[2024-07-16T17:10:55.301+0000] {logging_mixin.py:188} INFO - [2024-07-16T17:10:55.301+0000] {dagbag.py:545} INFO - Filling up the DagBag from /home/airflow/.local/lib/python3.12/site-packages/airflow/example_dags/example_branch_operator.py
[2024-07-16T17:10:55.318+0000] {processor.py:840} INFO - DAG(s) 'example_branch_operator' retrieved from /home/airflow/.local/lib/python3.12/site-packages/airflow/example_dags/example_branch_operator.py
[2024-07-16T17:10:55.355+0000] {logging_mixin.py:188} INFO - [2024-07-16T17:10:55.354+0000] {dag.py:3089} INFO - Sync 1 DAGs
[2024-07-16T17:10:55.376+0000] {logging_mixin.py:188} INFO - [2024-07-16T17:10:55.376+0000] {dag.py:3947} INFO - Setting next_dagrun for example_branch_operator to 2024-07-15 00:00:00+00:00, run_after=2024-07-16 00:00:00+00:00
[2024-07-16T17:10:55.393+0000] {processor.py:183} INFO - Processing /home/airflow/.local/lib/python3.12/site-packages/airflow/example_dags/example_branch_operator.py took 0.099 seconds
[2024-07-16T17:11:25.514+0000] {processor.py:161} INFO - Started process (PID=185) to work on /home/airflow/.local/lib/python3.12/site-packages/airflow/example_dags/example_branch_operator.py
[2024-07-16T17:11:25.515+0000] {processor.py:830} INFO - Processing file /home/airflow/.local/lib/python3.12/site-packages/airflow/example_dags/example_branch_operator.py for tasks to queue
[2024-07-16T17:11:25.517+0000] {logging_mixin.py:188} INFO - [2024-07-16T17:11:25.517+0000] {dagbag.py:545} INFO - Filling up the DagBag from /home/airflow/.local/lib/python3.12/site-packages/airflow/example_dags/example_branch_operator.py
[2024-07-16T17:11:25.540+0000] {processor.py:840} INFO - DAG(s) 'example_branch_operator' retrieved from /home/airflow/.local/lib/python3.12/site-packages/airflow/example_dags/example_branch_operator.py
[2024-07-16T17:11:25.572+0000] {logging_mixin.py:188} INFO - [2024-07-16T17:11:25.571+0000] {dag.py:3089} INFO - Sync 1 DAGs
[2024-07-16T17:11:25.595+0000] {logging_mixin.py:188} INFO - [2024-07-16T17:11:25.594+0000] {dag.py:3947} INFO - Setting next_dagrun for example_branch_operator to 2024-07-15 00:00:00+00:00, run_after=2024-07-16 00:00:00+00:00
[2024-07-16T17:11:25.622+0000] {processor.py:183} INFO - Processing /home/airflow/.local/lib/python3.12/site-packages/airflow/example_dags/example_branch_operator.py took 0.114 seconds
[2024-07-16T17:11:55.809+0000] {processor.py:161} INFO - Started process (PID=243) to work on /home/airflow/.local/lib/python3.12/site-packages/airflow/example_dags/example_branch_operator.py
[2024-07-16T17:11:55.810+0000] {processor.py:830} INFO - Processing file /home/airflow/.local/lib/python3.12/site-packages/airflow/example_dags/example_branch_operator.py for tasks to queue
[2024-07-16T17:11:55.811+0000] {logging_mixin.py:188} INFO - [2024-07-16T17:11:55.811+0000] {dagbag.py:545} INFO - Filling up the DagBag from /home/airflow/.local/lib/python3.12/site-packages/airflow/example_dags/example_branch_operator.py
[2024-07-16T17:11:55.824+0000] {processor.py:840} INFO - DAG(s) 'example_branch_operator' retrieved from /home/airflow/.local/lib/python3.12/site-packages/airflow/example_dags/example_branch_operator.py
[2024-07-16T17:11:55.852+0000] {logging_mixin.py:188} INFO - [2024-07-16T17:11:55.852+0000] {dag.py:3089} INFO - Sync 1 DAGs
[2024-07-16T17:11:55.873+0000] {logging_mixin.py:188} INFO - [2024-07-16T17:11:55.873+0000] {dag.py:3947} INFO - Setting next_dagrun for example_branch_operator to 2024-07-15 00:00:00+00:00, run_after=2024-07-16 00:00:00+00:00
[2024-07-16T17:11:55.902+0000] {processor.py:183} INFO - Processing /home/airflow/.local/lib/python3.12/site-packages/airflow/example_dags/example_branch_operator.py took 0.098 seconds
[2024-07-16T17:12:26.151+0000] {processor.py:161} INFO - Started process (PID=301) to work on /home/airflow/.local/lib/python3.12/site-packages/airflow/example_dags/example_branch_operator.py
[2024-07-16T17:12:26.152+0000] {processor.py:830} INFO - Processing file /home/airflow/.local/lib/python3.12/site-packages/airflow/example_dags/example_branch_operator.py for tasks to queue
[2024-07-16T17:12:26.153+0000] {logging_mixin.py:188} INFO - [2024-07-16T17:12:26.153+0000] {dagbag.py:545} INFO - Filling up the DagBag from /home/airflow/.local/lib/python3.12/site-packages/airflow/example_dags/example_branch_operator.py
[2024-07-16T17:12:26.170+0000] {processor.py:840} INFO - DAG(s) 'example_branch_operator' retrieved from /home/airflow/.local/lib/python3.12/site-packages/airflow/example_dags/example_branch_operator.py
[2024-07-16T17:12:26.197+0000] {logging_mixin.py:188} INFO - [2024-07-16T17:12:26.197+0000] {dag.py:3089} INFO - Sync 1 DAGs
[2024-07-16T17:12:26.219+0000] {logging_mixin.py:188} INFO - [2024-07-16T17:12:26.219+0000] {dag.py:3947} INFO - Setting next_dagrun for example_branch_operator to 2024-07-15 00:00:00+00:00, run_after=2024-07-16 00:00:00+00:00
[2024-07-16T17:12:26.242+0000] {processor.py:183} INFO - Processing /home/airflow/.local/lib/python3.12/site-packages/airflow/example_dags/example_branch_operator.py took 0.096 seconds
[2024-07-16T17:12:56.544+0000] {processor.py:161} INFO - Started process (PID=359) to work on /home/airflow/.local/lib/python3.12/site-packages/airflow/example_dags/example_branch_operator.py
[2024-07-16T17:12:56.545+0000] {processor.py:830} INFO - Processing file /home/airflow/.local/lib/python3.12/site-packages/airflow/example_dags/example_branch_operator.py for tasks to queue
[2024-07-16T17:12:56.548+0000] {logging_mixin.py:188} INFO - [2024-07-16T17:12:56.548+0000] {dagbag.py:545} INFO - Filling up the DagBag from /home/airflow/.local/lib/python3.12/site-packages/airflow/example_dags/example_branch_operator.py
[2024-07-16T17:12:56.576+0000] {processor.py:840} INFO - DAG(s) 'example_branch_operator' retrieved from /home/airflow/.local/lib/python3.12/site-packages/airflow/example_dags/example_branch_operator.py
[2024-07-16T17:12:56.615+0000] {logging_mixin.py:188} INFO - [2024-07-16T17:12:56.614+0000] {dag.py:3089} INFO - Sync 1 DAGs
[2024-07-16T17:12:56.647+0000] {logging_mixin.py:188} INFO - [2024-07-16T17:12:56.647+0000] {dag.py:3947} INFO - Setting next_dagrun for example_branch_operator to 2024-07-15 00:00:00+00:00, run_after=2024-07-16 00:00:00+00:00
[2024-07-16T17:12:56.676+0000] {processor.py:183} INFO - Processing /home/airflow/.local/lib/python3.12/site-packages/airflow/example_dags/example_branch_operator.py took 0.141 seconds
[2024-07-16T17:13:26.727+0000] {processor.py:161} INFO - Started process (PID=417) to work on /home/airflow/.local/lib/python3.12/site-packages/airflow/example_dags/example_branch_operator.py
[2024-07-16T17:13:26.728+0000] {processor.py:830} INFO - Processing file /home/airflow/.local/lib/python3.12/site-packages/airflow/example_dags/example_branch_operator.py for tasks to queue
[2024-07-16T17:13:26.730+0000] {logging_mixin.py:188} INFO - [2024-07-16T17:13:26.730+0000] {dagbag.py:545} INFO - Filling up the DagBag from /home/airflow/.local/lib/python3.12/site-packages/airflow/example_dags/example_branch_operator.py
[2024-07-16T17:13:26.745+0000] {processor.py:840} INFO - DAG(s) 'example_branch_operator' retrieved from /home/airflow/.local/lib/python3.12/site-packages/airflow/example_dags/example_branch_operator.py
[2024-07-16T17:13:26.775+0000] {logging_mixin.py:188} INFO - [2024-07-16T17:13:26.775+0000] {dag.py:3089} INFO - Sync 1 DAGs
[2024-07-16T17:13:26.799+0000] {logging_mixin.py:188} INFO - [2024-07-16T17:13:26.798+0000] {dag.py:3947} INFO - Setting next_dagrun for example_branch_operator to 2024-07-15 00:00:00+00:00, run_after=2024-07-16 00:00:00+00:00
[2024-07-16T17:13:26.823+0000] {processor.py:183} INFO - Processing /home/airflow/.local/lib/python3.12/site-packages/airflow/example_dags/example_branch_operator.py took 0.101 seconds
[2024-07-16T17:13:57.095+0000] {processor.py:161} INFO - Started process (PID=475) to work on /home/airflow/.local/lib/python3.12/site-packages/airflow/example_dags/example_branch_operator.py
[2024-07-16T17:13:57.096+0000] {processor.py:830} INFO - Processing file /home/airflow/.local/lib/python3.12/site-packages/airflow/example_dags/example_branch_operator.py for tasks to queue
[2024-07-16T17:13:57.098+0000] {logging_mixin.py:188} INFO - [2024-07-16T17:13:57.098+0000] {dagbag.py:545} INFO - Filling up the DagBag from /home/airflow/.local/lib/python3.12/site-packages/airflow/example_dags/example_branch_operator.py
[2024-07-16T17:13:57.114+0000] {processor.py:840} INFO - DAG(s) 'example_branch_operator' retrieved from /home/airflow/.local/lib/python3.12/site-packages/airflow/example_dags/example_branch_operator.py
[2024-07-16T17:13:57.141+0000] {logging_mixin.py:188} INFO - [2024-07-16T17:13:57.141+0000] {dag.py:3089} INFO - Sync 1 DAGs
[2024-07-16T17:13:57.168+0000] {logging_mixin.py:188} INFO - [2024-07-16T17:13:57.168+0000] {dag.py:3947} INFO - Setting next_dagrun for example_branch_operator to 2024-07-15 00:00:00+00:00, run_after=2024-07-16 00:00:00+00:00
[2024-07-16T17:13:57.193+0000] {processor.py:183} INFO - Processing /home/airflow/.local/lib/python3.12/site-packages/airflow/example_dags/example_branch_operator.py took 0.104 seconds
[2024-07-16T17:14:27.262+0000] {processor.py:161} INFO - Started process (PID=533) to work on /home/airflow/.local/lib/python3.12/site-packages/airflow/example_dags/example_branch_operator.py
[2024-07-16T17:14:27.263+0000] {processor.py:830} INFO - Processing file /home/airflow/.local/lib/python3.12/site-packages/airflow/example_dags/example_branch_operator.py for tasks to queue
[2024-07-16T17:14:27.264+0000] {logging_mixin.py:188} INFO - [2024-07-16T17:14:27.264+0000] {dagbag.py:545} INFO - Filling up the DagBag from /home/airflow/.local/lib/python3.12/site-packages/airflow/example_dags/example_branch_operator.py
[2024-07-16T17:14:27.282+0000] {processor.py:840} INFO - DAG(s) 'example_branch_operator' retrieved from /home/airflow/.local/lib/python3.12/site-packages/airflow/example_dags/example_branch_operator.py
[2024-07-16T17:14:27.311+0000] {logging_mixin.py:188} INFO - [2024-07-16T17:14:27.311+0000] {dag.py:3089} INFO - Sync 1 DAGs
[2024-07-16T17:14:27.334+0000] {logging_mixin.py:188} INFO - [2024-07-16T17:14:27.333+0000] {dag.py:3947} INFO - Setting next_dagrun for example_branch_operator to 2024-07-15 00:00:00+00:00, run_after=2024-07-16 00:00:00+00:00
[2024-07-16T17:14:27.357+0000] {processor.py:183} INFO - Processing /home/airflow/.local/lib/python3.12/site-packages/airflow/example_dags/example_branch_operator.py took 0.101 seconds
[2024-07-16T17:14:57.790+0000] {processor.py:161} INFO - Started process (PID=591) to work on /home/airflow/.local/lib/python3.12/site-packages/airflow/example_dags/example_branch_operator.py
[2024-07-16T17:14:57.791+0000] {processor.py:830} INFO - Processing file /home/airflow/.local/lib/python3.12/site-packages/airflow/example_dags/example_branch_operator.py for tasks to queue
[2024-07-16T17:14:57.794+0000] {logging_mixin.py:188} INFO - [2024-07-16T17:14:57.793+0000] {dagbag.py:545} INFO - Filling up the DagBag from /home/airflow/.local/lib/python3.12/site-packages/airflow/example_dags/example_branch_operator.py
[2024-07-16T17:14:57.808+0000] {processor.py:840} INFO - DAG(s) 'example_branch_operator' retrieved from /home/airflow/.local/lib/python3.12/site-packages/airflow/example_dags/example_branch_operator.py
[2024-07-16T17:14:57.837+0000] {logging_mixin.py:188} INFO - [2024-07-16T17:14:57.837+0000] {dag.py:3089} INFO - Sync 1 DAGs
[2024-07-16T17:14:57.861+0000] {logging_mixin.py:188} INFO - [2024-07-16T17:14:57.861+0000] {dag.py:3947} INFO - Setting next_dagrun for example_branch_operator to 2024-07-15 00:00:00+00:00, run_after=2024-07-16 00:00:00+00:00
[2024-07-16T17:14:57.882+0000] {processor.py:183} INFO - Processing /home/airflow/.local/lib/python3.12/site-packages/airflow/example_dags/example_branch_operator.py took 0.097 seconds
[2024-07-16T17:15:27.982+0000] {processor.py:161} INFO - Started process (PID=649) to work on /home/airflow/.local/lib/python3.12/site-packages/airflow/example_dags/example_branch_operator.py
[2024-07-16T17:15:27.983+0000] {processor.py:830} INFO - Processing file /home/airflow/.local/lib/python3.12/site-packages/airflow/example_dags/example_branch_operator.py for tasks to queue
[2024-07-16T17:15:27.985+0000] {logging_mixin.py:188} INFO - [2024-07-16T17:15:27.985+0000] {dagbag.py:545} INFO - Filling up the DagBag from /home/airflow/.local/lib/python3.12/site-packages/airflow/example_dags/example_branch_operator.py
[2024-07-16T17:15:28.001+0000] {processor.py:840} INFO - DAG(s) 'example_branch_operator' retrieved from /home/airflow/.local/lib/python3.12/site-packages/airflow/example_dags/example_branch_operator.py
[2024-07-16T17:15:28.027+0000] {logging_mixin.py:188} INFO - [2024-07-16T17:15:28.027+0000] {dag.py:3089} INFO - Sync 1 DAGs
[2024-07-16T17:15:28.049+0000] {logging_mixin.py:188} INFO - [2024-07-16T17:15:28.049+0000] {dag.py:3947} INFO - Setting next_dagrun for example_branch_operator to 2024-07-15 00:00:00+00:00, run_after=2024-07-16 00:00:00+00:00
[2024-07-16T17:15:28.071+0000] {processor.py:183} INFO - Processing /home/airflow/.local/lib/python3.12/site-packages/airflow/example_dags/example_branch_operator.py took 0.096 seconds
[2024-07-16T17:15:58.330+0000] {processor.py:161} INFO - Started process (PID=707) to work on /home/airflow/.local/lib/python3.12/site-packages/airflow/example_dags/example_branch_operator.py
[2024-07-16T17:15:58.331+0000] {processor.py:830} INFO - Processing file /home/airflow/.local/lib/python3.12/site-packages/airflow/example_dags/example_branch_operator.py for tasks to queue
[2024-07-16T17:15:58.334+0000] {logging_mixin.py:188} INFO - [2024-07-16T17:15:58.333+0000] {dagbag.py:545} INFO - Filling up the DagBag from /home/airflow/.local/lib/python3.12/site-packages/airflow/example_dags/example_branch_operator.py
[2024-07-16T17:15:58.352+0000] {processor.py:840} INFO - DAG(s) 'example_branch_operator' retrieved from /home/airflow/.local/lib/python3.12/site-packages/airflow/example_dags/example_branch_operator.py
[2024-07-16T17:15:58.378+0000] {logging_mixin.py:188} INFO - [2024-07-16T17:15:58.378+0000] {dag.py:3089} INFO - Sync 1 DAGs
[2024-07-16T17:15:58.402+0000] {logging_mixin.py:188} INFO - [2024-07-16T17:15:58.402+0000] {dag.py:3947} INFO - Setting next_dagrun for example_branch_operator to 2024-07-15 00:00:00+00:00, run_after=2024-07-16 00:00:00+00:00
[2024-07-16T17:15:58.422+0000] {processor.py:183} INFO - Processing /home/airflow/.local/lib/python3.12/site-packages/airflow/example_dags/example_branch_operator.py took 0.097 seconds
[2024-07-16T17:16:28.491+0000] {processor.py:161} INFO - Started process (PID=765) to work on /home/airflow/.local/lib/python3.12/site-packages/airflow/example_dags/example_branch_operator.py
[2024-07-16T17:16:28.492+0000] {processor.py:830} INFO - Processing file /home/airflow/.local/lib/python3.12/site-packages/airflow/example_dags/example_branch_operator.py for tasks to queue
[2024-07-16T17:16:28.496+0000] {logging_mixin.py:188} INFO - [2024-07-16T17:16:28.494+0000] {dagbag.py:545} INFO - Filling up the DagBag from /home/airflow/.local/lib/python3.12/site-packages/airflow/example_dags/example_branch_operator.py
[2024-07-16T17:16:28.518+0000] {processor.py:840} INFO - DAG(s) 'example_branch_operator' retrieved from /home/airflow/.local/lib/python3.12/site-packages/airflow/example_dags/example_branch_operator.py
[2024-07-16T17:16:28.552+0000] {logging_mixin.py:188} INFO - [2024-07-16T17:16:28.552+0000] {dag.py:3089} INFO - Sync 1 DAGs
[2024-07-16T17:16:28.575+0000] {logging_mixin.py:188} INFO - [2024-07-16T17:16:28.575+0000] {dag.py:3947} INFO - Setting next_dagrun for example_branch_operator to 2024-07-15 00:00:00+00:00, run_after=2024-07-16 00:00:00+00:00
[2024-07-16T17:16:28.598+0000] {processor.py:183} INFO - Processing /home/airflow/.local/lib/python3.12/site-packages/airflow/example_dags/example_branch_operator.py took 0.113 seconds
[2024-07-16T17:16:58.857+0000] {processor.py:161} INFO - Started process (PID=823) to work on /home/airflow/.local/lib/python3.12/site-packages/airflow/example_dags/example_branch_operator.py
[2024-07-16T17:16:58.858+0000] {processor.py:830} INFO - Processing file /home/airflow/.local/lib/python3.12/site-packages/airflow/example_dags/example_branch_operator.py for tasks to queue
[2024-07-16T17:16:58.860+0000] {logging_mixin.py:188} INFO - [2024-07-16T17:16:58.859+0000] {dagbag.py:545} INFO - Filling up the DagBag from /home/airflow/.local/lib/python3.12/site-packages/airflow/example_dags/example_branch_operator.py
[2024-07-16T17:16:58.873+0000] {processor.py:840} INFO - DAG(s) 'example_branch_operator' retrieved from /home/airflow/.local/lib/python3.12/site-packages/airflow/example_dags/example_branch_operator.py
[2024-07-16T17:16:58.902+0000] {logging_mixin.py:188} INFO - [2024-07-16T17:16:58.902+0000] {dag.py:3089} INFO - Sync 1 DAGs
[2024-07-16T17:16:58.925+0000] {logging_mixin.py:188} INFO - [2024-07-16T17:16:58.925+0000] {dag.py:3947} INFO - Setting next_dagrun for example_branch_operator to 2024-07-15 00:00:00+00:00, run_after=2024-07-16 00:00:00+00:00
[2024-07-16T17:16:58.945+0000] {processor.py:183} INFO - Processing /home/airflow/.local/lib/python3.12/site-packages/airflow/example_dags/example_branch_operator.py took 0.094 seconds
[2024-07-16T17:17:29.191+0000] {processor.py:161} INFO - Started process (PID=881) to work on /home/airflow/.local/lib/python3.12/site-packages/airflow/example_dags/example_branch_operator.py
[2024-07-16T17:17:29.192+0000] {processor.py:830} INFO - Processing file /home/airflow/.local/lib/python3.12/site-packages/airflow/example_dags/example_branch_operator.py for tasks to queue
[2024-07-16T17:17:29.195+0000] {logging_mixin.py:188} INFO - [2024-07-16T17:17:29.194+0000] {dagbag.py:545} INFO - Filling up the DagBag from /home/airflow/.local/lib/python3.12/site-packages/airflow/example_dags/example_branch_operator.py
[2024-07-16T17:17:29.212+0000] {processor.py:840} INFO - DAG(s) 'example_branch_operator' retrieved from /home/airflow/.local/lib/python3.12/site-packages/airflow/example_dags/example_branch_operator.py
[2024-07-16T17:17:29.254+0000] {logging_mixin.py:188} INFO - [2024-07-16T17:17:29.254+0000] {dag.py:3089} INFO - Sync 1 DAGs
[2024-07-16T17:17:29.281+0000] {logging_mixin.py:188} INFO - [2024-07-16T17:17:29.281+0000] {dag.py:3947} INFO - Setting next_dagrun for example_branch_operator to 2024-07-15 00:00:00+00:00, run_after=2024-07-16 00:00:00+00:00
[2024-07-16T17:17:29.305+0000] {processor.py:183} INFO - Processing /home/airflow/.local/lib/python3.12/site-packages/airflow/example_dags/example_branch_operator.py took 0.120 seconds
[2024-07-16T17:17:59.778+0000] {processor.py:161} INFO - Started process (PID=939) to work on /home/airflow/.local/lib/python3.12/site-packages/airflow/example_dags/example_branch_operator.py
[2024-07-16T17:17:59.780+0000] {processor.py:830} INFO - Processing file /home/airflow/.local/lib/python3.12/site-packages/airflow/example_dags/example_branch_operator.py for tasks to queue
[2024-07-16T17:17:59.782+0000] {logging_mixin.py:188} INFO - [2024-07-16T17:17:59.781+0000] {dagbag.py:545} INFO - Filling up the DagBag from /home/airflow/.local/lib/python3.12/site-packages/airflow/example_dags/example_branch_operator.py
[2024-07-16T17:17:59.796+0000] {processor.py:840} INFO - DAG(s) 'example_branch_operator' retrieved from /home/airflow/.local/lib/python3.12/site-packages/airflow/example_dags/example_branch_operator.py
[2024-07-16T17:17:59.820+0000] {logging_mixin.py:188} INFO - [2024-07-16T17:17:59.819+0000] {dag.py:3089} INFO - Sync 1 DAGs
[2024-07-16T17:17:59.840+0000] {logging_mixin.py:188} INFO - [2024-07-16T17:17:59.840+0000] {dag.py:3947} INFO - Setting next_dagrun for example_branch_operator to 2024-07-15 00:00:00+00:00, run_after=2024-07-16 00:00:00+00:00
[2024-07-16T17:17:59.856+0000] {processor.py:183} INFO - Processing /home/airflow/.local/lib/python3.12/site-packages/airflow/example_dags/example_branch_operator.py took 0.083 seconds
[2024-07-16T17:18:30.585+0000] {processor.py:161} INFO - Started process (PID=997) to work on /home/airflow/.local/lib/python3.12/site-packages/airflow/example_dags/example_branch_operator.py
[2024-07-16T17:18:30.588+0000] {processor.py:830} INFO - Processing file /home/airflow/.local/lib/python3.12/site-packages/airflow/example_dags/example_branch_operator.py for tasks to queue
[2024-07-16T17:18:30.598+0000] {logging_mixin.py:188} INFO - [2024-07-16T17:18:30.594+0000] {dagbag.py:545} INFO - Filling up the DagBag from /home/airflow/.local/lib/python3.12/site-packages/airflow/example_dags/example_branch_operator.py
[2024-07-16T17:18:30.669+0000] {processor.py:840} INFO - DAG(s) 'example_branch_operator' retrieved from /home/airflow/.local/lib/python3.12/site-packages/airflow/example_dags/example_branch_operator.py
[2024-07-16T17:18:30.783+0000] {logging_mixin.py:188} INFO - [2024-07-16T17:18:30.773+0000] {dag.py:3089} INFO - Sync 1 DAGs
[2024-07-16T17:18:30.877+0000] {logging_mixin.py:188} INFO - [2024-07-16T17:18:30.877+0000] {dag.py:3947} INFO - Setting next_dagrun for example_branch_operator to 2024-07-15 00:00:00+00:00, run_after=2024-07-16 00:00:00+00:00
[2024-07-16T17:18:30.955+0000] {processor.py:183} INFO - Processing /home/airflow/.local/lib/python3.12/site-packages/airflow/example_dags/example_branch_operator.py took 0.391 seconds
[2024-07-16T17:19:01.410+0000] {processor.py:161} INFO - Started process (PID=1055) to work on /home/airflow/.local/lib/python3.12/site-packages/airflow/example_dags/example_branch_operator.py
[2024-07-16T17:19:01.412+0000] {processor.py:830} INFO - Processing file /home/airflow/.local/lib/python3.12/site-packages/airflow/example_dags/example_branch_operator.py for tasks to queue
[2024-07-16T17:19:01.414+0000] {logging_mixin.py:188} INFO - [2024-07-16T17:19:01.413+0000] {dagbag.py:545} INFO - Filling up the DagBag from /home/airflow/.local/lib/python3.12/site-packages/airflow/example_dags/example_branch_operator.py
[2024-07-16T17:19:01.434+0000] {processor.py:840} INFO - DAG(s) 'example_branch_operator' retrieved from /home/airflow/.local/lib/python3.12/site-packages/airflow/example_dags/example_branch_operator.py
[2024-07-16T17:19:01.473+0000] {logging_mixin.py:188} INFO - [2024-07-16T17:19:01.473+0000] {dag.py:3089} INFO - Sync 1 DAGs
[2024-07-16T17:19:01.505+0000] {logging_mixin.py:188} INFO - [2024-07-16T17:19:01.505+0000] {dag.py:3947} INFO - Setting next_dagrun for example_branch_operator to 2024-07-15 00:00:00+00:00, run_after=2024-07-16 00:00:00+00:00
[2024-07-16T17:19:01.533+0000] {processor.py:183} INFO - Processing /home/airflow/.local/lib/python3.12/site-packages/airflow/example_dags/example_branch_operator.py took 0.129 seconds
[2024-07-16T17:19:31.982+0000] {processor.py:161} INFO - Started process (PID=1113) to work on /home/airflow/.local/lib/python3.12/site-packages/airflow/example_dags/example_branch_operator.py
[2024-07-16T17:19:31.989+0000] {processor.py:830} INFO - Processing file /home/airflow/.local/lib/python3.12/site-packages/airflow/example_dags/example_branch_operator.py for tasks to queue
[2024-07-16T17:19:32.000+0000] {logging_mixin.py:188} INFO - [2024-07-16T17:19:31.999+0000] {dagbag.py:545} INFO - Filling up the DagBag from /home/airflow/.local/lib/python3.12/site-packages/airflow/example_dags/example_branch_operator.py
[2024-07-16T17:19:32.062+0000] {processor.py:840} INFO - DAG(s) 'example_branch_operator' retrieved from /home/airflow/.local/lib/python3.12/site-packages/airflow/example_dags/example_branch_operator.py
[2024-07-16T17:19:32.160+0000] {logging_mixin.py:188} INFO - [2024-07-16T17:19:32.160+0000] {dag.py:3089} INFO - Sync 1 DAGs
[2024-07-16T17:19:32.260+0000] {logging_mixin.py:188} INFO - [2024-07-16T17:19:32.258+0000] {dag.py:3947} INFO - Setting next_dagrun for example_branch_operator to 2024-07-15 00:00:00+00:00, run_after=2024-07-16 00:00:00+00:00
[2024-07-16T17:19:32.359+0000] {processor.py:183} INFO - Processing /home/airflow/.local/lib/python3.12/site-packages/airflow/example_dags/example_branch_operator.py took 0.402 seconds
[2024-07-16T17:23:50.449+0000] {processor.py:161} INFO - Started process (PID=71) to work on /home/airflow/.local/lib/python3.12/site-packages/airflow/example_dags/example_branch_operator.py
[2024-07-16T17:23:50.454+0000] {processor.py:830} INFO - Processing file /home/airflow/.local/lib/python3.12/site-packages/airflow/example_dags/example_branch_operator.py for tasks to queue
[2024-07-16T17:23:50.464+0000] {logging_mixin.py:188} INFO - [2024-07-16T17:23:50.462+0000] {dagbag.py:545} INFO - Filling up the DagBag from /home/airflow/.local/lib/python3.12/site-packages/airflow/example_dags/example_branch_operator.py
[2024-07-16T17:23:50.531+0000] {processor.py:840} INFO - DAG(s) 'example_branch_operator' retrieved from /home/airflow/.local/lib/python3.12/site-packages/airflow/example_dags/example_branch_operator.py
[2024-07-16T17:23:50.820+0000] {logging_mixin.py:188} INFO - [2024-07-16T17:23:50.820+0000] {dag.py:3089} INFO - Sync 1 DAGs
[2024-07-16T17:23:50.850+0000] {logging_mixin.py:188} INFO - [2024-07-16T17:23:50.850+0000] {dag.py:3947} INFO - Setting next_dagrun for example_branch_operator to 2024-07-15 00:00:00+00:00, run_after=2024-07-16 00:00:00+00:00
[2024-07-16T17:23:50.880+0000] {processor.py:183} INFO - Processing /home/airflow/.local/lib/python3.12/site-packages/airflow/example_dags/example_branch_operator.py took 0.457 seconds
[2024-07-16T17:24:21.212+0000] {processor.py:161} INFO - Started process (PID=128) to work on /home/airflow/.local/lib/python3.12/site-packages/airflow/example_dags/example_branch_operator.py
[2024-07-16T17:24:21.213+0000] {processor.py:830} INFO - Processing file /home/airflow/.local/lib/python3.12/site-packages/airflow/example_dags/example_branch_operator.py for tasks to queue
[2024-07-16T17:24:21.215+0000] {logging_mixin.py:188} INFO - [2024-07-16T17:24:21.214+0000] {dagbag.py:545} INFO - Filling up the DagBag from /home/airflow/.local/lib/python3.12/site-packages/airflow/example_dags/example_branch_operator.py
[2024-07-16T17:24:21.232+0000] {processor.py:840} INFO - DAG(s) 'example_branch_operator' retrieved from /home/airflow/.local/lib/python3.12/site-packages/airflow/example_dags/example_branch_operator.py
[2024-07-16T17:24:21.261+0000] {logging_mixin.py:188} INFO - [2024-07-16T17:24:21.261+0000] {dag.py:3089} INFO - Sync 1 DAGs
[2024-07-16T17:24:21.285+0000] {logging_mixin.py:188} INFO - [2024-07-16T17:24:21.285+0000] {dag.py:3947} INFO - Setting next_dagrun for example_branch_operator to 2024-07-15 00:00:00+00:00, run_after=2024-07-16 00:00:00+00:00
[2024-07-16T17:24:21.305+0000] {processor.py:183} INFO - Processing /home/airflow/.local/lib/python3.12/site-packages/airflow/example_dags/example_branch_operator.py took 0.099 seconds
[2024-07-16T17:24:52.027+0000] {processor.py:161} INFO - Started process (PID=186) to work on /home/airflow/.local/lib/python3.12/site-packages/airflow/example_dags/example_branch_operator.py
[2024-07-16T17:24:52.028+0000] {processor.py:830} INFO - Processing file /home/airflow/.local/lib/python3.12/site-packages/airflow/example_dags/example_branch_operator.py for tasks to queue
[2024-07-16T17:24:52.030+0000] {logging_mixin.py:188} INFO - [2024-07-16T17:24:52.030+0000] {dagbag.py:545} INFO - Filling up the DagBag from /home/airflow/.local/lib/python3.12/site-packages/airflow/example_dags/example_branch_operator.py
[2024-07-16T17:24:52.045+0000] {processor.py:840} INFO - DAG(s) 'example_branch_operator' retrieved from /home/airflow/.local/lib/python3.12/site-packages/airflow/example_dags/example_branch_operator.py
[2024-07-16T17:24:52.068+0000] {logging_mixin.py:188} INFO - [2024-07-16T17:24:52.068+0000] {dag.py:3089} INFO - Sync 1 DAGs
[2024-07-16T17:24:52.086+0000] {logging_mixin.py:188} INFO - [2024-07-16T17:24:52.086+0000] {dag.py:3947} INFO - Setting next_dagrun for example_branch_operator to 2024-07-15 00:00:00+00:00, run_after=2024-07-16 00:00:00+00:00
[2024-07-16T17:24:52.107+0000] {processor.py:183} INFO - Processing /home/airflow/.local/lib/python3.12/site-packages/airflow/example_dags/example_branch_operator.py took 0.085 seconds
[2024-07-16T17:25:22.184+0000] {processor.py:161} INFO - Started process (PID=245) to work on /home/airflow/.local/lib/python3.12/site-packages/airflow/example_dags/example_branch_operator.py
[2024-07-16T17:25:22.185+0000] {processor.py:830} INFO - Processing file /home/airflow/.local/lib/python3.12/site-packages/airflow/example_dags/example_branch_operator.py for tasks to queue
[2024-07-16T17:25:22.187+0000] {logging_mixin.py:188} INFO - [2024-07-16T17:25:22.187+0000] {dagbag.py:545} INFO - Filling up the DagBag from /home/airflow/.local/lib/python3.12/site-packages/airflow/example_dags/example_branch_operator.py
[2024-07-16T17:25:22.201+0000] {processor.py:840} INFO - DAG(s) 'example_branch_operator' retrieved from /home/airflow/.local/lib/python3.12/site-packages/airflow/example_dags/example_branch_operator.py
[2024-07-16T17:25:22.226+0000] {logging_mixin.py:188} INFO - [2024-07-16T17:25:22.226+0000] {dag.py:3089} INFO - Sync 1 DAGs
[2024-07-16T17:25:22.247+0000] {logging_mixin.py:188} INFO - [2024-07-16T17:25:22.247+0000] {dag.py:3947} INFO - Setting next_dagrun for example_branch_operator to 2024-07-15 00:00:00+00:00, run_after=2024-07-16 00:00:00+00:00
[2024-07-16T17:25:22.269+0000] {processor.py:183} INFO - Processing /home/airflow/.local/lib/python3.12/site-packages/airflow/example_dags/example_branch_operator.py took 0.089 seconds
[2024-07-16T17:29:53.528+0000] {processor.py:161} INFO - Started process (PID=65) to work on /home/airflow/.local/lib/python3.12/site-packages/airflow/example_dags/example_branch_operator.py
[2024-07-16T17:29:53.530+0000] {processor.py:830} INFO - Processing file /home/airflow/.local/lib/python3.12/site-packages/airflow/example_dags/example_branch_operator.py for tasks to queue
[2024-07-16T17:29:53.533+0000] {logging_mixin.py:188} INFO - [2024-07-16T17:29:53.532+0000] {dagbag.py:545} INFO - Filling up the DagBag from /home/airflow/.local/lib/python3.12/site-packages/airflow/example_dags/example_branch_operator.py
[2024-07-16T17:29:53.567+0000] {processor.py:840} INFO - DAG(s) 'example_branch_operator' retrieved from /home/airflow/.local/lib/python3.12/site-packages/airflow/example_dags/example_branch_operator.py
[2024-07-16T17:29:53.829+0000] {logging_mixin.py:188} INFO - [2024-07-16T17:29:53.829+0000] {dag.py:3089} INFO - Sync 1 DAGs
[2024-07-16T17:29:53.874+0000] {logging_mixin.py:188} INFO - [2024-07-16T17:29:53.873+0000] {dag.py:3947} INFO - Setting next_dagrun for example_branch_operator to 2024-07-15 00:00:00+00:00, run_after=2024-07-16 00:00:00+00:00
[2024-07-16T17:29:53.917+0000] {processor.py:183} INFO - Processing /home/airflow/.local/lib/python3.12/site-packages/airflow/example_dags/example_branch_operator.py took 0.398 seconds
[2024-07-16T17:30:24.002+0000] {processor.py:161} INFO - Started process (PID=123) to work on /home/airflow/.local/lib/python3.12/site-packages/airflow/example_dags/example_branch_operator.py
[2024-07-16T17:30:24.004+0000] {processor.py:830} INFO - Processing file /home/airflow/.local/lib/python3.12/site-packages/airflow/example_dags/example_branch_operator.py for tasks to queue
[2024-07-16T17:30:24.006+0000] {logging_mixin.py:188} INFO - [2024-07-16T17:30:24.006+0000] {dagbag.py:545} INFO - Filling up the DagBag from /home/airflow/.local/lib/python3.12/site-packages/airflow/example_dags/example_branch_operator.py
[2024-07-16T17:30:24.029+0000] {processor.py:840} INFO - DAG(s) 'example_branch_operator' retrieved from /home/airflow/.local/lib/python3.12/site-packages/airflow/example_dags/example_branch_operator.py
[2024-07-16T17:30:24.063+0000] {logging_mixin.py:188} INFO - [2024-07-16T17:30:24.063+0000] {dag.py:3089} INFO - Sync 1 DAGs
[2024-07-16T17:30:24.091+0000] {logging_mixin.py:188} INFO - [2024-07-16T17:30:24.090+0000] {dag.py:3947} INFO - Setting next_dagrun for example_branch_operator to 2024-07-15 00:00:00+00:00, run_after=2024-07-16 00:00:00+00:00
[2024-07-16T17:30:24.115+0000] {processor.py:183} INFO - Processing /home/airflow/.local/lib/python3.12/site-packages/airflow/example_dags/example_branch_operator.py took 0.121 seconds
[2024-07-16T17:30:54.668+0000] {processor.py:161} INFO - Started process (PID=181) to work on /home/airflow/.local/lib/python3.12/site-packages/airflow/example_dags/example_branch_operator.py
[2024-07-16T17:30:54.670+0000] {processor.py:830} INFO - Processing file /home/airflow/.local/lib/python3.12/site-packages/airflow/example_dags/example_branch_operator.py for tasks to queue
[2024-07-16T17:30:54.674+0000] {logging_mixin.py:188} INFO - [2024-07-16T17:30:54.673+0000] {dagbag.py:545} INFO - Filling up the DagBag from /home/airflow/.local/lib/python3.12/site-packages/airflow/example_dags/example_branch_operator.py
[2024-07-16T17:30:54.758+0000] {processor.py:840} INFO - DAG(s) 'example_branch_operator' retrieved from /home/airflow/.local/lib/python3.12/site-packages/airflow/example_dags/example_branch_operator.py
[2024-07-16T17:30:54.866+0000] {logging_mixin.py:188} INFO - [2024-07-16T17:30:54.865+0000] {dag.py:3089} INFO - Sync 1 DAGs
[2024-07-16T17:30:54.935+0000] {logging_mixin.py:188} INFO - [2024-07-16T17:30:54.935+0000] {dag.py:3947} INFO - Setting next_dagrun for example_branch_operator to 2024-07-15 00:00:00+00:00, run_after=2024-07-16 00:00:00+00:00
[2024-07-16T17:30:55.010+0000] {processor.py:183} INFO - Processing /home/airflow/.local/lib/python3.12/site-packages/airflow/example_dags/example_branch_operator.py took 0.356 seconds
[2024-07-16T17:31:25.578+0000] {processor.py:161} INFO - Started process (PID=238) to work on /home/airflow/.local/lib/python3.12/site-packages/airflow/example_dags/example_branch_operator.py
[2024-07-16T17:31:25.579+0000] {processor.py:830} INFO - Processing file /home/airflow/.local/lib/python3.12/site-packages/airflow/example_dags/example_branch_operator.py for tasks to queue
[2024-07-16T17:31:25.581+0000] {logging_mixin.py:188} INFO - [2024-07-16T17:31:25.581+0000] {dagbag.py:545} INFO - Filling up the DagBag from /home/airflow/.local/lib/python3.12/site-packages/airflow/example_dags/example_branch_operator.py
[2024-07-16T17:31:25.597+0000] {processor.py:840} INFO - DAG(s) 'example_branch_operator' retrieved from /home/airflow/.local/lib/python3.12/site-packages/airflow/example_dags/example_branch_operator.py
[2024-07-16T17:31:25.626+0000] {logging_mixin.py:188} INFO - [2024-07-16T17:31:25.626+0000] {dag.py:3089} INFO - Sync 1 DAGs
[2024-07-16T17:31:25.648+0000] {logging_mixin.py:188} INFO - [2024-07-16T17:31:25.648+0000] {dag.py:3947} INFO - Setting next_dagrun for example_branch_operator to 2024-07-15 00:00:00+00:00, run_after=2024-07-16 00:00:00+00:00
[2024-07-16T17:31:25.669+0000] {processor.py:183} INFO - Processing /home/airflow/.local/lib/python3.12/site-packages/airflow/example_dags/example_branch_operator.py took 0.096 seconds
[2024-07-16T17:31:56.526+0000] {processor.py:161} INFO - Started process (PID=296) to work on /home/airflow/.local/lib/python3.12/site-packages/airflow/example_dags/example_branch_operator.py
[2024-07-16T17:31:56.529+0000] {processor.py:830} INFO - Processing file /home/airflow/.local/lib/python3.12/site-packages/airflow/example_dags/example_branch_operator.py for tasks to queue
[2024-07-16T17:31:56.533+0000] {logging_mixin.py:188} INFO - [2024-07-16T17:31:56.532+0000] {dagbag.py:545} INFO - Filling up the DagBag from /home/airflow/.local/lib/python3.12/site-packages/airflow/example_dags/example_branch_operator.py
[2024-07-16T17:31:56.565+0000] {processor.py:840} INFO - DAG(s) 'example_branch_operator' retrieved from /home/airflow/.local/lib/python3.12/site-packages/airflow/example_dags/example_branch_operator.py
[2024-07-16T17:31:56.629+0000] {logging_mixin.py:188} INFO - [2024-07-16T17:31:56.628+0000] {dag.py:3089} INFO - Sync 1 DAGs
[2024-07-16T17:31:56.697+0000] {logging_mixin.py:188} INFO - [2024-07-16T17:31:56.696+0000] {dag.py:3947} INFO - Setting next_dagrun for example_branch_operator to 2024-07-15 00:00:00+00:00, run_after=2024-07-16 00:00:00+00:00
[2024-07-16T17:31:56.741+0000] {processor.py:183} INFO - Processing /home/airflow/.local/lib/python3.12/site-packages/airflow/example_dags/example_branch_operator.py took 0.224 seconds
[2024-07-16T17:32:27.039+0000] {processor.py:161} INFO - Started process (PID=354) to work on /home/airflow/.local/lib/python3.12/site-packages/airflow/example_dags/example_branch_operator.py
[2024-07-16T17:32:27.041+0000] {processor.py:830} INFO - Processing file /home/airflow/.local/lib/python3.12/site-packages/airflow/example_dags/example_branch_operator.py for tasks to queue
[2024-07-16T17:32:27.046+0000] {logging_mixin.py:188} INFO - [2024-07-16T17:32:27.045+0000] {dagbag.py:545} INFO - Filling up the DagBag from /home/airflow/.local/lib/python3.12/site-packages/airflow/example_dags/example_branch_operator.py
[2024-07-16T17:32:27.090+0000] {processor.py:840} INFO - DAG(s) 'example_branch_operator' retrieved from /home/airflow/.local/lib/python3.12/site-packages/airflow/example_dags/example_branch_operator.py
[2024-07-16T17:32:27.152+0000] {logging_mixin.py:188} INFO - [2024-07-16T17:32:27.151+0000] {dag.py:3089} INFO - Sync 1 DAGs
[2024-07-16T17:32:27.200+0000] {logging_mixin.py:188} INFO - [2024-07-16T17:32:27.199+0000] {dag.py:3947} INFO - Setting next_dagrun for example_branch_operator to 2024-07-15 00:00:00+00:00, run_after=2024-07-16 00:00:00+00:00
[2024-07-16T17:32:27.241+0000] {processor.py:183} INFO - Processing /home/airflow/.local/lib/python3.12/site-packages/airflow/example_dags/example_branch_operator.py took 0.215 seconds
[2024-07-16T17:32:57.389+0000] {processor.py:161} INFO - Started process (PID=412) to work on /home/airflow/.local/lib/python3.12/site-packages/airflow/example_dags/example_branch_operator.py
[2024-07-16T17:32:57.390+0000] {processor.py:830} INFO - Processing file /home/airflow/.local/lib/python3.12/site-packages/airflow/example_dags/example_branch_operator.py for tasks to queue
[2024-07-16T17:32:57.394+0000] {logging_mixin.py:188} INFO - [2024-07-16T17:32:57.393+0000] {dagbag.py:545} INFO - Filling up the DagBag from /home/airflow/.local/lib/python3.12/site-packages/airflow/example_dags/example_branch_operator.py
[2024-07-16T17:32:57.423+0000] {processor.py:840} INFO - DAG(s) 'example_branch_operator' retrieved from /home/airflow/.local/lib/python3.12/site-packages/airflow/example_dags/example_branch_operator.py
[2024-07-16T17:32:57.475+0000] {logging_mixin.py:188} INFO - [2024-07-16T17:32:57.474+0000] {dag.py:3089} INFO - Sync 1 DAGs
[2024-07-16T17:32:57.514+0000] {logging_mixin.py:188} INFO - [2024-07-16T17:32:57.513+0000] {dag.py:3947} INFO - Setting next_dagrun for example_branch_operator to 2024-07-15 00:00:00+00:00, run_after=2024-07-16 00:00:00+00:00
[2024-07-16T17:32:57.546+0000] {processor.py:183} INFO - Processing /home/airflow/.local/lib/python3.12/site-packages/airflow/example_dags/example_branch_operator.py took 0.166 seconds
[2024-07-16T18:04:13.073+0000] {processor.py:161} INFO - Started process (PID=66) to work on /home/airflow/.local/lib/python3.12/site-packages/airflow/example_dags/example_branch_operator.py
[2024-07-16T18:04:13.075+0000] {processor.py:830} INFO - Processing file /home/airflow/.local/lib/python3.12/site-packages/airflow/example_dags/example_branch_operator.py for tasks to queue
[2024-07-16T18:04:13.077+0000] {logging_mixin.py:188} INFO - [2024-07-16T18:04:13.076+0000] {dagbag.py:545} INFO - Filling up the DagBag from /home/airflow/.local/lib/python3.12/site-packages/airflow/example_dags/example_branch_operator.py
[2024-07-16T18:04:13.107+0000] {processor.py:840} INFO - DAG(s) 'example_branch_operator' retrieved from /home/airflow/.local/lib/python3.12/site-packages/airflow/example_dags/example_branch_operator.py
[2024-07-16T18:04:13.353+0000] {logging_mixin.py:188} INFO - [2024-07-16T18:04:13.353+0000] {dag.py:3089} INFO - Sync 1 DAGs
[2024-07-16T18:04:13.407+0000] {logging_mixin.py:188} INFO - [2024-07-16T18:04:13.407+0000] {dag.py:3947} INFO - Setting next_dagrun for example_branch_operator to 2024-07-15 00:00:00+00:00, run_after=2024-07-16 00:00:00+00:00
[2024-07-16T18:04:13.456+0000] {processor.py:183} INFO - Processing /home/airflow/.local/lib/python3.12/site-packages/airflow/example_dags/example_branch_operator.py took 0.389 seconds
[2024-07-16T18:12:21.271+0000] {processor.py:161} INFO - Started process (PID=72) to work on /home/airflow/.local/lib/python3.12/site-packages/airflow/example_dags/example_branch_operator.py
[2024-07-16T18:12:21.273+0000] {processor.py:830} INFO - Processing file /home/airflow/.local/lib/python3.12/site-packages/airflow/example_dags/example_branch_operator.py for tasks to queue
[2024-07-16T18:12:21.277+0000] {logging_mixin.py:188} INFO - [2024-07-16T18:12:21.276+0000] {dagbag.py:545} INFO - Filling up the DagBag from /home/airflow/.local/lib/python3.12/site-packages/airflow/example_dags/example_branch_operator.py
[2024-07-16T18:12:21.317+0000] {processor.py:840} INFO - DAG(s) 'example_branch_operator' retrieved from /home/airflow/.local/lib/python3.12/site-packages/airflow/example_dags/example_branch_operator.py
[2024-07-16T18:12:21.544+0000] {logging_mixin.py:188} INFO - [2024-07-16T18:12:21.543+0000] {dag.py:3089} INFO - Sync 1 DAGs
[2024-07-16T18:12:21.586+0000] {logging_mixin.py:188} INFO - [2024-07-16T18:12:21.585+0000] {dag.py:3947} INFO - Setting next_dagrun for example_branch_operator to 2024-07-15 00:00:00+00:00, run_after=2024-07-16 00:00:00+00:00
[2024-07-16T18:12:21.628+0000] {processor.py:183} INFO - Processing /home/airflow/.local/lib/python3.12/site-packages/airflow/example_dags/example_branch_operator.py took 0.369 seconds
[2024-07-16T18:12:52.291+0000] {processor.py:161} INFO - Started process (PID=131) to work on /home/airflow/.local/lib/python3.12/site-packages/airflow/example_dags/example_branch_operator.py
[2024-07-16T18:12:52.292+0000] {processor.py:830} INFO - Processing file /home/airflow/.local/lib/python3.12/site-packages/airflow/example_dags/example_branch_operator.py for tasks to queue
[2024-07-16T18:12:52.296+0000] {logging_mixin.py:188} INFO - [2024-07-16T18:12:52.296+0000] {dagbag.py:545} INFO - Filling up the DagBag from /home/airflow/.local/lib/python3.12/site-packages/airflow/example_dags/example_branch_operator.py
[2024-07-16T18:12:52.321+0000] {processor.py:840} INFO - DAG(s) 'example_branch_operator' retrieved from /home/airflow/.local/lib/python3.12/site-packages/airflow/example_dags/example_branch_operator.py
[2024-07-16T18:12:52.354+0000] {logging_mixin.py:188} INFO - [2024-07-16T18:12:52.353+0000] {dag.py:3089} INFO - Sync 1 DAGs
[2024-07-16T18:12:52.389+0000] {logging_mixin.py:188} INFO - [2024-07-16T18:12:52.388+0000] {dag.py:3947} INFO - Setting next_dagrun for example_branch_operator to 2024-07-15 00:00:00+00:00, run_after=2024-07-16 00:00:00+00:00
[2024-07-16T18:12:52.415+0000] {processor.py:183} INFO - Processing /home/airflow/.local/lib/python3.12/site-packages/airflow/example_dags/example_branch_operator.py took 0.132 seconds
[2024-07-16T18:13:22.807+0000] {processor.py:161} INFO - Started process (PID=190) to work on /home/airflow/.local/lib/python3.12/site-packages/airflow/example_dags/example_branch_operator.py
[2024-07-16T18:13:22.808+0000] {processor.py:830} INFO - Processing file /home/airflow/.local/lib/python3.12/site-packages/airflow/example_dags/example_branch_operator.py for tasks to queue
[2024-07-16T18:13:22.809+0000] {logging_mixin.py:188} INFO - [2024-07-16T18:13:22.809+0000] {dagbag.py:545} INFO - Filling up the DagBag from /home/airflow/.local/lib/python3.12/site-packages/airflow/example_dags/example_branch_operator.py
[2024-07-16T18:13:22.824+0000] {processor.py:840} INFO - DAG(s) 'example_branch_operator' retrieved from /home/airflow/.local/lib/python3.12/site-packages/airflow/example_dags/example_branch_operator.py
[2024-07-16T18:13:22.851+0000] {logging_mixin.py:188} INFO - [2024-07-16T18:13:22.851+0000] {dag.py:3089} INFO - Sync 1 DAGs
[2024-07-16T18:13:22.877+0000] {logging_mixin.py:188} INFO - [2024-07-16T18:13:22.877+0000] {dag.py:3947} INFO - Setting next_dagrun for example_branch_operator to 2024-07-15 00:00:00+00:00, run_after=2024-07-16 00:00:00+00:00
[2024-07-16T18:13:22.899+0000] {processor.py:183} INFO - Processing /home/airflow/.local/lib/python3.12/site-packages/airflow/example_dags/example_branch_operator.py took 0.097 seconds
