[2024-07-16T17:10:28.720+0000] {processor.py:161} INFO - Started process (PID=96) to work on /home/airflow/.local/lib/python3.12/site-packages/airflow/example_dags/example_setup_teardown.py
[2024-07-16T17:10:28.721+0000] {processor.py:830} INFO - Processing file /home/airflow/.local/lib/python3.12/site-packages/airflow/example_dags/example_setup_teardown.py for tasks to queue
[2024-07-16T17:10:28.723+0000] {logging_mixin.py:188} INFO - [2024-07-16T17:10:28.723+0000] {dagbag.py:545} INFO - Filling up the DagBag from /home/airflow/.local/lib/python3.12/site-packages/airflow/example_dags/example_setup_teardown.py
[2024-07-16T17:10:28.733+0000] {processor.py:840} INFO - DAG(s) 'example_setup_teardown' retrieved from /home/airflow/.local/lib/python3.12/site-packages/airflow/example_dags/example_setup_teardown.py
[2024-07-16T17:10:28.832+0000] {logging_mixin.py:188} INFO - [2024-07-16T17:10:28.832+0000] {dag.py:3089} INFO - Sync 1 DAGs
[2024-07-16T17:10:28.854+0000] {logging_mixin.py:188} INFO - [2024-07-16T17:10:28.853+0000] {dag.py:3947} INFO - Setting next_dagrun for example_setup_teardown to 2024-07-15 00:00:00+00:00, run_after=2024-07-16 00:00:00+00:00
[2024-07-16T17:10:28.872+0000] {processor.py:183} INFO - Processing /home/airflow/.local/lib/python3.12/site-packages/airflow/example_dags/example_setup_teardown.py took 0.158 seconds
[2024-07-16T17:10:58.910+0000] {processor.py:161} INFO - Started process (PID=154) to work on /home/airflow/.local/lib/python3.12/site-packages/airflow/example_dags/example_setup_teardown.py
[2024-07-16T17:10:58.911+0000] {processor.py:830} INFO - Processing file /home/airflow/.local/lib/python3.12/site-packages/airflow/example_dags/example_setup_teardown.py for tasks to queue
[2024-07-16T17:10:58.913+0000] {logging_mixin.py:188} INFO - [2024-07-16T17:10:58.913+0000] {dagbag.py:545} INFO - Filling up the DagBag from /home/airflow/.local/lib/python3.12/site-packages/airflow/example_dags/example_setup_teardown.py
[2024-07-16T17:10:58.921+0000] {processor.py:840} INFO - DAG(s) 'example_setup_teardown' retrieved from /home/airflow/.local/lib/python3.12/site-packages/airflow/example_dags/example_setup_teardown.py
[2024-07-16T17:10:58.940+0000] {logging_mixin.py:188} INFO - [2024-07-16T17:10:58.940+0000] {dag.py:3089} INFO - Sync 1 DAGs
[2024-07-16T17:10:58.961+0000] {logging_mixin.py:188} INFO - [2024-07-16T17:10:58.960+0000] {dag.py:3947} INFO - Setting next_dagrun for example_setup_teardown to 2024-07-15 00:00:00+00:00, run_after=2024-07-16 00:00:00+00:00
[2024-07-16T17:10:58.978+0000] {processor.py:183} INFO - Processing /home/airflow/.local/lib/python3.12/site-packages/airflow/example_dags/example_setup_teardown.py took 0.074 seconds
[2024-07-16T17:11:29.232+0000] {processor.py:161} INFO - Started process (PID=212) to work on /home/airflow/.local/lib/python3.12/site-packages/airflow/example_dags/example_setup_teardown.py
[2024-07-16T17:11:29.233+0000] {processor.py:830} INFO - Processing file /home/airflow/.local/lib/python3.12/site-packages/airflow/example_dags/example_setup_teardown.py for tasks to queue
[2024-07-16T17:11:29.235+0000] {logging_mixin.py:188} INFO - [2024-07-16T17:11:29.235+0000] {dagbag.py:545} INFO - Filling up the DagBag from /home/airflow/.local/lib/python3.12/site-packages/airflow/example_dags/example_setup_teardown.py
[2024-07-16T17:11:29.243+0000] {processor.py:840} INFO - DAG(s) 'example_setup_teardown' retrieved from /home/airflow/.local/lib/python3.12/site-packages/airflow/example_dags/example_setup_teardown.py
[2024-07-16T17:11:29.264+0000] {logging_mixin.py:188} INFO - [2024-07-16T17:11:29.264+0000] {dag.py:3089} INFO - Sync 1 DAGs
[2024-07-16T17:11:29.286+0000] {logging_mixin.py:188} INFO - [2024-07-16T17:11:29.286+0000] {dag.py:3947} INFO - Setting next_dagrun for example_setup_teardown to 2024-07-15 00:00:00+00:00, run_after=2024-07-16 00:00:00+00:00
[2024-07-16T17:11:29.309+0000] {processor.py:183} INFO - Processing /home/airflow/.local/lib/python3.12/site-packages/airflow/example_dags/example_setup_teardown.py took 0.082 seconds
[2024-07-16T17:11:59.544+0000] {processor.py:161} INFO - Started process (PID=270) to work on /home/airflow/.local/lib/python3.12/site-packages/airflow/example_dags/example_setup_teardown.py
[2024-07-16T17:11:59.545+0000] {processor.py:830} INFO - Processing file /home/airflow/.local/lib/python3.12/site-packages/airflow/example_dags/example_setup_teardown.py for tasks to queue
[2024-07-16T17:11:59.547+0000] {logging_mixin.py:188} INFO - [2024-07-16T17:11:59.546+0000] {dagbag.py:545} INFO - Filling up the DagBag from /home/airflow/.local/lib/python3.12/site-packages/airflow/example_dags/example_setup_teardown.py
[2024-07-16T17:11:59.553+0000] {processor.py:840} INFO - DAG(s) 'example_setup_teardown' retrieved from /home/airflow/.local/lib/python3.12/site-packages/airflow/example_dags/example_setup_teardown.py
[2024-07-16T17:11:59.570+0000] {logging_mixin.py:188} INFO - [2024-07-16T17:11:59.570+0000] {dag.py:3089} INFO - Sync 1 DAGs
[2024-07-16T17:11:59.590+0000] {logging_mixin.py:188} INFO - [2024-07-16T17:11:59.589+0000] {dag.py:3947} INFO - Setting next_dagrun for example_setup_teardown to 2024-07-15 00:00:00+00:00, run_after=2024-07-16 00:00:00+00:00
[2024-07-16T17:11:59.605+0000] {processor.py:183} INFO - Processing /home/airflow/.local/lib/python3.12/site-packages/airflow/example_dags/example_setup_teardown.py took 0.066 seconds
[2024-07-16T17:12:29.871+0000] {processor.py:161} INFO - Started process (PID=328) to work on /home/airflow/.local/lib/python3.12/site-packages/airflow/example_dags/example_setup_teardown.py
[2024-07-16T17:12:29.872+0000] {processor.py:830} INFO - Processing file /home/airflow/.local/lib/python3.12/site-packages/airflow/example_dags/example_setup_teardown.py for tasks to queue
[2024-07-16T17:12:29.874+0000] {logging_mixin.py:188} INFO - [2024-07-16T17:12:29.874+0000] {dagbag.py:545} INFO - Filling up the DagBag from /home/airflow/.local/lib/python3.12/site-packages/airflow/example_dags/example_setup_teardown.py
[2024-07-16T17:12:29.880+0000] {processor.py:840} INFO - DAG(s) 'example_setup_teardown' retrieved from /home/airflow/.local/lib/python3.12/site-packages/airflow/example_dags/example_setup_teardown.py
[2024-07-16T17:12:29.899+0000] {logging_mixin.py:188} INFO - [2024-07-16T17:12:29.898+0000] {dag.py:3089} INFO - Sync 1 DAGs
[2024-07-16T17:12:29.923+0000] {logging_mixin.py:188} INFO - [2024-07-16T17:12:29.922+0000] {dag.py:3947} INFO - Setting next_dagrun for example_setup_teardown to 2024-07-15 00:00:00+00:00, run_after=2024-07-16 00:00:00+00:00
[2024-07-16T17:12:29.955+0000] {processor.py:183} INFO - Processing /home/airflow/.local/lib/python3.12/site-packages/airflow/example_dags/example_setup_teardown.py took 0.090 seconds
[2024-07-16T17:13:02.977+0000] {processor.py:161} INFO - Started process (PID=386) to work on /home/airflow/.local/lib/python3.12/site-packages/airflow/example_dags/example_setup_teardown.py
[2024-07-16T17:13:02.980+0000] {processor.py:830} INFO - Processing file /home/airflow/.local/lib/python3.12/site-packages/airflow/example_dags/example_setup_teardown.py for tasks to queue
[2024-07-16T17:13:02.985+0000] {logging_mixin.py:188} INFO - [2024-07-16T17:13:02.984+0000] {dagbag.py:545} INFO - Filling up the DagBag from /home/airflow/.local/lib/python3.12/site-packages/airflow/example_dags/example_setup_teardown.py
[2024-07-16T17:13:03.003+0000] {processor.py:840} INFO - DAG(s) 'example_setup_teardown' retrieved from /home/airflow/.local/lib/python3.12/site-packages/airflow/example_dags/example_setup_teardown.py
[2024-07-16T17:13:03.064+0000] {logging_mixin.py:188} INFO - [2024-07-16T17:13:03.063+0000] {dag.py:3089} INFO - Sync 1 DAGs
[2024-07-16T17:13:03.146+0000] {logging_mixin.py:188} INFO - [2024-07-16T17:13:03.145+0000] {dag.py:3947} INFO - Setting next_dagrun for example_setup_teardown to 2024-07-15 00:00:00+00:00, run_after=2024-07-16 00:00:00+00:00
[2024-07-16T17:13:03.207+0000] {processor.py:183} INFO - Processing /home/airflow/.local/lib/python3.12/site-packages/airflow/example_dags/example_setup_teardown.py took 0.245 seconds
[2024-07-16T17:13:33.355+0000] {processor.py:161} INFO - Started process (PID=444) to work on /home/airflow/.local/lib/python3.12/site-packages/airflow/example_dags/example_setup_teardown.py
[2024-07-16T17:13:33.357+0000] {processor.py:830} INFO - Processing file /home/airflow/.local/lib/python3.12/site-packages/airflow/example_dags/example_setup_teardown.py for tasks to queue
[2024-07-16T17:13:33.360+0000] {logging_mixin.py:188} INFO - [2024-07-16T17:13:33.360+0000] {dagbag.py:545} INFO - Filling up the DagBag from /home/airflow/.local/lib/python3.12/site-packages/airflow/example_dags/example_setup_teardown.py
[2024-07-16T17:13:33.374+0000] {processor.py:840} INFO - DAG(s) 'example_setup_teardown' retrieved from /home/airflow/.local/lib/python3.12/site-packages/airflow/example_dags/example_setup_teardown.py
[2024-07-16T17:13:33.409+0000] {logging_mixin.py:188} INFO - [2024-07-16T17:13:33.408+0000] {dag.py:3089} INFO - Sync 1 DAGs
[2024-07-16T17:13:33.450+0000] {logging_mixin.py:188} INFO - [2024-07-16T17:13:33.450+0000] {dag.py:3947} INFO - Setting next_dagrun for example_setup_teardown to 2024-07-15 00:00:00+00:00, run_after=2024-07-16 00:00:00+00:00
[2024-07-16T17:13:33.483+0000] {processor.py:183} INFO - Processing /home/airflow/.local/lib/python3.12/site-packages/airflow/example_dags/example_setup_teardown.py took 0.141 seconds
[2024-07-16T17:14:03.610+0000] {processor.py:161} INFO - Started process (PID=502) to work on /home/airflow/.local/lib/python3.12/site-packages/airflow/example_dags/example_setup_teardown.py
[2024-07-16T17:14:03.611+0000] {processor.py:830} INFO - Processing file /home/airflow/.local/lib/python3.12/site-packages/airflow/example_dags/example_setup_teardown.py for tasks to queue
[2024-07-16T17:14:03.613+0000] {logging_mixin.py:188} INFO - [2024-07-16T17:14:03.613+0000] {dagbag.py:545} INFO - Filling up the DagBag from /home/airflow/.local/lib/python3.12/site-packages/airflow/example_dags/example_setup_teardown.py
[2024-07-16T17:14:03.620+0000] {processor.py:840} INFO - DAG(s) 'example_setup_teardown' retrieved from /home/airflow/.local/lib/python3.12/site-packages/airflow/example_dags/example_setup_teardown.py
[2024-07-16T17:14:03.640+0000] {logging_mixin.py:188} INFO - [2024-07-16T17:14:03.640+0000] {dag.py:3089} INFO - Sync 1 DAGs
[2024-07-16T17:14:03.660+0000] {logging_mixin.py:188} INFO - [2024-07-16T17:14:03.660+0000] {dag.py:3947} INFO - Setting next_dagrun for example_setup_teardown to 2024-07-15 00:00:00+00:00, run_after=2024-07-16 00:00:00+00:00
[2024-07-16T17:14:03.680+0000] {processor.py:183} INFO - Processing /home/airflow/.local/lib/python3.12/site-packages/airflow/example_dags/example_setup_teardown.py took 0.074 seconds
[2024-07-16T17:14:34.107+0000] {processor.py:161} INFO - Started process (PID=560) to work on /home/airflow/.local/lib/python3.12/site-packages/airflow/example_dags/example_setup_teardown.py
[2024-07-16T17:14:34.108+0000] {processor.py:830} INFO - Processing file /home/airflow/.local/lib/python3.12/site-packages/airflow/example_dags/example_setup_teardown.py for tasks to queue
[2024-07-16T17:14:34.110+0000] {logging_mixin.py:188} INFO - [2024-07-16T17:14:34.110+0000] {dagbag.py:545} INFO - Filling up the DagBag from /home/airflow/.local/lib/python3.12/site-packages/airflow/example_dags/example_setup_teardown.py
[2024-07-16T17:14:34.116+0000] {processor.py:840} INFO - DAG(s) 'example_setup_teardown' retrieved from /home/airflow/.local/lib/python3.12/site-packages/airflow/example_dags/example_setup_teardown.py
[2024-07-16T17:14:34.133+0000] {logging_mixin.py:188} INFO - [2024-07-16T17:14:34.133+0000] {dag.py:3089} INFO - Sync 1 DAGs
[2024-07-16T17:14:34.153+0000] {logging_mixin.py:188} INFO - [2024-07-16T17:14:34.153+0000] {dag.py:3947} INFO - Setting next_dagrun for example_setup_teardown to 2024-07-15 00:00:00+00:00, run_after=2024-07-16 00:00:00+00:00
[2024-07-16T17:14:34.172+0000] {processor.py:183} INFO - Processing /home/airflow/.local/lib/python3.12/site-packages/airflow/example_dags/example_setup_teardown.py took 0.071 seconds
[2024-07-16T17:15:04.326+0000] {processor.py:161} INFO - Started process (PID=618) to work on /home/airflow/.local/lib/python3.12/site-packages/airflow/example_dags/example_setup_teardown.py
[2024-07-16T17:15:04.327+0000] {processor.py:830} INFO - Processing file /home/airflow/.local/lib/python3.12/site-packages/airflow/example_dags/example_setup_teardown.py for tasks to queue
[2024-07-16T17:15:04.329+0000] {logging_mixin.py:188} INFO - [2024-07-16T17:15:04.328+0000] {dagbag.py:545} INFO - Filling up the DagBag from /home/airflow/.local/lib/python3.12/site-packages/airflow/example_dags/example_setup_teardown.py
[2024-07-16T17:15:04.334+0000] {processor.py:840} INFO - DAG(s) 'example_setup_teardown' retrieved from /home/airflow/.local/lib/python3.12/site-packages/airflow/example_dags/example_setup_teardown.py
[2024-07-16T17:15:04.350+0000] {logging_mixin.py:188} INFO - [2024-07-16T17:15:04.350+0000] {dag.py:3089} INFO - Sync 1 DAGs
[2024-07-16T17:15:04.368+0000] {logging_mixin.py:188} INFO - [2024-07-16T17:15:04.367+0000] {dag.py:3947} INFO - Setting next_dagrun for example_setup_teardown to 2024-07-15 00:00:00+00:00, run_after=2024-07-16 00:00:00+00:00
[2024-07-16T17:15:04.382+0000] {processor.py:183} INFO - Processing /home/airflow/.local/lib/python3.12/site-packages/airflow/example_dags/example_setup_teardown.py took 0.061 seconds
[2024-07-16T17:15:34.674+0000] {processor.py:161} INFO - Started process (PID=676) to work on /home/airflow/.local/lib/python3.12/site-packages/airflow/example_dags/example_setup_teardown.py
[2024-07-16T17:15:34.675+0000] {processor.py:830} INFO - Processing file /home/airflow/.local/lib/python3.12/site-packages/airflow/example_dags/example_setup_teardown.py for tasks to queue
[2024-07-16T17:15:34.677+0000] {logging_mixin.py:188} INFO - [2024-07-16T17:15:34.676+0000] {dagbag.py:545} INFO - Filling up the DagBag from /home/airflow/.local/lib/python3.12/site-packages/airflow/example_dags/example_setup_teardown.py
[2024-07-16T17:15:34.683+0000] {processor.py:840} INFO - DAG(s) 'example_setup_teardown' retrieved from /home/airflow/.local/lib/python3.12/site-packages/airflow/example_dags/example_setup_teardown.py
[2024-07-16T17:15:34.703+0000] {logging_mixin.py:188} INFO - [2024-07-16T17:15:34.702+0000] {dag.py:3089} INFO - Sync 1 DAGs
[2024-07-16T17:15:34.720+0000] {logging_mixin.py:188} INFO - [2024-07-16T17:15:34.720+0000] {dag.py:3947} INFO - Setting next_dagrun for example_setup_teardown to 2024-07-15 00:00:00+00:00, run_after=2024-07-16 00:00:00+00:00
[2024-07-16T17:15:34.741+0000] {processor.py:183} INFO - Processing /home/airflow/.local/lib/python3.12/site-packages/airflow/example_dags/example_setup_teardown.py took 0.072 seconds
[2024-07-16T17:16:04.919+0000] {processor.py:161} INFO - Started process (PID=734) to work on /home/airflow/.local/lib/python3.12/site-packages/airflow/example_dags/example_setup_teardown.py
[2024-07-16T17:16:04.920+0000] {processor.py:830} INFO - Processing file /home/airflow/.local/lib/python3.12/site-packages/airflow/example_dags/example_setup_teardown.py for tasks to queue
[2024-07-16T17:16:04.922+0000] {logging_mixin.py:188} INFO - [2024-07-16T17:16:04.922+0000] {dagbag.py:545} INFO - Filling up the DagBag from /home/airflow/.local/lib/python3.12/site-packages/airflow/example_dags/example_setup_teardown.py
[2024-07-16T17:16:04.928+0000] {processor.py:840} INFO - DAG(s) 'example_setup_teardown' retrieved from /home/airflow/.local/lib/python3.12/site-packages/airflow/example_dags/example_setup_teardown.py
[2024-07-16T17:16:04.947+0000] {logging_mixin.py:188} INFO - [2024-07-16T17:16:04.947+0000] {dag.py:3089} INFO - Sync 1 DAGs
[2024-07-16T17:16:04.969+0000] {logging_mixin.py:188} INFO - [2024-07-16T17:16:04.969+0000] {dag.py:3947} INFO - Setting next_dagrun for example_setup_teardown to 2024-07-15 00:00:00+00:00, run_after=2024-07-16 00:00:00+00:00
[2024-07-16T17:16:04.990+0000] {processor.py:183} INFO - Processing /home/airflow/.local/lib/python3.12/site-packages/airflow/example_dags/example_setup_teardown.py took 0.076 seconds
[2024-07-16T17:16:35.303+0000] {processor.py:161} INFO - Started process (PID=792) to work on /home/airflow/.local/lib/python3.12/site-packages/airflow/example_dags/example_setup_teardown.py
[2024-07-16T17:16:35.304+0000] {processor.py:830} INFO - Processing file /home/airflow/.local/lib/python3.12/site-packages/airflow/example_dags/example_setup_teardown.py for tasks to queue
[2024-07-16T17:16:35.306+0000] {logging_mixin.py:188} INFO - [2024-07-16T17:16:35.306+0000] {dagbag.py:545} INFO - Filling up the DagBag from /home/airflow/.local/lib/python3.12/site-packages/airflow/example_dags/example_setup_teardown.py
[2024-07-16T17:16:35.313+0000] {processor.py:840} INFO - DAG(s) 'example_setup_teardown' retrieved from /home/airflow/.local/lib/python3.12/site-packages/airflow/example_dags/example_setup_teardown.py
[2024-07-16T17:16:35.329+0000] {logging_mixin.py:188} INFO - [2024-07-16T17:16:35.329+0000] {dag.py:3089} INFO - Sync 1 DAGs
[2024-07-16T17:16:35.349+0000] {logging_mixin.py:188} INFO - [2024-07-16T17:16:35.348+0000] {dag.py:3947} INFO - Setting next_dagrun for example_setup_teardown to 2024-07-15 00:00:00+00:00, run_after=2024-07-16 00:00:00+00:00
[2024-07-16T17:16:35.365+0000] {processor.py:183} INFO - Processing /home/airflow/.local/lib/python3.12/site-packages/airflow/example_dags/example_setup_teardown.py took 0.066 seconds
[2024-07-16T17:17:05.630+0000] {processor.py:161} INFO - Started process (PID=850) to work on /home/airflow/.local/lib/python3.12/site-packages/airflow/example_dags/example_setup_teardown.py
[2024-07-16T17:17:05.631+0000] {processor.py:830} INFO - Processing file /home/airflow/.local/lib/python3.12/site-packages/airflow/example_dags/example_setup_teardown.py for tasks to queue
[2024-07-16T17:17:05.632+0000] {logging_mixin.py:188} INFO - [2024-07-16T17:17:05.632+0000] {dagbag.py:545} INFO - Filling up the DagBag from /home/airflow/.local/lib/python3.12/site-packages/airflow/example_dags/example_setup_teardown.py
[2024-07-16T17:17:05.639+0000] {processor.py:840} INFO - DAG(s) 'example_setup_teardown' retrieved from /home/airflow/.local/lib/python3.12/site-packages/airflow/example_dags/example_setup_teardown.py
[2024-07-16T17:17:05.655+0000] {logging_mixin.py:188} INFO - [2024-07-16T17:17:05.655+0000] {dag.py:3089} INFO - Sync 1 DAGs
[2024-07-16T17:17:05.679+0000] {logging_mixin.py:188} INFO - [2024-07-16T17:17:05.679+0000] {dag.py:3947} INFO - Setting next_dagrun for example_setup_teardown to 2024-07-15 00:00:00+00:00, run_after=2024-07-16 00:00:00+00:00
[2024-07-16T17:17:05.703+0000] {processor.py:183} INFO - Processing /home/airflow/.local/lib/python3.12/site-packages/airflow/example_dags/example_setup_teardown.py took 0.079 seconds
[2024-07-16T17:17:36.630+0000] {processor.py:161} INFO - Started process (PID=908) to work on /home/airflow/.local/lib/python3.12/site-packages/airflow/example_dags/example_setup_teardown.py
[2024-07-16T17:17:36.631+0000] {processor.py:830} INFO - Processing file /home/airflow/.local/lib/python3.12/site-packages/airflow/example_dags/example_setup_teardown.py for tasks to queue
[2024-07-16T17:17:36.633+0000] {logging_mixin.py:188} INFO - [2024-07-16T17:17:36.633+0000] {dagbag.py:545} INFO - Filling up the DagBag from /home/airflow/.local/lib/python3.12/site-packages/airflow/example_dags/example_setup_teardown.py
[2024-07-16T17:17:36.639+0000] {processor.py:840} INFO - DAG(s) 'example_setup_teardown' retrieved from /home/airflow/.local/lib/python3.12/site-packages/airflow/example_dags/example_setup_teardown.py
[2024-07-16T17:17:36.655+0000] {logging_mixin.py:188} INFO - [2024-07-16T17:17:36.655+0000] {dag.py:3089} INFO - Sync 1 DAGs
[2024-07-16T17:17:36.678+0000] {logging_mixin.py:188} INFO - [2024-07-16T17:17:36.678+0000] {dag.py:3947} INFO - Setting next_dagrun for example_setup_teardown to 2024-07-15 00:00:00+00:00, run_after=2024-07-16 00:00:00+00:00
[2024-07-16T17:17:36.702+0000] {processor.py:183} INFO - Processing /home/airflow/.local/lib/python3.12/site-packages/airflow/example_dags/example_setup_teardown.py took 0.077 seconds
[2024-07-16T17:18:07.735+0000] {processor.py:161} INFO - Started process (PID=966) to work on /home/airflow/.local/lib/python3.12/site-packages/airflow/example_dags/example_setup_teardown.py
[2024-07-16T17:18:07.736+0000] {processor.py:830} INFO - Processing file /home/airflow/.local/lib/python3.12/site-packages/airflow/example_dags/example_setup_teardown.py for tasks to queue
[2024-07-16T17:18:07.738+0000] {logging_mixin.py:188} INFO - [2024-07-16T17:18:07.737+0000] {dagbag.py:545} INFO - Filling up the DagBag from /home/airflow/.local/lib/python3.12/site-packages/airflow/example_dags/example_setup_teardown.py
[2024-07-16T17:18:07.743+0000] {processor.py:840} INFO - DAG(s) 'example_setup_teardown' retrieved from /home/airflow/.local/lib/python3.12/site-packages/airflow/example_dags/example_setup_teardown.py
[2024-07-16T17:18:07.760+0000] {logging_mixin.py:188} INFO - [2024-07-16T17:18:07.760+0000] {dag.py:3089} INFO - Sync 1 DAGs
[2024-07-16T17:18:07.784+0000] {logging_mixin.py:188} INFO - [2024-07-16T17:18:07.784+0000] {dag.py:3947} INFO - Setting next_dagrun for example_setup_teardown to 2024-07-15 00:00:00+00:00, run_after=2024-07-16 00:00:00+00:00
[2024-07-16T17:18:07.810+0000] {processor.py:183} INFO - Processing /home/airflow/.local/lib/python3.12/site-packages/airflow/example_dags/example_setup_teardown.py took 0.082 seconds
[2024-07-16T17:18:39.104+0000] {processor.py:161} INFO - Started process (PID=1024) to work on /home/airflow/.local/lib/python3.12/site-packages/airflow/example_dags/example_setup_teardown.py
[2024-07-16T17:18:39.107+0000] {processor.py:830} INFO - Processing file /home/airflow/.local/lib/python3.12/site-packages/airflow/example_dags/example_setup_teardown.py for tasks to queue
[2024-07-16T17:18:39.110+0000] {logging_mixin.py:188} INFO - [2024-07-16T17:18:39.110+0000] {dagbag.py:545} INFO - Filling up the DagBag from /home/airflow/.local/lib/python3.12/site-packages/airflow/example_dags/example_setup_teardown.py
[2024-07-16T17:18:39.129+0000] {processor.py:840} INFO - DAG(s) 'example_setup_teardown' retrieved from /home/airflow/.local/lib/python3.12/site-packages/airflow/example_dags/example_setup_teardown.py
[2024-07-16T17:18:39.173+0000] {logging_mixin.py:188} INFO - [2024-07-16T17:18:39.173+0000] {dag.py:3089} INFO - Sync 1 DAGs
[2024-07-16T17:18:39.205+0000] {logging_mixin.py:188} INFO - [2024-07-16T17:18:39.204+0000] {dag.py:3947} INFO - Setting next_dagrun for example_setup_teardown to 2024-07-15 00:00:00+00:00, run_after=2024-07-16 00:00:00+00:00
[2024-07-16T17:18:39.233+0000] {processor.py:183} INFO - Processing /home/airflow/.local/lib/python3.12/site-packages/airflow/example_dags/example_setup_teardown.py took 0.154 seconds
[2024-07-16T17:19:10.931+0000] {processor.py:161} INFO - Started process (PID=1082) to work on /home/airflow/.local/lib/python3.12/site-packages/airflow/example_dags/example_setup_teardown.py
[2024-07-16T17:19:10.933+0000] {processor.py:830} INFO - Processing file /home/airflow/.local/lib/python3.12/site-packages/airflow/example_dags/example_setup_teardown.py for tasks to queue
[2024-07-16T17:19:10.937+0000] {logging_mixin.py:188} INFO - [2024-07-16T17:19:10.937+0000] {dagbag.py:545} INFO - Filling up the DagBag from /home/airflow/.local/lib/python3.12/site-packages/airflow/example_dags/example_setup_teardown.py
[2024-07-16T17:19:10.957+0000] {processor.py:840} INFO - DAG(s) 'example_setup_teardown' retrieved from /home/airflow/.local/lib/python3.12/site-packages/airflow/example_dags/example_setup_teardown.py
[2024-07-16T17:19:11.000+0000] {logging_mixin.py:188} INFO - [2024-07-16T17:19:10.999+0000] {dag.py:3089} INFO - Sync 1 DAGs
[2024-07-16T17:19:11.036+0000] {logging_mixin.py:188} INFO - [2024-07-16T17:19:11.035+0000] {dag.py:3947} INFO - Setting next_dagrun for example_setup_teardown to 2024-07-15 00:00:00+00:00, run_after=2024-07-16 00:00:00+00:00
[2024-07-16T17:19:11.110+0000] {processor.py:183} INFO - Processing /home/airflow/.local/lib/python3.12/site-packages/airflow/example_dags/example_setup_teardown.py took 0.192 seconds
[2024-07-16T17:19:41.985+0000] {processor.py:161} INFO - Started process (PID=1140) to work on /home/airflow/.local/lib/python3.12/site-packages/airflow/example_dags/example_setup_teardown.py
[2024-07-16T17:19:41.990+0000] {processor.py:830} INFO - Processing file /home/airflow/.local/lib/python3.12/site-packages/airflow/example_dags/example_setup_teardown.py for tasks to queue
[2024-07-16T17:19:42.000+0000] {logging_mixin.py:188} INFO - [2024-07-16T17:19:41.998+0000] {dagbag.py:545} INFO - Filling up the DagBag from /home/airflow/.local/lib/python3.12/site-packages/airflow/example_dags/example_setup_teardown.py
[2024-07-16T17:19:42.023+0000] {processor.py:840} INFO - DAG(s) 'example_setup_teardown' retrieved from /home/airflow/.local/lib/python3.12/site-packages/airflow/example_dags/example_setup_teardown.py
[2024-07-16T17:19:42.082+0000] {logging_mixin.py:188} INFO - [2024-07-16T17:19:42.082+0000] {dag.py:3089} INFO - Sync 1 DAGs
[2024-07-16T17:19:42.160+0000] {logging_mixin.py:188} INFO - [2024-07-16T17:19:42.159+0000] {dag.py:3947} INFO - Setting next_dagrun for example_setup_teardown to 2024-07-15 00:00:00+00:00, run_after=2024-07-16 00:00:00+00:00
[2024-07-16T17:19:42.226+0000] {processor.py:183} INFO - Processing /home/airflow/.local/lib/python3.12/site-packages/airflow/example_dags/example_setup_teardown.py took 0.258 seconds
[2024-07-16T17:23:55.343+0000] {processor.py:161} INFO - Started process (PID=98) to work on /home/airflow/.local/lib/python3.12/site-packages/airflow/example_dags/example_setup_teardown.py
[2024-07-16T17:23:55.345+0000] {processor.py:830} INFO - Processing file /home/airflow/.local/lib/python3.12/site-packages/airflow/example_dags/example_setup_teardown.py for tasks to queue
[2024-07-16T17:23:55.347+0000] {logging_mixin.py:188} INFO - [2024-07-16T17:23:55.347+0000] {dagbag.py:545} INFO - Filling up the DagBag from /home/airflow/.local/lib/python3.12/site-packages/airflow/example_dags/example_setup_teardown.py
[2024-07-16T17:23:55.359+0000] {processor.py:840} INFO - DAG(s) 'example_setup_teardown' retrieved from /home/airflow/.local/lib/python3.12/site-packages/airflow/example_dags/example_setup_teardown.py
[2024-07-16T17:23:55.517+0000] {logging_mixin.py:188} INFO - [2024-07-16T17:23:55.517+0000] {dag.py:3089} INFO - Sync 1 DAGs
[2024-07-16T17:23:55.545+0000] {logging_mixin.py:188} INFO - [2024-07-16T17:23:55.545+0000] {dag.py:3947} INFO - Setting next_dagrun for example_setup_teardown to 2024-07-15 00:00:00+00:00, run_after=2024-07-16 00:00:00+00:00
[2024-07-16T17:23:55.569+0000] {processor.py:183} INFO - Processing /home/airflow/.local/lib/python3.12/site-packages/airflow/example_dags/example_setup_teardown.py took 0.233 seconds
[2024-07-16T17:24:25.790+0000] {processor.py:161} INFO - Started process (PID=155) to work on /home/airflow/.local/lib/python3.12/site-packages/airflow/example_dags/example_setup_teardown.py
[2024-07-16T17:24:25.791+0000] {processor.py:830} INFO - Processing file /home/airflow/.local/lib/python3.12/site-packages/airflow/example_dags/example_setup_teardown.py for tasks to queue
[2024-07-16T17:24:25.793+0000] {logging_mixin.py:188} INFO - [2024-07-16T17:24:25.793+0000] {dagbag.py:545} INFO - Filling up the DagBag from /home/airflow/.local/lib/python3.12/site-packages/airflow/example_dags/example_setup_teardown.py
[2024-07-16T17:24:25.801+0000] {processor.py:840} INFO - DAG(s) 'example_setup_teardown' retrieved from /home/airflow/.local/lib/python3.12/site-packages/airflow/example_dags/example_setup_teardown.py
[2024-07-16T17:24:25.820+0000] {logging_mixin.py:188} INFO - [2024-07-16T17:24:25.820+0000] {dag.py:3089} INFO - Sync 1 DAGs
[2024-07-16T17:24:25.842+0000] {logging_mixin.py:188} INFO - [2024-07-16T17:24:25.842+0000] {dag.py:3947} INFO - Setting next_dagrun for example_setup_teardown to 2024-07-15 00:00:00+00:00, run_after=2024-07-16 00:00:00+00:00
[2024-07-16T17:24:25.859+0000] {processor.py:183} INFO - Processing /home/airflow/.local/lib/python3.12/site-packages/airflow/example_dags/example_setup_teardown.py took 0.074 seconds
[2024-07-16T17:24:56.628+0000] {processor.py:161} INFO - Started process (PID=213) to work on /home/airflow/.local/lib/python3.12/site-packages/airflow/example_dags/example_setup_teardown.py
[2024-07-16T17:24:56.629+0000] {processor.py:830} INFO - Processing file /home/airflow/.local/lib/python3.12/site-packages/airflow/example_dags/example_setup_teardown.py for tasks to queue
[2024-07-16T17:24:56.631+0000] {logging_mixin.py:188} INFO - [2024-07-16T17:24:56.631+0000] {dagbag.py:545} INFO - Filling up the DagBag from /home/airflow/.local/lib/python3.12/site-packages/airflow/example_dags/example_setup_teardown.py
[2024-07-16T17:24:56.636+0000] {processor.py:840} INFO - DAG(s) 'example_setup_teardown' retrieved from /home/airflow/.local/lib/python3.12/site-packages/airflow/example_dags/example_setup_teardown.py
[2024-07-16T17:24:56.653+0000] {logging_mixin.py:188} INFO - [2024-07-16T17:24:56.653+0000] {dag.py:3089} INFO - Sync 1 DAGs
[2024-07-16T17:24:56.670+0000] {logging_mixin.py:188} INFO - [2024-07-16T17:24:56.670+0000] {dag.py:3947} INFO - Setting next_dagrun for example_setup_teardown to 2024-07-15 00:00:00+00:00, run_after=2024-07-16 00:00:00+00:00
[2024-07-16T17:24:56.685+0000] {processor.py:183} INFO - Processing /home/airflow/.local/lib/python3.12/site-packages/airflow/example_dags/example_setup_teardown.py took 0.062 seconds
[2024-07-16T17:25:27.126+0000] {processor.py:161} INFO - Started process (PID=272) to work on /home/airflow/.local/lib/python3.12/site-packages/airflow/example_dags/example_setup_teardown.py
[2024-07-16T17:25:27.127+0000] {processor.py:830} INFO - Processing file /home/airflow/.local/lib/python3.12/site-packages/airflow/example_dags/example_setup_teardown.py for tasks to queue
[2024-07-16T17:25:27.130+0000] {logging_mixin.py:188} INFO - [2024-07-16T17:25:27.130+0000] {dagbag.py:545} INFO - Filling up the DagBag from /home/airflow/.local/lib/python3.12/site-packages/airflow/example_dags/example_setup_teardown.py
[2024-07-16T17:25:27.139+0000] {processor.py:840} INFO - DAG(s) 'example_setup_teardown' retrieved from /home/airflow/.local/lib/python3.12/site-packages/airflow/example_dags/example_setup_teardown.py
[2024-07-16T17:25:27.162+0000] {logging_mixin.py:188} INFO - [2024-07-16T17:25:27.162+0000] {dag.py:3089} INFO - Sync 1 DAGs
[2024-07-16T17:25:27.188+0000] {logging_mixin.py:188} INFO - [2024-07-16T17:25:27.188+0000] {dag.py:3947} INFO - Setting next_dagrun for example_setup_teardown to 2024-07-15 00:00:00+00:00, run_after=2024-07-16 00:00:00+00:00
[2024-07-16T17:25:27.215+0000] {processor.py:183} INFO - Processing /home/airflow/.local/lib/python3.12/site-packages/airflow/example_dags/example_setup_teardown.py took 0.097 seconds
[2024-07-16T17:29:58.550+0000] {processor.py:161} INFO - Started process (PID=98) to work on /home/airflow/.local/lib/python3.12/site-packages/airflow/example_dags/example_setup_teardown.py
[2024-07-16T17:29:58.551+0000] {processor.py:830} INFO - Processing file /home/airflow/.local/lib/python3.12/site-packages/airflow/example_dags/example_setup_teardown.py for tasks to queue
[2024-07-16T17:29:58.554+0000] {logging_mixin.py:188} INFO - [2024-07-16T17:29:58.554+0000] {dagbag.py:545} INFO - Filling up the DagBag from /home/airflow/.local/lib/python3.12/site-packages/airflow/example_dags/example_setup_teardown.py
[2024-07-16T17:29:58.566+0000] {processor.py:840} INFO - DAG(s) 'example_setup_teardown' retrieved from /home/airflow/.local/lib/python3.12/site-packages/airflow/example_dags/example_setup_teardown.py
[2024-07-16T17:29:58.718+0000] {logging_mixin.py:188} INFO - [2024-07-16T17:29:58.718+0000] {dag.py:3089} INFO - Sync 1 DAGs
[2024-07-16T17:29:58.748+0000] {logging_mixin.py:188} INFO - [2024-07-16T17:29:58.747+0000] {dag.py:3947} INFO - Setting next_dagrun for example_setup_teardown to 2024-07-15 00:00:00+00:00, run_after=2024-07-16 00:00:00+00:00
[2024-07-16T17:29:58.776+0000] {processor.py:183} INFO - Processing /home/airflow/.local/lib/python3.12/site-packages/airflow/example_dags/example_setup_teardown.py took 0.234 seconds
[2024-07-16T17:30:28.874+0000] {processor.py:161} INFO - Started process (PID=156) to work on /home/airflow/.local/lib/python3.12/site-packages/airflow/example_dags/example_setup_teardown.py
[2024-07-16T17:30:28.875+0000] {processor.py:830} INFO - Processing file /home/airflow/.local/lib/python3.12/site-packages/airflow/example_dags/example_setup_teardown.py for tasks to queue
[2024-07-16T17:30:28.877+0000] {logging_mixin.py:188} INFO - [2024-07-16T17:30:28.877+0000] {dagbag.py:545} INFO - Filling up the DagBag from /home/airflow/.local/lib/python3.12/site-packages/airflow/example_dags/example_setup_teardown.py
[2024-07-16T17:30:28.887+0000] {processor.py:840} INFO - DAG(s) 'example_setup_teardown' retrieved from /home/airflow/.local/lib/python3.12/site-packages/airflow/example_dags/example_setup_teardown.py
[2024-07-16T17:30:28.927+0000] {logging_mixin.py:188} INFO - [2024-07-16T17:30:28.927+0000] {dag.py:3089} INFO - Sync 1 DAGs
[2024-07-16T17:30:28.957+0000] {logging_mixin.py:188} INFO - [2024-07-16T17:30:28.956+0000] {dag.py:3947} INFO - Setting next_dagrun for example_setup_teardown to 2024-07-15 00:00:00+00:00, run_after=2024-07-16 00:00:00+00:00
[2024-07-16T17:30:28.981+0000] {processor.py:183} INFO - Processing /home/airflow/.local/lib/python3.12/site-packages/airflow/example_dags/example_setup_teardown.py took 0.114 seconds
[2024-07-16T17:30:59.296+0000] {processor.py:161} INFO - Started process (PID=213) to work on /home/airflow/.local/lib/python3.12/site-packages/airflow/example_dags/example_setup_teardown.py
[2024-07-16T17:30:59.297+0000] {processor.py:830} INFO - Processing file /home/airflow/.local/lib/python3.12/site-packages/airflow/example_dags/example_setup_teardown.py for tasks to queue
[2024-07-16T17:30:59.300+0000] {logging_mixin.py:188} INFO - [2024-07-16T17:30:59.300+0000] {dagbag.py:545} INFO - Filling up the DagBag from /home/airflow/.local/lib/python3.12/site-packages/airflow/example_dags/example_setup_teardown.py
[2024-07-16T17:30:59.313+0000] {processor.py:840} INFO - DAG(s) 'example_setup_teardown' retrieved from /home/airflow/.local/lib/python3.12/site-packages/airflow/example_dags/example_setup_teardown.py
[2024-07-16T17:30:59.345+0000] {logging_mixin.py:188} INFO - [2024-07-16T17:30:59.345+0000] {dag.py:3089} INFO - Sync 1 DAGs
[2024-07-16T17:30:59.381+0000] {logging_mixin.py:188} INFO - [2024-07-16T17:30:59.380+0000] {dag.py:3947} INFO - Setting next_dagrun for example_setup_teardown to 2024-07-15 00:00:00+00:00, run_after=2024-07-16 00:00:00+00:00
[2024-07-16T17:30:59.414+0000] {processor.py:183} INFO - Processing /home/airflow/.local/lib/python3.12/site-packages/airflow/example_dags/example_setup_teardown.py took 0.127 seconds
[2024-07-16T17:31:29.920+0000] {processor.py:161} INFO - Started process (PID=271) to work on /home/airflow/.local/lib/python3.12/site-packages/airflow/example_dags/example_setup_teardown.py
[2024-07-16T17:31:29.922+0000] {processor.py:830} INFO - Processing file /home/airflow/.local/lib/python3.12/site-packages/airflow/example_dags/example_setup_teardown.py for tasks to queue
[2024-07-16T17:31:29.927+0000] {logging_mixin.py:188} INFO - [2024-07-16T17:31:29.926+0000] {dagbag.py:545} INFO - Filling up the DagBag from /home/airflow/.local/lib/python3.12/site-packages/airflow/example_dags/example_setup_teardown.py
[2024-07-16T17:31:29.938+0000] {processor.py:840} INFO - DAG(s) 'example_setup_teardown' retrieved from /home/airflow/.local/lib/python3.12/site-packages/airflow/example_dags/example_setup_teardown.py
[2024-07-16T17:31:29.981+0000] {logging_mixin.py:188} INFO - [2024-07-16T17:31:29.981+0000] {dag.py:3089} INFO - Sync 1 DAGs
[2024-07-16T17:31:30.030+0000] {logging_mixin.py:188} INFO - [2024-07-16T17:31:30.030+0000] {dag.py:3947} INFO - Setting next_dagrun for example_setup_teardown to 2024-07-15 00:00:00+00:00, run_after=2024-07-16 00:00:00+00:00
[2024-07-16T17:31:30.067+0000] {processor.py:183} INFO - Processing /home/airflow/.local/lib/python3.12/site-packages/airflow/example_dags/example_setup_teardown.py took 0.157 seconds
[2024-07-16T17:32:03.034+0000] {processor.py:161} INFO - Started process (PID=329) to work on /home/airflow/.local/lib/python3.12/site-packages/airflow/example_dags/example_setup_teardown.py
[2024-07-16T17:32:03.037+0000] {processor.py:830} INFO - Processing file /home/airflow/.local/lib/python3.12/site-packages/airflow/example_dags/example_setup_teardown.py for tasks to queue
[2024-07-16T17:32:03.043+0000] {logging_mixin.py:188} INFO - [2024-07-16T17:32:03.041+0000] {dagbag.py:545} INFO - Filling up the DagBag from /home/airflow/.local/lib/python3.12/site-packages/airflow/example_dags/example_setup_teardown.py
[2024-07-16T17:32:03.061+0000] {processor.py:840} INFO - DAG(s) 'example_setup_teardown' retrieved from /home/airflow/.local/lib/python3.12/site-packages/airflow/example_dags/example_setup_teardown.py
[2024-07-16T17:32:03.116+0000] {logging_mixin.py:188} INFO - [2024-07-16T17:32:03.115+0000] {dag.py:3089} INFO - Sync 1 DAGs
[2024-07-16T17:32:03.178+0000] {logging_mixin.py:188} INFO - [2024-07-16T17:32:03.178+0000] {dag.py:3947} INFO - Setting next_dagrun for example_setup_teardown to 2024-07-15 00:00:00+00:00, run_after=2024-07-16 00:00:00+00:00
[2024-07-16T17:32:03.245+0000] {processor.py:183} INFO - Processing /home/airflow/.local/lib/python3.12/site-packages/airflow/example_dags/example_setup_teardown.py took 0.227 seconds
[2024-07-16T17:32:33.620+0000] {processor.py:161} INFO - Started process (PID=387) to work on /home/airflow/.local/lib/python3.12/site-packages/airflow/example_dags/example_setup_teardown.py
[2024-07-16T17:32:33.622+0000] {processor.py:830} INFO - Processing file /home/airflow/.local/lib/python3.12/site-packages/airflow/example_dags/example_setup_teardown.py for tasks to queue
[2024-07-16T17:32:33.626+0000] {logging_mixin.py:188} INFO - [2024-07-16T17:32:33.625+0000] {dagbag.py:545} INFO - Filling up the DagBag from /home/airflow/.local/lib/python3.12/site-packages/airflow/example_dags/example_setup_teardown.py
[2024-07-16T17:32:33.641+0000] {processor.py:840} INFO - DAG(s) 'example_setup_teardown' retrieved from /home/airflow/.local/lib/python3.12/site-packages/airflow/example_dags/example_setup_teardown.py
[2024-07-16T17:32:33.687+0000] {logging_mixin.py:188} INFO - [2024-07-16T17:32:33.687+0000] {dag.py:3089} INFO - Sync 1 DAGs
[2024-07-16T17:32:33.743+0000] {logging_mixin.py:188} INFO - [2024-07-16T17:32:33.743+0000] {dag.py:3947} INFO - Setting next_dagrun for example_setup_teardown to 2024-07-15 00:00:00+00:00, run_after=2024-07-16 00:00:00+00:00
[2024-07-16T17:32:33.799+0000] {processor.py:183} INFO - Processing /home/airflow/.local/lib/python3.12/site-packages/airflow/example_dags/example_setup_teardown.py took 0.190 seconds
[2024-07-16T17:33:04.364+0000] {processor.py:161} INFO - Started process (PID=445) to work on /home/airflow/.local/lib/python3.12/site-packages/airflow/example_dags/example_setup_teardown.py
[2024-07-16T17:33:04.366+0000] {processor.py:830} INFO - Processing file /home/airflow/.local/lib/python3.12/site-packages/airflow/example_dags/example_setup_teardown.py for tasks to queue
[2024-07-16T17:33:04.370+0000] {logging_mixin.py:188} INFO - [2024-07-16T17:33:04.369+0000] {dagbag.py:545} INFO - Filling up the DagBag from /home/airflow/.local/lib/python3.12/site-packages/airflow/example_dags/example_setup_teardown.py
[2024-07-16T17:33:04.385+0000] {processor.py:840} INFO - DAG(s) 'example_setup_teardown' retrieved from /home/airflow/.local/lib/python3.12/site-packages/airflow/example_dags/example_setup_teardown.py
[2024-07-16T17:33:04.428+0000] {logging_mixin.py:188} INFO - [2024-07-16T17:33:04.427+0000] {dag.py:3089} INFO - Sync 1 DAGs
[2024-07-16T17:33:04.479+0000] {logging_mixin.py:188} INFO - [2024-07-16T17:33:04.478+0000] {dag.py:3947} INFO - Setting next_dagrun for example_setup_teardown to 2024-07-15 00:00:00+00:00, run_after=2024-07-16 00:00:00+00:00
[2024-07-16T17:33:04.535+0000] {processor.py:183} INFO - Processing /home/airflow/.local/lib/python3.12/site-packages/airflow/example_dags/example_setup_teardown.py took 0.187 seconds
[2024-07-16T18:04:18.519+0000] {processor.py:161} INFO - Started process (PID=99) to work on /home/airflow/.local/lib/python3.12/site-packages/airflow/example_dags/example_setup_teardown.py
[2024-07-16T18:04:18.521+0000] {processor.py:830} INFO - Processing file /home/airflow/.local/lib/python3.12/site-packages/airflow/example_dags/example_setup_teardown.py for tasks to queue
[2024-07-16T18:04:18.523+0000] {logging_mixin.py:188} INFO - [2024-07-16T18:04:18.522+0000] {dagbag.py:545} INFO - Filling up the DagBag from /home/airflow/.local/lib/python3.12/site-packages/airflow/example_dags/example_setup_teardown.py
[2024-07-16T18:04:18.537+0000] {processor.py:840} INFO - DAG(s) 'example_setup_teardown' retrieved from /home/airflow/.local/lib/python3.12/site-packages/airflow/example_dags/example_setup_teardown.py
[2024-07-16T18:04:18.684+0000] {logging_mixin.py:188} INFO - [2024-07-16T18:04:18.683+0000] {dag.py:3089} INFO - Sync 1 DAGs
[2024-07-16T18:04:18.719+0000] {logging_mixin.py:188} INFO - [2024-07-16T18:04:18.719+0000] {dag.py:3947} INFO - Setting next_dagrun for example_setup_teardown to 2024-07-15 00:00:00+00:00, run_after=2024-07-16 00:00:00+00:00
[2024-07-16T18:04:18.750+0000] {processor.py:183} INFO - Processing /home/airflow/.local/lib/python3.12/site-packages/airflow/example_dags/example_setup_teardown.py took 0.238 seconds
[2024-07-16T18:12:25.858+0000] {processor.py:161} INFO - Started process (PID=99) to work on /home/airflow/.local/lib/python3.12/site-packages/airflow/example_dags/example_setup_teardown.py
[2024-07-16T18:12:25.859+0000] {processor.py:830} INFO - Processing file /home/airflow/.local/lib/python3.12/site-packages/airflow/example_dags/example_setup_teardown.py for tasks to queue
[2024-07-16T18:12:25.861+0000] {logging_mixin.py:188} INFO - [2024-07-16T18:12:25.860+0000] {dagbag.py:545} INFO - Filling up the DagBag from /home/airflow/.local/lib/python3.12/site-packages/airflow/example_dags/example_setup_teardown.py
[2024-07-16T18:12:25.871+0000] {processor.py:840} INFO - DAG(s) 'example_setup_teardown' retrieved from /home/airflow/.local/lib/python3.12/site-packages/airflow/example_dags/example_setup_teardown.py
[2024-07-16T18:12:25.988+0000] {logging_mixin.py:188} INFO - [2024-07-16T18:12:25.988+0000] {dag.py:3089} INFO - Sync 1 DAGs
[2024-07-16T18:12:26.011+0000] {logging_mixin.py:188} INFO - [2024-07-16T18:12:26.011+0000] {dag.py:3947} INFO - Setting next_dagrun for example_setup_teardown to 2024-07-15 00:00:00+00:00, run_after=2024-07-16 00:00:00+00:00
[2024-07-16T18:12:26.038+0000] {processor.py:183} INFO - Processing /home/airflow/.local/lib/python3.12/site-packages/airflow/example_dags/example_setup_teardown.py took 0.186 seconds
[2024-07-16T18:12:56.080+0000] {processor.py:161} INFO - Started process (PID=158) to work on /home/airflow/.local/lib/python3.12/site-packages/airflow/example_dags/example_setup_teardown.py
[2024-07-16T18:12:56.081+0000] {processor.py:830} INFO - Processing file /home/airflow/.local/lib/python3.12/site-packages/airflow/example_dags/example_setup_teardown.py for tasks to queue
[2024-07-16T18:12:56.084+0000] {logging_mixin.py:188} INFO - [2024-07-16T18:12:56.083+0000] {dagbag.py:545} INFO - Filling up the DagBag from /home/airflow/.local/lib/python3.12/site-packages/airflow/example_dags/example_setup_teardown.py
[2024-07-16T18:12:56.091+0000] {processor.py:840} INFO - DAG(s) 'example_setup_teardown' retrieved from /home/airflow/.local/lib/python3.12/site-packages/airflow/example_dags/example_setup_teardown.py
[2024-07-16T18:12:56.112+0000] {logging_mixin.py:188} INFO - [2024-07-16T18:12:56.111+0000] {dag.py:3089} INFO - Sync 1 DAGs
[2024-07-16T18:12:56.131+0000] {logging_mixin.py:188} INFO - [2024-07-16T18:12:56.131+0000] {dag.py:3947} INFO - Setting next_dagrun for example_setup_teardown to 2024-07-15 00:00:00+00:00, run_after=2024-07-16 00:00:00+00:00
[2024-07-16T18:12:56.152+0000] {processor.py:183} INFO - Processing /home/airflow/.local/lib/python3.12/site-packages/airflow/example_dags/example_setup_teardown.py took 0.076 seconds
[2024-07-16T18:13:26.549+0000] {processor.py:161} INFO - Started process (PID=217) to work on /home/airflow/.local/lib/python3.12/site-packages/airflow/example_dags/example_setup_teardown.py
[2024-07-16T18:13:26.550+0000] {processor.py:830} INFO - Processing file /home/airflow/.local/lib/python3.12/site-packages/airflow/example_dags/example_setup_teardown.py for tasks to queue
[2024-07-16T18:13:26.552+0000] {logging_mixin.py:188} INFO - [2024-07-16T18:13:26.552+0000] {dagbag.py:545} INFO - Filling up the DagBag from /home/airflow/.local/lib/python3.12/site-packages/airflow/example_dags/example_setup_teardown.py
[2024-07-16T18:13:26.558+0000] {processor.py:840} INFO - DAG(s) 'example_setup_teardown' retrieved from /home/airflow/.local/lib/python3.12/site-packages/airflow/example_dags/example_setup_teardown.py
[2024-07-16T18:13:26.577+0000] {logging_mixin.py:188} INFO - [2024-07-16T18:13:26.577+0000] {dag.py:3089} INFO - Sync 1 DAGs
[2024-07-16T18:13:26.598+0000] {logging_mixin.py:188} INFO - [2024-07-16T18:13:26.598+0000] {dag.py:3947} INFO - Setting next_dagrun for example_setup_teardown to 2024-07-15 00:00:00+00:00, run_after=2024-07-16 00:00:00+00:00
[2024-07-16T18:13:26.619+0000] {processor.py:183} INFO - Processing /home/airflow/.local/lib/python3.12/site-packages/airflow/example_dags/example_setup_teardown.py took 0.076 seconds
