[2024-07-16T17:10:26.126+0000] {processor.py:161} INFO - Started process (PID=79) to work on /home/airflow/.local/lib/python3.12/site-packages/airflow/example_dags/example_latest_only_with_trigger.py
[2024-07-16T17:10:26.128+0000] {processor.py:830} INFO - Processing file /home/airflow/.local/lib/python3.12/site-packages/airflow/example_dags/example_latest_only_with_trigger.py for tasks to queue
[2024-07-16T17:10:26.130+0000] {logging_mixin.py:188} INFO - [2024-07-16T17:10:26.130+0000] {dagbag.py:545} INFO - Filling up the DagBag from /home/airflow/.local/lib/python3.12/site-packages/airflow/example_dags/example_latest_only_with_trigger.py
[2024-07-16T17:10:26.143+0000] {processor.py:840} INFO - DAG(s) 'latest_only_with_trigger' retrieved from /home/airflow/.local/lib/python3.12/site-packages/airflow/example_dags/example_latest_only_with_trigger.py
[2024-07-16T17:10:26.403+0000] {logging_mixin.py:188} INFO - [2024-07-16T17:10:26.402+0000] {dag.py:3089} INFO - Sync 1 DAGs
[2024-07-16T17:10:26.437+0000] {logging_mixin.py:188} INFO - [2024-07-16T17:10:26.436+0000] {dag.py:3947} INFO - Setting next_dagrun for latest_only_with_trigger to 2024-07-16 12:00:00+00:00, run_after=2024-07-16 16:00:00+00:00
[2024-07-16T17:10:26.472+0000] {processor.py:183} INFO - Processing /home/airflow/.local/lib/python3.12/site-packages/airflow/example_dags/example_latest_only_with_trigger.py took 0.353 seconds
[2024-07-16T17:10:56.828+0000] {processor.py:161} INFO - Started process (PID=137) to work on /home/airflow/.local/lib/python3.12/site-packages/airflow/example_dags/example_latest_only_with_trigger.py
[2024-07-16T17:10:56.829+0000] {processor.py:830} INFO - Processing file /home/airflow/.local/lib/python3.12/site-packages/airflow/example_dags/example_latest_only_with_trigger.py for tasks to queue
[2024-07-16T17:10:56.831+0000] {logging_mixin.py:188} INFO - [2024-07-16T17:10:56.831+0000] {dagbag.py:545} INFO - Filling up the DagBag from /home/airflow/.local/lib/python3.12/site-packages/airflow/example_dags/example_latest_only_with_trigger.py
[2024-07-16T17:10:56.835+0000] {processor.py:840} INFO - DAG(s) 'latest_only_with_trigger' retrieved from /home/airflow/.local/lib/python3.12/site-packages/airflow/example_dags/example_latest_only_with_trigger.py
[2024-07-16T17:10:56.853+0000] {logging_mixin.py:188} INFO - [2024-07-16T17:10:56.853+0000] {dag.py:3089} INFO - Sync 1 DAGs
[2024-07-16T17:10:56.874+0000] {logging_mixin.py:188} INFO - [2024-07-16T17:10:56.874+0000] {dag.py:3947} INFO - Setting next_dagrun for latest_only_with_trigger to 2024-07-16 12:00:00+00:00, run_after=2024-07-16 16:00:00+00:00
[2024-07-16T17:10:56.892+0000] {processor.py:183} INFO - Processing /home/airflow/.local/lib/python3.12/site-packages/airflow/example_dags/example_latest_only_with_trigger.py took 0.069 seconds
[2024-07-16T17:11:27.211+0000] {processor.py:161} INFO - Started process (PID=195) to work on /home/airflow/.local/lib/python3.12/site-packages/airflow/example_dags/example_latest_only_with_trigger.py
[2024-07-16T17:11:27.212+0000] {processor.py:830} INFO - Processing file /home/airflow/.local/lib/python3.12/site-packages/airflow/example_dags/example_latest_only_with_trigger.py for tasks to queue
[2024-07-16T17:11:27.214+0000] {logging_mixin.py:188} INFO - [2024-07-16T17:11:27.213+0000] {dagbag.py:545} INFO - Filling up the DagBag from /home/airflow/.local/lib/python3.12/site-packages/airflow/example_dags/example_latest_only_with_trigger.py
[2024-07-16T17:11:27.219+0000] {processor.py:840} INFO - DAG(s) 'latest_only_with_trigger' retrieved from /home/airflow/.local/lib/python3.12/site-packages/airflow/example_dags/example_latest_only_with_trigger.py
[2024-07-16T17:11:27.236+0000] {logging_mixin.py:188} INFO - [2024-07-16T17:11:27.236+0000] {dag.py:3089} INFO - Sync 1 DAGs
[2024-07-16T17:11:27.256+0000] {logging_mixin.py:188} INFO - [2024-07-16T17:11:27.256+0000] {dag.py:3947} INFO - Setting next_dagrun for latest_only_with_trigger to 2024-07-16 12:00:00+00:00, run_after=2024-07-16 16:00:00+00:00
[2024-07-16T17:11:27.274+0000] {processor.py:183} INFO - Processing /home/airflow/.local/lib/python3.12/site-packages/airflow/example_dags/example_latest_only_with_trigger.py took 0.067 seconds
[2024-07-16T17:11:57.466+0000] {processor.py:161} INFO - Started process (PID=253) to work on /home/airflow/.local/lib/python3.12/site-packages/airflow/example_dags/example_latest_only_with_trigger.py
[2024-07-16T17:11:57.467+0000] {processor.py:830} INFO - Processing file /home/airflow/.local/lib/python3.12/site-packages/airflow/example_dags/example_latest_only_with_trigger.py for tasks to queue
[2024-07-16T17:11:57.469+0000] {logging_mixin.py:188} INFO - [2024-07-16T17:11:57.468+0000] {dagbag.py:545} INFO - Filling up the DagBag from /home/airflow/.local/lib/python3.12/site-packages/airflow/example_dags/example_latest_only_with_trigger.py
[2024-07-16T17:11:57.474+0000] {processor.py:840} INFO - DAG(s) 'latest_only_with_trigger' retrieved from /home/airflow/.local/lib/python3.12/site-packages/airflow/example_dags/example_latest_only_with_trigger.py
[2024-07-16T17:11:57.492+0000] {logging_mixin.py:188} INFO - [2024-07-16T17:11:57.492+0000] {dag.py:3089} INFO - Sync 1 DAGs
[2024-07-16T17:11:57.510+0000] {logging_mixin.py:188} INFO - [2024-07-16T17:11:57.510+0000] {dag.py:3947} INFO - Setting next_dagrun for latest_only_with_trigger to 2024-07-16 12:00:00+00:00, run_after=2024-07-16 16:00:00+00:00
[2024-07-16T17:11:57.527+0000] {processor.py:183} INFO - Processing /home/airflow/.local/lib/python3.12/site-packages/airflow/example_dags/example_latest_only_with_trigger.py took 0.066 seconds
[2024-07-16T17:12:27.795+0000] {processor.py:161} INFO - Started process (PID=311) to work on /home/airflow/.local/lib/python3.12/site-packages/airflow/example_dags/example_latest_only_with_trigger.py
[2024-07-16T17:12:27.796+0000] {processor.py:830} INFO - Processing file /home/airflow/.local/lib/python3.12/site-packages/airflow/example_dags/example_latest_only_with_trigger.py for tasks to queue
[2024-07-16T17:12:27.798+0000] {logging_mixin.py:188} INFO - [2024-07-16T17:12:27.798+0000] {dagbag.py:545} INFO - Filling up the DagBag from /home/airflow/.local/lib/python3.12/site-packages/airflow/example_dags/example_latest_only_with_trigger.py
[2024-07-16T17:12:27.804+0000] {processor.py:840} INFO - DAG(s) 'latest_only_with_trigger' retrieved from /home/airflow/.local/lib/python3.12/site-packages/airflow/example_dags/example_latest_only_with_trigger.py
[2024-07-16T17:12:27.824+0000] {logging_mixin.py:188} INFO - [2024-07-16T17:12:27.824+0000] {dag.py:3089} INFO - Sync 1 DAGs
[2024-07-16T17:12:27.844+0000] {logging_mixin.py:188} INFO - [2024-07-16T17:12:27.844+0000] {dag.py:3947} INFO - Setting next_dagrun for latest_only_with_trigger to 2024-07-16 12:00:00+00:00, run_after=2024-07-16 16:00:00+00:00
[2024-07-16T17:12:27.863+0000] {processor.py:183} INFO - Processing /home/airflow/.local/lib/python3.12/site-packages/airflow/example_dags/example_latest_only_with_trigger.py took 0.072 seconds
[2024-07-16T17:12:58.563+0000] {processor.py:161} INFO - Started process (PID=369) to work on /home/airflow/.local/lib/python3.12/site-packages/airflow/example_dags/example_latest_only_with_trigger.py
[2024-07-16T17:12:58.567+0000] {processor.py:830} INFO - Processing file /home/airflow/.local/lib/python3.12/site-packages/airflow/example_dags/example_latest_only_with_trigger.py for tasks to queue
[2024-07-16T17:12:58.572+0000] {logging_mixin.py:188} INFO - [2024-07-16T17:12:58.571+0000] {dagbag.py:545} INFO - Filling up the DagBag from /home/airflow/.local/lib/python3.12/site-packages/airflow/example_dags/example_latest_only_with_trigger.py
[2024-07-16T17:12:58.584+0000] {processor.py:840} INFO - DAG(s) 'latest_only_with_trigger' retrieved from /home/airflow/.local/lib/python3.12/site-packages/airflow/example_dags/example_latest_only_with_trigger.py
[2024-07-16T17:12:58.623+0000] {logging_mixin.py:188} INFO - [2024-07-16T17:12:58.623+0000] {dag.py:3089} INFO - Sync 1 DAGs
[2024-07-16T17:12:58.663+0000] {logging_mixin.py:188} INFO - [2024-07-16T17:12:58.662+0000] {dag.py:3947} INFO - Setting next_dagrun for latest_only_with_trigger to 2024-07-16 12:00:00+00:00, run_after=2024-07-16 16:00:00+00:00
[2024-07-16T17:12:58.700+0000] {processor.py:183} INFO - Processing /home/airflow/.local/lib/python3.12/site-packages/airflow/example_dags/example_latest_only_with_trigger.py took 0.149 seconds
[2024-07-16T17:13:29.596+0000] {processor.py:161} INFO - Started process (PID=427) to work on /home/airflow/.local/lib/python3.12/site-packages/airflow/example_dags/example_latest_only_with_trigger.py
[2024-07-16T17:13:29.597+0000] {processor.py:830} INFO - Processing file /home/airflow/.local/lib/python3.12/site-packages/airflow/example_dags/example_latest_only_with_trigger.py for tasks to queue
[2024-07-16T17:13:29.602+0000] {logging_mixin.py:188} INFO - [2024-07-16T17:13:29.602+0000] {dagbag.py:545} INFO - Filling up the DagBag from /home/airflow/.local/lib/python3.12/site-packages/airflow/example_dags/example_latest_only_with_trigger.py
[2024-07-16T17:13:29.610+0000] {processor.py:840} INFO - DAG(s) 'latest_only_with_trigger' retrieved from /home/airflow/.local/lib/python3.12/site-packages/airflow/example_dags/example_latest_only_with_trigger.py
[2024-07-16T17:13:29.640+0000] {logging_mixin.py:188} INFO - [2024-07-16T17:13:29.639+0000] {dag.py:3089} INFO - Sync 1 DAGs
[2024-07-16T17:13:29.669+0000] {logging_mixin.py:188} INFO - [2024-07-16T17:13:29.669+0000] {dag.py:3947} INFO - Setting next_dagrun for latest_only_with_trigger to 2024-07-16 12:00:00+00:00, run_after=2024-07-16 16:00:00+00:00
[2024-07-16T17:13:29.693+0000] {processor.py:183} INFO - Processing /home/airflow/.local/lib/python3.12/site-packages/airflow/example_dags/example_latest_only_with_trigger.py took 0.103 seconds
[2024-07-16T17:13:59.804+0000] {processor.py:161} INFO - Started process (PID=484) to work on /home/airflow/.local/lib/python3.12/site-packages/airflow/example_dags/example_latest_only_with_trigger.py
[2024-07-16T17:13:59.805+0000] {processor.py:830} INFO - Processing file /home/airflow/.local/lib/python3.12/site-packages/airflow/example_dags/example_latest_only_with_trigger.py for tasks to queue
[2024-07-16T17:13:59.807+0000] {logging_mixin.py:188} INFO - [2024-07-16T17:13:59.807+0000] {dagbag.py:545} INFO - Filling up the DagBag from /home/airflow/.local/lib/python3.12/site-packages/airflow/example_dags/example_latest_only_with_trigger.py
[2024-07-16T17:13:59.812+0000] {processor.py:840} INFO - DAG(s) 'latest_only_with_trigger' retrieved from /home/airflow/.local/lib/python3.12/site-packages/airflow/example_dags/example_latest_only_with_trigger.py
[2024-07-16T17:13:59.835+0000] {logging_mixin.py:188} INFO - [2024-07-16T17:13:59.834+0000] {dag.py:3089} INFO - Sync 1 DAGs
[2024-07-16T17:13:59.855+0000] {logging_mixin.py:188} INFO - [2024-07-16T17:13:59.855+0000] {dag.py:3947} INFO - Setting next_dagrun for latest_only_with_trigger to 2024-07-16 12:00:00+00:00, run_after=2024-07-16 16:00:00+00:00
[2024-07-16T17:13:59.874+0000] {processor.py:183} INFO - Processing /home/airflow/.local/lib/python3.12/site-packages/airflow/example_dags/example_latest_only_with_trigger.py took 0.075 seconds
[2024-07-16T17:14:29.998+0000] {processor.py:161} INFO - Started process (PID=542) to work on /home/airflow/.local/lib/python3.12/site-packages/airflow/example_dags/example_latest_only_with_trigger.py
[2024-07-16T17:14:30.000+0000] {processor.py:830} INFO - Processing file /home/airflow/.local/lib/python3.12/site-packages/airflow/example_dags/example_latest_only_with_trigger.py for tasks to queue
[2024-07-16T17:14:30.002+0000] {logging_mixin.py:188} INFO - [2024-07-16T17:14:30.001+0000] {dagbag.py:545} INFO - Filling up the DagBag from /home/airflow/.local/lib/python3.12/site-packages/airflow/example_dags/example_latest_only_with_trigger.py
[2024-07-16T17:14:30.007+0000] {processor.py:840} INFO - DAG(s) 'latest_only_with_trigger' retrieved from /home/airflow/.local/lib/python3.12/site-packages/airflow/example_dags/example_latest_only_with_trigger.py
[2024-07-16T17:14:30.028+0000] {logging_mixin.py:188} INFO - [2024-07-16T17:14:30.028+0000] {dag.py:3089} INFO - Sync 1 DAGs
[2024-07-16T17:14:30.055+0000] {logging_mixin.py:188} INFO - [2024-07-16T17:14:30.054+0000] {dag.py:3947} INFO - Setting next_dagrun for latest_only_with_trigger to 2024-07-16 12:00:00+00:00, run_after=2024-07-16 16:00:00+00:00
[2024-07-16T17:14:30.072+0000] {processor.py:183} INFO - Processing /home/airflow/.local/lib/python3.12/site-packages/airflow/example_dags/example_latest_only_with_trigger.py took 0.080 seconds
[2024-07-16T17:15:00.189+0000] {processor.py:161} INFO - Started process (PID=600) to work on /home/airflow/.local/lib/python3.12/site-packages/airflow/example_dags/example_latest_only_with_trigger.py
[2024-07-16T17:15:00.190+0000] {processor.py:830} INFO - Processing file /home/airflow/.local/lib/python3.12/site-packages/airflow/example_dags/example_latest_only_with_trigger.py for tasks to queue
[2024-07-16T17:15:00.193+0000] {logging_mixin.py:188} INFO - [2024-07-16T17:15:00.192+0000] {dagbag.py:545} INFO - Filling up the DagBag from /home/airflow/.local/lib/python3.12/site-packages/airflow/example_dags/example_latest_only_with_trigger.py
[2024-07-16T17:15:00.200+0000] {processor.py:840} INFO - DAG(s) 'latest_only_with_trigger' retrieved from /home/airflow/.local/lib/python3.12/site-packages/airflow/example_dags/example_latest_only_with_trigger.py
[2024-07-16T17:15:00.225+0000] {logging_mixin.py:188} INFO - [2024-07-16T17:15:00.225+0000] {dag.py:3089} INFO - Sync 1 DAGs
[2024-07-16T17:15:00.254+0000] {logging_mixin.py:188} INFO - [2024-07-16T17:15:00.254+0000] {dag.py:3947} INFO - Setting next_dagrun for latest_only_with_trigger to 2024-07-16 12:00:00+00:00, run_after=2024-07-16 16:00:00+00:00
[2024-07-16T17:15:00.291+0000] {processor.py:183} INFO - Processing /home/airflow/.local/lib/python3.12/site-packages/airflow/example_dags/example_latest_only_with_trigger.py took 0.109 seconds
[2024-07-16T17:15:30.336+0000] {processor.py:161} INFO - Started process (PID=658) to work on /home/airflow/.local/lib/python3.12/site-packages/airflow/example_dags/example_latest_only_with_trigger.py
[2024-07-16T17:15:30.337+0000] {processor.py:830} INFO - Processing file /home/airflow/.local/lib/python3.12/site-packages/airflow/example_dags/example_latest_only_with_trigger.py for tasks to queue
[2024-07-16T17:15:30.339+0000] {logging_mixin.py:188} INFO - [2024-07-16T17:15:30.339+0000] {dagbag.py:545} INFO - Filling up the DagBag from /home/airflow/.local/lib/python3.12/site-packages/airflow/example_dags/example_latest_only_with_trigger.py
[2024-07-16T17:15:30.344+0000] {processor.py:840} INFO - DAG(s) 'latest_only_with_trigger' retrieved from /home/airflow/.local/lib/python3.12/site-packages/airflow/example_dags/example_latest_only_with_trigger.py
[2024-07-16T17:15:30.366+0000] {logging_mixin.py:188} INFO - [2024-07-16T17:15:30.366+0000] {dag.py:3089} INFO - Sync 1 DAGs
[2024-07-16T17:15:30.391+0000] {logging_mixin.py:188} INFO - [2024-07-16T17:15:30.391+0000] {dag.py:3947} INFO - Setting next_dagrun for latest_only_with_trigger to 2024-07-16 12:00:00+00:00, run_after=2024-07-16 16:00:00+00:00
[2024-07-16T17:15:30.410+0000] {processor.py:183} INFO - Processing /home/airflow/.local/lib/python3.12/site-packages/airflow/example_dags/example_latest_only_with_trigger.py took 0.080 seconds
[2024-07-16T17:16:00.675+0000] {processor.py:161} INFO - Started process (PID=716) to work on /home/airflow/.local/lib/python3.12/site-packages/airflow/example_dags/example_latest_only_with_trigger.py
[2024-07-16T17:16:00.676+0000] {processor.py:830} INFO - Processing file /home/airflow/.local/lib/python3.12/site-packages/airflow/example_dags/example_latest_only_with_trigger.py for tasks to queue
[2024-07-16T17:16:00.678+0000] {logging_mixin.py:188} INFO - [2024-07-16T17:16:00.678+0000] {dagbag.py:545} INFO - Filling up the DagBag from /home/airflow/.local/lib/python3.12/site-packages/airflow/example_dags/example_latest_only_with_trigger.py
[2024-07-16T17:16:00.684+0000] {processor.py:840} INFO - DAG(s) 'latest_only_with_trigger' retrieved from /home/airflow/.local/lib/python3.12/site-packages/airflow/example_dags/example_latest_only_with_trigger.py
[2024-07-16T17:16:00.707+0000] {logging_mixin.py:188} INFO - [2024-07-16T17:16:00.706+0000] {dag.py:3089} INFO - Sync 1 DAGs
[2024-07-16T17:16:00.728+0000] {logging_mixin.py:188} INFO - [2024-07-16T17:16:00.728+0000] {dag.py:3947} INFO - Setting next_dagrun for latest_only_with_trigger to 2024-07-16 12:00:00+00:00, run_after=2024-07-16 16:00:00+00:00
[2024-07-16T17:16:00.754+0000] {processor.py:183} INFO - Processing /home/airflow/.local/lib/python3.12/site-packages/airflow/example_dags/example_latest_only_with_trigger.py took 0.086 seconds
[2024-07-16T17:16:31.042+0000] {processor.py:161} INFO - Started process (PID=774) to work on /home/airflow/.local/lib/python3.12/site-packages/airflow/example_dags/example_latest_only_with_trigger.py
[2024-07-16T17:16:31.043+0000] {processor.py:830} INFO - Processing file /home/airflow/.local/lib/python3.12/site-packages/airflow/example_dags/example_latest_only_with_trigger.py for tasks to queue
[2024-07-16T17:16:31.045+0000] {logging_mixin.py:188} INFO - [2024-07-16T17:16:31.045+0000] {dagbag.py:545} INFO - Filling up the DagBag from /home/airflow/.local/lib/python3.12/site-packages/airflow/example_dags/example_latest_only_with_trigger.py
[2024-07-16T17:16:31.052+0000] {processor.py:840} INFO - DAG(s) 'latest_only_with_trigger' retrieved from /home/airflow/.local/lib/python3.12/site-packages/airflow/example_dags/example_latest_only_with_trigger.py
[2024-07-16T17:16:31.074+0000] {logging_mixin.py:188} INFO - [2024-07-16T17:16:31.074+0000] {dag.py:3089} INFO - Sync 1 DAGs
[2024-07-16T17:16:31.101+0000] {logging_mixin.py:188} INFO - [2024-07-16T17:16:31.101+0000] {dag.py:3947} INFO - Setting next_dagrun for latest_only_with_trigger to 2024-07-16 12:00:00+00:00, run_after=2024-07-16 16:00:00+00:00
[2024-07-16T17:16:31.128+0000] {processor.py:183} INFO - Processing /home/airflow/.local/lib/python3.12/site-packages/airflow/example_dags/example_latest_only_with_trigger.py took 0.093 seconds
[2024-07-16T17:17:01.213+0000] {processor.py:161} INFO - Started process (PID=832) to work on /home/airflow/.local/lib/python3.12/site-packages/airflow/example_dags/example_latest_only_with_trigger.py
[2024-07-16T17:17:01.214+0000] {processor.py:830} INFO - Processing file /home/airflow/.local/lib/python3.12/site-packages/airflow/example_dags/example_latest_only_with_trigger.py for tasks to queue
[2024-07-16T17:17:01.216+0000] {logging_mixin.py:188} INFO - [2024-07-16T17:17:01.215+0000] {dagbag.py:545} INFO - Filling up the DagBag from /home/airflow/.local/lib/python3.12/site-packages/airflow/example_dags/example_latest_only_with_trigger.py
[2024-07-16T17:17:01.222+0000] {processor.py:840} INFO - DAG(s) 'latest_only_with_trigger' retrieved from /home/airflow/.local/lib/python3.12/site-packages/airflow/example_dags/example_latest_only_with_trigger.py
[2024-07-16T17:17:01.242+0000] {logging_mixin.py:188} INFO - [2024-07-16T17:17:01.242+0000] {dag.py:3089} INFO - Sync 1 DAGs
[2024-07-16T17:17:01.266+0000] {logging_mixin.py:188} INFO - [2024-07-16T17:17:01.266+0000] {dag.py:3947} INFO - Setting next_dagrun for latest_only_with_trigger to 2024-07-16 12:00:00+00:00, run_after=2024-07-16 16:00:00+00:00
[2024-07-16T17:17:01.290+0000] {processor.py:183} INFO - Processing /home/airflow/.local/lib/python3.12/site-packages/airflow/example_dags/example_latest_only_with_trigger.py took 0.083 seconds
[2024-07-16T17:17:31.575+0000] {processor.py:161} INFO - Started process (PID=890) to work on /home/airflow/.local/lib/python3.12/site-packages/airflow/example_dags/example_latest_only_with_trigger.py
[2024-07-16T17:17:31.576+0000] {processor.py:830} INFO - Processing file /home/airflow/.local/lib/python3.12/site-packages/airflow/example_dags/example_latest_only_with_trigger.py for tasks to queue
[2024-07-16T17:17:31.578+0000] {logging_mixin.py:188} INFO - [2024-07-16T17:17:31.577+0000] {dagbag.py:545} INFO - Filling up the DagBag from /home/airflow/.local/lib/python3.12/site-packages/airflow/example_dags/example_latest_only_with_trigger.py
[2024-07-16T17:17:31.581+0000] {processor.py:840} INFO - DAG(s) 'latest_only_with_trigger' retrieved from /home/airflow/.local/lib/python3.12/site-packages/airflow/example_dags/example_latest_only_with_trigger.py
[2024-07-16T17:17:31.599+0000] {logging_mixin.py:188} INFO - [2024-07-16T17:17:31.599+0000] {dag.py:3089} INFO - Sync 1 DAGs
[2024-07-16T17:17:31.616+0000] {logging_mixin.py:188} INFO - [2024-07-16T17:17:31.616+0000] {dag.py:3947} INFO - Setting next_dagrun for latest_only_with_trigger to 2024-07-16 12:00:00+00:00, run_after=2024-07-16 16:00:00+00:00
[2024-07-16T17:17:31.632+0000] {processor.py:183} INFO - Processing /home/airflow/.local/lib/python3.12/site-packages/airflow/example_dags/example_latest_only_with_trigger.py took 0.061 seconds
[2024-07-16T17:18:02.234+0000] {processor.py:161} INFO - Started process (PID=948) to work on /home/airflow/.local/lib/python3.12/site-packages/airflow/example_dags/example_latest_only_with_trigger.py
[2024-07-16T17:18:02.235+0000] {processor.py:830} INFO - Processing file /home/airflow/.local/lib/python3.12/site-packages/airflow/example_dags/example_latest_only_with_trigger.py for tasks to queue
[2024-07-16T17:18:02.237+0000] {logging_mixin.py:188} INFO - [2024-07-16T17:18:02.237+0000] {dagbag.py:545} INFO - Filling up the DagBag from /home/airflow/.local/lib/python3.12/site-packages/airflow/example_dags/example_latest_only_with_trigger.py
[2024-07-16T17:18:02.245+0000] {processor.py:840} INFO - DAG(s) 'latest_only_with_trigger' retrieved from /home/airflow/.local/lib/python3.12/site-packages/airflow/example_dags/example_latest_only_with_trigger.py
[2024-07-16T17:18:02.266+0000] {logging_mixin.py:188} INFO - [2024-07-16T17:18:02.265+0000] {dag.py:3089} INFO - Sync 1 DAGs
[2024-07-16T17:18:02.288+0000] {logging_mixin.py:188} INFO - [2024-07-16T17:18:02.288+0000] {dag.py:3947} INFO - Setting next_dagrun for latest_only_with_trigger to 2024-07-16 12:00:00+00:00, run_after=2024-07-16 16:00:00+00:00
[2024-07-16T17:18:02.306+0000] {processor.py:183} INFO - Processing /home/airflow/.local/lib/python3.12/site-packages/airflow/example_dags/example_latest_only_with_trigger.py took 0.079 seconds
[2024-07-16T17:18:33.097+0000] {processor.py:161} INFO - Started process (PID=1006) to work on /home/airflow/.local/lib/python3.12/site-packages/airflow/example_dags/example_latest_only_with_trigger.py
[2024-07-16T17:18:33.099+0000] {processor.py:830} INFO - Processing file /home/airflow/.local/lib/python3.12/site-packages/airflow/example_dags/example_latest_only_with_trigger.py for tasks to queue
[2024-07-16T17:18:33.102+0000] {logging_mixin.py:188} INFO - [2024-07-16T17:18:33.102+0000] {dagbag.py:545} INFO - Filling up the DagBag from /home/airflow/.local/lib/python3.12/site-packages/airflow/example_dags/example_latest_only_with_trigger.py
[2024-07-16T17:18:33.118+0000] {processor.py:840} INFO - DAG(s) 'latest_only_with_trigger' retrieved from /home/airflow/.local/lib/python3.12/site-packages/airflow/example_dags/example_latest_only_with_trigger.py
[2024-07-16T17:18:33.164+0000] {logging_mixin.py:188} INFO - [2024-07-16T17:18:33.163+0000] {dag.py:3089} INFO - Sync 1 DAGs
[2024-07-16T17:18:33.233+0000] {logging_mixin.py:188} INFO - [2024-07-16T17:18:33.233+0000] {dag.py:3947} INFO - Setting next_dagrun for latest_only_with_trigger to 2024-07-16 12:00:00+00:00, run_after=2024-07-16 16:00:00+00:00
[2024-07-16T17:18:33.289+0000] {processor.py:183} INFO - Processing /home/airflow/.local/lib/python3.12/site-packages/airflow/example_dags/example_latest_only_with_trigger.py took 0.207 seconds
[2024-07-16T17:19:04.135+0000] {processor.py:161} INFO - Started process (PID=1064) to work on /home/airflow/.local/lib/python3.12/site-packages/airflow/example_dags/example_latest_only_with_trigger.py
[2024-07-16T17:19:04.137+0000] {processor.py:830} INFO - Processing file /home/airflow/.local/lib/python3.12/site-packages/airflow/example_dags/example_latest_only_with_trigger.py for tasks to queue
[2024-07-16T17:19:04.139+0000] {logging_mixin.py:188} INFO - [2024-07-16T17:19:04.139+0000] {dagbag.py:545} INFO - Filling up the DagBag from /home/airflow/.local/lib/python3.12/site-packages/airflow/example_dags/example_latest_only_with_trigger.py
[2024-07-16T17:19:04.148+0000] {processor.py:840} INFO - DAG(s) 'latest_only_with_trigger' retrieved from /home/airflow/.local/lib/python3.12/site-packages/airflow/example_dags/example_latest_only_with_trigger.py
[2024-07-16T17:19:04.176+0000] {logging_mixin.py:188} INFO - [2024-07-16T17:19:04.175+0000] {dag.py:3089} INFO - Sync 1 DAGs
[2024-07-16T17:19:04.259+0000] {logging_mixin.py:188} INFO - [2024-07-16T17:19:04.258+0000] {dag.py:3947} INFO - Setting next_dagrun for latest_only_with_trigger to 2024-07-16 12:00:00+00:00, run_after=2024-07-16 16:00:00+00:00
[2024-07-16T17:19:04.329+0000] {processor.py:183} INFO - Processing /home/airflow/.local/lib/python3.12/site-packages/airflow/example_dags/example_latest_only_with_trigger.py took 0.205 seconds
[2024-07-16T17:19:35.052+0000] {processor.py:161} INFO - Started process (PID=1122) to work on /home/airflow/.local/lib/python3.12/site-packages/airflow/example_dags/example_latest_only_with_trigger.py
[2024-07-16T17:19:35.059+0000] {processor.py:830} INFO - Processing file /home/airflow/.local/lib/python3.12/site-packages/airflow/example_dags/example_latest_only_with_trigger.py for tasks to queue
[2024-07-16T17:19:35.066+0000] {logging_mixin.py:188} INFO - [2024-07-16T17:19:35.065+0000] {dagbag.py:545} INFO - Filling up the DagBag from /home/airflow/.local/lib/python3.12/site-packages/airflow/example_dags/example_latest_only_with_trigger.py
[2024-07-16T17:19:35.082+0000] {processor.py:840} INFO - DAG(s) 'latest_only_with_trigger' retrieved from /home/airflow/.local/lib/python3.12/site-packages/airflow/example_dags/example_latest_only_with_trigger.py
[2024-07-16T17:19:35.182+0000] {logging_mixin.py:188} INFO - [2024-07-16T17:19:35.180+0000] {dag.py:3089} INFO - Sync 1 DAGs
[2024-07-16T17:19:35.281+0000] {logging_mixin.py:188} INFO - [2024-07-16T17:19:35.280+0000] {dag.py:3947} INFO - Setting next_dagrun for latest_only_with_trigger to 2024-07-16 12:00:00+00:00, run_after=2024-07-16 16:00:00+00:00
[2024-07-16T17:19:35.355+0000] {processor.py:183} INFO - Processing /home/airflow/.local/lib/python3.12/site-packages/airflow/example_dags/example_latest_only_with_trigger.py took 0.327 seconds
[2024-07-16T17:23:52.449+0000] {processor.py:161} INFO - Started process (PID=81) to work on /home/airflow/.local/lib/python3.12/site-packages/airflow/example_dags/example_latest_only_with_trigger.py
[2024-07-16T17:23:52.451+0000] {processor.py:830} INFO - Processing file /home/airflow/.local/lib/python3.12/site-packages/airflow/example_dags/example_latest_only_with_trigger.py for tasks to queue
[2024-07-16T17:23:52.455+0000] {logging_mixin.py:188} INFO - [2024-07-16T17:23:52.454+0000] {dagbag.py:545} INFO - Filling up the DagBag from /home/airflow/.local/lib/python3.12/site-packages/airflow/example_dags/example_latest_only_with_trigger.py
[2024-07-16T17:23:52.465+0000] {processor.py:840} INFO - DAG(s) 'latest_only_with_trigger' retrieved from /home/airflow/.local/lib/python3.12/site-packages/airflow/example_dags/example_latest_only_with_trigger.py
[2024-07-16T17:23:52.613+0000] {logging_mixin.py:188} INFO - [2024-07-16T17:23:52.612+0000] {dag.py:3089} INFO - Sync 1 DAGs
[2024-07-16T17:23:52.640+0000] {logging_mixin.py:188} INFO - [2024-07-16T17:23:52.639+0000] {dag.py:3947} INFO - Setting next_dagrun for latest_only_with_trigger to 2024-07-16 12:00:00+00:00, run_after=2024-07-16 16:00:00+00:00
[2024-07-16T17:23:52.673+0000] {processor.py:183} INFO - Processing /home/airflow/.local/lib/python3.12/site-packages/airflow/example_dags/example_latest_only_with_trigger.py took 0.233 seconds
[2024-07-16T17:24:22.788+0000] {processor.py:161} INFO - Started process (PID=138) to work on /home/airflow/.local/lib/python3.12/site-packages/airflow/example_dags/example_latest_only_with_trigger.py
[2024-07-16T17:24:22.789+0000] {processor.py:830} INFO - Processing file /home/airflow/.local/lib/python3.12/site-packages/airflow/example_dags/example_latest_only_with_trigger.py for tasks to queue
[2024-07-16T17:24:22.791+0000] {logging_mixin.py:188} INFO - [2024-07-16T17:24:22.791+0000] {dagbag.py:545} INFO - Filling up the DagBag from /home/airflow/.local/lib/python3.12/site-packages/airflow/example_dags/example_latest_only_with_trigger.py
[2024-07-16T17:24:22.797+0000] {processor.py:840} INFO - DAG(s) 'latest_only_with_trigger' retrieved from /home/airflow/.local/lib/python3.12/site-packages/airflow/example_dags/example_latest_only_with_trigger.py
[2024-07-16T17:24:22.816+0000] {logging_mixin.py:188} INFO - [2024-07-16T17:24:22.816+0000] {dag.py:3089} INFO - Sync 1 DAGs
[2024-07-16T17:24:22.837+0000] {logging_mixin.py:188} INFO - [2024-07-16T17:24:22.837+0000] {dag.py:3947} INFO - Setting next_dagrun for latest_only_with_trigger to 2024-07-16 12:00:00+00:00, run_after=2024-07-16 16:00:00+00:00
[2024-07-16T17:24:22.856+0000] {processor.py:183} INFO - Processing /home/airflow/.local/lib/python3.12/site-packages/airflow/example_dags/example_latest_only_with_trigger.py took 0.073 seconds
[2024-07-16T17:24:53.696+0000] {processor.py:161} INFO - Started process (PID=196) to work on /home/airflow/.local/lib/python3.12/site-packages/airflow/example_dags/example_latest_only_with_trigger.py
[2024-07-16T17:24:53.698+0000] {processor.py:830} INFO - Processing file /home/airflow/.local/lib/python3.12/site-packages/airflow/example_dags/example_latest_only_with_trigger.py for tasks to queue
[2024-07-16T17:24:53.699+0000] {logging_mixin.py:188} INFO - [2024-07-16T17:24:53.699+0000] {dagbag.py:545} INFO - Filling up the DagBag from /home/airflow/.local/lib/python3.12/site-packages/airflow/example_dags/example_latest_only_with_trigger.py
[2024-07-16T17:24:53.703+0000] {processor.py:840} INFO - DAG(s) 'latest_only_with_trigger' retrieved from /home/airflow/.local/lib/python3.12/site-packages/airflow/example_dags/example_latest_only_with_trigger.py
[2024-07-16T17:24:53.721+0000] {logging_mixin.py:188} INFO - [2024-07-16T17:24:53.721+0000] {dag.py:3089} INFO - Sync 1 DAGs
[2024-07-16T17:24:53.738+0000] {logging_mixin.py:188} INFO - [2024-07-16T17:24:53.738+0000] {dag.py:3947} INFO - Setting next_dagrun for latest_only_with_trigger to 2024-07-16 12:00:00+00:00, run_after=2024-07-16 16:00:00+00:00
[2024-07-16T17:24:53.755+0000] {processor.py:183} INFO - Processing /home/airflow/.local/lib/python3.12/site-packages/airflow/example_dags/example_latest_only_with_trigger.py took 0.063 seconds
[2024-07-16T17:25:23.940+0000] {processor.py:161} INFO - Started process (PID=255) to work on /home/airflow/.local/lib/python3.12/site-packages/airflow/example_dags/example_latest_only_with_trigger.py
[2024-07-16T17:25:23.941+0000] {processor.py:830} INFO - Processing file /home/airflow/.local/lib/python3.12/site-packages/airflow/example_dags/example_latest_only_with_trigger.py for tasks to queue
[2024-07-16T17:25:23.943+0000] {logging_mixin.py:188} INFO - [2024-07-16T17:25:23.943+0000] {dagbag.py:545} INFO - Filling up the DagBag from /home/airflow/.local/lib/python3.12/site-packages/airflow/example_dags/example_latest_only_with_trigger.py
[2024-07-16T17:25:23.951+0000] {processor.py:840} INFO - DAG(s) 'latest_only_with_trigger' retrieved from /home/airflow/.local/lib/python3.12/site-packages/airflow/example_dags/example_latest_only_with_trigger.py
[2024-07-16T17:25:23.971+0000] {logging_mixin.py:188} INFO - [2024-07-16T17:25:23.970+0000] {dag.py:3089} INFO - Sync 1 DAGs
[2024-07-16T17:25:23.995+0000] {logging_mixin.py:188} INFO - [2024-07-16T17:25:23.995+0000] {dag.py:3947} INFO - Setting next_dagrun for latest_only_with_trigger to 2024-07-16 12:00:00+00:00, run_after=2024-07-16 16:00:00+00:00
[2024-07-16T17:25:24.013+0000] {processor.py:183} INFO - Processing /home/airflow/.local/lib/python3.12/site-packages/airflow/example_dags/example_latest_only_with_trigger.py took 0.078 seconds
[2024-07-16T17:29:55.560+0000] {processor.py:161} INFO - Started process (PID=75) to work on /home/airflow/.local/lib/python3.12/site-packages/airflow/example_dags/example_latest_only_with_trigger.py
[2024-07-16T17:29:55.562+0000] {processor.py:830} INFO - Processing file /home/airflow/.local/lib/python3.12/site-packages/airflow/example_dags/example_latest_only_with_trigger.py for tasks to queue
[2024-07-16T17:29:55.566+0000] {logging_mixin.py:188} INFO - [2024-07-16T17:29:55.565+0000] {dagbag.py:545} INFO - Filling up the DagBag from /home/airflow/.local/lib/python3.12/site-packages/airflow/example_dags/example_latest_only_with_trigger.py
[2024-07-16T17:29:55.577+0000] {processor.py:840} INFO - DAG(s) 'latest_only_with_trigger' retrieved from /home/airflow/.local/lib/python3.12/site-packages/airflow/example_dags/example_latest_only_with_trigger.py
[2024-07-16T17:29:55.821+0000] {logging_mixin.py:188} INFO - [2024-07-16T17:29:55.821+0000] {dag.py:3089} INFO - Sync 1 DAGs
[2024-07-16T17:29:55.880+0000] {logging_mixin.py:188} INFO - [2024-07-16T17:29:55.880+0000] {dag.py:3947} INFO - Setting next_dagrun for latest_only_with_trigger to 2024-07-16 12:00:00+00:00, run_after=2024-07-16 16:00:00+00:00
[2024-07-16T17:29:55.909+0000] {processor.py:183} INFO - Processing /home/airflow/.local/lib/python3.12/site-packages/airflow/example_dags/example_latest_only_with_trigger.py took 0.360 seconds
[2024-07-16T17:30:26.801+0000] {processor.py:161} INFO - Started process (PID=133) to work on /home/airflow/.local/lib/python3.12/site-packages/airflow/example_dags/example_latest_only_with_trigger.py
[2024-07-16T17:30:26.803+0000] {processor.py:830} INFO - Processing file /home/airflow/.local/lib/python3.12/site-packages/airflow/example_dags/example_latest_only_with_trigger.py for tasks to queue
[2024-07-16T17:30:26.805+0000] {logging_mixin.py:188} INFO - [2024-07-16T17:30:26.805+0000] {dagbag.py:545} INFO - Filling up the DagBag from /home/airflow/.local/lib/python3.12/site-packages/airflow/example_dags/example_latest_only_with_trigger.py
[2024-07-16T17:30:26.812+0000] {processor.py:840} INFO - DAG(s) 'latest_only_with_trigger' retrieved from /home/airflow/.local/lib/python3.12/site-packages/airflow/example_dags/example_latest_only_with_trigger.py
[2024-07-16T17:30:26.836+0000] {logging_mixin.py:188} INFO - [2024-07-16T17:30:26.835+0000] {dag.py:3089} INFO - Sync 1 DAGs
[2024-07-16T17:30:26.863+0000] {logging_mixin.py:188} INFO - [2024-07-16T17:30:26.863+0000] {dag.py:3947} INFO - Setting next_dagrun for latest_only_with_trigger to 2024-07-16 12:00:00+00:00, run_after=2024-07-16 16:00:00+00:00
[2024-07-16T17:30:26.890+0000] {processor.py:183} INFO - Processing /home/airflow/.local/lib/python3.12/site-packages/airflow/example_dags/example_latest_only_with_trigger.py took 0.097 seconds
[2024-07-16T17:30:57.779+0000] {processor.py:161} INFO - Started process (PID=196) to work on /home/airflow/.local/lib/python3.12/site-packages/airflow/example_dags/example_latest_only_with_trigger.py
[2024-07-16T17:30:57.780+0000] {processor.py:830} INFO - Processing file /home/airflow/.local/lib/python3.12/site-packages/airflow/example_dags/example_latest_only_with_trigger.py for tasks to queue
[2024-07-16T17:30:57.783+0000] {logging_mixin.py:188} INFO - [2024-07-16T17:30:57.782+0000] {dagbag.py:545} INFO - Filling up the DagBag from /home/airflow/.local/lib/python3.12/site-packages/airflow/example_dags/example_latest_only_with_trigger.py
[2024-07-16T17:30:57.792+0000] {processor.py:840} INFO - DAG(s) 'latest_only_with_trigger' retrieved from /home/airflow/.local/lib/python3.12/site-packages/airflow/example_dags/example_latest_only_with_trigger.py
[2024-07-16T17:30:57.821+0000] {logging_mixin.py:188} INFO - [2024-07-16T17:30:57.820+0000] {dag.py:3089} INFO - Sync 1 DAGs
[2024-07-16T17:30:57.854+0000] {logging_mixin.py:188} INFO - [2024-07-16T17:30:57.854+0000] {dag.py:3947} INFO - Setting next_dagrun for latest_only_with_trigger to 2024-07-16 12:00:00+00:00, run_after=2024-07-16 16:00:00+00:00
[2024-07-16T17:30:57.884+0000] {processor.py:183} INFO - Processing /home/airflow/.local/lib/python3.12/site-packages/airflow/example_dags/example_latest_only_with_trigger.py took 0.113 seconds
[2024-07-16T17:31:28.253+0000] {processor.py:161} INFO - Started process (PID=254) to work on /home/airflow/.local/lib/python3.12/site-packages/airflow/example_dags/example_latest_only_with_trigger.py
[2024-07-16T17:31:28.255+0000] {processor.py:830} INFO - Processing file /home/airflow/.local/lib/python3.12/site-packages/airflow/example_dags/example_latest_only_with_trigger.py for tasks to queue
[2024-07-16T17:31:28.260+0000] {logging_mixin.py:188} INFO - [2024-07-16T17:31:28.259+0000] {dagbag.py:545} INFO - Filling up the DagBag from /home/airflow/.local/lib/python3.12/site-packages/airflow/example_dags/example_latest_only_with_trigger.py
[2024-07-16T17:31:28.270+0000] {processor.py:840} INFO - DAG(s) 'latest_only_with_trigger' retrieved from /home/airflow/.local/lib/python3.12/site-packages/airflow/example_dags/example_latest_only_with_trigger.py
[2024-07-16T17:31:28.311+0000] {logging_mixin.py:188} INFO - [2024-07-16T17:31:28.310+0000] {dag.py:3089} INFO - Sync 1 DAGs
[2024-07-16T17:31:28.352+0000] {logging_mixin.py:188} INFO - [2024-07-16T17:31:28.352+0000] {dag.py:3947} INFO - Setting next_dagrun for latest_only_with_trigger to 2024-07-16 12:00:00+00:00, run_after=2024-07-16 16:00:00+00:00
[2024-07-16T17:31:28.394+0000] {processor.py:183} INFO - Processing /home/airflow/.local/lib/python3.12/site-packages/airflow/example_dags/example_latest_only_with_trigger.py took 0.151 seconds
[2024-07-16T17:31:59.355+0000] {processor.py:161} INFO - Started process (PID=312) to work on /home/airflow/.local/lib/python3.12/site-packages/airflow/example_dags/example_latest_only_with_trigger.py
[2024-07-16T17:31:59.357+0000] {processor.py:830} INFO - Processing file /home/airflow/.local/lib/python3.12/site-packages/airflow/example_dags/example_latest_only_with_trigger.py for tasks to queue
[2024-07-16T17:31:59.361+0000] {logging_mixin.py:188} INFO - [2024-07-16T17:31:59.361+0000] {dagbag.py:545} INFO - Filling up the DagBag from /home/airflow/.local/lib/python3.12/site-packages/airflow/example_dags/example_latest_only_with_trigger.py
[2024-07-16T17:31:59.373+0000] {processor.py:840} INFO - DAG(s) 'latest_only_with_trigger' retrieved from /home/airflow/.local/lib/python3.12/site-packages/airflow/example_dags/example_latest_only_with_trigger.py
[2024-07-16T17:31:59.422+0000] {logging_mixin.py:188} INFO - [2024-07-16T17:31:59.421+0000] {dag.py:3089} INFO - Sync 1 DAGs
[2024-07-16T17:31:59.482+0000] {logging_mixin.py:188} INFO - [2024-07-16T17:31:59.481+0000] {dag.py:3947} INFO - Setting next_dagrun for latest_only_with_trigger to 2024-07-16 12:00:00+00:00, run_after=2024-07-16 16:00:00+00:00
[2024-07-16T17:31:59.531+0000] {processor.py:183} INFO - Processing /home/airflow/.local/lib/python3.12/site-packages/airflow/example_dags/example_latest_only_with_trigger.py took 0.191 seconds
[2024-07-16T17:32:30.014+0000] {processor.py:161} INFO - Started process (PID=369) to work on /home/airflow/.local/lib/python3.12/site-packages/airflow/example_dags/example_latest_only_with_trigger.py
[2024-07-16T17:32:30.015+0000] {processor.py:830} INFO - Processing file /home/airflow/.local/lib/python3.12/site-packages/airflow/example_dags/example_latest_only_with_trigger.py for tasks to queue
[2024-07-16T17:32:30.018+0000] {logging_mixin.py:188} INFO - [2024-07-16T17:32:30.018+0000] {dagbag.py:545} INFO - Filling up the DagBag from /home/airflow/.local/lib/python3.12/site-packages/airflow/example_dags/example_latest_only_with_trigger.py
[2024-07-16T17:32:30.030+0000] {processor.py:840} INFO - DAG(s) 'latest_only_with_trigger' retrieved from /home/airflow/.local/lib/python3.12/site-packages/airflow/example_dags/example_latest_only_with_trigger.py
[2024-07-16T17:32:30.065+0000] {logging_mixin.py:188} INFO - [2024-07-16T17:32:30.065+0000] {dag.py:3089} INFO - Sync 1 DAGs
[2024-07-16T17:32:30.105+0000] {logging_mixin.py:188} INFO - [2024-07-16T17:32:30.104+0000] {dag.py:3947} INFO - Setting next_dagrun for latest_only_with_trigger to 2024-07-16 12:00:00+00:00, run_after=2024-07-16 16:00:00+00:00
[2024-07-16T17:32:30.147+0000] {processor.py:183} INFO - Processing /home/airflow/.local/lib/python3.12/site-packages/airflow/example_dags/example_latest_only_with_trigger.py took 0.143 seconds
[2024-07-16T17:33:00.257+0000] {processor.py:161} INFO - Started process (PID=427) to work on /home/airflow/.local/lib/python3.12/site-packages/airflow/example_dags/example_latest_only_with_trigger.py
[2024-07-16T17:33:00.259+0000] {processor.py:830} INFO - Processing file /home/airflow/.local/lib/python3.12/site-packages/airflow/example_dags/example_latest_only_with_trigger.py for tasks to queue
[2024-07-16T17:33:00.261+0000] {logging_mixin.py:188} INFO - [2024-07-16T17:33:00.261+0000] {dagbag.py:545} INFO - Filling up the DagBag from /home/airflow/.local/lib/python3.12/site-packages/airflow/example_dags/example_latest_only_with_trigger.py
[2024-07-16T17:33:00.269+0000] {processor.py:840} INFO - DAG(s) 'latest_only_with_trigger' retrieved from /home/airflow/.local/lib/python3.12/site-packages/airflow/example_dags/example_latest_only_with_trigger.py
[2024-07-16T17:33:00.296+0000] {logging_mixin.py:188} INFO - [2024-07-16T17:33:00.296+0000] {dag.py:3089} INFO - Sync 1 DAGs
[2024-07-16T17:33:00.329+0000] {logging_mixin.py:188} INFO - [2024-07-16T17:33:00.329+0000] {dag.py:3947} INFO - Setting next_dagrun for latest_only_with_trigger to 2024-07-16 12:00:00+00:00, run_after=2024-07-16 16:00:00+00:00
[2024-07-16T17:33:00.361+0000] {processor.py:183} INFO - Processing /home/airflow/.local/lib/python3.12/site-packages/airflow/example_dags/example_latest_only_with_trigger.py took 0.112 seconds
[2024-07-16T18:04:15.883+0000] {processor.py:161} INFO - Started process (PID=82) to work on /home/airflow/.local/lib/python3.12/site-packages/airflow/example_dags/example_latest_only_with_trigger.py
[2024-07-16T18:04:15.885+0000] {processor.py:830} INFO - Processing file /home/airflow/.local/lib/python3.12/site-packages/airflow/example_dags/example_latest_only_with_trigger.py for tasks to queue
[2024-07-16T18:04:15.887+0000] {logging_mixin.py:188} INFO - [2024-07-16T18:04:15.887+0000] {dagbag.py:545} INFO - Filling up the DagBag from /home/airflow/.local/lib/python3.12/site-packages/airflow/example_dags/example_latest_only_with_trigger.py
[2024-07-16T18:04:15.900+0000] {processor.py:840} INFO - DAG(s) 'latest_only_with_trigger' retrieved from /home/airflow/.local/lib/python3.12/site-packages/airflow/example_dags/example_latest_only_with_trigger.py
[2024-07-16T18:04:16.084+0000] {logging_mixin.py:188} INFO - [2024-07-16T18:04:16.083+0000] {dag.py:3089} INFO - Sync 1 DAGs
[2024-07-16T18:04:16.127+0000] {logging_mixin.py:188} INFO - [2024-07-16T18:04:16.127+0000] {dag.py:3947} INFO - Setting next_dagrun for latest_only_with_trigger to 2024-07-16 12:00:00+00:00, run_after=2024-07-16 16:00:00+00:00
[2024-07-16T18:04:16.179+0000] {processor.py:183} INFO - Processing /home/airflow/.local/lib/python3.12/site-packages/airflow/example_dags/example_latest_only_with_trigger.py took 0.305 seconds
[2024-07-16T18:12:23.385+0000] {processor.py:161} INFO - Started process (PID=82) to work on /home/airflow/.local/lib/python3.12/site-packages/airflow/example_dags/example_latest_only_with_trigger.py
[2024-07-16T18:12:23.389+0000] {processor.py:830} INFO - Processing file /home/airflow/.local/lib/python3.12/site-packages/airflow/example_dags/example_latest_only_with_trigger.py for tasks to queue
[2024-07-16T18:12:23.392+0000] {logging_mixin.py:188} INFO - [2024-07-16T18:12:23.391+0000] {dagbag.py:545} INFO - Filling up the DagBag from /home/airflow/.local/lib/python3.12/site-packages/airflow/example_dags/example_latest_only_with_trigger.py
[2024-07-16T18:12:23.407+0000] {processor.py:840} INFO - DAG(s) 'latest_only_with_trigger' retrieved from /home/airflow/.local/lib/python3.12/site-packages/airflow/example_dags/example_latest_only_with_trigger.py
[2024-07-16T18:12:23.562+0000] {logging_mixin.py:188} INFO - [2024-07-16T18:12:23.562+0000] {dag.py:3089} INFO - Sync 1 DAGs
[2024-07-16T18:12:23.589+0000] {logging_mixin.py:188} INFO - [2024-07-16T18:12:23.589+0000] {dag.py:3947} INFO - Setting next_dagrun for latest_only_with_trigger to 2024-07-16 12:00:00+00:00, run_after=2024-07-16 16:00:00+00:00
[2024-07-16T18:12:23.614+0000] {processor.py:183} INFO - Processing /home/airflow/.local/lib/python3.12/site-packages/airflow/example_dags/example_latest_only_with_trigger.py took 0.239 seconds
[2024-07-16T18:12:53.958+0000] {processor.py:161} INFO - Started process (PID=141) to work on /home/airflow/.local/lib/python3.12/site-packages/airflow/example_dags/example_latest_only_with_trigger.py
[2024-07-16T18:12:53.959+0000] {processor.py:830} INFO - Processing file /home/airflow/.local/lib/python3.12/site-packages/airflow/example_dags/example_latest_only_with_trigger.py for tasks to queue
[2024-07-16T18:12:53.961+0000] {logging_mixin.py:188} INFO - [2024-07-16T18:12:53.961+0000] {dagbag.py:545} INFO - Filling up the DagBag from /home/airflow/.local/lib/python3.12/site-packages/airflow/example_dags/example_latest_only_with_trigger.py
[2024-07-16T18:12:53.966+0000] {processor.py:840} INFO - DAG(s) 'latest_only_with_trigger' retrieved from /home/airflow/.local/lib/python3.12/site-packages/airflow/example_dags/example_latest_only_with_trigger.py
[2024-07-16T18:12:53.988+0000] {logging_mixin.py:188} INFO - [2024-07-16T18:12:53.987+0000] {dag.py:3089} INFO - Sync 1 DAGs
[2024-07-16T18:12:54.006+0000] {logging_mixin.py:188} INFO - [2024-07-16T18:12:54.006+0000] {dag.py:3947} INFO - Setting next_dagrun for latest_only_with_trigger to 2024-07-16 12:00:00+00:00, run_after=2024-07-16 16:00:00+00:00
[2024-07-16T18:12:54.024+0000] {processor.py:183} INFO - Processing /home/airflow/.local/lib/python3.12/site-packages/airflow/example_dags/example_latest_only_with_trigger.py took 0.071 seconds
[2024-07-16T18:13:24.420+0000] {processor.py:161} INFO - Started process (PID=200) to work on /home/airflow/.local/lib/python3.12/site-packages/airflow/example_dags/example_latest_only_with_trigger.py
[2024-07-16T18:13:24.422+0000] {processor.py:830} INFO - Processing file /home/airflow/.local/lib/python3.12/site-packages/airflow/example_dags/example_latest_only_with_trigger.py for tasks to queue
[2024-07-16T18:13:24.424+0000] {logging_mixin.py:188} INFO - [2024-07-16T18:13:24.423+0000] {dagbag.py:545} INFO - Filling up the DagBag from /home/airflow/.local/lib/python3.12/site-packages/airflow/example_dags/example_latest_only_with_trigger.py
[2024-07-16T18:13:24.428+0000] {processor.py:840} INFO - DAG(s) 'latest_only_with_trigger' retrieved from /home/airflow/.local/lib/python3.12/site-packages/airflow/example_dags/example_latest_only_with_trigger.py
[2024-07-16T18:13:24.447+0000] {logging_mixin.py:188} INFO - [2024-07-16T18:13:24.447+0000] {dag.py:3089} INFO - Sync 1 DAGs
[2024-07-16T18:13:24.468+0000] {logging_mixin.py:188} INFO - [2024-07-16T18:13:24.468+0000] {dag.py:3947} INFO - Setting next_dagrun for latest_only_with_trigger to 2024-07-16 12:00:00+00:00, run_after=2024-07-16 16:00:00+00:00
[2024-07-16T18:13:24.485+0000] {processor.py:183} INFO - Processing /home/airflow/.local/lib/python3.12/site-packages/airflow/example_dags/example_latest_only_with_trigger.py took 0.071 seconds
