[2024-07-16T17:10:27.720+0000] {processor.py:161} INFO - Started process (PID=88) to work on /home/airflow/.local/lib/python3.12/site-packages/airflow/example_dags/example_nested_branch_dag.py
[2024-07-16T17:10:27.722+0000] {processor.py:830} INFO - Processing file /home/airflow/.local/lib/python3.12/site-packages/airflow/example_dags/example_nested_branch_dag.py for tasks to queue
[2024-07-16T17:10:27.723+0000] {logging_mixin.py:188} INFO - [2024-07-16T17:10:27.723+0000] {dagbag.py:545} INFO - Filling up the DagBag from /home/airflow/.local/lib/python3.12/site-packages/airflow/example_dags/example_nested_branch_dag.py
[2024-07-16T17:10:27.735+0000] {processor.py:840} INFO - DAG(s) 'example_nested_branch_dag' retrieved from /home/airflow/.local/lib/python3.12/site-packages/airflow/example_dags/example_nested_branch_dag.py
[2024-07-16T17:10:27.833+0000] {logging_mixin.py:188} INFO - [2024-07-16T17:10:27.832+0000] {dag.py:3089} INFO - Sync 1 DAGs
[2024-07-16T17:10:27.856+0000] {logging_mixin.py:188} INFO - [2024-07-16T17:10:27.856+0000] {dag.py:3947} INFO - Setting next_dagrun for example_nested_branch_dag to 2024-07-15 00:00:00+00:00, run_after=2024-07-16 00:00:00+00:00
[2024-07-16T17:10:27.878+0000] {processor.py:183} INFO - Processing /home/airflow/.local/lib/python3.12/site-packages/airflow/example_dags/example_nested_branch_dag.py took 0.163 seconds
[2024-07-16T17:10:58.336+0000] {processor.py:161} INFO - Started process (PID=146) to work on /home/airflow/.local/lib/python3.12/site-packages/airflow/example_dags/example_nested_branch_dag.py
[2024-07-16T17:10:58.338+0000] {processor.py:830} INFO - Processing file /home/airflow/.local/lib/python3.12/site-packages/airflow/example_dags/example_nested_branch_dag.py for tasks to queue
[2024-07-16T17:10:58.339+0000] {logging_mixin.py:188} INFO - [2024-07-16T17:10:58.339+0000] {dagbag.py:545} INFO - Filling up the DagBag from /home/airflow/.local/lib/python3.12/site-packages/airflow/example_dags/example_nested_branch_dag.py
[2024-07-16T17:10:58.349+0000] {processor.py:840} INFO - DAG(s) 'example_nested_branch_dag' retrieved from /home/airflow/.local/lib/python3.12/site-packages/airflow/example_dags/example_nested_branch_dag.py
[2024-07-16T17:10:58.368+0000] {logging_mixin.py:188} INFO - [2024-07-16T17:10:58.368+0000] {dag.py:3089} INFO - Sync 1 DAGs
[2024-07-16T17:10:58.390+0000] {logging_mixin.py:188} INFO - [2024-07-16T17:10:58.389+0000] {dag.py:3947} INFO - Setting next_dagrun for example_nested_branch_dag to 2024-07-15 00:00:00+00:00, run_after=2024-07-16 00:00:00+00:00
[2024-07-16T17:10:58.405+0000] {processor.py:183} INFO - Processing /home/airflow/.local/lib/python3.12/site-packages/airflow/example_dags/example_nested_branch_dag.py took 0.073 seconds
[2024-07-16T17:11:28.727+0000] {processor.py:161} INFO - Started process (PID=204) to work on /home/airflow/.local/lib/python3.12/site-packages/airflow/example_dags/example_nested_branch_dag.py
[2024-07-16T17:11:28.728+0000] {processor.py:830} INFO - Processing file /home/airflow/.local/lib/python3.12/site-packages/airflow/example_dags/example_nested_branch_dag.py for tasks to queue
[2024-07-16T17:11:28.729+0000] {logging_mixin.py:188} INFO - [2024-07-16T17:11:28.729+0000] {dagbag.py:545} INFO - Filling up the DagBag from /home/airflow/.local/lib/python3.12/site-packages/airflow/example_dags/example_nested_branch_dag.py
[2024-07-16T17:11:28.738+0000] {processor.py:840} INFO - DAG(s) 'example_nested_branch_dag' retrieved from /home/airflow/.local/lib/python3.12/site-packages/airflow/example_dags/example_nested_branch_dag.py
[2024-07-16T17:11:28.758+0000] {logging_mixin.py:188} INFO - [2024-07-16T17:11:28.757+0000] {dag.py:3089} INFO - Sync 1 DAGs
[2024-07-16T17:11:28.776+0000] {logging_mixin.py:188} INFO - [2024-07-16T17:11:28.776+0000] {dag.py:3947} INFO - Setting next_dagrun for example_nested_branch_dag to 2024-07-15 00:00:00+00:00, run_after=2024-07-16 00:00:00+00:00
[2024-07-16T17:11:28.794+0000] {processor.py:183} INFO - Processing /home/airflow/.local/lib/python3.12/site-packages/airflow/example_dags/example_nested_branch_dag.py took 0.072 seconds
[2024-07-16T17:11:59.056+0000] {processor.py:161} INFO - Started process (PID=262) to work on /home/airflow/.local/lib/python3.12/site-packages/airflow/example_dags/example_nested_branch_dag.py
[2024-07-16T17:11:59.057+0000] {processor.py:830} INFO - Processing file /home/airflow/.local/lib/python3.12/site-packages/airflow/example_dags/example_nested_branch_dag.py for tasks to queue
[2024-07-16T17:11:59.060+0000] {logging_mixin.py:188} INFO - [2024-07-16T17:11:59.059+0000] {dagbag.py:545} INFO - Filling up the DagBag from /home/airflow/.local/lib/python3.12/site-packages/airflow/example_dags/example_nested_branch_dag.py
[2024-07-16T17:11:59.069+0000] {processor.py:840} INFO - DAG(s) 'example_nested_branch_dag' retrieved from /home/airflow/.local/lib/python3.12/site-packages/airflow/example_dags/example_nested_branch_dag.py
[2024-07-16T17:11:59.088+0000] {logging_mixin.py:188} INFO - [2024-07-16T17:11:59.088+0000] {dag.py:3089} INFO - Sync 1 DAGs
[2024-07-16T17:11:59.118+0000] {logging_mixin.py:188} INFO - [2024-07-16T17:11:59.118+0000] {dag.py:3947} INFO - Setting next_dagrun for example_nested_branch_dag to 2024-07-15 00:00:00+00:00, run_after=2024-07-16 00:00:00+00:00
[2024-07-16T17:11:59.139+0000] {processor.py:183} INFO - Processing /home/airflow/.local/lib/python3.12/site-packages/airflow/example_dags/example_nested_branch_dag.py took 0.087 seconds
[2024-07-16T17:12:29.339+0000] {processor.py:161} INFO - Started process (PID=320) to work on /home/airflow/.local/lib/python3.12/site-packages/airflow/example_dags/example_nested_branch_dag.py
[2024-07-16T17:12:29.340+0000] {processor.py:830} INFO - Processing file /home/airflow/.local/lib/python3.12/site-packages/airflow/example_dags/example_nested_branch_dag.py for tasks to queue
[2024-07-16T17:12:29.342+0000] {logging_mixin.py:188} INFO - [2024-07-16T17:12:29.342+0000] {dagbag.py:545} INFO - Filling up the DagBag from /home/airflow/.local/lib/python3.12/site-packages/airflow/example_dags/example_nested_branch_dag.py
[2024-07-16T17:12:29.350+0000] {processor.py:840} INFO - DAG(s) 'example_nested_branch_dag' retrieved from /home/airflow/.local/lib/python3.12/site-packages/airflow/example_dags/example_nested_branch_dag.py
[2024-07-16T17:12:29.374+0000] {logging_mixin.py:188} INFO - [2024-07-16T17:12:29.374+0000] {dag.py:3089} INFO - Sync 1 DAGs
[2024-07-16T17:12:29.396+0000] {logging_mixin.py:188} INFO - [2024-07-16T17:12:29.396+0000] {dag.py:3947} INFO - Setting next_dagrun for example_nested_branch_dag to 2024-07-15 00:00:00+00:00, run_after=2024-07-16 00:00:00+00:00
[2024-07-16T17:12:29.421+0000] {processor.py:183} INFO - Processing /home/airflow/.local/lib/python3.12/site-packages/airflow/example_dags/example_nested_branch_dag.py took 0.086 seconds
[2024-07-16T17:13:00.977+0000] {processor.py:161} INFO - Started process (PID=378) to work on /home/airflow/.local/lib/python3.12/site-packages/airflow/example_dags/example_nested_branch_dag.py
[2024-07-16T17:13:00.980+0000] {processor.py:830} INFO - Processing file /home/airflow/.local/lib/python3.12/site-packages/airflow/example_dags/example_nested_branch_dag.py for tasks to queue
[2024-07-16T17:13:00.986+0000] {logging_mixin.py:188} INFO - [2024-07-16T17:13:00.985+0000] {dagbag.py:545} INFO - Filling up the DagBag from /home/airflow/.local/lib/python3.12/site-packages/airflow/example_dags/example_nested_branch_dag.py
[2024-07-16T17:13:01.017+0000] {processor.py:840} INFO - DAG(s) 'example_nested_branch_dag' retrieved from /home/airflow/.local/lib/python3.12/site-packages/airflow/example_dags/example_nested_branch_dag.py
[2024-07-16T17:13:01.087+0000] {logging_mixin.py:188} INFO - [2024-07-16T17:13:01.086+0000] {dag.py:3089} INFO - Sync 1 DAGs
[2024-07-16T17:13:01.261+0000] {logging_mixin.py:188} INFO - [2024-07-16T17:13:01.260+0000] {dag.py:3947} INFO - Setting next_dagrun for example_nested_branch_dag to 2024-07-15 00:00:00+00:00, run_after=2024-07-16 00:00:00+00:00
[2024-07-16T17:13:01.451+0000] {processor.py:183} INFO - Processing /home/airflow/.local/lib/python3.12/site-packages/airflow/example_dags/example_nested_branch_dag.py took 0.486 seconds
[2024-07-16T17:13:31.583+0000] {processor.py:161} INFO - Started process (PID=436) to work on /home/airflow/.local/lib/python3.12/site-packages/airflow/example_dags/example_nested_branch_dag.py
[2024-07-16T17:13:31.585+0000] {processor.py:830} INFO - Processing file /home/airflow/.local/lib/python3.12/site-packages/airflow/example_dags/example_nested_branch_dag.py for tasks to queue
[2024-07-16T17:13:31.588+0000] {logging_mixin.py:188} INFO - [2024-07-16T17:13:31.588+0000] {dagbag.py:545} INFO - Filling up the DagBag from /home/airflow/.local/lib/python3.12/site-packages/airflow/example_dags/example_nested_branch_dag.py
[2024-07-16T17:13:31.606+0000] {processor.py:840} INFO - DAG(s) 'example_nested_branch_dag' retrieved from /home/airflow/.local/lib/python3.12/site-packages/airflow/example_dags/example_nested_branch_dag.py
[2024-07-16T17:13:31.649+0000] {logging_mixin.py:188} INFO - [2024-07-16T17:13:31.648+0000] {dag.py:3089} INFO - Sync 1 DAGs
[2024-07-16T17:13:31.701+0000] {logging_mixin.py:188} INFO - [2024-07-16T17:13:31.700+0000] {dag.py:3947} INFO - Setting next_dagrun for example_nested_branch_dag to 2024-07-15 00:00:00+00:00, run_after=2024-07-16 00:00:00+00:00
[2024-07-16T17:13:31.743+0000] {processor.py:183} INFO - Processing /home/airflow/.local/lib/python3.12/site-packages/airflow/example_dags/example_nested_branch_dag.py took 0.173 seconds
[2024-07-16T17:14:01.825+0000] {processor.py:161} INFO - Started process (PID=494) to work on /home/airflow/.local/lib/python3.12/site-packages/airflow/example_dags/example_nested_branch_dag.py
[2024-07-16T17:14:01.826+0000] {processor.py:830} INFO - Processing file /home/airflow/.local/lib/python3.12/site-packages/airflow/example_dags/example_nested_branch_dag.py for tasks to queue
[2024-07-16T17:14:01.827+0000] {logging_mixin.py:188} INFO - [2024-07-16T17:14:01.827+0000] {dagbag.py:545} INFO - Filling up the DagBag from /home/airflow/.local/lib/python3.12/site-packages/airflow/example_dags/example_nested_branch_dag.py
[2024-07-16T17:14:01.837+0000] {processor.py:840} INFO - DAG(s) 'example_nested_branch_dag' retrieved from /home/airflow/.local/lib/python3.12/site-packages/airflow/example_dags/example_nested_branch_dag.py
[2024-07-16T17:14:01.857+0000] {logging_mixin.py:188} INFO - [2024-07-16T17:14:01.857+0000] {dag.py:3089} INFO - Sync 1 DAGs
[2024-07-16T17:14:01.879+0000] {logging_mixin.py:188} INFO - [2024-07-16T17:14:01.878+0000] {dag.py:3947} INFO - Setting next_dagrun for example_nested_branch_dag to 2024-07-15 00:00:00+00:00, run_after=2024-07-16 00:00:00+00:00
[2024-07-16T17:14:01.902+0000] {processor.py:183} INFO - Processing /home/airflow/.local/lib/python3.12/site-packages/airflow/example_dags/example_nested_branch_dag.py took 0.082 seconds
[2024-07-16T17:14:32.662+0000] {processor.py:161} INFO - Started process (PID=552) to work on /home/airflow/.local/lib/python3.12/site-packages/airflow/example_dags/example_nested_branch_dag.py
[2024-07-16T17:14:32.663+0000] {processor.py:830} INFO - Processing file /home/airflow/.local/lib/python3.12/site-packages/airflow/example_dags/example_nested_branch_dag.py for tasks to queue
[2024-07-16T17:14:32.665+0000] {logging_mixin.py:188} INFO - [2024-07-16T17:14:32.665+0000] {dagbag.py:545} INFO - Filling up the DagBag from /home/airflow/.local/lib/python3.12/site-packages/airflow/example_dags/example_nested_branch_dag.py
[2024-07-16T17:14:32.675+0000] {processor.py:840} INFO - DAG(s) 'example_nested_branch_dag' retrieved from /home/airflow/.local/lib/python3.12/site-packages/airflow/example_dags/example_nested_branch_dag.py
[2024-07-16T17:14:32.698+0000] {logging_mixin.py:188} INFO - [2024-07-16T17:14:32.697+0000] {dag.py:3089} INFO - Sync 1 DAGs
[2024-07-16T17:14:32.721+0000] {logging_mixin.py:188} INFO - [2024-07-16T17:14:32.720+0000] {dag.py:3947} INFO - Setting next_dagrun for example_nested_branch_dag to 2024-07-15 00:00:00+00:00, run_after=2024-07-16 00:00:00+00:00
[2024-07-16T17:14:32.741+0000] {processor.py:183} INFO - Processing /home/airflow/.local/lib/python3.12/site-packages/airflow/example_dags/example_nested_branch_dag.py took 0.085 seconds
[2024-07-16T17:15:02.928+0000] {processor.py:161} INFO - Started process (PID=610) to work on /home/airflow/.local/lib/python3.12/site-packages/airflow/example_dags/example_nested_branch_dag.py
[2024-07-16T17:15:02.929+0000] {processor.py:830} INFO - Processing file /home/airflow/.local/lib/python3.12/site-packages/airflow/example_dags/example_nested_branch_dag.py for tasks to queue
[2024-07-16T17:15:02.931+0000] {logging_mixin.py:188} INFO - [2024-07-16T17:15:02.930+0000] {dagbag.py:545} INFO - Filling up the DagBag from /home/airflow/.local/lib/python3.12/site-packages/airflow/example_dags/example_nested_branch_dag.py
[2024-07-16T17:15:02.941+0000] {processor.py:840} INFO - DAG(s) 'example_nested_branch_dag' retrieved from /home/airflow/.local/lib/python3.12/site-packages/airflow/example_dags/example_nested_branch_dag.py
[2024-07-16T17:15:02.960+0000] {logging_mixin.py:188} INFO - [2024-07-16T17:15:02.960+0000] {dag.py:3089} INFO - Sync 1 DAGs
[2024-07-16T17:15:02.983+0000] {logging_mixin.py:188} INFO - [2024-07-16T17:15:02.983+0000] {dag.py:3947} INFO - Setting next_dagrun for example_nested_branch_dag to 2024-07-15 00:00:00+00:00, run_after=2024-07-16 00:00:00+00:00
[2024-07-16T17:15:02.999+0000] {processor.py:183} INFO - Processing /home/airflow/.local/lib/python3.12/site-packages/airflow/example_dags/example_nested_branch_dag.py took 0.076 seconds
[2024-07-16T17:15:33.181+0000] {processor.py:161} INFO - Started process (PID=668) to work on /home/airflow/.local/lib/python3.12/site-packages/airflow/example_dags/example_nested_branch_dag.py
[2024-07-16T17:15:33.183+0000] {processor.py:830} INFO - Processing file /home/airflow/.local/lib/python3.12/site-packages/airflow/example_dags/example_nested_branch_dag.py for tasks to queue
[2024-07-16T17:15:33.185+0000] {logging_mixin.py:188} INFO - [2024-07-16T17:15:33.184+0000] {dagbag.py:545} INFO - Filling up the DagBag from /home/airflow/.local/lib/python3.12/site-packages/airflow/example_dags/example_nested_branch_dag.py
[2024-07-16T17:15:33.192+0000] {processor.py:840} INFO - DAG(s) 'example_nested_branch_dag' retrieved from /home/airflow/.local/lib/python3.12/site-packages/airflow/example_dags/example_nested_branch_dag.py
[2024-07-16T17:15:33.211+0000] {logging_mixin.py:188} INFO - [2024-07-16T17:15:33.210+0000] {dag.py:3089} INFO - Sync 1 DAGs
[2024-07-16T17:15:33.238+0000] {logging_mixin.py:188} INFO - [2024-07-16T17:15:33.238+0000] {dag.py:3947} INFO - Setting next_dagrun for example_nested_branch_dag to 2024-07-15 00:00:00+00:00, run_after=2024-07-16 00:00:00+00:00
[2024-07-16T17:15:33.257+0000] {processor.py:183} INFO - Processing /home/airflow/.local/lib/python3.12/site-packages/airflow/example_dags/example_nested_branch_dag.py took 0.081 seconds
[2024-07-16T17:16:03.365+0000] {processor.py:161} INFO - Started process (PID=726) to work on /home/airflow/.local/lib/python3.12/site-packages/airflow/example_dags/example_nested_branch_dag.py
[2024-07-16T17:16:03.368+0000] {processor.py:830} INFO - Processing file /home/airflow/.local/lib/python3.12/site-packages/airflow/example_dags/example_nested_branch_dag.py for tasks to queue
[2024-07-16T17:16:03.370+0000] {logging_mixin.py:188} INFO - [2024-07-16T17:16:03.370+0000] {dagbag.py:545} INFO - Filling up the DagBag from /home/airflow/.local/lib/python3.12/site-packages/airflow/example_dags/example_nested_branch_dag.py
[2024-07-16T17:16:03.379+0000] {processor.py:840} INFO - DAG(s) 'example_nested_branch_dag' retrieved from /home/airflow/.local/lib/python3.12/site-packages/airflow/example_dags/example_nested_branch_dag.py
[2024-07-16T17:16:03.406+0000] {logging_mixin.py:188} INFO - [2024-07-16T17:16:03.406+0000] {dag.py:3089} INFO - Sync 1 DAGs
[2024-07-16T17:16:03.430+0000] {logging_mixin.py:188} INFO - [2024-07-16T17:16:03.430+0000] {dag.py:3947} INFO - Setting next_dagrun for example_nested_branch_dag to 2024-07-15 00:00:00+00:00, run_after=2024-07-16 00:00:00+00:00
[2024-07-16T17:16:03.455+0000] {processor.py:183} INFO - Processing /home/airflow/.local/lib/python3.12/site-packages/airflow/example_dags/example_nested_branch_dag.py took 0.095 seconds
[2024-07-16T17:16:33.850+0000] {processor.py:161} INFO - Started process (PID=784) to work on /home/airflow/.local/lib/python3.12/site-packages/airflow/example_dags/example_nested_branch_dag.py
[2024-07-16T17:16:33.851+0000] {processor.py:830} INFO - Processing file /home/airflow/.local/lib/python3.12/site-packages/airflow/example_dags/example_nested_branch_dag.py for tasks to queue
[2024-07-16T17:16:33.853+0000] {logging_mixin.py:188} INFO - [2024-07-16T17:16:33.852+0000] {dagbag.py:545} INFO - Filling up the DagBag from /home/airflow/.local/lib/python3.12/site-packages/airflow/example_dags/example_nested_branch_dag.py
[2024-07-16T17:16:33.862+0000] {processor.py:840} INFO - DAG(s) 'example_nested_branch_dag' retrieved from /home/airflow/.local/lib/python3.12/site-packages/airflow/example_dags/example_nested_branch_dag.py
[2024-07-16T17:16:33.893+0000] {logging_mixin.py:188} INFO - [2024-07-16T17:16:33.893+0000] {dag.py:3089} INFO - Sync 1 DAGs
[2024-07-16T17:16:33.920+0000] {logging_mixin.py:188} INFO - [2024-07-16T17:16:33.920+0000] {dag.py:3947} INFO - Setting next_dagrun for example_nested_branch_dag to 2024-07-15 00:00:00+00:00, run_after=2024-07-16 00:00:00+00:00
[2024-07-16T17:16:33.940+0000] {processor.py:183} INFO - Processing /home/airflow/.local/lib/python3.12/site-packages/airflow/example_dags/example_nested_branch_dag.py took 0.096 seconds
[2024-07-16T17:17:04.173+0000] {processor.py:161} INFO - Started process (PID=842) to work on /home/airflow/.local/lib/python3.12/site-packages/airflow/example_dags/example_nested_branch_dag.py
[2024-07-16T17:17:04.174+0000] {processor.py:830} INFO - Processing file /home/airflow/.local/lib/python3.12/site-packages/airflow/example_dags/example_nested_branch_dag.py for tasks to queue
[2024-07-16T17:17:04.176+0000] {logging_mixin.py:188} INFO - [2024-07-16T17:17:04.175+0000] {dagbag.py:545} INFO - Filling up the DagBag from /home/airflow/.local/lib/python3.12/site-packages/airflow/example_dags/example_nested_branch_dag.py
[2024-07-16T17:17:04.184+0000] {processor.py:840} INFO - DAG(s) 'example_nested_branch_dag' retrieved from /home/airflow/.local/lib/python3.12/site-packages/airflow/example_dags/example_nested_branch_dag.py
[2024-07-16T17:17:04.209+0000] {logging_mixin.py:188} INFO - [2024-07-16T17:17:04.208+0000] {dag.py:3089} INFO - Sync 1 DAGs
[2024-07-16T17:17:04.229+0000] {logging_mixin.py:188} INFO - [2024-07-16T17:17:04.229+0000] {dag.py:3947} INFO - Setting next_dagrun for example_nested_branch_dag to 2024-07-15 00:00:00+00:00, run_after=2024-07-16 00:00:00+00:00
[2024-07-16T17:17:04.246+0000] {processor.py:183} INFO - Processing /home/airflow/.local/lib/python3.12/site-packages/airflow/example_dags/example_nested_branch_dag.py took 0.080 seconds
[2024-07-16T17:17:35.193+0000] {processor.py:161} INFO - Started process (PID=900) to work on /home/airflow/.local/lib/python3.12/site-packages/airflow/example_dags/example_nested_branch_dag.py
[2024-07-16T17:17:35.194+0000] {processor.py:830} INFO - Processing file /home/airflow/.local/lib/python3.12/site-packages/airflow/example_dags/example_nested_branch_dag.py for tasks to queue
[2024-07-16T17:17:35.196+0000] {logging_mixin.py:188} INFO - [2024-07-16T17:17:35.196+0000] {dagbag.py:545} INFO - Filling up the DagBag from /home/airflow/.local/lib/python3.12/site-packages/airflow/example_dags/example_nested_branch_dag.py
[2024-07-16T17:17:35.204+0000] {processor.py:840} INFO - DAG(s) 'example_nested_branch_dag' retrieved from /home/airflow/.local/lib/python3.12/site-packages/airflow/example_dags/example_nested_branch_dag.py
[2024-07-16T17:17:35.222+0000] {logging_mixin.py:188} INFO - [2024-07-16T17:17:35.221+0000] {dag.py:3089} INFO - Sync 1 DAGs
[2024-07-16T17:17:35.241+0000] {logging_mixin.py:188} INFO - [2024-07-16T17:17:35.241+0000] {dag.py:3947} INFO - Setting next_dagrun for example_nested_branch_dag to 2024-07-15 00:00:00+00:00, run_after=2024-07-16 00:00:00+00:00
[2024-07-16T17:17:35.258+0000] {processor.py:183} INFO - Processing /home/airflow/.local/lib/python3.12/site-packages/airflow/example_dags/example_nested_branch_dag.py took 0.071 seconds
[2024-07-16T17:18:06.020+0000] {processor.py:161} INFO - Started process (PID=958) to work on /home/airflow/.local/lib/python3.12/site-packages/airflow/example_dags/example_nested_branch_dag.py
[2024-07-16T17:18:06.021+0000] {processor.py:830} INFO - Processing file /home/airflow/.local/lib/python3.12/site-packages/airflow/example_dags/example_nested_branch_dag.py for tasks to queue
[2024-07-16T17:18:06.023+0000] {logging_mixin.py:188} INFO - [2024-07-16T17:18:06.023+0000] {dagbag.py:545} INFO - Filling up the DagBag from /home/airflow/.local/lib/python3.12/site-packages/airflow/example_dags/example_nested_branch_dag.py
[2024-07-16T17:18:06.032+0000] {processor.py:840} INFO - DAG(s) 'example_nested_branch_dag' retrieved from /home/airflow/.local/lib/python3.12/site-packages/airflow/example_dags/example_nested_branch_dag.py
[2024-07-16T17:18:06.054+0000] {logging_mixin.py:188} INFO - [2024-07-16T17:18:06.053+0000] {dag.py:3089} INFO - Sync 1 DAGs
[2024-07-16T17:18:06.073+0000] {logging_mixin.py:188} INFO - [2024-07-16T17:18:06.073+0000] {dag.py:3947} INFO - Setting next_dagrun for example_nested_branch_dag to 2024-07-15 00:00:00+00:00, run_after=2024-07-16 00:00:00+00:00
[2024-07-16T17:18:06.088+0000] {processor.py:183} INFO - Processing /home/airflow/.local/lib/python3.12/site-packages/airflow/example_dags/example_nested_branch_dag.py took 0.073 seconds
[2024-07-16T17:18:37.397+0000] {processor.py:161} INFO - Started process (PID=1016) to work on /home/airflow/.local/lib/python3.12/site-packages/airflow/example_dags/example_nested_branch_dag.py
[2024-07-16T17:18:37.399+0000] {processor.py:830} INFO - Processing file /home/airflow/.local/lib/python3.12/site-packages/airflow/example_dags/example_nested_branch_dag.py for tasks to queue
[2024-07-16T17:18:37.402+0000] {logging_mixin.py:188} INFO - [2024-07-16T17:18:37.402+0000] {dagbag.py:545} INFO - Filling up the DagBag from /home/airflow/.local/lib/python3.12/site-packages/airflow/example_dags/example_nested_branch_dag.py
[2024-07-16T17:18:37.424+0000] {processor.py:840} INFO - DAG(s) 'example_nested_branch_dag' retrieved from /home/airflow/.local/lib/python3.12/site-packages/airflow/example_dags/example_nested_branch_dag.py
[2024-07-16T17:18:37.482+0000] {logging_mixin.py:188} INFO - [2024-07-16T17:18:37.482+0000] {dag.py:3089} INFO - Sync 1 DAGs
[2024-07-16T17:18:37.566+0000] {logging_mixin.py:188} INFO - [2024-07-16T17:18:37.565+0000] {dag.py:3947} INFO - Setting next_dagrun for example_nested_branch_dag to 2024-07-15 00:00:00+00:00, run_after=2024-07-16 00:00:00+00:00
[2024-07-16T17:18:37.617+0000] {processor.py:183} INFO - Processing /home/airflow/.local/lib/python3.12/site-packages/airflow/example_dags/example_nested_branch_dag.py took 0.234 seconds
[2024-07-16T17:19:08.864+0000] {processor.py:161} INFO - Started process (PID=1074) to work on /home/airflow/.local/lib/python3.12/site-packages/airflow/example_dags/example_nested_branch_dag.py
[2024-07-16T17:19:08.866+0000] {processor.py:830} INFO - Processing file /home/airflow/.local/lib/python3.12/site-packages/airflow/example_dags/example_nested_branch_dag.py for tasks to queue
[2024-07-16T17:19:08.880+0000] {logging_mixin.py:188} INFO - [2024-07-16T17:19:08.870+0000] {dagbag.py:545} INFO - Filling up the DagBag from /home/airflow/.local/lib/python3.12/site-packages/airflow/example_dags/example_nested_branch_dag.py
[2024-07-16T17:19:08.928+0000] {processor.py:840} INFO - DAG(s) 'example_nested_branch_dag' retrieved from /home/airflow/.local/lib/python3.12/site-packages/airflow/example_dags/example_nested_branch_dag.py
[2024-07-16T17:19:09.051+0000] {logging_mixin.py:188} INFO - [2024-07-16T17:19:09.050+0000] {dag.py:3089} INFO - Sync 1 DAGs
[2024-07-16T17:19:09.165+0000] {logging_mixin.py:188} INFO - [2024-07-16T17:19:09.164+0000] {dag.py:3947} INFO - Setting next_dagrun for example_nested_branch_dag to 2024-07-15 00:00:00+00:00, run_after=2024-07-16 00:00:00+00:00
[2024-07-16T17:19:09.246+0000] {processor.py:183} INFO - Processing /home/airflow/.local/lib/python3.12/site-packages/airflow/example_dags/example_nested_branch_dag.py took 0.424 seconds
[2024-07-16T17:19:39.870+0000] {processor.py:161} INFO - Started process (PID=1132) to work on /home/airflow/.local/lib/python3.12/site-packages/airflow/example_dags/example_nested_branch_dag.py
[2024-07-16T17:19:39.872+0000] {processor.py:830} INFO - Processing file /home/airflow/.local/lib/python3.12/site-packages/airflow/example_dags/example_nested_branch_dag.py for tasks to queue
[2024-07-16T17:19:39.876+0000] {logging_mixin.py:188} INFO - [2024-07-16T17:19:39.875+0000] {dagbag.py:545} INFO - Filling up the DagBag from /home/airflow/.local/lib/python3.12/site-packages/airflow/example_dags/example_nested_branch_dag.py
[2024-07-16T17:19:39.913+0000] {processor.py:840} INFO - DAG(s) 'example_nested_branch_dag' retrieved from /home/airflow/.local/lib/python3.12/site-packages/airflow/example_dags/example_nested_branch_dag.py
[2024-07-16T17:19:39.995+0000] {logging_mixin.py:188} INFO - [2024-07-16T17:19:39.994+0000] {dag.py:3089} INFO - Sync 1 DAGs
[2024-07-16T17:19:40.093+0000] {logging_mixin.py:188} INFO - [2024-07-16T17:19:40.092+0000] {dag.py:3947} INFO - Setting next_dagrun for example_nested_branch_dag to 2024-07-15 00:00:00+00:00, run_after=2024-07-16 00:00:00+00:00
[2024-07-16T17:19:40.157+0000] {processor.py:183} INFO - Processing /home/airflow/.local/lib/python3.12/site-packages/airflow/example_dags/example_nested_branch_dag.py took 0.306 seconds
[2024-07-16T17:23:54.029+0000] {processor.py:161} INFO - Started process (PID=90) to work on /home/airflow/.local/lib/python3.12/site-packages/airflow/example_dags/example_nested_branch_dag.py
[2024-07-16T17:23:54.031+0000] {processor.py:830} INFO - Processing file /home/airflow/.local/lib/python3.12/site-packages/airflow/example_dags/example_nested_branch_dag.py for tasks to queue
[2024-07-16T17:23:54.034+0000] {logging_mixin.py:188} INFO - [2024-07-16T17:23:54.033+0000] {dagbag.py:545} INFO - Filling up the DagBag from /home/airflow/.local/lib/python3.12/site-packages/airflow/example_dags/example_nested_branch_dag.py
[2024-07-16T17:23:54.056+0000] {processor.py:840} INFO - DAG(s) 'example_nested_branch_dag' retrieved from /home/airflow/.local/lib/python3.12/site-packages/airflow/example_dags/example_nested_branch_dag.py
[2024-07-16T17:23:54.226+0000] {logging_mixin.py:188} INFO - [2024-07-16T17:23:54.226+0000] {dag.py:3089} INFO - Sync 1 DAGs
[2024-07-16T17:23:54.254+0000] {logging_mixin.py:188} INFO - [2024-07-16T17:23:54.254+0000] {dag.py:3947} INFO - Setting next_dagrun for example_nested_branch_dag to 2024-07-15 00:00:00+00:00, run_after=2024-07-16 00:00:00+00:00
[2024-07-16T17:23:54.280+0000] {processor.py:183} INFO - Processing /home/airflow/.local/lib/python3.12/site-packages/airflow/example_dags/example_nested_branch_dag.py took 0.261 seconds
[2024-07-16T17:24:24.378+0000] {processor.py:161} INFO - Started process (PID=147) to work on /home/airflow/.local/lib/python3.12/site-packages/airflow/example_dags/example_nested_branch_dag.py
[2024-07-16T17:24:24.379+0000] {processor.py:830} INFO - Processing file /home/airflow/.local/lib/python3.12/site-packages/airflow/example_dags/example_nested_branch_dag.py for tasks to queue
[2024-07-16T17:24:24.381+0000] {logging_mixin.py:188} INFO - [2024-07-16T17:24:24.381+0000] {dagbag.py:545} INFO - Filling up the DagBag from /home/airflow/.local/lib/python3.12/site-packages/airflow/example_dags/example_nested_branch_dag.py
[2024-07-16T17:24:24.389+0000] {processor.py:840} INFO - DAG(s) 'example_nested_branch_dag' retrieved from /home/airflow/.local/lib/python3.12/site-packages/airflow/example_dags/example_nested_branch_dag.py
[2024-07-16T17:24:24.408+0000] {logging_mixin.py:188} INFO - [2024-07-16T17:24:24.408+0000] {dag.py:3089} INFO - Sync 1 DAGs
[2024-07-16T17:24:24.430+0000] {logging_mixin.py:188} INFO - [2024-07-16T17:24:24.430+0000] {dag.py:3947} INFO - Setting next_dagrun for example_nested_branch_dag to 2024-07-15 00:00:00+00:00, run_after=2024-07-16 00:00:00+00:00
[2024-07-16T17:24:24.459+0000] {processor.py:183} INFO - Processing /home/airflow/.local/lib/python3.12/site-packages/airflow/example_dags/example_nested_branch_dag.py took 0.086 seconds
[2024-07-16T17:24:55.172+0000] {processor.py:161} INFO - Started process (PID=205) to work on /home/airflow/.local/lib/python3.12/site-packages/airflow/example_dags/example_nested_branch_dag.py
[2024-07-16T17:24:55.173+0000] {processor.py:830} INFO - Processing file /home/airflow/.local/lib/python3.12/site-packages/airflow/example_dags/example_nested_branch_dag.py for tasks to queue
[2024-07-16T17:24:55.175+0000] {logging_mixin.py:188} INFO - [2024-07-16T17:24:55.175+0000] {dagbag.py:545} INFO - Filling up the DagBag from /home/airflow/.local/lib/python3.12/site-packages/airflow/example_dags/example_nested_branch_dag.py
[2024-07-16T17:24:55.182+0000] {processor.py:840} INFO - DAG(s) 'example_nested_branch_dag' retrieved from /home/airflow/.local/lib/python3.12/site-packages/airflow/example_dags/example_nested_branch_dag.py
[2024-07-16T17:24:55.206+0000] {logging_mixin.py:188} INFO - [2024-07-16T17:24:55.205+0000] {dag.py:3089} INFO - Sync 1 DAGs
[2024-07-16T17:24:55.225+0000] {logging_mixin.py:188} INFO - [2024-07-16T17:24:55.225+0000] {dag.py:3947} INFO - Setting next_dagrun for example_nested_branch_dag to 2024-07-15 00:00:00+00:00, run_after=2024-07-16 00:00:00+00:00
[2024-07-16T17:24:55.243+0000] {processor.py:183} INFO - Processing /home/airflow/.local/lib/python3.12/site-packages/airflow/example_dags/example_nested_branch_dag.py took 0.076 seconds
[2024-07-16T17:25:25.535+0000] {processor.py:161} INFO - Started process (PID=264) to work on /home/airflow/.local/lib/python3.12/site-packages/airflow/example_dags/example_nested_branch_dag.py
[2024-07-16T17:25:25.536+0000] {processor.py:830} INFO - Processing file /home/airflow/.local/lib/python3.12/site-packages/airflow/example_dags/example_nested_branch_dag.py for tasks to queue
[2024-07-16T17:25:25.537+0000] {logging_mixin.py:188} INFO - [2024-07-16T17:25:25.537+0000] {dagbag.py:545} INFO - Filling up the DagBag from /home/airflow/.local/lib/python3.12/site-packages/airflow/example_dags/example_nested_branch_dag.py
[2024-07-16T17:25:25.545+0000] {processor.py:840} INFO - DAG(s) 'example_nested_branch_dag' retrieved from /home/airflow/.local/lib/python3.12/site-packages/airflow/example_dags/example_nested_branch_dag.py
[2024-07-16T17:25:25.564+0000] {logging_mixin.py:188} INFO - [2024-07-16T17:25:25.564+0000] {dag.py:3089} INFO - Sync 1 DAGs
[2024-07-16T17:25:25.584+0000] {logging_mixin.py:188} INFO - [2024-07-16T17:25:25.584+0000] {dag.py:3947} INFO - Setting next_dagrun for example_nested_branch_dag to 2024-07-15 00:00:00+00:00, run_after=2024-07-16 00:00:00+00:00
[2024-07-16T17:25:25.600+0000] {processor.py:183} INFO - Processing /home/airflow/.local/lib/python3.12/site-packages/airflow/example_dags/example_nested_branch_dag.py took 0.070 seconds
[2024-07-16T17:29:56.961+0000] {processor.py:161} INFO - Started process (PID=84) to work on /home/airflow/.local/lib/python3.12/site-packages/airflow/example_dags/example_nested_branch_dag.py
[2024-07-16T17:29:56.963+0000] {processor.py:830} INFO - Processing file /home/airflow/.local/lib/python3.12/site-packages/airflow/example_dags/example_nested_branch_dag.py for tasks to queue
[2024-07-16T17:29:56.966+0000] {logging_mixin.py:188} INFO - [2024-07-16T17:29:56.965+0000] {dagbag.py:545} INFO - Filling up the DagBag from /home/airflow/.local/lib/python3.12/site-packages/airflow/example_dags/example_nested_branch_dag.py
[2024-07-16T17:29:56.987+0000] {processor.py:840} INFO - DAG(s) 'example_nested_branch_dag' retrieved from /home/airflow/.local/lib/python3.12/site-packages/airflow/example_dags/example_nested_branch_dag.py
[2024-07-16T17:29:57.207+0000] {logging_mixin.py:188} INFO - [2024-07-16T17:29:57.206+0000] {dag.py:3089} INFO - Sync 1 DAGs
[2024-07-16T17:29:57.238+0000] {logging_mixin.py:188} INFO - [2024-07-16T17:29:57.238+0000] {dag.py:3947} INFO - Setting next_dagrun for example_nested_branch_dag to 2024-07-15 00:00:00+00:00, run_after=2024-07-16 00:00:00+00:00
[2024-07-16T17:29:57.297+0000] {processor.py:183} INFO - Processing /home/airflow/.local/lib/python3.12/site-packages/airflow/example_dags/example_nested_branch_dag.py took 0.344 seconds
[2024-07-16T17:30:27.711+0000] {processor.py:161} INFO - Started process (PID=148) to work on /home/airflow/.local/lib/python3.12/site-packages/airflow/example_dags/example_nested_branch_dag.py
[2024-07-16T17:30:27.713+0000] {processor.py:830} INFO - Processing file /home/airflow/.local/lib/python3.12/site-packages/airflow/example_dags/example_nested_branch_dag.py for tasks to queue
[2024-07-16T17:30:27.716+0000] {logging_mixin.py:188} INFO - [2024-07-16T17:30:27.716+0000] {dagbag.py:545} INFO - Filling up the DagBag from /home/airflow/.local/lib/python3.12/site-packages/airflow/example_dags/example_nested_branch_dag.py
[2024-07-16T17:30:27.746+0000] {processor.py:840} INFO - DAG(s) 'example_nested_branch_dag' retrieved from /home/airflow/.local/lib/python3.12/site-packages/airflow/example_dags/example_nested_branch_dag.py
[2024-07-16T17:30:27.789+0000] {logging_mixin.py:188} INFO - [2024-07-16T17:30:27.789+0000] {dag.py:3089} INFO - Sync 1 DAGs
[2024-07-16T17:30:27.850+0000] {logging_mixin.py:188} INFO - [2024-07-16T17:30:27.849+0000] {dag.py:3947} INFO - Setting next_dagrun for example_nested_branch_dag to 2024-07-15 00:00:00+00:00, run_after=2024-07-16 00:00:00+00:00
[2024-07-16T17:30:27.889+0000] {processor.py:183} INFO - Processing /home/airflow/.local/lib/python3.12/site-packages/airflow/example_dags/example_nested_branch_dag.py took 0.196 seconds
[2024-07-16T17:30:58.476+0000] {processor.py:161} INFO - Started process (PID=205) to work on /home/airflow/.local/lib/python3.12/site-packages/airflow/example_dags/example_nested_branch_dag.py
[2024-07-16T17:30:58.478+0000] {processor.py:830} INFO - Processing file /home/airflow/.local/lib/python3.12/site-packages/airflow/example_dags/example_nested_branch_dag.py for tasks to queue
[2024-07-16T17:30:58.482+0000] {logging_mixin.py:188} INFO - [2024-07-16T17:30:58.482+0000] {dagbag.py:545} INFO - Filling up the DagBag from /home/airflow/.local/lib/python3.12/site-packages/airflow/example_dags/example_nested_branch_dag.py
[2024-07-16T17:30:58.501+0000] {processor.py:840} INFO - DAG(s) 'example_nested_branch_dag' retrieved from /home/airflow/.local/lib/python3.12/site-packages/airflow/example_dags/example_nested_branch_dag.py
[2024-07-16T17:30:58.534+0000] {logging_mixin.py:188} INFO - [2024-07-16T17:30:58.534+0000] {dag.py:3089} INFO - Sync 1 DAGs
[2024-07-16T17:30:58.570+0000] {logging_mixin.py:188} INFO - [2024-07-16T17:30:58.570+0000] {dag.py:3947} INFO - Setting next_dagrun for example_nested_branch_dag to 2024-07-15 00:00:00+00:00, run_after=2024-07-16 00:00:00+00:00
[2024-07-16T17:30:58.610+0000] {processor.py:183} INFO - Processing /home/airflow/.local/lib/python3.12/site-packages/airflow/example_dags/example_nested_branch_dag.py took 0.144 seconds
[2024-07-16T17:31:29.081+0000] {processor.py:161} INFO - Started process (PID=263) to work on /home/airflow/.local/lib/python3.12/site-packages/airflow/example_dags/example_nested_branch_dag.py
[2024-07-16T17:31:29.082+0000] {processor.py:830} INFO - Processing file /home/airflow/.local/lib/python3.12/site-packages/airflow/example_dags/example_nested_branch_dag.py for tasks to queue
[2024-07-16T17:31:29.085+0000] {logging_mixin.py:188} INFO - [2024-07-16T17:31:29.085+0000] {dagbag.py:545} INFO - Filling up the DagBag from /home/airflow/.local/lib/python3.12/site-packages/airflow/example_dags/example_nested_branch_dag.py
[2024-07-16T17:31:29.102+0000] {processor.py:840} INFO - DAG(s) 'example_nested_branch_dag' retrieved from /home/airflow/.local/lib/python3.12/site-packages/airflow/example_dags/example_nested_branch_dag.py
[2024-07-16T17:31:29.148+0000] {logging_mixin.py:188} INFO - [2024-07-16T17:31:29.147+0000] {dag.py:3089} INFO - Sync 1 DAGs
[2024-07-16T17:31:29.198+0000] {logging_mixin.py:188} INFO - [2024-07-16T17:31:29.198+0000] {dag.py:3947} INFO - Setting next_dagrun for example_nested_branch_dag to 2024-07-15 00:00:00+00:00, run_after=2024-07-16 00:00:00+00:00
[2024-07-16T17:31:29.236+0000] {processor.py:183} INFO - Processing /home/airflow/.local/lib/python3.12/site-packages/airflow/example_dags/example_nested_branch_dag.py took 0.164 seconds
[2024-07-16T17:32:00.785+0000] {processor.py:161} INFO - Started process (PID=321) to work on /home/airflow/.local/lib/python3.12/site-packages/airflow/example_dags/example_nested_branch_dag.py
[2024-07-16T17:32:00.788+0000] {processor.py:830} INFO - Processing file /home/airflow/.local/lib/python3.12/site-packages/airflow/example_dags/example_nested_branch_dag.py for tasks to queue
[2024-07-16T17:32:00.793+0000] {logging_mixin.py:188} INFO - [2024-07-16T17:32:00.792+0000] {dagbag.py:545} INFO - Filling up the DagBag from /home/airflow/.local/lib/python3.12/site-packages/airflow/example_dags/example_nested_branch_dag.py
[2024-07-16T17:32:00.826+0000] {processor.py:840} INFO - DAG(s) 'example_nested_branch_dag' retrieved from /home/airflow/.local/lib/python3.12/site-packages/airflow/example_dags/example_nested_branch_dag.py
[2024-07-16T17:32:00.893+0000] {logging_mixin.py:188} INFO - [2024-07-16T17:32:00.892+0000] {dag.py:3089} INFO - Sync 1 DAGs
[2024-07-16T17:32:00.991+0000] {logging_mixin.py:188} INFO - [2024-07-16T17:32:00.990+0000] {dag.py:3947} INFO - Setting next_dagrun for example_nested_branch_dag to 2024-07-15 00:00:00+00:00, run_after=2024-07-16 00:00:00+00:00
[2024-07-16T17:32:01.071+0000] {processor.py:183} INFO - Processing /home/airflow/.local/lib/python3.12/site-packages/airflow/example_dags/example_nested_branch_dag.py took 0.302 seconds
[2024-07-16T17:32:31.462+0000] {processor.py:161} INFO - Started process (PID=379) to work on /home/airflow/.local/lib/python3.12/site-packages/airflow/example_dags/example_nested_branch_dag.py
[2024-07-16T17:32:31.464+0000] {processor.py:830} INFO - Processing file /home/airflow/.local/lib/python3.12/site-packages/airflow/example_dags/example_nested_branch_dag.py for tasks to queue
[2024-07-16T17:32:31.468+0000] {logging_mixin.py:188} INFO - [2024-07-16T17:32:31.467+0000] {dagbag.py:545} INFO - Filling up the DagBag from /home/airflow/.local/lib/python3.12/site-packages/airflow/example_dags/example_nested_branch_dag.py
[2024-07-16T17:32:31.492+0000] {processor.py:840} INFO - DAG(s) 'example_nested_branch_dag' retrieved from /home/airflow/.local/lib/python3.12/site-packages/airflow/example_dags/example_nested_branch_dag.py
[2024-07-16T17:32:31.546+0000] {logging_mixin.py:188} INFO - [2024-07-16T17:32:31.545+0000] {dag.py:3089} INFO - Sync 1 DAGs
[2024-07-16T17:32:31.606+0000] {logging_mixin.py:188} INFO - [2024-07-16T17:32:31.605+0000] {dag.py:3947} INFO - Setting next_dagrun for example_nested_branch_dag to 2024-07-15 00:00:00+00:00, run_after=2024-07-16 00:00:00+00:00
[2024-07-16T17:32:31.653+0000] {processor.py:183} INFO - Processing /home/airflow/.local/lib/python3.12/site-packages/airflow/example_dags/example_nested_branch_dag.py took 0.203 seconds
[2024-07-16T17:33:02.477+0000] {processor.py:161} INFO - Started process (PID=437) to work on /home/airflow/.local/lib/python3.12/site-packages/airflow/example_dags/example_nested_branch_dag.py
[2024-07-16T17:33:02.479+0000] {processor.py:830} INFO - Processing file /home/airflow/.local/lib/python3.12/site-packages/airflow/example_dags/example_nested_branch_dag.py for tasks to queue
[2024-07-16T17:33:02.483+0000] {logging_mixin.py:188} INFO - [2024-07-16T17:33:02.482+0000] {dagbag.py:545} INFO - Filling up the DagBag from /home/airflow/.local/lib/python3.12/site-packages/airflow/example_dags/example_nested_branch_dag.py
[2024-07-16T17:33:02.501+0000] {processor.py:840} INFO - DAG(s) 'example_nested_branch_dag' retrieved from /home/airflow/.local/lib/python3.12/site-packages/airflow/example_dags/example_nested_branch_dag.py
[2024-07-16T17:33:02.547+0000] {logging_mixin.py:188} INFO - [2024-07-16T17:33:02.546+0000] {dag.py:3089} INFO - Sync 1 DAGs
[2024-07-16T17:33:02.644+0000] {logging_mixin.py:188} INFO - [2024-07-16T17:33:02.643+0000] {dag.py:3947} INFO - Setting next_dagrun for example_nested_branch_dag to 2024-07-15 00:00:00+00:00, run_after=2024-07-16 00:00:00+00:00
[2024-07-16T17:33:02.707+0000] {processor.py:183} INFO - Processing /home/airflow/.local/lib/python3.12/site-packages/airflow/example_dags/example_nested_branch_dag.py took 0.241 seconds
[2024-07-16T18:04:17.223+0000] {processor.py:161} INFO - Started process (PID=91) to work on /home/airflow/.local/lib/python3.12/site-packages/airflow/example_dags/example_nested_branch_dag.py
[2024-07-16T18:04:17.224+0000] {processor.py:830} INFO - Processing file /home/airflow/.local/lib/python3.12/site-packages/airflow/example_dags/example_nested_branch_dag.py for tasks to queue
[2024-07-16T18:04:17.227+0000] {logging_mixin.py:188} INFO - [2024-07-16T18:04:17.226+0000] {dagbag.py:545} INFO - Filling up the DagBag from /home/airflow/.local/lib/python3.12/site-packages/airflow/example_dags/example_nested_branch_dag.py
[2024-07-16T18:04:17.248+0000] {processor.py:840} INFO - DAG(s) 'example_nested_branch_dag' retrieved from /home/airflow/.local/lib/python3.12/site-packages/airflow/example_dags/example_nested_branch_dag.py
[2024-07-16T18:04:17.388+0000] {logging_mixin.py:188} INFO - [2024-07-16T18:04:17.388+0000] {dag.py:3089} INFO - Sync 1 DAGs
[2024-07-16T18:04:17.414+0000] {logging_mixin.py:188} INFO - [2024-07-16T18:04:17.414+0000] {dag.py:3947} INFO - Setting next_dagrun for example_nested_branch_dag to 2024-07-15 00:00:00+00:00, run_after=2024-07-16 00:00:00+00:00
[2024-07-16T18:04:17.455+0000] {processor.py:183} INFO - Processing /home/airflow/.local/lib/python3.12/site-packages/airflow/example_dags/example_nested_branch_dag.py took 0.239 seconds
[2024-07-16T18:12:24.617+0000] {processor.py:161} INFO - Started process (PID=91) to work on /home/airflow/.local/lib/python3.12/site-packages/airflow/example_dags/example_nested_branch_dag.py
[2024-07-16T18:12:24.618+0000] {processor.py:830} INFO - Processing file /home/airflow/.local/lib/python3.12/site-packages/airflow/example_dags/example_nested_branch_dag.py for tasks to queue
[2024-07-16T18:12:24.621+0000] {logging_mixin.py:188} INFO - [2024-07-16T18:12:24.620+0000] {dagbag.py:545} INFO - Filling up the DagBag from /home/airflow/.local/lib/python3.12/site-packages/airflow/example_dags/example_nested_branch_dag.py
[2024-07-16T18:12:24.634+0000] {processor.py:840} INFO - DAG(s) 'example_nested_branch_dag' retrieved from /home/airflow/.local/lib/python3.12/site-packages/airflow/example_dags/example_nested_branch_dag.py
[2024-07-16T18:12:24.748+0000] {logging_mixin.py:188} INFO - [2024-07-16T18:12:24.748+0000] {dag.py:3089} INFO - Sync 1 DAGs
[2024-07-16T18:12:24.771+0000] {logging_mixin.py:188} INFO - [2024-07-16T18:12:24.771+0000] {dag.py:3947} INFO - Setting next_dagrun for example_nested_branch_dag to 2024-07-15 00:00:00+00:00, run_after=2024-07-16 00:00:00+00:00
[2024-07-16T18:12:24.801+0000] {processor.py:183} INFO - Processing /home/airflow/.local/lib/python3.12/site-packages/airflow/example_dags/example_nested_branch_dag.py took 0.191 seconds
[2024-07-16T18:12:55.500+0000] {processor.py:161} INFO - Started process (PID=150) to work on /home/airflow/.local/lib/python3.12/site-packages/airflow/example_dags/example_nested_branch_dag.py
[2024-07-16T18:12:55.501+0000] {processor.py:830} INFO - Processing file /home/airflow/.local/lib/python3.12/site-packages/airflow/example_dags/example_nested_branch_dag.py for tasks to queue
[2024-07-16T18:12:55.503+0000] {logging_mixin.py:188} INFO - [2024-07-16T18:12:55.503+0000] {dagbag.py:545} INFO - Filling up the DagBag from /home/airflow/.local/lib/python3.12/site-packages/airflow/example_dags/example_nested_branch_dag.py
[2024-07-16T18:12:55.511+0000] {processor.py:840} INFO - DAG(s) 'example_nested_branch_dag' retrieved from /home/airflow/.local/lib/python3.12/site-packages/airflow/example_dags/example_nested_branch_dag.py
[2024-07-16T18:12:55.530+0000] {logging_mixin.py:188} INFO - [2024-07-16T18:12:55.530+0000] {dag.py:3089} INFO - Sync 1 DAGs
[2024-07-16T18:12:55.548+0000] {logging_mixin.py:188} INFO - [2024-07-16T18:12:55.548+0000] {dag.py:3947} INFO - Setting next_dagrun for example_nested_branch_dag to 2024-07-15 00:00:00+00:00, run_after=2024-07-16 00:00:00+00:00
[2024-07-16T18:12:55.567+0000] {processor.py:183} INFO - Processing /home/airflow/.local/lib/python3.12/site-packages/airflow/example_dags/example_nested_branch_dag.py took 0.072 seconds
[2024-07-16T18:13:25.923+0000] {processor.py:161} INFO - Started process (PID=209) to work on /home/airflow/.local/lib/python3.12/site-packages/airflow/example_dags/example_nested_branch_dag.py
[2024-07-16T18:13:25.925+0000] {processor.py:830} INFO - Processing file /home/airflow/.local/lib/python3.12/site-packages/airflow/example_dags/example_nested_branch_dag.py for tasks to queue
[2024-07-16T18:13:25.927+0000] {logging_mixin.py:188} INFO - [2024-07-16T18:13:25.926+0000] {dagbag.py:545} INFO - Filling up the DagBag from /home/airflow/.local/lib/python3.12/site-packages/airflow/example_dags/example_nested_branch_dag.py
[2024-07-16T18:13:25.935+0000] {processor.py:840} INFO - DAG(s) 'example_nested_branch_dag' retrieved from /home/airflow/.local/lib/python3.12/site-packages/airflow/example_dags/example_nested_branch_dag.py
[2024-07-16T18:13:25.954+0000] {logging_mixin.py:188} INFO - [2024-07-16T18:13:25.954+0000] {dag.py:3089} INFO - Sync 1 DAGs
[2024-07-16T18:13:25.974+0000] {logging_mixin.py:188} INFO - [2024-07-16T18:13:25.974+0000] {dag.py:3947} INFO - Setting next_dagrun for example_nested_branch_dag to 2024-07-15 00:00:00+00:00, run_after=2024-07-16 00:00:00+00:00
[2024-07-16T18:13:25.995+0000] {processor.py:183} INFO - Processing /home/airflow/.local/lib/python3.12/site-packages/airflow/example_dags/example_nested_branch_dag.py took 0.077 seconds
