[2024-07-16T17:10:26.509+0000] {processor.py:161} INFO - Started process (PID=81) to work on /home/airflow/.local/lib/python3.12/site-packages/airflow/example_dags/example_bash_operator.py
[2024-07-16T17:10:26.511+0000] {processor.py:830} INFO - Processing file /home/airflow/.local/lib/python3.12/site-packages/airflow/example_dags/example_bash_operator.py for tasks to queue
[2024-07-16T17:10:26.513+0000] {logging_mixin.py:188} INFO - [2024-07-16T17:10:26.513+0000] {dagbag.py:545} INFO - Filling up the DagBag from /home/airflow/.local/lib/python3.12/site-packages/airflow/example_dags/example_bash_operator.py
[2024-07-16T17:10:26.535+0000] {processor.py:840} INFO - DAG(s) 'example_bash_operator' retrieved from /home/airflow/.local/lib/python3.12/site-packages/airflow/example_dags/example_bash_operator.py
[2024-07-16T17:10:26.709+0000] {logging_mixin.py:188} INFO - [2024-07-16T17:10:26.709+0000] {dag.py:3089} INFO - Sync 1 DAGs
[2024-07-16T17:10:26.739+0000] {logging_mixin.py:188} INFO - [2024-07-16T17:10:26.738+0000] {dag.py:3947} INFO - Setting next_dagrun for example_bash_operator to 2024-07-15 00:00:00+00:00, run_after=2024-07-16 00:00:00+00:00
[2024-07-16T17:10:26.759+0000] {processor.py:183} INFO - Processing /home/airflow/.local/lib/python3.12/site-packages/airflow/example_dags/example_bash_operator.py took 0.256 seconds
[2024-07-16T17:10:56.919+0000] {processor.py:161} INFO - Started process (PID=139) to work on /home/airflow/.local/lib/python3.12/site-packages/airflow/example_dags/example_bash_operator.py
[2024-07-16T17:10:56.920+0000] {processor.py:830} INFO - Processing file /home/airflow/.local/lib/python3.12/site-packages/airflow/example_dags/example_bash_operator.py for tasks to queue
[2024-07-16T17:10:56.922+0000] {logging_mixin.py:188} INFO - [2024-07-16T17:10:56.922+0000] {dagbag.py:545} INFO - Filling up the DagBag from /home/airflow/.local/lib/python3.12/site-packages/airflow/example_dags/example_bash_operator.py
[2024-07-16T17:10:56.934+0000] {processor.py:840} INFO - DAG(s) 'example_bash_operator' retrieved from /home/airflow/.local/lib/python3.12/site-packages/airflow/example_dags/example_bash_operator.py
[2024-07-16T17:10:56.960+0000] {logging_mixin.py:188} INFO - [2024-07-16T17:10:56.960+0000] {dag.py:3089} INFO - Sync 1 DAGs
[2024-07-16T17:10:56.983+0000] {logging_mixin.py:188} INFO - [2024-07-16T17:10:56.982+0000] {dag.py:3947} INFO - Setting next_dagrun for example_bash_operator to 2024-07-15 00:00:00+00:00, run_after=2024-07-16 00:00:00+00:00
[2024-07-16T17:10:57.003+0000] {processor.py:183} INFO - Processing /home/airflow/.local/lib/python3.12/site-packages/airflow/example_dags/example_bash_operator.py took 0.089 seconds
[2024-07-16T17:11:27.302+0000] {processor.py:161} INFO - Started process (PID=197) to work on /home/airflow/.local/lib/python3.12/site-packages/airflow/example_dags/example_bash_operator.py
[2024-07-16T17:11:27.303+0000] {processor.py:830} INFO - Processing file /home/airflow/.local/lib/python3.12/site-packages/airflow/example_dags/example_bash_operator.py for tasks to queue
[2024-07-16T17:11:27.305+0000] {logging_mixin.py:188} INFO - [2024-07-16T17:11:27.304+0000] {dagbag.py:545} INFO - Filling up the DagBag from /home/airflow/.local/lib/python3.12/site-packages/airflow/example_dags/example_bash_operator.py
[2024-07-16T17:11:27.315+0000] {processor.py:840} INFO - DAG(s) 'example_bash_operator' retrieved from /home/airflow/.local/lib/python3.12/site-packages/airflow/example_dags/example_bash_operator.py
[2024-07-16T17:11:27.341+0000] {logging_mixin.py:188} INFO - [2024-07-16T17:11:27.341+0000] {dag.py:3089} INFO - Sync 1 DAGs
[2024-07-16T17:11:27.363+0000] {logging_mixin.py:188} INFO - [2024-07-16T17:11:27.363+0000] {dag.py:3947} INFO - Setting next_dagrun for example_bash_operator to 2024-07-15 00:00:00+00:00, run_after=2024-07-16 00:00:00+00:00
[2024-07-16T17:11:27.386+0000] {processor.py:183} INFO - Processing /home/airflow/.local/lib/python3.12/site-packages/airflow/example_dags/example_bash_operator.py took 0.089 seconds
[2024-07-16T17:11:57.561+0000] {processor.py:161} INFO - Started process (PID=255) to work on /home/airflow/.local/lib/python3.12/site-packages/airflow/example_dags/example_bash_operator.py
[2024-07-16T17:11:57.562+0000] {processor.py:830} INFO - Processing file /home/airflow/.local/lib/python3.12/site-packages/airflow/example_dags/example_bash_operator.py for tasks to queue
[2024-07-16T17:11:57.564+0000] {logging_mixin.py:188} INFO - [2024-07-16T17:11:57.563+0000] {dagbag.py:545} INFO - Filling up the DagBag from /home/airflow/.local/lib/python3.12/site-packages/airflow/example_dags/example_bash_operator.py
[2024-07-16T17:11:57.573+0000] {processor.py:840} INFO - DAG(s) 'example_bash_operator' retrieved from /home/airflow/.local/lib/python3.12/site-packages/airflow/example_dags/example_bash_operator.py
[2024-07-16T17:11:57.605+0000] {logging_mixin.py:188} INFO - [2024-07-16T17:11:57.604+0000] {dag.py:3089} INFO - Sync 1 DAGs
[2024-07-16T17:11:57.633+0000] {logging_mixin.py:188} INFO - [2024-07-16T17:11:57.633+0000] {dag.py:3947} INFO - Setting next_dagrun for example_bash_operator to 2024-07-15 00:00:00+00:00, run_after=2024-07-16 00:00:00+00:00
[2024-07-16T17:11:57.655+0000] {processor.py:183} INFO - Processing /home/airflow/.local/lib/python3.12/site-packages/airflow/example_dags/example_bash_operator.py took 0.099 seconds
[2024-07-16T17:12:27.893+0000] {processor.py:161} INFO - Started process (PID=313) to work on /home/airflow/.local/lib/python3.12/site-packages/airflow/example_dags/example_bash_operator.py
[2024-07-16T17:12:27.894+0000] {processor.py:830} INFO - Processing file /home/airflow/.local/lib/python3.12/site-packages/airflow/example_dags/example_bash_operator.py for tasks to queue
[2024-07-16T17:12:27.896+0000] {logging_mixin.py:188} INFO - [2024-07-16T17:12:27.896+0000] {dagbag.py:545} INFO - Filling up the DagBag from /home/airflow/.local/lib/python3.12/site-packages/airflow/example_dags/example_bash_operator.py
[2024-07-16T17:12:27.907+0000] {processor.py:840} INFO - DAG(s) 'example_bash_operator' retrieved from /home/airflow/.local/lib/python3.12/site-packages/airflow/example_dags/example_bash_operator.py
[2024-07-16T17:12:27.935+0000] {logging_mixin.py:188} INFO - [2024-07-16T17:12:27.935+0000] {dag.py:3089} INFO - Sync 1 DAGs
[2024-07-16T17:12:27.957+0000] {logging_mixin.py:188} INFO - [2024-07-16T17:12:27.957+0000] {dag.py:3947} INFO - Setting next_dagrun for example_bash_operator to 2024-07-15 00:00:00+00:00, run_after=2024-07-16 00:00:00+00:00
[2024-07-16T17:12:27.976+0000] {processor.py:183} INFO - Processing /home/airflow/.local/lib/python3.12/site-packages/airflow/example_dags/example_bash_operator.py took 0.088 seconds
[2024-07-16T17:12:58.765+0000] {processor.py:161} INFO - Started process (PID=371) to work on /home/airflow/.local/lib/python3.12/site-packages/airflow/example_dags/example_bash_operator.py
[2024-07-16T17:12:58.768+0000] {processor.py:830} INFO - Processing file /home/airflow/.local/lib/python3.12/site-packages/airflow/example_dags/example_bash_operator.py for tasks to queue
[2024-07-16T17:12:58.772+0000] {logging_mixin.py:188} INFO - [2024-07-16T17:12:58.771+0000] {dagbag.py:545} INFO - Filling up the DagBag from /home/airflow/.local/lib/python3.12/site-packages/airflow/example_dags/example_bash_operator.py
[2024-07-16T17:12:58.798+0000] {processor.py:840} INFO - DAG(s) 'example_bash_operator' retrieved from /home/airflow/.local/lib/python3.12/site-packages/airflow/example_dags/example_bash_operator.py
[2024-07-16T17:12:58.858+0000] {logging_mixin.py:188} INFO - [2024-07-16T17:12:58.858+0000] {dag.py:3089} INFO - Sync 1 DAGs
[2024-07-16T17:12:58.911+0000] {logging_mixin.py:188} INFO - [2024-07-16T17:12:58.911+0000] {dag.py:3947} INFO - Setting next_dagrun for example_bash_operator to 2024-07-15 00:00:00+00:00, run_after=2024-07-16 00:00:00+00:00
[2024-07-16T17:12:58.947+0000] {processor.py:183} INFO - Processing /home/airflow/.local/lib/python3.12/site-packages/airflow/example_dags/example_bash_operator.py took 0.195 seconds
[2024-07-16T17:13:29.859+0000] {processor.py:161} INFO - Started process (PID=429) to work on /home/airflow/.local/lib/python3.12/site-packages/airflow/example_dags/example_bash_operator.py
[2024-07-16T17:13:29.860+0000] {processor.py:830} INFO - Processing file /home/airflow/.local/lib/python3.12/site-packages/airflow/example_dags/example_bash_operator.py for tasks to queue
[2024-07-16T17:13:29.862+0000] {logging_mixin.py:188} INFO - [2024-07-16T17:13:29.862+0000] {dagbag.py:545} INFO - Filling up the DagBag from /home/airflow/.local/lib/python3.12/site-packages/airflow/example_dags/example_bash_operator.py
[2024-07-16T17:13:29.887+0000] {processor.py:840} INFO - DAG(s) 'example_bash_operator' retrieved from /home/airflow/.local/lib/python3.12/site-packages/airflow/example_dags/example_bash_operator.py
[2024-07-16T17:13:29.951+0000] {logging_mixin.py:188} INFO - [2024-07-16T17:13:29.950+0000] {dag.py:3089} INFO - Sync 1 DAGs
[2024-07-16T17:13:30.011+0000] {logging_mixin.py:188} INFO - [2024-07-16T17:13:30.011+0000] {dag.py:3947} INFO - Setting next_dagrun for example_bash_operator to 2024-07-15 00:00:00+00:00, run_after=2024-07-16 00:00:00+00:00
[2024-07-16T17:13:30.056+0000] {processor.py:183} INFO - Processing /home/airflow/.local/lib/python3.12/site-packages/airflow/example_dags/example_bash_operator.py took 0.204 seconds
[2024-07-16T17:14:00.327+0000] {processor.py:161} INFO - Started process (PID=487) to work on /home/airflow/.local/lib/python3.12/site-packages/airflow/example_dags/example_bash_operator.py
[2024-07-16T17:14:00.328+0000] {processor.py:830} INFO - Processing file /home/airflow/.local/lib/python3.12/site-packages/airflow/example_dags/example_bash_operator.py for tasks to queue
[2024-07-16T17:14:00.330+0000] {logging_mixin.py:188} INFO - [2024-07-16T17:14:00.330+0000] {dagbag.py:545} INFO - Filling up the DagBag from /home/airflow/.local/lib/python3.12/site-packages/airflow/example_dags/example_bash_operator.py
[2024-07-16T17:14:00.341+0000] {processor.py:840} INFO - DAG(s) 'example_bash_operator' retrieved from /home/airflow/.local/lib/python3.12/site-packages/airflow/example_dags/example_bash_operator.py
[2024-07-16T17:14:00.370+0000] {logging_mixin.py:188} INFO - [2024-07-16T17:14:00.370+0000] {dag.py:3089} INFO - Sync 1 DAGs
[2024-07-16T17:14:00.394+0000] {logging_mixin.py:188} INFO - [2024-07-16T17:14:00.394+0000] {dag.py:3947} INFO - Setting next_dagrun for example_bash_operator to 2024-07-15 00:00:00+00:00, run_after=2024-07-16 00:00:00+00:00
[2024-07-16T17:14:00.416+0000] {processor.py:183} INFO - Processing /home/airflow/.local/lib/python3.12/site-packages/airflow/example_dags/example_bash_operator.py took 0.094 seconds
[2024-07-16T17:14:31.155+0000] {processor.py:161} INFO - Started process (PID=545) to work on /home/airflow/.local/lib/python3.12/site-packages/airflow/example_dags/example_bash_operator.py
[2024-07-16T17:14:31.156+0000] {processor.py:830} INFO - Processing file /home/airflow/.local/lib/python3.12/site-packages/airflow/example_dags/example_bash_operator.py for tasks to queue
[2024-07-16T17:14:31.158+0000] {logging_mixin.py:188} INFO - [2024-07-16T17:14:31.158+0000] {dagbag.py:545} INFO - Filling up the DagBag from /home/airflow/.local/lib/python3.12/site-packages/airflow/example_dags/example_bash_operator.py
[2024-07-16T17:14:31.172+0000] {processor.py:840} INFO - DAG(s) 'example_bash_operator' retrieved from /home/airflow/.local/lib/python3.12/site-packages/airflow/example_dags/example_bash_operator.py
[2024-07-16T17:14:31.212+0000] {logging_mixin.py:188} INFO - [2024-07-16T17:14:31.211+0000] {dag.py:3089} INFO - Sync 1 DAGs
[2024-07-16T17:14:31.245+0000] {logging_mixin.py:188} INFO - [2024-07-16T17:14:31.245+0000] {dag.py:3947} INFO - Setting next_dagrun for example_bash_operator to 2024-07-15 00:00:00+00:00, run_after=2024-07-16 00:00:00+00:00
[2024-07-16T17:14:31.268+0000] {processor.py:183} INFO - Processing /home/airflow/.local/lib/python3.12/site-packages/airflow/example_dags/example_bash_operator.py took 0.120 seconds
[2024-07-16T17:15:01.330+0000] {processor.py:161} INFO - Started process (PID=602) to work on /home/airflow/.local/lib/python3.12/site-packages/airflow/example_dags/example_bash_operator.py
[2024-07-16T17:15:01.332+0000] {processor.py:830} INFO - Processing file /home/airflow/.local/lib/python3.12/site-packages/airflow/example_dags/example_bash_operator.py for tasks to queue
[2024-07-16T17:15:01.334+0000] {logging_mixin.py:188} INFO - [2024-07-16T17:15:01.334+0000] {dagbag.py:545} INFO - Filling up the DagBag from /home/airflow/.local/lib/python3.12/site-packages/airflow/example_dags/example_bash_operator.py
[2024-07-16T17:15:01.345+0000] {processor.py:840} INFO - DAG(s) 'example_bash_operator' retrieved from /home/airflow/.local/lib/python3.12/site-packages/airflow/example_dags/example_bash_operator.py
[2024-07-16T17:15:01.376+0000] {logging_mixin.py:188} INFO - [2024-07-16T17:15:01.376+0000] {dag.py:3089} INFO - Sync 1 DAGs
[2024-07-16T17:15:01.404+0000] {logging_mixin.py:188} INFO - [2024-07-16T17:15:01.403+0000] {dag.py:3947} INFO - Setting next_dagrun for example_bash_operator to 2024-07-15 00:00:00+00:00, run_after=2024-07-16 00:00:00+00:00
[2024-07-16T17:15:01.426+0000] {processor.py:183} INFO - Processing /home/airflow/.local/lib/python3.12/site-packages/airflow/example_dags/example_bash_operator.py took 0.101 seconds
[2024-07-16T17:15:31.526+0000] {processor.py:161} INFO - Started process (PID=660) to work on /home/airflow/.local/lib/python3.12/site-packages/airflow/example_dags/example_bash_operator.py
[2024-07-16T17:15:31.528+0000] {processor.py:830} INFO - Processing file /home/airflow/.local/lib/python3.12/site-packages/airflow/example_dags/example_bash_operator.py for tasks to queue
[2024-07-16T17:15:31.530+0000] {logging_mixin.py:188} INFO - [2024-07-16T17:15:31.530+0000] {dagbag.py:545} INFO - Filling up the DagBag from /home/airflow/.local/lib/python3.12/site-packages/airflow/example_dags/example_bash_operator.py
[2024-07-16T17:15:31.539+0000] {processor.py:840} INFO - DAG(s) 'example_bash_operator' retrieved from /home/airflow/.local/lib/python3.12/site-packages/airflow/example_dags/example_bash_operator.py
[2024-07-16T17:15:31.562+0000] {logging_mixin.py:188} INFO - [2024-07-16T17:15:31.562+0000] {dag.py:3089} INFO - Sync 1 DAGs
[2024-07-16T17:15:31.581+0000] {logging_mixin.py:188} INFO - [2024-07-16T17:15:31.581+0000] {dag.py:3947} INFO - Setting next_dagrun for example_bash_operator to 2024-07-15 00:00:00+00:00, run_after=2024-07-16 00:00:00+00:00
[2024-07-16T17:15:31.599+0000] {processor.py:183} INFO - Processing /home/airflow/.local/lib/python3.12/site-packages/airflow/example_dags/example_bash_operator.py took 0.078 seconds
[2024-07-16T17:16:01.772+0000] {processor.py:161} INFO - Started process (PID=718) to work on /home/airflow/.local/lib/python3.12/site-packages/airflow/example_dags/example_bash_operator.py
[2024-07-16T17:16:01.773+0000] {processor.py:830} INFO - Processing file /home/airflow/.local/lib/python3.12/site-packages/airflow/example_dags/example_bash_operator.py for tasks to queue
[2024-07-16T17:16:01.775+0000] {logging_mixin.py:188} INFO - [2024-07-16T17:16:01.775+0000] {dagbag.py:545} INFO - Filling up the DagBag from /home/airflow/.local/lib/python3.12/site-packages/airflow/example_dags/example_bash_operator.py
[2024-07-16T17:16:01.787+0000] {processor.py:840} INFO - DAG(s) 'example_bash_operator' retrieved from /home/airflow/.local/lib/python3.12/site-packages/airflow/example_dags/example_bash_operator.py
[2024-07-16T17:16:01.810+0000] {logging_mixin.py:188} INFO - [2024-07-16T17:16:01.809+0000] {dag.py:3089} INFO - Sync 1 DAGs
[2024-07-16T17:16:01.828+0000] {logging_mixin.py:188} INFO - [2024-07-16T17:16:01.828+0000] {dag.py:3947} INFO - Setting next_dagrun for example_bash_operator to 2024-07-15 00:00:00+00:00, run_after=2024-07-16 00:00:00+00:00
[2024-07-16T17:16:01.849+0000] {processor.py:183} INFO - Processing /home/airflow/.local/lib/python3.12/site-packages/airflow/example_dags/example_bash_operator.py took 0.082 seconds
[2024-07-16T17:16:32.174+0000] {processor.py:161} INFO - Started process (PID=776) to work on /home/airflow/.local/lib/python3.12/site-packages/airflow/example_dags/example_bash_operator.py
[2024-07-16T17:16:32.175+0000] {processor.py:830} INFO - Processing file /home/airflow/.local/lib/python3.12/site-packages/airflow/example_dags/example_bash_operator.py for tasks to queue
[2024-07-16T17:16:32.176+0000] {logging_mixin.py:188} INFO - [2024-07-16T17:16:32.176+0000] {dagbag.py:545} INFO - Filling up the DagBag from /home/airflow/.local/lib/python3.12/site-packages/airflow/example_dags/example_bash_operator.py
[2024-07-16T17:16:32.190+0000] {processor.py:840} INFO - DAG(s) 'example_bash_operator' retrieved from /home/airflow/.local/lib/python3.12/site-packages/airflow/example_dags/example_bash_operator.py
[2024-07-16T17:16:32.221+0000] {logging_mixin.py:188} INFO - [2024-07-16T17:16:32.221+0000] {dag.py:3089} INFO - Sync 1 DAGs
[2024-07-16T17:16:32.246+0000] {logging_mixin.py:188} INFO - [2024-07-16T17:16:32.246+0000] {dag.py:3947} INFO - Setting next_dagrun for example_bash_operator to 2024-07-15 00:00:00+00:00, run_after=2024-07-16 00:00:00+00:00
[2024-07-16T17:16:32.273+0000] {processor.py:183} INFO - Processing /home/airflow/.local/lib/python3.12/site-packages/airflow/example_dags/example_bash_operator.py took 0.103 seconds
[2024-07-16T17:17:02.337+0000] {processor.py:161} INFO - Started process (PID=834) to work on /home/airflow/.local/lib/python3.12/site-packages/airflow/example_dags/example_bash_operator.py
[2024-07-16T17:17:02.338+0000] {processor.py:830} INFO - Processing file /home/airflow/.local/lib/python3.12/site-packages/airflow/example_dags/example_bash_operator.py for tasks to queue
[2024-07-16T17:17:02.341+0000] {logging_mixin.py:188} INFO - [2024-07-16T17:17:02.340+0000] {dagbag.py:545} INFO - Filling up the DagBag from /home/airflow/.local/lib/python3.12/site-packages/airflow/example_dags/example_bash_operator.py
[2024-07-16T17:17:02.355+0000] {processor.py:840} INFO - DAG(s) 'example_bash_operator' retrieved from /home/airflow/.local/lib/python3.12/site-packages/airflow/example_dags/example_bash_operator.py
[2024-07-16T17:17:02.388+0000] {logging_mixin.py:188} INFO - [2024-07-16T17:17:02.388+0000] {dag.py:3089} INFO - Sync 1 DAGs
[2024-07-16T17:17:02.413+0000] {logging_mixin.py:188} INFO - [2024-07-16T17:17:02.413+0000] {dag.py:3947} INFO - Setting next_dagrun for example_bash_operator to 2024-07-15 00:00:00+00:00, run_after=2024-07-16 00:00:00+00:00
[2024-07-16T17:17:02.435+0000] {processor.py:183} INFO - Processing /home/airflow/.local/lib/python3.12/site-packages/airflow/example_dags/example_bash_operator.py took 0.103 seconds
[2024-07-16T17:17:32.670+0000] {processor.py:161} INFO - Started process (PID=892) to work on /home/airflow/.local/lib/python3.12/site-packages/airflow/example_dags/example_bash_operator.py
[2024-07-16T17:17:32.671+0000] {processor.py:830} INFO - Processing file /home/airflow/.local/lib/python3.12/site-packages/airflow/example_dags/example_bash_operator.py for tasks to queue
[2024-07-16T17:17:32.672+0000] {logging_mixin.py:188} INFO - [2024-07-16T17:17:32.672+0000] {dagbag.py:545} INFO - Filling up the DagBag from /home/airflow/.local/lib/python3.12/site-packages/airflow/example_dags/example_bash_operator.py
[2024-07-16T17:17:32.681+0000] {processor.py:840} INFO - DAG(s) 'example_bash_operator' retrieved from /home/airflow/.local/lib/python3.12/site-packages/airflow/example_dags/example_bash_operator.py
[2024-07-16T17:17:32.702+0000] {logging_mixin.py:188} INFO - [2024-07-16T17:17:32.702+0000] {dag.py:3089} INFO - Sync 1 DAGs
[2024-07-16T17:17:32.719+0000] {logging_mixin.py:188} INFO - [2024-07-16T17:17:32.719+0000] {dag.py:3947} INFO - Setting next_dagrun for example_bash_operator to 2024-07-15 00:00:00+00:00, run_after=2024-07-16 00:00:00+00:00
[2024-07-16T17:17:32.735+0000] {processor.py:183} INFO - Processing /home/airflow/.local/lib/python3.12/site-packages/airflow/example_dags/example_bash_operator.py took 0.071 seconds
[2024-07-16T17:18:03.340+0000] {processor.py:161} INFO - Started process (PID=950) to work on /home/airflow/.local/lib/python3.12/site-packages/airflow/example_dags/example_bash_operator.py
[2024-07-16T17:18:03.342+0000] {processor.py:830} INFO - Processing file /home/airflow/.local/lib/python3.12/site-packages/airflow/example_dags/example_bash_operator.py for tasks to queue
[2024-07-16T17:18:03.343+0000] {logging_mixin.py:188} INFO - [2024-07-16T17:18:03.343+0000] {dagbag.py:545} INFO - Filling up the DagBag from /home/airflow/.local/lib/python3.12/site-packages/airflow/example_dags/example_bash_operator.py
[2024-07-16T17:18:03.353+0000] {processor.py:840} INFO - DAG(s) 'example_bash_operator' retrieved from /home/airflow/.local/lib/python3.12/site-packages/airflow/example_dags/example_bash_operator.py
[2024-07-16T17:18:03.377+0000] {logging_mixin.py:188} INFO - [2024-07-16T17:18:03.377+0000] {dag.py:3089} INFO - Sync 1 DAGs
[2024-07-16T17:18:03.398+0000] {logging_mixin.py:188} INFO - [2024-07-16T17:18:03.398+0000] {dag.py:3947} INFO - Setting next_dagrun for example_bash_operator to 2024-07-15 00:00:00+00:00, run_after=2024-07-16 00:00:00+00:00
[2024-07-16T17:18:03.415+0000] {processor.py:183} INFO - Processing /home/airflow/.local/lib/python3.12/site-packages/airflow/example_dags/example_bash_operator.py took 0.080 seconds
[2024-07-16T17:18:34.415+0000] {processor.py:161} INFO - Started process (PID=1008) to work on /home/airflow/.local/lib/python3.12/site-packages/airflow/example_dags/example_bash_operator.py
[2024-07-16T17:18:34.419+0000] {processor.py:830} INFO - Processing file /home/airflow/.local/lib/python3.12/site-packages/airflow/example_dags/example_bash_operator.py for tasks to queue
[2024-07-16T17:18:34.423+0000] {logging_mixin.py:188} INFO - [2024-07-16T17:18:34.423+0000] {dagbag.py:545} INFO - Filling up the DagBag from /home/airflow/.local/lib/python3.12/site-packages/airflow/example_dags/example_bash_operator.py
[2024-07-16T17:18:34.460+0000] {processor.py:840} INFO - DAG(s) 'example_bash_operator' retrieved from /home/airflow/.local/lib/python3.12/site-packages/airflow/example_dags/example_bash_operator.py
[2024-07-16T17:18:34.543+0000] {logging_mixin.py:188} INFO - [2024-07-16T17:18:34.542+0000] {dag.py:3089} INFO - Sync 1 DAGs
[2024-07-16T17:18:34.637+0000] {logging_mixin.py:188} INFO - [2024-07-16T17:18:34.635+0000] {dag.py:3947} INFO - Setting next_dagrun for example_bash_operator to 2024-07-15 00:00:00+00:00, run_after=2024-07-16 00:00:00+00:00
[2024-07-16T17:18:34.697+0000] {processor.py:183} INFO - Processing /home/airflow/.local/lib/python3.12/site-packages/airflow/example_dags/example_bash_operator.py took 0.291 seconds
[2024-07-16T17:19:05.415+0000] {processor.py:161} INFO - Started process (PID=1066) to work on /home/airflow/.local/lib/python3.12/site-packages/airflow/example_dags/example_bash_operator.py
[2024-07-16T17:19:05.417+0000] {processor.py:830} INFO - Processing file /home/airflow/.local/lib/python3.12/site-packages/airflow/example_dags/example_bash_operator.py for tasks to queue
[2024-07-16T17:19:05.419+0000] {logging_mixin.py:188} INFO - [2024-07-16T17:19:05.419+0000] {dagbag.py:545} INFO - Filling up the DagBag from /home/airflow/.local/lib/python3.12/site-packages/airflow/example_dags/example_bash_operator.py
[2024-07-16T17:19:05.475+0000] {processor.py:840} INFO - DAG(s) 'example_bash_operator' retrieved from /home/airflow/.local/lib/python3.12/site-packages/airflow/example_dags/example_bash_operator.py
[2024-07-16T17:19:05.556+0000] {logging_mixin.py:188} INFO - [2024-07-16T17:19:05.555+0000] {dag.py:3089} INFO - Sync 1 DAGs
[2024-07-16T17:19:05.628+0000] {logging_mixin.py:188} INFO - [2024-07-16T17:19:05.628+0000] {dag.py:3947} INFO - Setting next_dagrun for example_bash_operator to 2024-07-15 00:00:00+00:00, run_after=2024-07-16 00:00:00+00:00
[2024-07-16T17:19:05.682+0000] {processor.py:183} INFO - Processing /home/airflow/.local/lib/python3.12/site-packages/airflow/example_dags/example_bash_operator.py took 0.289 seconds
[2024-07-16T17:19:36.385+0000] {processor.py:161} INFO - Started process (PID=1124) to work on /home/airflow/.local/lib/python3.12/site-packages/airflow/example_dags/example_bash_operator.py
[2024-07-16T17:19:36.386+0000] {processor.py:830} INFO - Processing file /home/airflow/.local/lib/python3.12/site-packages/airflow/example_dags/example_bash_operator.py for tasks to queue
[2024-07-16T17:19:36.388+0000] {logging_mixin.py:188} INFO - [2024-07-16T17:19:36.388+0000] {dagbag.py:545} INFO - Filling up the DagBag from /home/airflow/.local/lib/python3.12/site-packages/airflow/example_dags/example_bash_operator.py
[2024-07-16T17:19:36.398+0000] {processor.py:840} INFO - DAG(s) 'example_bash_operator' retrieved from /home/airflow/.local/lib/python3.12/site-packages/airflow/example_dags/example_bash_operator.py
[2024-07-16T17:19:36.429+0000] {logging_mixin.py:188} INFO - [2024-07-16T17:19:36.428+0000] {dag.py:3089} INFO - Sync 1 DAGs
[2024-07-16T17:19:36.453+0000] {logging_mixin.py:188} INFO - [2024-07-16T17:19:36.453+0000] {dag.py:3947} INFO - Setting next_dagrun for example_bash_operator to 2024-07-15 00:00:00+00:00, run_after=2024-07-16 00:00:00+00:00
[2024-07-16T17:19:36.476+0000] {processor.py:183} INFO - Processing /home/airflow/.local/lib/python3.12/site-packages/airflow/example_dags/example_bash_operator.py took 0.097 seconds
[2024-07-16T17:23:52.710+0000] {processor.py:161} INFO - Started process (PID=83) to work on /home/airflow/.local/lib/python3.12/site-packages/airflow/example_dags/example_bash_operator.py
[2024-07-16T17:23:52.712+0000] {processor.py:830} INFO - Processing file /home/airflow/.local/lib/python3.12/site-packages/airflow/example_dags/example_bash_operator.py for tasks to queue
[2024-07-16T17:23:52.714+0000] {logging_mixin.py:188} INFO - [2024-07-16T17:23:52.714+0000] {dagbag.py:545} INFO - Filling up the DagBag from /home/airflow/.local/lib/python3.12/site-packages/airflow/example_dags/example_bash_operator.py
[2024-07-16T17:23:52.744+0000] {processor.py:840} INFO - DAG(s) 'example_bash_operator' retrieved from /home/airflow/.local/lib/python3.12/site-packages/airflow/example_dags/example_bash_operator.py
[2024-07-16T17:23:52.960+0000] {logging_mixin.py:188} INFO - [2024-07-16T17:23:52.959+0000] {dag.py:3089} INFO - Sync 1 DAGs
[2024-07-16T17:23:53.002+0000] {logging_mixin.py:188} INFO - [2024-07-16T17:23:53.002+0000] {dag.py:3947} INFO - Setting next_dagrun for example_bash_operator to 2024-07-15 00:00:00+00:00, run_after=2024-07-16 00:00:00+00:00
[2024-07-16T17:23:53.050+0000] {processor.py:183} INFO - Processing /home/airflow/.local/lib/python3.12/site-packages/airflow/example_dags/example_bash_operator.py took 0.347 seconds
[2024-07-16T17:24:23.870+0000] {processor.py:161} INFO - Started process (PID=140) to work on /home/airflow/.local/lib/python3.12/site-packages/airflow/example_dags/example_bash_operator.py
[2024-07-16T17:24:23.871+0000] {processor.py:830} INFO - Processing file /home/airflow/.local/lib/python3.12/site-packages/airflow/example_dags/example_bash_operator.py for tasks to queue
[2024-07-16T17:24:23.873+0000] {logging_mixin.py:188} INFO - [2024-07-16T17:24:23.872+0000] {dagbag.py:545} INFO - Filling up the DagBag from /home/airflow/.local/lib/python3.12/site-packages/airflow/example_dags/example_bash_operator.py
[2024-07-16T17:24:23.884+0000] {processor.py:840} INFO - DAG(s) 'example_bash_operator' retrieved from /home/airflow/.local/lib/python3.12/site-packages/airflow/example_dags/example_bash_operator.py
[2024-07-16T17:24:23.907+0000] {logging_mixin.py:188} INFO - [2024-07-16T17:24:23.907+0000] {dag.py:3089} INFO - Sync 1 DAGs
[2024-07-16T17:24:23.929+0000] {logging_mixin.py:188} INFO - [2024-07-16T17:24:23.929+0000] {dag.py:3947} INFO - Setting next_dagrun for example_bash_operator to 2024-07-15 00:00:00+00:00, run_after=2024-07-16 00:00:00+00:00
[2024-07-16T17:24:23.956+0000] {processor.py:183} INFO - Processing /home/airflow/.local/lib/python3.12/site-packages/airflow/example_dags/example_bash_operator.py took 0.091 seconds
[2024-07-16T17:24:54.753+0000] {processor.py:161} INFO - Started process (PID=198) to work on /home/airflow/.local/lib/python3.12/site-packages/airflow/example_dags/example_bash_operator.py
[2024-07-16T17:24:54.754+0000] {processor.py:830} INFO - Processing file /home/airflow/.local/lib/python3.12/site-packages/airflow/example_dags/example_bash_operator.py for tasks to queue
[2024-07-16T17:24:54.756+0000] {logging_mixin.py:188} INFO - [2024-07-16T17:24:54.756+0000] {dagbag.py:545} INFO - Filling up the DagBag from /home/airflow/.local/lib/python3.12/site-packages/airflow/example_dags/example_bash_operator.py
[2024-07-16T17:24:54.765+0000] {processor.py:840} INFO - DAG(s) 'example_bash_operator' retrieved from /home/airflow/.local/lib/python3.12/site-packages/airflow/example_dags/example_bash_operator.py
[2024-07-16T17:24:54.792+0000] {logging_mixin.py:188} INFO - [2024-07-16T17:24:54.792+0000] {dag.py:3089} INFO - Sync 1 DAGs
[2024-07-16T17:24:54.811+0000] {logging_mixin.py:188} INFO - [2024-07-16T17:24:54.811+0000] {dag.py:3947} INFO - Setting next_dagrun for example_bash_operator to 2024-07-15 00:00:00+00:00, run_after=2024-07-16 00:00:00+00:00
[2024-07-16T17:24:54.828+0000] {processor.py:183} INFO - Processing /home/airflow/.local/lib/python3.12/site-packages/airflow/example_dags/example_bash_operator.py took 0.080 seconds
[2024-07-16T17:25:25.037+0000] {processor.py:161} INFO - Started process (PID=257) to work on /home/airflow/.local/lib/python3.12/site-packages/airflow/example_dags/example_bash_operator.py
[2024-07-16T17:25:25.039+0000] {processor.py:830} INFO - Processing file /home/airflow/.local/lib/python3.12/site-packages/airflow/example_dags/example_bash_operator.py for tasks to queue
[2024-07-16T17:25:25.045+0000] {logging_mixin.py:188} INFO - [2024-07-16T17:25:25.045+0000] {dagbag.py:545} INFO - Filling up the DagBag from /home/airflow/.local/lib/python3.12/site-packages/airflow/example_dags/example_bash_operator.py
[2024-07-16T17:25:25.058+0000] {processor.py:840} INFO - DAG(s) 'example_bash_operator' retrieved from /home/airflow/.local/lib/python3.12/site-packages/airflow/example_dags/example_bash_operator.py
[2024-07-16T17:25:25.080+0000] {logging_mixin.py:188} INFO - [2024-07-16T17:25:25.080+0000] {dag.py:3089} INFO - Sync 1 DAGs
[2024-07-16T17:25:25.099+0000] {logging_mixin.py:188} INFO - [2024-07-16T17:25:25.099+0000] {dag.py:3947} INFO - Setting next_dagrun for example_bash_operator to 2024-07-15 00:00:00+00:00, run_after=2024-07-16 00:00:00+00:00
[2024-07-16T17:25:25.116+0000] {processor.py:183} INFO - Processing /home/airflow/.local/lib/python3.12/site-packages/airflow/example_dags/example_bash_operator.py took 0.089 seconds
[2024-07-16T17:29:55.952+0000] {processor.py:161} INFO - Started process (PID=77) to work on /home/airflow/.local/lib/python3.12/site-packages/airflow/example_dags/example_bash_operator.py
[2024-07-16T17:29:55.954+0000] {processor.py:830} INFO - Processing file /home/airflow/.local/lib/python3.12/site-packages/airflow/example_dags/example_bash_operator.py for tasks to queue
[2024-07-16T17:29:55.956+0000] {logging_mixin.py:188} INFO - [2024-07-16T17:29:55.956+0000] {dagbag.py:545} INFO - Filling up the DagBag from /home/airflow/.local/lib/python3.12/site-packages/airflow/example_dags/example_bash_operator.py
[2024-07-16T17:29:55.976+0000] {processor.py:840} INFO - DAG(s) 'example_bash_operator' retrieved from /home/airflow/.local/lib/python3.12/site-packages/airflow/example_dags/example_bash_operator.py
[2024-07-16T17:29:56.168+0000] {logging_mixin.py:188} INFO - [2024-07-16T17:29:56.167+0000] {dag.py:3089} INFO - Sync 1 DAGs
[2024-07-16T17:29:56.210+0000] {logging_mixin.py:188} INFO - [2024-07-16T17:29:56.210+0000] {dag.py:3947} INFO - Setting next_dagrun for example_bash_operator to 2024-07-15 00:00:00+00:00, run_after=2024-07-16 00:00:00+00:00
[2024-07-16T17:29:56.244+0000] {processor.py:183} INFO - Processing /home/airflow/.local/lib/python3.12/site-packages/airflow/example_dags/example_bash_operator.py took 0.301 seconds
[2024-07-16T17:30:26.922+0000] {processor.py:161} INFO - Started process (PID=135) to work on /home/airflow/.local/lib/python3.12/site-packages/airflow/example_dags/example_bash_operator.py
[2024-07-16T17:30:26.924+0000] {processor.py:830} INFO - Processing file /home/airflow/.local/lib/python3.12/site-packages/airflow/example_dags/example_bash_operator.py for tasks to queue
[2024-07-16T17:30:26.926+0000] {logging_mixin.py:188} INFO - [2024-07-16T17:30:26.925+0000] {dagbag.py:545} INFO - Filling up the DagBag from /home/airflow/.local/lib/python3.12/site-packages/airflow/example_dags/example_bash_operator.py
[2024-07-16T17:30:26.945+0000] {processor.py:840} INFO - DAG(s) 'example_bash_operator' retrieved from /home/airflow/.local/lib/python3.12/site-packages/airflow/example_dags/example_bash_operator.py
[2024-07-16T17:30:26.991+0000] {logging_mixin.py:188} INFO - [2024-07-16T17:30:26.990+0000] {dag.py:3089} INFO - Sync 1 DAGs
[2024-07-16T17:30:27.029+0000] {logging_mixin.py:188} INFO - [2024-07-16T17:30:27.029+0000] {dag.py:3947} INFO - Setting next_dagrun for example_bash_operator to 2024-07-15 00:00:00+00:00, run_after=2024-07-16 00:00:00+00:00
[2024-07-16T17:30:27.067+0000] {processor.py:183} INFO - Processing /home/airflow/.local/lib/python3.12/site-packages/airflow/example_dags/example_bash_operator.py took 0.151 seconds
[2024-07-16T17:30:57.921+0000] {processor.py:161} INFO - Started process (PID=198) to work on /home/airflow/.local/lib/python3.12/site-packages/airflow/example_dags/example_bash_operator.py
[2024-07-16T17:30:57.923+0000] {processor.py:830} INFO - Processing file /home/airflow/.local/lib/python3.12/site-packages/airflow/example_dags/example_bash_operator.py for tasks to queue
[2024-07-16T17:30:57.925+0000] {logging_mixin.py:188} INFO - [2024-07-16T17:30:57.924+0000] {dagbag.py:545} INFO - Filling up the DagBag from /home/airflow/.local/lib/python3.12/site-packages/airflow/example_dags/example_bash_operator.py
[2024-07-16T17:30:57.945+0000] {processor.py:840} INFO - DAG(s) 'example_bash_operator' retrieved from /home/airflow/.local/lib/python3.12/site-packages/airflow/example_dags/example_bash_operator.py
[2024-07-16T17:30:57.983+0000] {logging_mixin.py:188} INFO - [2024-07-16T17:30:57.983+0000] {dag.py:3089} INFO - Sync 1 DAGs
[2024-07-16T17:30:58.016+0000] {logging_mixin.py:188} INFO - [2024-07-16T17:30:58.016+0000] {dag.py:3947} INFO - Setting next_dagrun for example_bash_operator to 2024-07-15 00:00:00+00:00, run_after=2024-07-16 00:00:00+00:00
[2024-07-16T17:30:58.044+0000] {processor.py:183} INFO - Processing /home/airflow/.local/lib/python3.12/site-packages/airflow/example_dags/example_bash_operator.py took 0.130 seconds
[2024-07-16T17:31:28.452+0000] {processor.py:161} INFO - Started process (PID=256) to work on /home/airflow/.local/lib/python3.12/site-packages/airflow/example_dags/example_bash_operator.py
[2024-07-16T17:31:28.454+0000] {processor.py:830} INFO - Processing file /home/airflow/.local/lib/python3.12/site-packages/airflow/example_dags/example_bash_operator.py for tasks to queue
[2024-07-16T17:31:28.459+0000] {logging_mixin.py:188} INFO - [2024-07-16T17:31:28.458+0000] {dagbag.py:545} INFO - Filling up the DagBag from /home/airflow/.local/lib/python3.12/site-packages/airflow/example_dags/example_bash_operator.py
[2024-07-16T17:31:28.483+0000] {processor.py:840} INFO - DAG(s) 'example_bash_operator' retrieved from /home/airflow/.local/lib/python3.12/site-packages/airflow/example_dags/example_bash_operator.py
[2024-07-16T17:31:28.543+0000] {logging_mixin.py:188} INFO - [2024-07-16T17:31:28.543+0000] {dag.py:3089} INFO - Sync 1 DAGs
[2024-07-16T17:31:28.592+0000] {logging_mixin.py:188} INFO - [2024-07-16T17:31:28.591+0000] {dag.py:3947} INFO - Setting next_dagrun for example_bash_operator to 2024-07-15 00:00:00+00:00, run_after=2024-07-16 00:00:00+00:00
[2024-07-16T17:31:28.629+0000] {processor.py:183} INFO - Processing /home/airflow/.local/lib/python3.12/site-packages/airflow/example_dags/example_bash_operator.py took 0.190 seconds
[2024-07-16T17:31:59.703+0000] {processor.py:161} INFO - Started process (PID=314) to work on /home/airflow/.local/lib/python3.12/site-packages/airflow/example_dags/example_bash_operator.py
[2024-07-16T17:31:59.706+0000] {processor.py:830} INFO - Processing file /home/airflow/.local/lib/python3.12/site-packages/airflow/example_dags/example_bash_operator.py for tasks to queue
[2024-07-16T17:31:59.711+0000] {logging_mixin.py:188} INFO - [2024-07-16T17:31:59.710+0000] {dagbag.py:545} INFO - Filling up the DagBag from /home/airflow/.local/lib/python3.12/site-packages/airflow/example_dags/example_bash_operator.py
[2024-07-16T17:31:59.737+0000] {processor.py:840} INFO - DAG(s) 'example_bash_operator' retrieved from /home/airflow/.local/lib/python3.12/site-packages/airflow/example_dags/example_bash_operator.py
[2024-07-16T17:31:59.812+0000] {logging_mixin.py:188} INFO - [2024-07-16T17:31:59.811+0000] {dag.py:3089} INFO - Sync 1 DAGs
[2024-07-16T17:31:59.872+0000] {logging_mixin.py:188} INFO - [2024-07-16T17:31:59.872+0000] {dag.py:3947} INFO - Setting next_dagrun for example_bash_operator to 2024-07-15 00:00:00+00:00, run_after=2024-07-16 00:00:00+00:00
[2024-07-16T17:31:59.921+0000] {processor.py:183} INFO - Processing /home/airflow/.local/lib/python3.12/site-packages/airflow/example_dags/example_bash_operator.py took 0.233 seconds
[2024-07-16T17:32:30.468+0000] {processor.py:161} INFO - Started process (PID=372) to work on /home/airflow/.local/lib/python3.12/site-packages/airflow/example_dags/example_bash_operator.py
[2024-07-16T17:32:30.469+0000] {processor.py:830} INFO - Processing file /home/airflow/.local/lib/python3.12/site-packages/airflow/example_dags/example_bash_operator.py for tasks to queue
[2024-07-16T17:32:30.473+0000] {logging_mixin.py:188} INFO - [2024-07-16T17:32:30.473+0000] {dagbag.py:545} INFO - Filling up the DagBag from /home/airflow/.local/lib/python3.12/site-packages/airflow/example_dags/example_bash_operator.py
[2024-07-16T17:32:30.496+0000] {processor.py:840} INFO - DAG(s) 'example_bash_operator' retrieved from /home/airflow/.local/lib/python3.12/site-packages/airflow/example_dags/example_bash_operator.py
[2024-07-16T17:32:30.552+0000] {logging_mixin.py:188} INFO - [2024-07-16T17:32:30.552+0000] {dag.py:3089} INFO - Sync 1 DAGs
[2024-07-16T17:32:30.601+0000] {logging_mixin.py:188} INFO - [2024-07-16T17:32:30.601+0000] {dag.py:3947} INFO - Setting next_dagrun for example_bash_operator to 2024-07-15 00:00:00+00:00, run_after=2024-07-16 00:00:00+00:00
[2024-07-16T17:32:30.647+0000] {processor.py:183} INFO - Processing /home/airflow/.local/lib/python3.12/site-packages/airflow/example_dags/example_bash_operator.py took 0.191 seconds
[2024-07-16T17:33:01.487+0000] {processor.py:161} INFO - Started process (PID=430) to work on /home/airflow/.local/lib/python3.12/site-packages/airflow/example_dags/example_bash_operator.py
[2024-07-16T17:33:01.489+0000] {processor.py:830} INFO - Processing file /home/airflow/.local/lib/python3.12/site-packages/airflow/example_dags/example_bash_operator.py for tasks to queue
[2024-07-16T17:33:01.492+0000] {logging_mixin.py:188} INFO - [2024-07-16T17:33:01.492+0000] {dagbag.py:545} INFO - Filling up the DagBag from /home/airflow/.local/lib/python3.12/site-packages/airflow/example_dags/example_bash_operator.py
[2024-07-16T17:33:01.508+0000] {processor.py:840} INFO - DAG(s) 'example_bash_operator' retrieved from /home/airflow/.local/lib/python3.12/site-packages/airflow/example_dags/example_bash_operator.py
[2024-07-16T17:33:01.549+0000] {logging_mixin.py:188} INFO - [2024-07-16T17:33:01.549+0000] {dag.py:3089} INFO - Sync 1 DAGs
[2024-07-16T17:33:01.588+0000] {logging_mixin.py:188} INFO - [2024-07-16T17:33:01.587+0000] {dag.py:3947} INFO - Setting next_dagrun for example_bash_operator to 2024-07-15 00:00:00+00:00, run_after=2024-07-16 00:00:00+00:00
[2024-07-16T17:33:01.630+0000] {processor.py:183} INFO - Processing /home/airflow/.local/lib/python3.12/site-packages/airflow/example_dags/example_bash_operator.py took 0.154 seconds
[2024-07-16T18:04:16.214+0000] {processor.py:161} INFO - Started process (PID=84) to work on /home/airflow/.local/lib/python3.12/site-packages/airflow/example_dags/example_bash_operator.py
[2024-07-16T18:04:16.216+0000] {processor.py:830} INFO - Processing file /home/airflow/.local/lib/python3.12/site-packages/airflow/example_dags/example_bash_operator.py for tasks to queue
[2024-07-16T18:04:16.218+0000] {logging_mixin.py:188} INFO - [2024-07-16T18:04:16.218+0000] {dagbag.py:545} INFO - Filling up the DagBag from /home/airflow/.local/lib/python3.12/site-packages/airflow/example_dags/example_bash_operator.py
[2024-07-16T18:04:16.235+0000] {processor.py:840} INFO - DAG(s) 'example_bash_operator' retrieved from /home/airflow/.local/lib/python3.12/site-packages/airflow/example_dags/example_bash_operator.py
[2024-07-16T18:04:16.394+0000] {logging_mixin.py:188} INFO - [2024-07-16T18:04:16.394+0000] {dag.py:3089} INFO - Sync 1 DAGs
[2024-07-16T18:04:16.428+0000] {logging_mixin.py:188} INFO - [2024-07-16T18:04:16.428+0000] {dag.py:3947} INFO - Setting next_dagrun for example_bash_operator to 2024-07-15 00:00:00+00:00, run_after=2024-07-16 00:00:00+00:00
[2024-07-16T18:04:16.461+0000] {processor.py:183} INFO - Processing /home/airflow/.local/lib/python3.12/site-packages/airflow/example_dags/example_bash_operator.py took 0.253 seconds
[2024-07-16T18:12:23.650+0000] {processor.py:161} INFO - Started process (PID=84) to work on /home/airflow/.local/lib/python3.12/site-packages/airflow/example_dags/example_bash_operator.py
[2024-07-16T18:12:23.651+0000] {processor.py:830} INFO - Processing file /home/airflow/.local/lib/python3.12/site-packages/airflow/example_dags/example_bash_operator.py for tasks to queue
[2024-07-16T18:12:23.654+0000] {logging_mixin.py:188} INFO - [2024-07-16T18:12:23.653+0000] {dagbag.py:545} INFO - Filling up the DagBag from /home/airflow/.local/lib/python3.12/site-packages/airflow/example_dags/example_bash_operator.py
[2024-07-16T18:12:23.670+0000] {processor.py:840} INFO - DAG(s) 'example_bash_operator' retrieved from /home/airflow/.local/lib/python3.12/site-packages/airflow/example_dags/example_bash_operator.py
[2024-07-16T18:12:23.832+0000] {logging_mixin.py:188} INFO - [2024-07-16T18:12:23.832+0000] {dag.py:3089} INFO - Sync 1 DAGs
[2024-07-16T18:12:23.857+0000] {logging_mixin.py:188} INFO - [2024-07-16T18:12:23.856+0000] {dag.py:3947} INFO - Setting next_dagrun for example_bash_operator to 2024-07-15 00:00:00+00:00, run_after=2024-07-16 00:00:00+00:00
[2024-07-16T18:12:23.885+0000] {processor.py:183} INFO - Processing /home/airflow/.local/lib/python3.12/site-packages/airflow/example_dags/example_bash_operator.py took 0.242 seconds
[2024-07-16T18:12:54.054+0000] {processor.py:161} INFO - Started process (PID=143) to work on /home/airflow/.local/lib/python3.12/site-packages/airflow/example_dags/example_bash_operator.py
[2024-07-16T18:12:54.055+0000] {processor.py:830} INFO - Processing file /home/airflow/.local/lib/python3.12/site-packages/airflow/example_dags/example_bash_operator.py for tasks to queue
[2024-07-16T18:12:54.057+0000] {logging_mixin.py:188} INFO - [2024-07-16T18:12:54.057+0000] {dagbag.py:545} INFO - Filling up the DagBag from /home/airflow/.local/lib/python3.12/site-packages/airflow/example_dags/example_bash_operator.py
[2024-07-16T18:12:54.067+0000] {processor.py:840} INFO - DAG(s) 'example_bash_operator' retrieved from /home/airflow/.local/lib/python3.12/site-packages/airflow/example_dags/example_bash_operator.py
[2024-07-16T18:12:54.093+0000] {logging_mixin.py:188} INFO - [2024-07-16T18:12:54.093+0000] {dag.py:3089} INFO - Sync 1 DAGs
[2024-07-16T18:12:54.114+0000] {logging_mixin.py:188} INFO - [2024-07-16T18:12:54.114+0000] {dag.py:3947} INFO - Setting next_dagrun for example_bash_operator to 2024-07-15 00:00:00+00:00, run_after=2024-07-16 00:00:00+00:00
[2024-07-16T18:12:54.134+0000] {processor.py:183} INFO - Processing /home/airflow/.local/lib/python3.12/site-packages/airflow/example_dags/example_bash_operator.py took 0.087 seconds
[2024-07-16T18:13:24.508+0000] {processor.py:161} INFO - Started process (PID=202) to work on /home/airflow/.local/lib/python3.12/site-packages/airflow/example_dags/example_bash_operator.py
[2024-07-16T18:13:24.509+0000] {processor.py:830} INFO - Processing file /home/airflow/.local/lib/python3.12/site-packages/airflow/example_dags/example_bash_operator.py for tasks to queue
[2024-07-16T18:13:24.511+0000] {logging_mixin.py:188} INFO - [2024-07-16T18:13:24.510+0000] {dagbag.py:545} INFO - Filling up the DagBag from /home/airflow/.local/lib/python3.12/site-packages/airflow/example_dags/example_bash_operator.py
[2024-07-16T18:13:24.519+0000] {processor.py:840} INFO - DAG(s) 'example_bash_operator' retrieved from /home/airflow/.local/lib/python3.12/site-packages/airflow/example_dags/example_bash_operator.py
[2024-07-16T18:13:24.544+0000] {logging_mixin.py:188} INFO - [2024-07-16T18:13:24.544+0000] {dag.py:3089} INFO - Sync 1 DAGs
[2024-07-16T18:13:24.564+0000] {logging_mixin.py:188} INFO - [2024-07-16T18:13:24.564+0000] {dag.py:3947} INFO - Setting next_dagrun for example_bash_operator to 2024-07-15 00:00:00+00:00, run_after=2024-07-16 00:00:00+00:00
[2024-07-16T18:13:24.582+0000] {processor.py:183} INFO - Processing /home/airflow/.local/lib/python3.12/site-packages/airflow/example_dags/example_bash_operator.py took 0.079 seconds
