[2024-07-16T17:10:29.594+0000] {processor.py:161} INFO - Started process (PID=102) to work on /home/airflow/.local/lib/python3.12/site-packages/airflow/example_dags/example_branch_python_dop_operator_3.py
[2024-07-16T17:10:29.595+0000] {processor.py:830} INFO - Processing file /home/airflow/.local/lib/python3.12/site-packages/airflow/example_dags/example_branch_python_dop_operator_3.py for tasks to queue
[2024-07-16T17:10:29.598+0000] {logging_mixin.py:188} INFO - [2024-07-16T17:10:29.598+0000] {dagbag.py:545} INFO - Filling up the DagBag from /home/airflow/.local/lib/python3.12/site-packages/airflow/example_dags/example_branch_python_dop_operator_3.py
[2024-07-16T17:10:29.612+0000] {processor.py:840} INFO - DAG(s) 'example_branch_dop_operator_v3' retrieved from /home/airflow/.local/lib/python3.12/site-packages/airflow/example_dags/example_branch_python_dop_operator_3.py
[2024-07-16T17:10:29.783+0000] {logging_mixin.py:188} INFO - [2024-07-16T17:10:29.782+0000] {dag.py:3089} INFO - Sync 1 DAGs
[2024-07-16T17:10:29.820+0000] {logging_mixin.py:188} INFO - [2024-07-16T17:10:29.820+0000] {dag.py:3947} INFO - Setting next_dagrun for example_branch_dop_operator_v3 to 2024-07-16 17:09:00+00:00, run_after=2024-07-16 17:10:00+00:00
[2024-07-16T17:10:29.843+0000] {processor.py:183} INFO - Processing /home/airflow/.local/lib/python3.12/site-packages/airflow/example_dags/example_branch_python_dop_operator_3.py took 0.256 seconds
[2024-07-16T17:11:00.170+0000] {processor.py:161} INFO - Started process (PID=160) to work on /home/airflow/.local/lib/python3.12/site-packages/airflow/example_dags/example_branch_python_dop_operator_3.py
[2024-07-16T17:11:00.172+0000] {processor.py:830} INFO - Processing file /home/airflow/.local/lib/python3.12/site-packages/airflow/example_dags/example_branch_python_dop_operator_3.py for tasks to queue
[2024-07-16T17:11:00.174+0000] {logging_mixin.py:188} INFO - [2024-07-16T17:11:00.174+0000] {dagbag.py:545} INFO - Filling up the DagBag from /home/airflow/.local/lib/python3.12/site-packages/airflow/example_dags/example_branch_python_dop_operator_3.py
[2024-07-16T17:11:00.182+0000] {processor.py:840} INFO - DAG(s) 'example_branch_dop_operator_v3' retrieved from /home/airflow/.local/lib/python3.12/site-packages/airflow/example_dags/example_branch_python_dop_operator_3.py
[2024-07-16T17:11:00.202+0000] {logging_mixin.py:188} INFO - [2024-07-16T17:11:00.202+0000] {dag.py:3089} INFO - Sync 1 DAGs
[2024-07-16T17:11:00.226+0000] {logging_mixin.py:188} INFO - [2024-07-16T17:11:00.226+0000] {dag.py:3947} INFO - Setting next_dagrun for example_branch_dop_operator_v3 to 2024-07-16 17:10:00+00:00, run_after=2024-07-16 17:11:00+00:00
[2024-07-16T17:11:00.245+0000] {processor.py:183} INFO - Processing /home/airflow/.local/lib/python3.12/site-packages/airflow/example_dags/example_branch_python_dop_operator_3.py took 0.081 seconds
[2024-07-16T17:11:30.497+0000] {processor.py:161} INFO - Started process (PID=218) to work on /home/airflow/.local/lib/python3.12/site-packages/airflow/example_dags/example_branch_python_dop_operator_3.py
[2024-07-16T17:11:30.498+0000] {processor.py:830} INFO - Processing file /home/airflow/.local/lib/python3.12/site-packages/airflow/example_dags/example_branch_python_dop_operator_3.py for tasks to queue
[2024-07-16T17:11:30.500+0000] {logging_mixin.py:188} INFO - [2024-07-16T17:11:30.500+0000] {dagbag.py:545} INFO - Filling up the DagBag from /home/airflow/.local/lib/python3.12/site-packages/airflow/example_dags/example_branch_python_dop_operator_3.py
[2024-07-16T17:11:30.507+0000] {processor.py:840} INFO - DAG(s) 'example_branch_dop_operator_v3' retrieved from /home/airflow/.local/lib/python3.12/site-packages/airflow/example_dags/example_branch_python_dop_operator_3.py
[2024-07-16T17:11:30.523+0000] {logging_mixin.py:188} INFO - [2024-07-16T17:11:30.523+0000] {dag.py:3089} INFO - Sync 1 DAGs
[2024-07-16T17:11:30.547+0000] {logging_mixin.py:188} INFO - [2024-07-16T17:11:30.547+0000] {dag.py:3947} INFO - Setting next_dagrun for example_branch_dop_operator_v3 to 2024-07-16 17:10:00+00:00, run_after=2024-07-16 17:11:00+00:00
[2024-07-16T17:11:30.564+0000] {processor.py:183} INFO - Processing /home/airflow/.local/lib/python3.12/site-packages/airflow/example_dags/example_branch_python_dop_operator_3.py took 0.072 seconds
[2024-07-16T17:12:00.773+0000] {processor.py:161} INFO - Started process (PID=276) to work on /home/airflow/.local/lib/python3.12/site-packages/airflow/example_dags/example_branch_python_dop_operator_3.py
[2024-07-16T17:12:00.774+0000] {processor.py:830} INFO - Processing file /home/airflow/.local/lib/python3.12/site-packages/airflow/example_dags/example_branch_python_dop_operator_3.py for tasks to queue
[2024-07-16T17:12:00.776+0000] {logging_mixin.py:188} INFO - [2024-07-16T17:12:00.776+0000] {dagbag.py:545} INFO - Filling up the DagBag from /home/airflow/.local/lib/python3.12/site-packages/airflow/example_dags/example_branch_python_dop_operator_3.py
[2024-07-16T17:12:00.783+0000] {processor.py:840} INFO - DAG(s) 'example_branch_dop_operator_v3' retrieved from /home/airflow/.local/lib/python3.12/site-packages/airflow/example_dags/example_branch_python_dop_operator_3.py
[2024-07-16T17:12:00.801+0000] {logging_mixin.py:188} INFO - [2024-07-16T17:12:00.800+0000] {dag.py:3089} INFO - Sync 1 DAGs
[2024-07-16T17:12:00.823+0000] {logging_mixin.py:188} INFO - [2024-07-16T17:12:00.822+0000] {dag.py:3947} INFO - Setting next_dagrun for example_branch_dop_operator_v3 to 2024-07-16 17:11:00+00:00, run_after=2024-07-16 17:12:00+00:00
[2024-07-16T17:12:00.840+0000] {processor.py:183} INFO - Processing /home/airflow/.local/lib/python3.12/site-packages/airflow/example_dags/example_branch_python_dop_operator_3.py took 0.071 seconds
[2024-07-16T17:12:31.217+0000] {processor.py:161} INFO - Started process (PID=334) to work on /home/airflow/.local/lib/python3.12/site-packages/airflow/example_dags/example_branch_python_dop_operator_3.py
[2024-07-16T17:12:31.218+0000] {processor.py:830} INFO - Processing file /home/airflow/.local/lib/python3.12/site-packages/airflow/example_dags/example_branch_python_dop_operator_3.py for tasks to queue
[2024-07-16T17:12:31.220+0000] {logging_mixin.py:188} INFO - [2024-07-16T17:12:31.220+0000] {dagbag.py:545} INFO - Filling up the DagBag from /home/airflow/.local/lib/python3.12/site-packages/airflow/example_dags/example_branch_python_dop_operator_3.py
[2024-07-16T17:12:31.229+0000] {processor.py:840} INFO - DAG(s) 'example_branch_dop_operator_v3' retrieved from /home/airflow/.local/lib/python3.12/site-packages/airflow/example_dags/example_branch_python_dop_operator_3.py
[2024-07-16T17:12:31.249+0000] {logging_mixin.py:188} INFO - [2024-07-16T17:12:31.249+0000] {dag.py:3089} INFO - Sync 1 DAGs
[2024-07-16T17:12:31.284+0000] {logging_mixin.py:188} INFO - [2024-07-16T17:12:31.284+0000] {dag.py:3947} INFO - Setting next_dagrun for example_branch_dop_operator_v3 to 2024-07-16 17:11:00+00:00, run_after=2024-07-16 17:12:00+00:00
[2024-07-16T17:12:31.303+0000] {processor.py:183} INFO - Processing /home/airflow/.local/lib/python3.12/site-packages/airflow/example_dags/example_branch_python_dop_operator_3.py took 0.090 seconds
[2024-07-16T17:13:03.933+0000] {processor.py:161} INFO - Started process (PID=392) to work on /home/airflow/.local/lib/python3.12/site-packages/airflow/example_dags/example_branch_python_dop_operator_3.py
[2024-07-16T17:13:03.935+0000] {processor.py:830} INFO - Processing file /home/airflow/.local/lib/python3.12/site-packages/airflow/example_dags/example_branch_python_dop_operator_3.py for tasks to queue
[2024-07-16T17:13:03.940+0000] {logging_mixin.py:188} INFO - [2024-07-16T17:13:03.939+0000] {dagbag.py:545} INFO - Filling up the DagBag from /home/airflow/.local/lib/python3.12/site-packages/airflow/example_dags/example_branch_python_dop_operator_3.py
[2024-07-16T17:13:03.961+0000] {processor.py:840} INFO - DAG(s) 'example_branch_dop_operator_v3' retrieved from /home/airflow/.local/lib/python3.12/site-packages/airflow/example_dags/example_branch_python_dop_operator_3.py
[2024-07-16T17:13:04.003+0000] {logging_mixin.py:188} INFO - [2024-07-16T17:13:04.002+0000] {dag.py:3089} INFO - Sync 1 DAGs
[2024-07-16T17:13:04.063+0000] {logging_mixin.py:188} INFO - [2024-07-16T17:13:04.063+0000] {dag.py:3947} INFO - Setting next_dagrun for example_branch_dop_operator_v3 to 2024-07-16 17:12:00+00:00, run_after=2024-07-16 17:13:00+00:00
[2024-07-16T17:13:04.104+0000] {processor.py:183} INFO - Processing /home/airflow/.local/lib/python3.12/site-packages/airflow/example_dags/example_branch_python_dop_operator_3.py took 0.186 seconds
[2024-07-16T17:13:34.384+0000] {processor.py:161} INFO - Started process (PID=450) to work on /home/airflow/.local/lib/python3.12/site-packages/airflow/example_dags/example_branch_python_dop_operator_3.py
[2024-07-16T17:13:34.386+0000] {processor.py:830} INFO - Processing file /home/airflow/.local/lib/python3.12/site-packages/airflow/example_dags/example_branch_python_dop_operator_3.py for tasks to queue
[2024-07-16T17:13:34.390+0000] {logging_mixin.py:188} INFO - [2024-07-16T17:13:34.389+0000] {dagbag.py:545} INFO - Filling up the DagBag from /home/airflow/.local/lib/python3.12/site-packages/airflow/example_dags/example_branch_python_dop_operator_3.py
[2024-07-16T17:13:34.414+0000] {processor.py:840} INFO - DAG(s) 'example_branch_dop_operator_v3' retrieved from /home/airflow/.local/lib/python3.12/site-packages/airflow/example_dags/example_branch_python_dop_operator_3.py
[2024-07-16T17:13:34.456+0000] {logging_mixin.py:188} INFO - [2024-07-16T17:13:34.455+0000] {dag.py:3089} INFO - Sync 1 DAGs
[2024-07-16T17:13:34.510+0000] {logging_mixin.py:188} INFO - [2024-07-16T17:13:34.510+0000] {dag.py:3947} INFO - Setting next_dagrun for example_branch_dop_operator_v3 to 2024-07-16 17:12:00+00:00, run_after=2024-07-16 17:13:00+00:00
[2024-07-16T17:13:34.543+0000] {processor.py:183} INFO - Processing /home/airflow/.local/lib/python3.12/site-packages/airflow/example_dags/example_branch_python_dop_operator_3.py took 0.170 seconds
[2024-07-16T17:14:04.853+0000] {processor.py:161} INFO - Started process (PID=508) to work on /home/airflow/.local/lib/python3.12/site-packages/airflow/example_dags/example_branch_python_dop_operator_3.py
[2024-07-16T17:14:04.854+0000] {processor.py:830} INFO - Processing file /home/airflow/.local/lib/python3.12/site-packages/airflow/example_dags/example_branch_python_dop_operator_3.py for tasks to queue
[2024-07-16T17:14:04.856+0000] {logging_mixin.py:188} INFO - [2024-07-16T17:14:04.856+0000] {dagbag.py:545} INFO - Filling up the DagBag from /home/airflow/.local/lib/python3.12/site-packages/airflow/example_dags/example_branch_python_dop_operator_3.py
[2024-07-16T17:14:04.862+0000] {processor.py:840} INFO - DAG(s) 'example_branch_dop_operator_v3' retrieved from /home/airflow/.local/lib/python3.12/site-packages/airflow/example_dags/example_branch_python_dop_operator_3.py
[2024-07-16T17:14:04.878+0000] {logging_mixin.py:188} INFO - [2024-07-16T17:14:04.878+0000] {dag.py:3089} INFO - Sync 1 DAGs
[2024-07-16T17:14:04.901+0000] {logging_mixin.py:188} INFO - [2024-07-16T17:14:04.901+0000] {dag.py:3947} INFO - Setting next_dagrun for example_branch_dop_operator_v3 to 2024-07-16 17:13:00+00:00, run_after=2024-07-16 17:14:00+00:00
[2024-07-16T17:14:04.921+0000] {processor.py:183} INFO - Processing /home/airflow/.local/lib/python3.12/site-packages/airflow/example_dags/example_branch_python_dop_operator_3.py took 0.073 seconds
[2024-07-16T17:14:35.363+0000] {processor.py:161} INFO - Started process (PID=566) to work on /home/airflow/.local/lib/python3.12/site-packages/airflow/example_dags/example_branch_python_dop_operator_3.py
[2024-07-16T17:14:35.364+0000] {processor.py:830} INFO - Processing file /home/airflow/.local/lib/python3.12/site-packages/airflow/example_dags/example_branch_python_dop_operator_3.py for tasks to queue
[2024-07-16T17:14:35.366+0000] {logging_mixin.py:188} INFO - [2024-07-16T17:14:35.366+0000] {dagbag.py:545} INFO - Filling up the DagBag from /home/airflow/.local/lib/python3.12/site-packages/airflow/example_dags/example_branch_python_dop_operator_3.py
[2024-07-16T17:14:35.375+0000] {processor.py:840} INFO - DAG(s) 'example_branch_dop_operator_v3' retrieved from /home/airflow/.local/lib/python3.12/site-packages/airflow/example_dags/example_branch_python_dop_operator_3.py
[2024-07-16T17:14:35.394+0000] {logging_mixin.py:188} INFO - [2024-07-16T17:14:35.394+0000] {dag.py:3089} INFO - Sync 1 DAGs
[2024-07-16T17:14:35.419+0000] {logging_mixin.py:188} INFO - [2024-07-16T17:14:35.418+0000] {dag.py:3947} INFO - Setting next_dagrun for example_branch_dop_operator_v3 to 2024-07-16 17:13:00+00:00, run_after=2024-07-16 17:14:00+00:00
[2024-07-16T17:14:35.441+0000] {processor.py:183} INFO - Processing /home/airflow/.local/lib/python3.12/site-packages/airflow/example_dags/example_branch_python_dop_operator_3.py took 0.084 seconds
[2024-07-16T17:15:05.587+0000] {processor.py:161} INFO - Started process (PID=624) to work on /home/airflow/.local/lib/python3.12/site-packages/airflow/example_dags/example_branch_python_dop_operator_3.py
[2024-07-16T17:15:05.588+0000] {processor.py:830} INFO - Processing file /home/airflow/.local/lib/python3.12/site-packages/airflow/example_dags/example_branch_python_dop_operator_3.py for tasks to queue
[2024-07-16T17:15:05.590+0000] {logging_mixin.py:188} INFO - [2024-07-16T17:15:05.590+0000] {dagbag.py:545} INFO - Filling up the DagBag from /home/airflow/.local/lib/python3.12/site-packages/airflow/example_dags/example_branch_python_dop_operator_3.py
[2024-07-16T17:15:05.598+0000] {processor.py:840} INFO - DAG(s) 'example_branch_dop_operator_v3' retrieved from /home/airflow/.local/lib/python3.12/site-packages/airflow/example_dags/example_branch_python_dop_operator_3.py
[2024-07-16T17:15:05.614+0000] {logging_mixin.py:188} INFO - [2024-07-16T17:15:05.614+0000] {dag.py:3089} INFO - Sync 1 DAGs
[2024-07-16T17:15:05.640+0000] {logging_mixin.py:188} INFO - [2024-07-16T17:15:05.640+0000] {dag.py:3947} INFO - Setting next_dagrun for example_branch_dop_operator_v3 to 2024-07-16 17:14:00+00:00, run_after=2024-07-16 17:15:00+00:00
[2024-07-16T17:15:05.659+0000] {processor.py:183} INFO - Processing /home/airflow/.local/lib/python3.12/site-packages/airflow/example_dags/example_branch_python_dop_operator_3.py took 0.078 seconds
[2024-07-16T17:15:35.949+0000] {processor.py:161} INFO - Started process (PID=682) to work on /home/airflow/.local/lib/python3.12/site-packages/airflow/example_dags/example_branch_python_dop_operator_3.py
[2024-07-16T17:15:35.950+0000] {processor.py:830} INFO - Processing file /home/airflow/.local/lib/python3.12/site-packages/airflow/example_dags/example_branch_python_dop_operator_3.py for tasks to queue
[2024-07-16T17:15:35.952+0000] {logging_mixin.py:188} INFO - [2024-07-16T17:15:35.952+0000] {dagbag.py:545} INFO - Filling up the DagBag from /home/airflow/.local/lib/python3.12/site-packages/airflow/example_dags/example_branch_python_dop_operator_3.py
[2024-07-16T17:15:35.960+0000] {processor.py:840} INFO - DAG(s) 'example_branch_dop_operator_v3' retrieved from /home/airflow/.local/lib/python3.12/site-packages/airflow/example_dags/example_branch_python_dop_operator_3.py
[2024-07-16T17:15:35.977+0000] {logging_mixin.py:188} INFO - [2024-07-16T17:15:35.977+0000] {dag.py:3089} INFO - Sync 1 DAGs
[2024-07-16T17:15:36.000+0000] {logging_mixin.py:188} INFO - [2024-07-16T17:15:35.999+0000] {dag.py:3947} INFO - Setting next_dagrun for example_branch_dop_operator_v3 to 2024-07-16 17:14:00+00:00, run_after=2024-07-16 17:15:00+00:00
[2024-07-16T17:15:36.017+0000] {processor.py:183} INFO - Processing /home/airflow/.local/lib/python3.12/site-packages/airflow/example_dags/example_branch_python_dop_operator_3.py took 0.073 seconds
[2024-07-16T17:16:06.218+0000] {processor.py:161} INFO - Started process (PID=740) to work on /home/airflow/.local/lib/python3.12/site-packages/airflow/example_dags/example_branch_python_dop_operator_3.py
[2024-07-16T17:16:06.219+0000] {processor.py:830} INFO - Processing file /home/airflow/.local/lib/python3.12/site-packages/airflow/example_dags/example_branch_python_dop_operator_3.py for tasks to queue
[2024-07-16T17:16:06.221+0000] {logging_mixin.py:188} INFO - [2024-07-16T17:16:06.220+0000] {dagbag.py:545} INFO - Filling up the DagBag from /home/airflow/.local/lib/python3.12/site-packages/airflow/example_dags/example_branch_python_dop_operator_3.py
[2024-07-16T17:16:06.229+0000] {processor.py:840} INFO - DAG(s) 'example_branch_dop_operator_v3' retrieved from /home/airflow/.local/lib/python3.12/site-packages/airflow/example_dags/example_branch_python_dop_operator_3.py
[2024-07-16T17:16:06.245+0000] {logging_mixin.py:188} INFO - [2024-07-16T17:16:06.245+0000] {dag.py:3089} INFO - Sync 1 DAGs
[2024-07-16T17:16:06.266+0000] {logging_mixin.py:188} INFO - [2024-07-16T17:16:06.266+0000] {dag.py:3947} INFO - Setting next_dagrun for example_branch_dop_operator_v3 to 2024-07-16 17:15:00+00:00, run_after=2024-07-16 17:16:00+00:00
[2024-07-16T17:16:06.284+0000] {processor.py:183} INFO - Processing /home/airflow/.local/lib/python3.12/site-packages/airflow/example_dags/example_branch_python_dop_operator_3.py took 0.071 seconds
[2024-07-16T17:16:36.568+0000] {processor.py:161} INFO - Started process (PID=798) to work on /home/airflow/.local/lib/python3.12/site-packages/airflow/example_dags/example_branch_python_dop_operator_3.py
[2024-07-16T17:16:36.569+0000] {processor.py:830} INFO - Processing file /home/airflow/.local/lib/python3.12/site-packages/airflow/example_dags/example_branch_python_dop_operator_3.py for tasks to queue
[2024-07-16T17:16:36.571+0000] {logging_mixin.py:188} INFO - [2024-07-16T17:16:36.570+0000] {dagbag.py:545} INFO - Filling up the DagBag from /home/airflow/.local/lib/python3.12/site-packages/airflow/example_dags/example_branch_python_dop_operator_3.py
[2024-07-16T17:16:36.579+0000] {processor.py:840} INFO - DAG(s) 'example_branch_dop_operator_v3' retrieved from /home/airflow/.local/lib/python3.12/site-packages/airflow/example_dags/example_branch_python_dop_operator_3.py
[2024-07-16T17:16:36.598+0000] {logging_mixin.py:188} INFO - [2024-07-16T17:16:36.597+0000] {dag.py:3089} INFO - Sync 1 DAGs
[2024-07-16T17:16:36.628+0000] {logging_mixin.py:188} INFO - [2024-07-16T17:16:36.628+0000] {dag.py:3947} INFO - Setting next_dagrun for example_branch_dop_operator_v3 to 2024-07-16 17:15:00+00:00, run_after=2024-07-16 17:16:00+00:00
[2024-07-16T17:16:36.647+0000] {processor.py:183} INFO - Processing /home/airflow/.local/lib/python3.12/site-packages/airflow/example_dags/example_branch_python_dop_operator_3.py took 0.085 seconds
[2024-07-16T17:17:06.874+0000] {processor.py:161} INFO - Started process (PID=856) to work on /home/airflow/.local/lib/python3.12/site-packages/airflow/example_dags/example_branch_python_dop_operator_3.py
[2024-07-16T17:17:06.875+0000] {processor.py:830} INFO - Processing file /home/airflow/.local/lib/python3.12/site-packages/airflow/example_dags/example_branch_python_dop_operator_3.py for tasks to queue
[2024-07-16T17:17:06.877+0000] {logging_mixin.py:188} INFO - [2024-07-16T17:17:06.877+0000] {dagbag.py:545} INFO - Filling up the DagBag from /home/airflow/.local/lib/python3.12/site-packages/airflow/example_dags/example_branch_python_dop_operator_3.py
[2024-07-16T17:17:06.886+0000] {processor.py:840} INFO - DAG(s) 'example_branch_dop_operator_v3' retrieved from /home/airflow/.local/lib/python3.12/site-packages/airflow/example_dags/example_branch_python_dop_operator_3.py
[2024-07-16T17:17:06.902+0000] {logging_mixin.py:188} INFO - [2024-07-16T17:17:06.902+0000] {dag.py:3089} INFO - Sync 1 DAGs
[2024-07-16T17:17:06.925+0000] {logging_mixin.py:188} INFO - [2024-07-16T17:17:06.925+0000] {dag.py:3947} INFO - Setting next_dagrun for example_branch_dop_operator_v3 to 2024-07-16 17:16:00+00:00, run_after=2024-07-16 17:17:00+00:00
[2024-07-16T17:17:06.943+0000] {processor.py:183} INFO - Processing /home/airflow/.local/lib/python3.12/site-packages/airflow/example_dags/example_branch_python_dop_operator_3.py took 0.074 seconds
[2024-07-16T17:17:37.886+0000] {processor.py:161} INFO - Started process (PID=914) to work on /home/airflow/.local/lib/python3.12/site-packages/airflow/example_dags/example_branch_python_dop_operator_3.py
[2024-07-16T17:17:37.887+0000] {processor.py:830} INFO - Processing file /home/airflow/.local/lib/python3.12/site-packages/airflow/example_dags/example_branch_python_dop_operator_3.py for tasks to queue
[2024-07-16T17:17:37.889+0000] {logging_mixin.py:188} INFO - [2024-07-16T17:17:37.889+0000] {dagbag.py:545} INFO - Filling up the DagBag from /home/airflow/.local/lib/python3.12/site-packages/airflow/example_dags/example_branch_python_dop_operator_3.py
[2024-07-16T17:17:37.898+0000] {processor.py:840} INFO - DAG(s) 'example_branch_dop_operator_v3' retrieved from /home/airflow/.local/lib/python3.12/site-packages/airflow/example_dags/example_branch_python_dop_operator_3.py
[2024-07-16T17:17:37.921+0000] {logging_mixin.py:188} INFO - [2024-07-16T17:17:37.920+0000] {dag.py:3089} INFO - Sync 1 DAGs
[2024-07-16T17:17:37.943+0000] {logging_mixin.py:188} INFO - [2024-07-16T17:17:37.943+0000] {dag.py:3947} INFO - Setting next_dagrun for example_branch_dop_operator_v3 to 2024-07-16 17:16:00+00:00, run_after=2024-07-16 17:17:00+00:00
[2024-07-16T17:17:37.980+0000] {processor.py:183} INFO - Processing /home/airflow/.local/lib/python3.12/site-packages/airflow/example_dags/example_branch_python_dop_operator_3.py took 0.099 seconds
[2024-07-16T17:18:08.262+0000] {processor.py:161} INFO - Started process (PID=972) to work on /home/airflow/.local/lib/python3.12/site-packages/airflow/example_dags/example_branch_python_dop_operator_3.py
[2024-07-16T17:18:08.264+0000] {processor.py:830} INFO - Processing file /home/airflow/.local/lib/python3.12/site-packages/airflow/example_dags/example_branch_python_dop_operator_3.py for tasks to queue
[2024-07-16T17:18:08.267+0000] {logging_mixin.py:188} INFO - [2024-07-16T17:18:08.266+0000] {dagbag.py:545} INFO - Filling up the DagBag from /home/airflow/.local/lib/python3.12/site-packages/airflow/example_dags/example_branch_python_dop_operator_3.py
[2024-07-16T17:18:08.285+0000] {processor.py:840} INFO - DAG(s) 'example_branch_dop_operator_v3' retrieved from /home/airflow/.local/lib/python3.12/site-packages/airflow/example_dags/example_branch_python_dop_operator_3.py
[2024-07-16T17:18:08.317+0000] {logging_mixin.py:188} INFO - [2024-07-16T17:18:08.316+0000] {dag.py:3089} INFO - Sync 1 DAGs
[2024-07-16T17:18:08.367+0000] {logging_mixin.py:188} INFO - [2024-07-16T17:18:08.365+0000] {dag.py:3947} INFO - Setting next_dagrun for example_branch_dop_operator_v3 to 2024-07-16 17:17:00+00:00, run_after=2024-07-16 17:18:00+00:00
[2024-07-16T17:18:08.415+0000] {processor.py:183} INFO - Processing /home/airflow/.local/lib/python3.12/site-packages/airflow/example_dags/example_branch_python_dop_operator_3.py took 0.158 seconds
[2024-07-16T17:18:39.635+0000] {processor.py:161} INFO - Started process (PID=1030) to work on /home/airflow/.local/lib/python3.12/site-packages/airflow/example_dags/example_branch_python_dop_operator_3.py
[2024-07-16T17:18:39.637+0000] {processor.py:830} INFO - Processing file /home/airflow/.local/lib/python3.12/site-packages/airflow/example_dags/example_branch_python_dop_operator_3.py for tasks to queue
[2024-07-16T17:18:39.639+0000] {logging_mixin.py:188} INFO - [2024-07-16T17:18:39.639+0000] {dagbag.py:545} INFO - Filling up the DagBag from /home/airflow/.local/lib/python3.12/site-packages/airflow/example_dags/example_branch_python_dop_operator_3.py
[2024-07-16T17:18:39.653+0000] {processor.py:840} INFO - DAG(s) 'example_branch_dop_operator_v3' retrieved from /home/airflow/.local/lib/python3.12/site-packages/airflow/example_dags/example_branch_python_dop_operator_3.py
[2024-07-16T17:18:39.683+0000] {logging_mixin.py:188} INFO - [2024-07-16T17:18:39.682+0000] {dag.py:3089} INFO - Sync 1 DAGs
[2024-07-16T17:18:39.729+0000] {logging_mixin.py:188} INFO - [2024-07-16T17:18:39.728+0000] {dag.py:3947} INFO - Setting next_dagrun for example_branch_dop_operator_v3 to 2024-07-16 17:17:00+00:00, run_after=2024-07-16 17:18:00+00:00
[2024-07-16T17:18:39.760+0000] {processor.py:183} INFO - Processing /home/airflow/.local/lib/python3.12/site-packages/airflow/example_dags/example_branch_python_dop_operator_3.py took 0.137 seconds
[2024-07-16T17:19:12.606+0000] {processor.py:161} INFO - Started process (PID=1088) to work on /home/airflow/.local/lib/python3.12/site-packages/airflow/example_dags/example_branch_python_dop_operator_3.py
[2024-07-16T17:19:12.612+0000] {processor.py:830} INFO - Processing file /home/airflow/.local/lib/python3.12/site-packages/airflow/example_dags/example_branch_python_dop_operator_3.py for tasks to queue
[2024-07-16T17:19:12.618+0000] {logging_mixin.py:188} INFO - [2024-07-16T17:19:12.617+0000] {dagbag.py:545} INFO - Filling up the DagBag from /home/airflow/.local/lib/python3.12/site-packages/airflow/example_dags/example_branch_python_dop_operator_3.py
[2024-07-16T17:19:12.660+0000] {processor.py:840} INFO - DAG(s) 'example_branch_dop_operator_v3' retrieved from /home/airflow/.local/lib/python3.12/site-packages/airflow/example_dags/example_branch_python_dop_operator_3.py
[2024-07-16T17:19:12.727+0000] {logging_mixin.py:188} INFO - [2024-07-16T17:19:12.726+0000] {dag.py:3089} INFO - Sync 1 DAGs
[2024-07-16T17:19:12.842+0000] {logging_mixin.py:188} INFO - [2024-07-16T17:19:12.842+0000] {dag.py:3947} INFO - Setting next_dagrun for example_branch_dop_operator_v3 to 2024-07-16 17:18:00+00:00, run_after=2024-07-16 17:19:00+00:00
[2024-07-16T17:19:12.943+0000] {processor.py:183} INFO - Processing /home/airflow/.local/lib/python3.12/site-packages/airflow/example_dags/example_branch_python_dop_operator_3.py took 0.363 seconds
[2024-07-16T17:19:43.730+0000] {processor.py:161} INFO - Started process (PID=1146) to work on /home/airflow/.local/lib/python3.12/site-packages/airflow/example_dags/example_branch_python_dop_operator_3.py
[2024-07-16T17:19:43.737+0000] {processor.py:830} INFO - Processing file /home/airflow/.local/lib/python3.12/site-packages/airflow/example_dags/example_branch_python_dop_operator_3.py for tasks to queue
[2024-07-16T17:19:43.741+0000] {logging_mixin.py:188} INFO - [2024-07-16T17:19:43.741+0000] {dagbag.py:545} INFO - Filling up the DagBag from /home/airflow/.local/lib/python3.12/site-packages/airflow/example_dags/example_branch_python_dop_operator_3.py
[2024-07-16T17:19:43.764+0000] {processor.py:840} INFO - DAG(s) 'example_branch_dop_operator_v3' retrieved from /home/airflow/.local/lib/python3.12/site-packages/airflow/example_dags/example_branch_python_dop_operator_3.py
[2024-07-16T17:19:43.832+0000] {logging_mixin.py:188} INFO - [2024-07-16T17:19:43.832+0000] {dag.py:3089} INFO - Sync 1 DAGs
[2024-07-16T17:19:43.886+0000] {logging_mixin.py:188} INFO - [2024-07-16T17:19:43.886+0000] {dag.py:3947} INFO - Setting next_dagrun for example_branch_dop_operator_v3 to 2024-07-16 17:18:00+00:00, run_after=2024-07-16 17:19:00+00:00
[2024-07-16T17:19:43.934+0000] {processor.py:183} INFO - Processing /home/airflow/.local/lib/python3.12/site-packages/airflow/example_dags/example_branch_python_dop_operator_3.py took 0.215 seconds
[2024-07-16T17:23:56.181+0000] {processor.py:161} INFO - Started process (PID=104) to work on /home/airflow/.local/lib/python3.12/site-packages/airflow/example_dags/example_branch_python_dop_operator_3.py
[2024-07-16T17:23:56.183+0000] {processor.py:830} INFO - Processing file /home/airflow/.local/lib/python3.12/site-packages/airflow/example_dags/example_branch_python_dop_operator_3.py for tasks to queue
[2024-07-16T17:23:56.186+0000] {logging_mixin.py:188} INFO - [2024-07-16T17:23:56.185+0000] {dagbag.py:545} INFO - Filling up the DagBag from /home/airflow/.local/lib/python3.12/site-packages/airflow/example_dags/example_branch_python_dop_operator_3.py
[2024-07-16T17:23:56.205+0000] {processor.py:840} INFO - DAG(s) 'example_branch_dop_operator_v3' retrieved from /home/airflow/.local/lib/python3.12/site-packages/airflow/example_dags/example_branch_python_dop_operator_3.py
[2024-07-16T17:23:56.336+0000] {logging_mixin.py:188} INFO - [2024-07-16T17:23:56.336+0000] {dag.py:3089} INFO - Sync 1 DAGs
[2024-07-16T17:23:56.375+0000] {logging_mixin.py:188} INFO - [2024-07-16T17:23:56.374+0000] {dag.py:3947} INFO - Setting next_dagrun for example_branch_dop_operator_v3 to 2024-07-16 17:22:00+00:00, run_after=2024-07-16 17:23:00+00:00
[2024-07-16T17:23:56.403+0000] {processor.py:183} INFO - Processing /home/airflow/.local/lib/python3.12/site-packages/airflow/example_dags/example_branch_python_dop_operator_3.py took 0.229 seconds
[2024-07-16T17:24:27.170+0000] {processor.py:161} INFO - Started process (PID=161) to work on /home/airflow/.local/lib/python3.12/site-packages/airflow/example_dags/example_branch_python_dop_operator_3.py
[2024-07-16T17:24:27.171+0000] {processor.py:830} INFO - Processing file /home/airflow/.local/lib/python3.12/site-packages/airflow/example_dags/example_branch_python_dop_operator_3.py for tasks to queue
[2024-07-16T17:24:27.172+0000] {logging_mixin.py:188} INFO - [2024-07-16T17:24:27.172+0000] {dagbag.py:545} INFO - Filling up the DagBag from /home/airflow/.local/lib/python3.12/site-packages/airflow/example_dags/example_branch_python_dop_operator_3.py
[2024-07-16T17:24:27.179+0000] {processor.py:840} INFO - DAG(s) 'example_branch_dop_operator_v3' retrieved from /home/airflow/.local/lib/python3.12/site-packages/airflow/example_dags/example_branch_python_dop_operator_3.py
[2024-07-16T17:24:27.195+0000] {logging_mixin.py:188} INFO - [2024-07-16T17:24:27.195+0000] {dag.py:3089} INFO - Sync 1 DAGs
[2024-07-16T17:24:27.215+0000] {logging_mixin.py:188} INFO - [2024-07-16T17:24:27.215+0000] {dag.py:3947} INFO - Setting next_dagrun for example_branch_dop_operator_v3 to 2024-07-16 17:23:00+00:00, run_after=2024-07-16 17:24:00+00:00
[2024-07-16T17:24:27.231+0000] {processor.py:183} INFO - Processing /home/airflow/.local/lib/python3.12/site-packages/airflow/example_dags/example_branch_python_dop_operator_3.py took 0.066 seconds
[2024-07-16T17:24:57.923+0000] {processor.py:161} INFO - Started process (PID=219) to work on /home/airflow/.local/lib/python3.12/site-packages/airflow/example_dags/example_branch_python_dop_operator_3.py
[2024-07-16T17:24:57.924+0000] {processor.py:830} INFO - Processing file /home/airflow/.local/lib/python3.12/site-packages/airflow/example_dags/example_branch_python_dop_operator_3.py for tasks to queue
[2024-07-16T17:24:57.925+0000] {logging_mixin.py:188} INFO - [2024-07-16T17:24:57.925+0000] {dagbag.py:545} INFO - Filling up the DagBag from /home/airflow/.local/lib/python3.12/site-packages/airflow/example_dags/example_branch_python_dop_operator_3.py
[2024-07-16T17:24:57.932+0000] {processor.py:840} INFO - DAG(s) 'example_branch_dop_operator_v3' retrieved from /home/airflow/.local/lib/python3.12/site-packages/airflow/example_dags/example_branch_python_dop_operator_3.py
[2024-07-16T17:24:57.948+0000] {logging_mixin.py:188} INFO - [2024-07-16T17:24:57.948+0000] {dag.py:3089} INFO - Sync 1 DAGs
[2024-07-16T17:24:57.967+0000] {logging_mixin.py:188} INFO - [2024-07-16T17:24:57.967+0000] {dag.py:3947} INFO - Setting next_dagrun for example_branch_dop_operator_v3 to 2024-07-16 17:23:00+00:00, run_after=2024-07-16 17:24:00+00:00
[2024-07-16T17:24:57.982+0000] {processor.py:183} INFO - Processing /home/airflow/.local/lib/python3.12/site-packages/airflow/example_dags/example_branch_python_dop_operator_3.py took 0.063 seconds
[2024-07-16T17:29:59.399+0000] {processor.py:161} INFO - Started process (PID=104) to work on /home/airflow/.local/lib/python3.12/site-packages/airflow/example_dags/example_branch_python_dop_operator_3.py
[2024-07-16T17:29:59.401+0000] {processor.py:830} INFO - Processing file /home/airflow/.local/lib/python3.12/site-packages/airflow/example_dags/example_branch_python_dop_operator_3.py for tasks to queue
[2024-07-16T17:29:59.404+0000] {logging_mixin.py:188} INFO - [2024-07-16T17:29:59.403+0000] {dagbag.py:545} INFO - Filling up the DagBag from /home/airflow/.local/lib/python3.12/site-packages/airflow/example_dags/example_branch_python_dop_operator_3.py
[2024-07-16T17:29:59.419+0000] {processor.py:840} INFO - DAG(s) 'example_branch_dop_operator_v3' retrieved from /home/airflow/.local/lib/python3.12/site-packages/airflow/example_dags/example_branch_python_dop_operator_3.py
[2024-07-16T17:29:59.570+0000] {logging_mixin.py:188} INFO - [2024-07-16T17:29:59.570+0000] {dag.py:3089} INFO - Sync 1 DAGs
[2024-07-16T17:29:59.603+0000] {logging_mixin.py:188} INFO - [2024-07-16T17:29:59.602+0000] {dag.py:3947} INFO - Setting next_dagrun for example_branch_dop_operator_v3 to 2024-07-16 17:28:00+00:00, run_after=2024-07-16 17:29:00+00:00
[2024-07-16T17:29:59.630+0000] {processor.py:183} INFO - Processing /home/airflow/.local/lib/python3.12/site-packages/airflow/example_dags/example_branch_python_dop_operator_3.py took 0.241 seconds
[2024-07-16T17:30:30.564+0000] {processor.py:161} INFO - Started process (PID=162) to work on /home/airflow/.local/lib/python3.12/site-packages/airflow/example_dags/example_branch_python_dop_operator_3.py
[2024-07-16T17:30:30.565+0000] {processor.py:830} INFO - Processing file /home/airflow/.local/lib/python3.12/site-packages/airflow/example_dags/example_branch_python_dop_operator_3.py for tasks to queue
[2024-07-16T17:30:30.567+0000] {logging_mixin.py:188} INFO - [2024-07-16T17:30:30.567+0000] {dagbag.py:545} INFO - Filling up the DagBag from /home/airflow/.local/lib/python3.12/site-packages/airflow/example_dags/example_branch_python_dop_operator_3.py
[2024-07-16T17:30:30.573+0000] {processor.py:840} INFO - DAG(s) 'example_branch_dop_operator_v3' retrieved from /home/airflow/.local/lib/python3.12/site-packages/airflow/example_dags/example_branch_python_dop_operator_3.py
[2024-07-16T17:30:30.593+0000] {logging_mixin.py:188} INFO - [2024-07-16T17:30:30.592+0000] {dag.py:3089} INFO - Sync 1 DAGs
[2024-07-16T17:30:30.621+0000] {logging_mixin.py:188} INFO - [2024-07-16T17:30:30.621+0000] {dag.py:3947} INFO - Setting next_dagrun for example_branch_dop_operator_v3 to 2024-07-16 17:29:00+00:00, run_after=2024-07-16 17:30:00+00:00
[2024-07-16T17:30:30.668+0000] {processor.py:183} INFO - Processing /home/airflow/.local/lib/python3.12/site-packages/airflow/example_dags/example_branch_python_dop_operator_3.py took 0.109 seconds
[2024-07-16T17:31:00.888+0000] {processor.py:161} INFO - Started process (PID=219) to work on /home/airflow/.local/lib/python3.12/site-packages/airflow/example_dags/example_branch_python_dop_operator_3.py
[2024-07-16T17:31:00.889+0000] {processor.py:830} INFO - Processing file /home/airflow/.local/lib/python3.12/site-packages/airflow/example_dags/example_branch_python_dop_operator_3.py for tasks to queue
[2024-07-16T17:31:00.892+0000] {logging_mixin.py:188} INFO - [2024-07-16T17:31:00.892+0000] {dagbag.py:545} INFO - Filling up the DagBag from /home/airflow/.local/lib/python3.12/site-packages/airflow/example_dags/example_branch_python_dop_operator_3.py
[2024-07-16T17:31:00.908+0000] {processor.py:840} INFO - DAG(s) 'example_branch_dop_operator_v3' retrieved from /home/airflow/.local/lib/python3.12/site-packages/airflow/example_dags/example_branch_python_dop_operator_3.py
[2024-07-16T17:31:00.943+0000] {logging_mixin.py:188} INFO - [2024-07-16T17:31:00.942+0000] {dag.py:3089} INFO - Sync 1 DAGs
[2024-07-16T17:31:00.986+0000] {logging_mixin.py:188} INFO - [2024-07-16T17:31:00.985+0000] {dag.py:3947} INFO - Setting next_dagrun for example_branch_dop_operator_v3 to 2024-07-16 17:30:00+00:00, run_after=2024-07-16 17:31:00+00:00
[2024-07-16T17:31:01.022+0000] {processor.py:183} INFO - Processing /home/airflow/.local/lib/python3.12/site-packages/airflow/example_dags/example_branch_python_dop_operator_3.py took 0.147 seconds
[2024-07-16T17:31:31.496+0000] {processor.py:161} INFO - Started process (PID=277) to work on /home/airflow/.local/lib/python3.12/site-packages/airflow/example_dags/example_branch_python_dop_operator_3.py
[2024-07-16T17:31:31.498+0000] {processor.py:830} INFO - Processing file /home/airflow/.local/lib/python3.12/site-packages/airflow/example_dags/example_branch_python_dop_operator_3.py for tasks to queue
[2024-07-16T17:31:31.501+0000] {logging_mixin.py:188} INFO - [2024-07-16T17:31:31.501+0000] {dagbag.py:545} INFO - Filling up the DagBag from /home/airflow/.local/lib/python3.12/site-packages/airflow/example_dags/example_branch_python_dop_operator_3.py
[2024-07-16T17:31:31.518+0000] {processor.py:840} INFO - DAG(s) 'example_branch_dop_operator_v3' retrieved from /home/airflow/.local/lib/python3.12/site-packages/airflow/example_dags/example_branch_python_dop_operator_3.py
[2024-07-16T17:31:31.556+0000] {logging_mixin.py:188} INFO - [2024-07-16T17:31:31.555+0000] {dag.py:3089} INFO - Sync 1 DAGs
[2024-07-16T17:31:31.620+0000] {logging_mixin.py:188} INFO - [2024-07-16T17:31:31.620+0000] {dag.py:3947} INFO - Setting next_dagrun for example_branch_dop_operator_v3 to 2024-07-16 17:30:00+00:00, run_after=2024-07-16 17:31:00+00:00
[2024-07-16T17:31:31.677+0000] {processor.py:183} INFO - Processing /home/airflow/.local/lib/python3.12/site-packages/airflow/example_dags/example_branch_python_dop_operator_3.py took 0.191 seconds
[2024-07-16T17:32:03.937+0000] {processor.py:161} INFO - Started process (PID=335) to work on /home/airflow/.local/lib/python3.12/site-packages/airflow/example_dags/example_branch_python_dop_operator_3.py
[2024-07-16T17:32:03.940+0000] {processor.py:830} INFO - Processing file /home/airflow/.local/lib/python3.12/site-packages/airflow/example_dags/example_branch_python_dop_operator_3.py for tasks to queue
[2024-07-16T17:32:03.947+0000] {logging_mixin.py:188} INFO - [2024-07-16T17:32:03.946+0000] {dagbag.py:545} INFO - Filling up the DagBag from /home/airflow/.local/lib/python3.12/site-packages/airflow/example_dags/example_branch_python_dop_operator_3.py
[2024-07-16T17:32:03.972+0000] {processor.py:840} INFO - DAG(s) 'example_branch_dop_operator_v3' retrieved from /home/airflow/.local/lib/python3.12/site-packages/airflow/example_dags/example_branch_python_dop_operator_3.py
[2024-07-16T17:32:04.034+0000] {logging_mixin.py:188} INFO - [2024-07-16T17:32:04.033+0000] {dag.py:3089} INFO - Sync 1 DAGs
[2024-07-16T17:32:04.107+0000] {logging_mixin.py:188} INFO - [2024-07-16T17:32:04.107+0000] {dag.py:3947} INFO - Setting next_dagrun for example_branch_dop_operator_v3 to 2024-07-16 17:31:00+00:00, run_after=2024-07-16 17:32:00+00:00
[2024-07-16T17:32:04.153+0000] {processor.py:183} INFO - Processing /home/airflow/.local/lib/python3.12/site-packages/airflow/example_dags/example_branch_python_dop_operator_3.py took 0.233 seconds
[2024-07-16T17:32:34.325+0000] {processor.py:161} INFO - Started process (PID=393) to work on /home/airflow/.local/lib/python3.12/site-packages/airflow/example_dags/example_branch_python_dop_operator_3.py
[2024-07-16T17:32:34.327+0000] {processor.py:830} INFO - Processing file /home/airflow/.local/lib/python3.12/site-packages/airflow/example_dags/example_branch_python_dop_operator_3.py for tasks to queue
[2024-07-16T17:32:34.332+0000] {logging_mixin.py:188} INFO - [2024-07-16T17:32:34.331+0000] {dagbag.py:545} INFO - Filling up the DagBag from /home/airflow/.local/lib/python3.12/site-packages/airflow/example_dags/example_branch_python_dop_operator_3.py
[2024-07-16T17:32:34.354+0000] {processor.py:840} INFO - DAG(s) 'example_branch_dop_operator_v3' retrieved from /home/airflow/.local/lib/python3.12/site-packages/airflow/example_dags/example_branch_python_dop_operator_3.py
[2024-07-16T17:32:34.393+0000] {logging_mixin.py:188} INFO - [2024-07-16T17:32:34.392+0000] {dag.py:3089} INFO - Sync 1 DAGs
[2024-07-16T17:32:34.445+0000] {logging_mixin.py:188} INFO - [2024-07-16T17:32:34.445+0000] {dag.py:3947} INFO - Setting next_dagrun for example_branch_dop_operator_v3 to 2024-07-16 17:31:00+00:00, run_after=2024-07-16 17:32:00+00:00
[2024-07-16T17:32:34.506+0000] {processor.py:183} INFO - Processing /home/airflow/.local/lib/python3.12/site-packages/airflow/example_dags/example_branch_python_dop_operator_3.py took 0.196 seconds
[2024-07-16T17:33:05.085+0000] {processor.py:161} INFO - Started process (PID=451) to work on /home/airflow/.local/lib/python3.12/site-packages/airflow/example_dags/example_branch_python_dop_operator_3.py
[2024-07-16T17:33:05.087+0000] {processor.py:830} INFO - Processing file /home/airflow/.local/lib/python3.12/site-packages/airflow/example_dags/example_branch_python_dop_operator_3.py for tasks to queue
[2024-07-16T17:33:05.091+0000] {logging_mixin.py:188} INFO - [2024-07-16T17:33:05.090+0000] {dagbag.py:545} INFO - Filling up the DagBag from /home/airflow/.local/lib/python3.12/site-packages/airflow/example_dags/example_branch_python_dop_operator_3.py
[2024-07-16T17:33:05.112+0000] {processor.py:840} INFO - DAG(s) 'example_branch_dop_operator_v3' retrieved from /home/airflow/.local/lib/python3.12/site-packages/airflow/example_dags/example_branch_python_dop_operator_3.py
[2024-07-16T17:33:05.142+0000] {logging_mixin.py:188} INFO - [2024-07-16T17:33:05.141+0000] {dag.py:3089} INFO - Sync 1 DAGs
[2024-07-16T17:33:05.180+0000] {logging_mixin.py:188} INFO - [2024-07-16T17:33:05.180+0000] {dag.py:3947} INFO - Setting next_dagrun for example_branch_dop_operator_v3 to 2024-07-16 17:32:00+00:00, run_after=2024-07-16 17:33:00+00:00
[2024-07-16T17:33:05.223+0000] {processor.py:183} INFO - Processing /home/airflow/.local/lib/python3.12/site-packages/airflow/example_dags/example_branch_python_dop_operator_3.py took 0.151 seconds
[2024-07-16T18:04:19.392+0000] {processor.py:161} INFO - Started process (PID=105) to work on /home/airflow/.local/lib/python3.12/site-packages/airflow/example_dags/example_branch_python_dop_operator_3.py
[2024-07-16T18:04:19.393+0000] {processor.py:830} INFO - Processing file /home/airflow/.local/lib/python3.12/site-packages/airflow/example_dags/example_branch_python_dop_operator_3.py for tasks to queue
[2024-07-16T18:04:19.396+0000] {logging_mixin.py:188} INFO - [2024-07-16T18:04:19.395+0000] {dagbag.py:545} INFO - Filling up the DagBag from /home/airflow/.local/lib/python3.12/site-packages/airflow/example_dags/example_branch_python_dop_operator_3.py
[2024-07-16T18:04:19.409+0000] {processor.py:840} INFO - DAG(s) 'example_branch_dop_operator_v3' retrieved from /home/airflow/.local/lib/python3.12/site-packages/airflow/example_dags/example_branch_python_dop_operator_3.py
[2024-07-16T18:04:19.550+0000] {logging_mixin.py:188} INFO - [2024-07-16T18:04:19.550+0000] {dag.py:3089} INFO - Sync 1 DAGs
[2024-07-16T18:04:19.589+0000] {logging_mixin.py:188} INFO - [2024-07-16T18:04:19.589+0000] {dag.py:3947} INFO - Setting next_dagrun for example_branch_dop_operator_v3 to 2024-07-16 18:03:00+00:00, run_after=2024-07-16 18:04:00+00:00
[2024-07-16T18:04:19.620+0000] {processor.py:183} INFO - Processing /home/airflow/.local/lib/python3.12/site-packages/airflow/example_dags/example_branch_python_dop_operator_3.py took 0.236 seconds
[2024-07-16T18:12:26.513+0000] {processor.py:161} INFO - Started process (PID=105) to work on /home/airflow/.local/lib/python3.12/site-packages/airflow/example_dags/example_branch_python_dop_operator_3.py
[2024-07-16T18:12:26.514+0000] {processor.py:830} INFO - Processing file /home/airflow/.local/lib/python3.12/site-packages/airflow/example_dags/example_branch_python_dop_operator_3.py for tasks to queue
[2024-07-16T18:12:26.516+0000] {logging_mixin.py:188} INFO - [2024-07-16T18:12:26.516+0000] {dagbag.py:545} INFO - Filling up the DagBag from /home/airflow/.local/lib/python3.12/site-packages/airflow/example_dags/example_branch_python_dop_operator_3.py
[2024-07-16T18:12:26.529+0000] {processor.py:840} INFO - DAG(s) 'example_branch_dop_operator_v3' retrieved from /home/airflow/.local/lib/python3.12/site-packages/airflow/example_dags/example_branch_python_dop_operator_3.py
[2024-07-16T18:12:26.644+0000] {logging_mixin.py:188} INFO - [2024-07-16T18:12:26.644+0000] {dag.py:3089} INFO - Sync 1 DAGs
[2024-07-16T18:12:26.672+0000] {logging_mixin.py:188} INFO - [2024-07-16T18:12:26.672+0000] {dag.py:3947} INFO - Setting next_dagrun for example_branch_dop_operator_v3 to 2024-07-16 18:11:00+00:00, run_after=2024-07-16 18:12:00+00:00
[2024-07-16T18:12:26.697+0000] {processor.py:183} INFO - Processing /home/airflow/.local/lib/python3.12/site-packages/airflow/example_dags/example_branch_python_dop_operator_3.py took 0.191 seconds
[2024-07-16T18:12:56.741+0000] {processor.py:161} INFO - Started process (PID=164) to work on /home/airflow/.local/lib/python3.12/site-packages/airflow/example_dags/example_branch_python_dop_operator_3.py
[2024-07-16T18:12:56.742+0000] {processor.py:830} INFO - Processing file /home/airflow/.local/lib/python3.12/site-packages/airflow/example_dags/example_branch_python_dop_operator_3.py for tasks to queue
[2024-07-16T18:12:56.744+0000] {logging_mixin.py:188} INFO - [2024-07-16T18:12:56.744+0000] {dagbag.py:545} INFO - Filling up the DagBag from /home/airflow/.local/lib/python3.12/site-packages/airflow/example_dags/example_branch_python_dop_operator_3.py
[2024-07-16T18:12:56.751+0000] {processor.py:840} INFO - DAG(s) 'example_branch_dop_operator_v3' retrieved from /home/airflow/.local/lib/python3.12/site-packages/airflow/example_dags/example_branch_python_dop_operator_3.py
[2024-07-16T18:12:56.770+0000] {logging_mixin.py:188} INFO - [2024-07-16T18:12:56.770+0000] {dag.py:3089} INFO - Sync 1 DAGs
[2024-07-16T18:12:56.793+0000] {logging_mixin.py:188} INFO - [2024-07-16T18:12:56.792+0000] {dag.py:3947} INFO - Setting next_dagrun for example_branch_dop_operator_v3 to 2024-07-16 18:11:00+00:00, run_after=2024-07-16 18:12:00+00:00
[2024-07-16T18:12:56.813+0000] {processor.py:183} INFO - Processing /home/airflow/.local/lib/python3.12/site-packages/airflow/example_dags/example_branch_python_dop_operator_3.py took 0.077 seconds
[2024-07-16T18:13:27.126+0000] {processor.py:161} INFO - Started process (PID=223) to work on /home/airflow/.local/lib/python3.12/site-packages/airflow/example_dags/example_branch_python_dop_operator_3.py
[2024-07-16T18:13:27.128+0000] {processor.py:830} INFO - Processing file /home/airflow/.local/lib/python3.12/site-packages/airflow/example_dags/example_branch_python_dop_operator_3.py for tasks to queue
[2024-07-16T18:13:27.130+0000] {logging_mixin.py:188} INFO - [2024-07-16T18:13:27.129+0000] {dagbag.py:545} INFO - Filling up the DagBag from /home/airflow/.local/lib/python3.12/site-packages/airflow/example_dags/example_branch_python_dop_operator_3.py
[2024-07-16T18:13:27.137+0000] {processor.py:840} INFO - DAG(s) 'example_branch_dop_operator_v3' retrieved from /home/airflow/.local/lib/python3.12/site-packages/airflow/example_dags/example_branch_python_dop_operator_3.py
[2024-07-16T18:13:27.156+0000] {logging_mixin.py:188} INFO - [2024-07-16T18:13:27.155+0000] {dag.py:3089} INFO - Sync 1 DAGs
[2024-07-16T18:13:27.178+0000] {logging_mixin.py:188} INFO - [2024-07-16T18:13:27.178+0000] {dag.py:3947} INFO - Setting next_dagrun for example_branch_dop_operator_v3 to 2024-07-16 18:12:00+00:00, run_after=2024-07-16 18:13:00+00:00
[2024-07-16T18:13:27.198+0000] {processor.py:183} INFO - Processing /home/airflow/.local/lib/python3.12/site-packages/airflow/example_dags/example_branch_python_dop_operator_3.py took 0.076 seconds
