[2024-07-16T17:10:23.320+0000] {processor.py:161} INFO - Started process (PID=65) to work on /home/airflow/.local/lib/python3.12/site-packages/airflow/example_dags/example_branch_labels.py
[2024-07-16T17:10:23.323+0000] {processor.py:830} INFO - Processing file /home/airflow/.local/lib/python3.12/site-packages/airflow/example_dags/example_branch_labels.py for tasks to queue
[2024-07-16T17:10:23.326+0000] {logging_mixin.py:188} INFO - [2024-07-16T17:10:23.326+0000] {dagbag.py:545} INFO - Filling up the DagBag from /home/airflow/.local/lib/python3.12/site-packages/airflow/example_dags/example_branch_labels.py
[2024-07-16T17:10:23.347+0000] {processor.py:840} INFO - DAG(s) 'example_branch_labels' retrieved from /home/airflow/.local/lib/python3.12/site-packages/airflow/example_dags/example_branch_labels.py
[2024-07-16T17:10:23.662+0000] {logging_mixin.py:188} INFO - [2024-07-16T17:10:23.661+0000] {dag.py:3089} INFO - Sync 1 DAGs
[2024-07-16T17:10:23.699+0000] {logging_mixin.py:188} INFO - [2024-07-16T17:10:23.698+0000] {dag.py:3947} INFO - Setting next_dagrun for example_branch_labels to 2024-07-15 00:00:00+00:00, run_after=2024-07-16 00:00:00+00:00
[2024-07-16T17:10:23.731+0000] {processor.py:183} INFO - Processing /home/airflow/.local/lib/python3.12/site-packages/airflow/example_dags/example_branch_labels.py took 0.419 seconds
[2024-07-16T17:10:54.061+0000] {processor.py:161} INFO - Started process (PID=123) to work on /home/airflow/.local/lib/python3.12/site-packages/airflow/example_dags/example_branch_labels.py
[2024-07-16T17:10:54.063+0000] {processor.py:830} INFO - Processing file /home/airflow/.local/lib/python3.12/site-packages/airflow/example_dags/example_branch_labels.py for tasks to queue
[2024-07-16T17:10:54.065+0000] {logging_mixin.py:188} INFO - [2024-07-16T17:10:54.065+0000] {dagbag.py:545} INFO - Filling up the DagBag from /home/airflow/.local/lib/python3.12/site-packages/airflow/example_dags/example_branch_labels.py
[2024-07-16T17:10:54.073+0000] {processor.py:840} INFO - DAG(s) 'example_branch_labels' retrieved from /home/airflow/.local/lib/python3.12/site-packages/airflow/example_dags/example_branch_labels.py
[2024-07-16T17:10:54.096+0000] {logging_mixin.py:188} INFO - [2024-07-16T17:10:54.096+0000] {dag.py:3089} INFO - Sync 1 DAGs
[2024-07-16T17:10:54.123+0000] {logging_mixin.py:188} INFO - [2024-07-16T17:10:54.123+0000] {dag.py:3947} INFO - Setting next_dagrun for example_branch_labels to 2024-07-15 00:00:00+00:00, run_after=2024-07-16 00:00:00+00:00
[2024-07-16T17:10:54.147+0000] {processor.py:183} INFO - Processing /home/airflow/.local/lib/python3.12/site-packages/airflow/example_dags/example_branch_labels.py took 0.093 seconds
[2024-07-16T17:11:24.269+0000] {processor.py:161} INFO - Started process (PID=181) to work on /home/airflow/.local/lib/python3.12/site-packages/airflow/example_dags/example_branch_labels.py
[2024-07-16T17:11:24.270+0000] {processor.py:830} INFO - Processing file /home/airflow/.local/lib/python3.12/site-packages/airflow/example_dags/example_branch_labels.py for tasks to queue
[2024-07-16T17:11:24.272+0000] {logging_mixin.py:188} INFO - [2024-07-16T17:11:24.272+0000] {dagbag.py:545} INFO - Filling up the DagBag from /home/airflow/.local/lib/python3.12/site-packages/airflow/example_dags/example_branch_labels.py
[2024-07-16T17:11:24.278+0000] {processor.py:840} INFO - DAG(s) 'example_branch_labels' retrieved from /home/airflow/.local/lib/python3.12/site-packages/airflow/example_dags/example_branch_labels.py
[2024-07-16T17:11:24.299+0000] {logging_mixin.py:188} INFO - [2024-07-16T17:11:24.299+0000] {dag.py:3089} INFO - Sync 1 DAGs
[2024-07-16T17:11:24.321+0000] {logging_mixin.py:188} INFO - [2024-07-16T17:11:24.321+0000] {dag.py:3947} INFO - Setting next_dagrun for example_branch_labels to 2024-07-15 00:00:00+00:00, run_after=2024-07-16 00:00:00+00:00
[2024-07-16T17:11:24.343+0000] {processor.py:183} INFO - Processing /home/airflow/.local/lib/python3.12/site-packages/airflow/example_dags/example_branch_labels.py took 0.079 seconds
[2024-07-16T17:11:54.584+0000] {processor.py:161} INFO - Started process (PID=239) to work on /home/airflow/.local/lib/python3.12/site-packages/airflow/example_dags/example_branch_labels.py
[2024-07-16T17:11:54.586+0000] {processor.py:830} INFO - Processing file /home/airflow/.local/lib/python3.12/site-packages/airflow/example_dags/example_branch_labels.py for tasks to queue
[2024-07-16T17:11:54.588+0000] {logging_mixin.py:188} INFO - [2024-07-16T17:11:54.588+0000] {dagbag.py:545} INFO - Filling up the DagBag from /home/airflow/.local/lib/python3.12/site-packages/airflow/example_dags/example_branch_labels.py
[2024-07-16T17:11:54.598+0000] {processor.py:840} INFO - DAG(s) 'example_branch_labels' retrieved from /home/airflow/.local/lib/python3.12/site-packages/airflow/example_dags/example_branch_labels.py
[2024-07-16T17:11:54.618+0000] {logging_mixin.py:188} INFO - [2024-07-16T17:11:54.618+0000] {dag.py:3089} INFO - Sync 1 DAGs
[2024-07-16T17:11:54.640+0000] {logging_mixin.py:188} INFO - [2024-07-16T17:11:54.639+0000] {dag.py:3947} INFO - Setting next_dagrun for example_branch_labels to 2024-07-15 00:00:00+00:00, run_after=2024-07-16 00:00:00+00:00
[2024-07-16T17:11:54.657+0000] {processor.py:183} INFO - Processing /home/airflow/.local/lib/python3.12/site-packages/airflow/example_dags/example_branch_labels.py took 0.079 seconds
[2024-07-16T17:12:24.856+0000] {processor.py:161} INFO - Started process (PID=297) to work on /home/airflow/.local/lib/python3.12/site-packages/airflow/example_dags/example_branch_labels.py
[2024-07-16T17:12:24.857+0000] {processor.py:830} INFO - Processing file /home/airflow/.local/lib/python3.12/site-packages/airflow/example_dags/example_branch_labels.py for tasks to queue
[2024-07-16T17:12:24.860+0000] {logging_mixin.py:188} INFO - [2024-07-16T17:12:24.859+0000] {dagbag.py:545} INFO - Filling up the DagBag from /home/airflow/.local/lib/python3.12/site-packages/airflow/example_dags/example_branch_labels.py
[2024-07-16T17:12:24.867+0000] {processor.py:840} INFO - DAG(s) 'example_branch_labels' retrieved from /home/airflow/.local/lib/python3.12/site-packages/airflow/example_dags/example_branch_labels.py
[2024-07-16T17:12:24.889+0000] {logging_mixin.py:188} INFO - [2024-07-16T17:12:24.889+0000] {dag.py:3089} INFO - Sync 1 DAGs
[2024-07-16T17:12:24.912+0000] {logging_mixin.py:188} INFO - [2024-07-16T17:12:24.912+0000] {dag.py:3947} INFO - Setting next_dagrun for example_branch_labels to 2024-07-15 00:00:00+00:00, run_after=2024-07-16 00:00:00+00:00
[2024-07-16T17:12:24.932+0000] {processor.py:183} INFO - Processing /home/airflow/.local/lib/python3.12/site-packages/airflow/example_dags/example_branch_labels.py took 0.081 seconds
[2024-07-16T17:12:55.254+0000] {processor.py:161} INFO - Started process (PID=355) to work on /home/airflow/.local/lib/python3.12/site-packages/airflow/example_dags/example_branch_labels.py
[2024-07-16T17:12:55.256+0000] {processor.py:830} INFO - Processing file /home/airflow/.local/lib/python3.12/site-packages/airflow/example_dags/example_branch_labels.py for tasks to queue
[2024-07-16T17:12:55.258+0000] {logging_mixin.py:188} INFO - [2024-07-16T17:12:55.257+0000] {dagbag.py:545} INFO - Filling up the DagBag from /home/airflow/.local/lib/python3.12/site-packages/airflow/example_dags/example_branch_labels.py
[2024-07-16T17:12:55.268+0000] {processor.py:840} INFO - DAG(s) 'example_branch_labels' retrieved from /home/airflow/.local/lib/python3.12/site-packages/airflow/example_dags/example_branch_labels.py
[2024-07-16T17:12:55.303+0000] {logging_mixin.py:188} INFO - [2024-07-16T17:12:55.302+0000] {dag.py:3089} INFO - Sync 1 DAGs
[2024-07-16T17:12:55.332+0000] {logging_mixin.py:188} INFO - [2024-07-16T17:12:55.331+0000] {dag.py:3947} INFO - Setting next_dagrun for example_branch_labels to 2024-07-15 00:00:00+00:00, run_after=2024-07-16 00:00:00+00:00
[2024-07-16T17:12:55.364+0000] {processor.py:183} INFO - Processing /home/airflow/.local/lib/python3.12/site-packages/airflow/example_dags/example_branch_labels.py took 0.118 seconds
[2024-07-16T17:13:25.488+0000] {processor.py:161} INFO - Started process (PID=413) to work on /home/airflow/.local/lib/python3.12/site-packages/airflow/example_dags/example_branch_labels.py
[2024-07-16T17:13:25.489+0000] {processor.py:830} INFO - Processing file /home/airflow/.local/lib/python3.12/site-packages/airflow/example_dags/example_branch_labels.py for tasks to queue
[2024-07-16T17:13:25.492+0000] {logging_mixin.py:188} INFO - [2024-07-16T17:13:25.491+0000] {dagbag.py:545} INFO - Filling up the DagBag from /home/airflow/.local/lib/python3.12/site-packages/airflow/example_dags/example_branch_labels.py
[2024-07-16T17:13:25.504+0000] {processor.py:840} INFO - DAG(s) 'example_branch_labels' retrieved from /home/airflow/.local/lib/python3.12/site-packages/airflow/example_dags/example_branch_labels.py
[2024-07-16T17:13:25.526+0000] {logging_mixin.py:188} INFO - [2024-07-16T17:13:25.526+0000] {dag.py:3089} INFO - Sync 1 DAGs
[2024-07-16T17:13:25.546+0000] {logging_mixin.py:188} INFO - [2024-07-16T17:13:25.546+0000] {dag.py:3947} INFO - Setting next_dagrun for example_branch_labels to 2024-07-15 00:00:00+00:00, run_after=2024-07-16 00:00:00+00:00
[2024-07-16T17:13:25.565+0000] {processor.py:183} INFO - Processing /home/airflow/.local/lib/python3.12/site-packages/airflow/example_dags/example_branch_labels.py took 0.083 seconds
[2024-07-16T17:13:55.821+0000] {processor.py:161} INFO - Started process (PID=471) to work on /home/airflow/.local/lib/python3.12/site-packages/airflow/example_dags/example_branch_labels.py
[2024-07-16T17:13:55.822+0000] {processor.py:830} INFO - Processing file /home/airflow/.local/lib/python3.12/site-packages/airflow/example_dags/example_branch_labels.py for tasks to queue
[2024-07-16T17:13:55.824+0000] {logging_mixin.py:188} INFO - [2024-07-16T17:13:55.824+0000] {dagbag.py:545} INFO - Filling up the DagBag from /home/airflow/.local/lib/python3.12/site-packages/airflow/example_dags/example_branch_labels.py
[2024-07-16T17:13:55.832+0000] {processor.py:840} INFO - DAG(s) 'example_branch_labels' retrieved from /home/airflow/.local/lib/python3.12/site-packages/airflow/example_dags/example_branch_labels.py
[2024-07-16T17:13:55.855+0000] {logging_mixin.py:188} INFO - [2024-07-16T17:13:55.855+0000] {dag.py:3089} INFO - Sync 1 DAGs
[2024-07-16T17:13:55.883+0000] {logging_mixin.py:188} INFO - [2024-07-16T17:13:55.883+0000] {dag.py:3947} INFO - Setting next_dagrun for example_branch_labels to 2024-07-15 00:00:00+00:00, run_after=2024-07-16 00:00:00+00:00
[2024-07-16T17:13:55.906+0000] {processor.py:183} INFO - Processing /home/airflow/.local/lib/python3.12/site-packages/airflow/example_dags/example_branch_labels.py took 0.091 seconds
[2024-07-16T17:14:26.036+0000] {processor.py:161} INFO - Started process (PID=529) to work on /home/airflow/.local/lib/python3.12/site-packages/airflow/example_dags/example_branch_labels.py
[2024-07-16T17:14:26.038+0000] {processor.py:830} INFO - Processing file /home/airflow/.local/lib/python3.12/site-packages/airflow/example_dags/example_branch_labels.py for tasks to queue
[2024-07-16T17:14:26.040+0000] {logging_mixin.py:188} INFO - [2024-07-16T17:14:26.039+0000] {dagbag.py:545} INFO - Filling up the DagBag from /home/airflow/.local/lib/python3.12/site-packages/airflow/example_dags/example_branch_labels.py
[2024-07-16T17:14:26.046+0000] {processor.py:840} INFO - DAG(s) 'example_branch_labels' retrieved from /home/airflow/.local/lib/python3.12/site-packages/airflow/example_dags/example_branch_labels.py
[2024-07-16T17:14:26.066+0000] {logging_mixin.py:188} INFO - [2024-07-16T17:14:26.065+0000] {dag.py:3089} INFO - Sync 1 DAGs
[2024-07-16T17:14:26.086+0000] {logging_mixin.py:188} INFO - [2024-07-16T17:14:26.086+0000] {dag.py:3947} INFO - Setting next_dagrun for example_branch_labels to 2024-07-15 00:00:00+00:00, run_after=2024-07-16 00:00:00+00:00
[2024-07-16T17:14:26.103+0000] {processor.py:183} INFO - Processing /home/airflow/.local/lib/python3.12/site-packages/airflow/example_dags/example_branch_labels.py took 0.071 seconds
[2024-07-16T17:14:56.490+0000] {processor.py:161} INFO - Started process (PID=587) to work on /home/airflow/.local/lib/python3.12/site-packages/airflow/example_dags/example_branch_labels.py
[2024-07-16T17:14:56.492+0000] {processor.py:830} INFO - Processing file /home/airflow/.local/lib/python3.12/site-packages/airflow/example_dags/example_branch_labels.py for tasks to queue
[2024-07-16T17:14:56.494+0000] {logging_mixin.py:188} INFO - [2024-07-16T17:14:56.493+0000] {dagbag.py:545} INFO - Filling up the DagBag from /home/airflow/.local/lib/python3.12/site-packages/airflow/example_dags/example_branch_labels.py
[2024-07-16T17:14:56.502+0000] {processor.py:840} INFO - DAG(s) 'example_branch_labels' retrieved from /home/airflow/.local/lib/python3.12/site-packages/airflow/example_dags/example_branch_labels.py
[2024-07-16T17:14:56.544+0000] {logging_mixin.py:188} INFO - [2024-07-16T17:14:56.543+0000] {dag.py:3089} INFO - Sync 1 DAGs
[2024-07-16T17:14:56.569+0000] {logging_mixin.py:188} INFO - [2024-07-16T17:14:56.569+0000] {dag.py:3947} INFO - Setting next_dagrun for example_branch_labels to 2024-07-15 00:00:00+00:00, run_after=2024-07-16 00:00:00+00:00
[2024-07-16T17:14:56.590+0000] {processor.py:183} INFO - Processing /home/airflow/.local/lib/python3.12/site-packages/airflow/example_dags/example_branch_labels.py took 0.109 seconds
[2024-07-16T17:15:26.665+0000] {processor.py:161} INFO - Started process (PID=645) to work on /home/airflow/.local/lib/python3.12/site-packages/airflow/example_dags/example_branch_labels.py
[2024-07-16T17:15:26.666+0000] {processor.py:830} INFO - Processing file /home/airflow/.local/lib/python3.12/site-packages/airflow/example_dags/example_branch_labels.py for tasks to queue
[2024-07-16T17:15:26.667+0000] {logging_mixin.py:188} INFO - [2024-07-16T17:15:26.667+0000] {dagbag.py:545} INFO - Filling up the DagBag from /home/airflow/.local/lib/python3.12/site-packages/airflow/example_dags/example_branch_labels.py
[2024-07-16T17:15:26.675+0000] {processor.py:840} INFO - DAG(s) 'example_branch_labels' retrieved from /home/airflow/.local/lib/python3.12/site-packages/airflow/example_dags/example_branch_labels.py
[2024-07-16T17:15:26.695+0000] {logging_mixin.py:188} INFO - [2024-07-16T17:15:26.695+0000] {dag.py:3089} INFO - Sync 1 DAGs
[2024-07-16T17:15:26.715+0000] {logging_mixin.py:188} INFO - [2024-07-16T17:15:26.715+0000] {dag.py:3947} INFO - Setting next_dagrun for example_branch_labels to 2024-07-15 00:00:00+00:00, run_after=2024-07-16 00:00:00+00:00
[2024-07-16T17:15:26.736+0000] {processor.py:183} INFO - Processing /home/airflow/.local/lib/python3.12/site-packages/airflow/example_dags/example_branch_labels.py took 0.076 seconds
[2024-07-16T17:15:57.102+0000] {processor.py:161} INFO - Started process (PID=703) to work on /home/airflow/.local/lib/python3.12/site-packages/airflow/example_dags/example_branch_labels.py
[2024-07-16T17:15:57.104+0000] {processor.py:830} INFO - Processing file /home/airflow/.local/lib/python3.12/site-packages/airflow/example_dags/example_branch_labels.py for tasks to queue
[2024-07-16T17:15:57.105+0000] {logging_mixin.py:188} INFO - [2024-07-16T17:15:57.105+0000] {dagbag.py:545} INFO - Filling up the DagBag from /home/airflow/.local/lib/python3.12/site-packages/airflow/example_dags/example_branch_labels.py
[2024-07-16T17:15:57.111+0000] {processor.py:840} INFO - DAG(s) 'example_branch_labels' retrieved from /home/airflow/.local/lib/python3.12/site-packages/airflow/example_dags/example_branch_labels.py
[2024-07-16T17:15:57.135+0000] {logging_mixin.py:188} INFO - [2024-07-16T17:15:57.135+0000] {dag.py:3089} INFO - Sync 1 DAGs
[2024-07-16T17:15:57.159+0000] {logging_mixin.py:188} INFO - [2024-07-16T17:15:57.159+0000] {dag.py:3947} INFO - Setting next_dagrun for example_branch_labels to 2024-07-15 00:00:00+00:00, run_after=2024-07-16 00:00:00+00:00
[2024-07-16T17:15:57.181+0000] {processor.py:183} INFO - Processing /home/airflow/.local/lib/python3.12/site-packages/airflow/example_dags/example_branch_labels.py took 0.083 seconds
[2024-07-16T17:16:27.266+0000] {processor.py:161} INFO - Started process (PID=761) to work on /home/airflow/.local/lib/python3.12/site-packages/airflow/example_dags/example_branch_labels.py
[2024-07-16T17:16:27.267+0000] {processor.py:830} INFO - Processing file /home/airflow/.local/lib/python3.12/site-packages/airflow/example_dags/example_branch_labels.py for tasks to queue
[2024-07-16T17:16:27.269+0000] {logging_mixin.py:188} INFO - [2024-07-16T17:16:27.269+0000] {dagbag.py:545} INFO - Filling up the DagBag from /home/airflow/.local/lib/python3.12/site-packages/airflow/example_dags/example_branch_labels.py
[2024-07-16T17:16:27.276+0000] {processor.py:840} INFO - DAG(s) 'example_branch_labels' retrieved from /home/airflow/.local/lib/python3.12/site-packages/airflow/example_dags/example_branch_labels.py
[2024-07-16T17:16:27.297+0000] {logging_mixin.py:188} INFO - [2024-07-16T17:16:27.297+0000] {dag.py:3089} INFO - Sync 1 DAGs
[2024-07-16T17:16:27.323+0000] {logging_mixin.py:188} INFO - [2024-07-16T17:16:27.322+0000] {dag.py:3947} INFO - Setting next_dagrun for example_branch_labels to 2024-07-15 00:00:00+00:00, run_after=2024-07-16 00:00:00+00:00
[2024-07-16T17:16:27.340+0000] {processor.py:183} INFO - Processing /home/airflow/.local/lib/python3.12/site-packages/airflow/example_dags/example_branch_labels.py took 0.080 seconds
[2024-07-16T17:16:57.664+0000] {processor.py:161} INFO - Started process (PID=819) to work on /home/airflow/.local/lib/python3.12/site-packages/airflow/example_dags/example_branch_labels.py
[2024-07-16T17:16:57.665+0000] {processor.py:830} INFO - Processing file /home/airflow/.local/lib/python3.12/site-packages/airflow/example_dags/example_branch_labels.py for tasks to queue
[2024-07-16T17:16:57.667+0000] {logging_mixin.py:188} INFO - [2024-07-16T17:16:57.667+0000] {dagbag.py:545} INFO - Filling up the DagBag from /home/airflow/.local/lib/python3.12/site-packages/airflow/example_dags/example_branch_labels.py
[2024-07-16T17:16:57.672+0000] {processor.py:840} INFO - DAG(s) 'example_branch_labels' retrieved from /home/airflow/.local/lib/python3.12/site-packages/airflow/example_dags/example_branch_labels.py
[2024-07-16T17:16:57.690+0000] {logging_mixin.py:188} INFO - [2024-07-16T17:16:57.690+0000] {dag.py:3089} INFO - Sync 1 DAGs
[2024-07-16T17:16:57.712+0000] {logging_mixin.py:188} INFO - [2024-07-16T17:16:57.712+0000] {dag.py:3947} INFO - Setting next_dagrun for example_branch_labels to 2024-07-15 00:00:00+00:00, run_after=2024-07-16 00:00:00+00:00
[2024-07-16T17:16:57.729+0000] {processor.py:183} INFO - Processing /home/airflow/.local/lib/python3.12/site-packages/airflow/example_dags/example_branch_labels.py took 0.070 seconds
[2024-07-16T17:17:27.967+0000] {processor.py:161} INFO - Started process (PID=877) to work on /home/airflow/.local/lib/python3.12/site-packages/airflow/example_dags/example_branch_labels.py
[2024-07-16T17:17:27.968+0000] {processor.py:830} INFO - Processing file /home/airflow/.local/lib/python3.12/site-packages/airflow/example_dags/example_branch_labels.py for tasks to queue
[2024-07-16T17:17:27.970+0000] {logging_mixin.py:188} INFO - [2024-07-16T17:17:27.970+0000] {dagbag.py:545} INFO - Filling up the DagBag from /home/airflow/.local/lib/python3.12/site-packages/airflow/example_dags/example_branch_labels.py
[2024-07-16T17:17:27.977+0000] {processor.py:840} INFO - DAG(s) 'example_branch_labels' retrieved from /home/airflow/.local/lib/python3.12/site-packages/airflow/example_dags/example_branch_labels.py
[2024-07-16T17:17:28.000+0000] {logging_mixin.py:188} INFO - [2024-07-16T17:17:28.000+0000] {dag.py:3089} INFO - Sync 1 DAGs
[2024-07-16T17:17:28.026+0000] {logging_mixin.py:188} INFO - [2024-07-16T17:17:28.026+0000] {dag.py:3947} INFO - Setting next_dagrun for example_branch_labels to 2024-07-15 00:00:00+00:00, run_after=2024-07-16 00:00:00+00:00
[2024-07-16T17:17:28.053+0000] {processor.py:183} INFO - Processing /home/airflow/.local/lib/python3.12/site-packages/airflow/example_dags/example_branch_labels.py took 0.092 seconds
[2024-07-16T17:17:58.576+0000] {processor.py:161} INFO - Started process (PID=935) to work on /home/airflow/.local/lib/python3.12/site-packages/airflow/example_dags/example_branch_labels.py
[2024-07-16T17:17:58.577+0000] {processor.py:830} INFO - Processing file /home/airflow/.local/lib/python3.12/site-packages/airflow/example_dags/example_branch_labels.py for tasks to queue
[2024-07-16T17:17:58.579+0000] {logging_mixin.py:188} INFO - [2024-07-16T17:17:58.579+0000] {dagbag.py:545} INFO - Filling up the DagBag from /home/airflow/.local/lib/python3.12/site-packages/airflow/example_dags/example_branch_labels.py
[2024-07-16T17:17:58.587+0000] {processor.py:840} INFO - DAG(s) 'example_branch_labels' retrieved from /home/airflow/.local/lib/python3.12/site-packages/airflow/example_dags/example_branch_labels.py
[2024-07-16T17:17:58.608+0000] {logging_mixin.py:188} INFO - [2024-07-16T17:17:58.608+0000] {dag.py:3089} INFO - Sync 1 DAGs
[2024-07-16T17:17:58.627+0000] {logging_mixin.py:188} INFO - [2024-07-16T17:17:58.627+0000] {dag.py:3947} INFO - Setting next_dagrun for example_branch_labels to 2024-07-15 00:00:00+00:00, run_after=2024-07-16 00:00:00+00:00
[2024-07-16T17:17:58.646+0000] {processor.py:183} INFO - Processing /home/airflow/.local/lib/python3.12/site-packages/airflow/example_dags/example_branch_labels.py took 0.075 seconds
[2024-07-16T17:18:29.458+0000] {processor.py:161} INFO - Started process (PID=993) to work on /home/airflow/.local/lib/python3.12/site-packages/airflow/example_dags/example_branch_labels.py
[2024-07-16T17:18:29.467+0000] {processor.py:830} INFO - Processing file /home/airflow/.local/lib/python3.12/site-packages/airflow/example_dags/example_branch_labels.py for tasks to queue
[2024-07-16T17:18:29.483+0000] {logging_mixin.py:188} INFO - [2024-07-16T17:18:29.483+0000] {dagbag.py:545} INFO - Filling up the DagBag from /home/airflow/.local/lib/python3.12/site-packages/airflow/example_dags/example_branch_labels.py
[2024-07-16T17:18:29.518+0000] {processor.py:840} INFO - DAG(s) 'example_branch_labels' retrieved from /home/airflow/.local/lib/python3.12/site-packages/airflow/example_dags/example_branch_labels.py
[2024-07-16T17:18:29.601+0000] {logging_mixin.py:188} INFO - [2024-07-16T17:18:29.601+0000] {dag.py:3089} INFO - Sync 1 DAGs
[2024-07-16T17:18:29.683+0000] {logging_mixin.py:188} INFO - [2024-07-16T17:18:29.682+0000] {dag.py:3947} INFO - Setting next_dagrun for example_branch_labels to 2024-07-15 00:00:00+00:00, run_after=2024-07-16 00:00:00+00:00
[2024-07-16T17:18:29.744+0000] {processor.py:183} INFO - Processing /home/airflow/.local/lib/python3.12/site-packages/airflow/example_dags/example_branch_labels.py took 0.306 seconds
[2024-07-16T17:19:00.144+0000] {processor.py:161} INFO - Started process (PID=1051) to work on /home/airflow/.local/lib/python3.12/site-packages/airflow/example_dags/example_branch_labels.py
[2024-07-16T17:19:00.145+0000] {processor.py:830} INFO - Processing file /home/airflow/.local/lib/python3.12/site-packages/airflow/example_dags/example_branch_labels.py for tasks to queue
[2024-07-16T17:19:00.147+0000] {logging_mixin.py:188} INFO - [2024-07-16T17:19:00.147+0000] {dagbag.py:545} INFO - Filling up the DagBag from /home/airflow/.local/lib/python3.12/site-packages/airflow/example_dags/example_branch_labels.py
[2024-07-16T17:19:00.156+0000] {processor.py:840} INFO - DAG(s) 'example_branch_labels' retrieved from /home/airflow/.local/lib/python3.12/site-packages/airflow/example_dags/example_branch_labels.py
[2024-07-16T17:19:00.181+0000] {logging_mixin.py:188} INFO - [2024-07-16T17:19:00.181+0000] {dag.py:3089} INFO - Sync 1 DAGs
[2024-07-16T17:19:00.210+0000] {logging_mixin.py:188} INFO - [2024-07-16T17:19:00.210+0000] {dag.py:3947} INFO - Setting next_dagrun for example_branch_labels to 2024-07-15 00:00:00+00:00, run_after=2024-07-16 00:00:00+00:00
[2024-07-16T17:19:00.231+0000] {processor.py:183} INFO - Processing /home/airflow/.local/lib/python3.12/site-packages/airflow/example_dags/example_branch_labels.py took 0.093 seconds
[2024-07-16T17:19:30.451+0000] {processor.py:161} INFO - Started process (PID=1109) to work on /home/airflow/.local/lib/python3.12/site-packages/airflow/example_dags/example_branch_labels.py
[2024-07-16T17:19:30.452+0000] {processor.py:830} INFO - Processing file /home/airflow/.local/lib/python3.12/site-packages/airflow/example_dags/example_branch_labels.py for tasks to queue
[2024-07-16T17:19:30.454+0000] {logging_mixin.py:188} INFO - [2024-07-16T17:19:30.454+0000] {dagbag.py:545} INFO - Filling up the DagBag from /home/airflow/.local/lib/python3.12/site-packages/airflow/example_dags/example_branch_labels.py
[2024-07-16T17:19:30.464+0000] {processor.py:840} INFO - DAG(s) 'example_branch_labels' retrieved from /home/airflow/.local/lib/python3.12/site-packages/airflow/example_dags/example_branch_labels.py
[2024-07-16T17:19:30.486+0000] {logging_mixin.py:188} INFO - [2024-07-16T17:19:30.486+0000] {dag.py:3089} INFO - Sync 1 DAGs
[2024-07-16T17:19:30.510+0000] {logging_mixin.py:188} INFO - [2024-07-16T17:19:30.510+0000] {dag.py:3947} INFO - Setting next_dagrun for example_branch_labels to 2024-07-15 00:00:00+00:00, run_after=2024-07-16 00:00:00+00:00
[2024-07-16T17:19:30.544+0000] {processor.py:183} INFO - Processing /home/airflow/.local/lib/python3.12/site-packages/airflow/example_dags/example_branch_labels.py took 0.098 seconds
[2024-07-16T17:23:48.278+0000] {processor.py:161} INFO - Started process (PID=67) to work on /home/airflow/.local/lib/python3.12/site-packages/airflow/example_dags/example_branch_labels.py
[2024-07-16T17:23:48.279+0000] {processor.py:830} INFO - Processing file /home/airflow/.local/lib/python3.12/site-packages/airflow/example_dags/example_branch_labels.py for tasks to queue
[2024-07-16T17:23:48.283+0000] {logging_mixin.py:188} INFO - [2024-07-16T17:23:48.282+0000] {dagbag.py:545} INFO - Filling up the DagBag from /home/airflow/.local/lib/python3.12/site-packages/airflow/example_dags/example_branch_labels.py
[2024-07-16T17:23:48.328+0000] {processor.py:840} INFO - DAG(s) 'example_branch_labels' retrieved from /home/airflow/.local/lib/python3.12/site-packages/airflow/example_dags/example_branch_labels.py
[2024-07-16T17:23:48.882+0000] {logging_mixin.py:188} INFO - [2024-07-16T17:23:48.881+0000] {dag.py:3089} INFO - Sync 1 DAGs
[2024-07-16T17:23:48.929+0000] {logging_mixin.py:188} INFO - [2024-07-16T17:23:48.928+0000] {dag.py:3947} INFO - Setting next_dagrun for example_branch_labels to 2024-07-15 00:00:00+00:00, run_after=2024-07-16 00:00:00+00:00
[2024-07-16T17:23:48.973+0000] {processor.py:183} INFO - Processing /home/airflow/.local/lib/python3.12/site-packages/airflow/example_dags/example_branch_labels.py took 0.729 seconds
[2024-07-16T17:24:19.100+0000] {processor.py:161} INFO - Started process (PID=124) to work on /home/airflow/.local/lib/python3.12/site-packages/airflow/example_dags/example_branch_labels.py
[2024-07-16T17:24:19.101+0000] {processor.py:830} INFO - Processing file /home/airflow/.local/lib/python3.12/site-packages/airflow/example_dags/example_branch_labels.py for tasks to queue
[2024-07-16T17:24:19.103+0000] {logging_mixin.py:188} INFO - [2024-07-16T17:24:19.103+0000] {dagbag.py:545} INFO - Filling up the DagBag from /home/airflow/.local/lib/python3.12/site-packages/airflow/example_dags/example_branch_labels.py
[2024-07-16T17:24:19.109+0000] {processor.py:840} INFO - DAG(s) 'example_branch_labels' retrieved from /home/airflow/.local/lib/python3.12/site-packages/airflow/example_dags/example_branch_labels.py
[2024-07-16T17:24:19.126+0000] {logging_mixin.py:188} INFO - [2024-07-16T17:24:19.126+0000] {dag.py:3089} INFO - Sync 1 DAGs
[2024-07-16T17:24:19.146+0000] {logging_mixin.py:188} INFO - [2024-07-16T17:24:19.146+0000] {dag.py:3947} INFO - Setting next_dagrun for example_branch_labels to 2024-07-15 00:00:00+00:00, run_after=2024-07-16 00:00:00+00:00
[2024-07-16T17:24:19.166+0000] {processor.py:183} INFO - Processing /home/airflow/.local/lib/python3.12/site-packages/airflow/example_dags/example_branch_labels.py took 0.071 seconds
[2024-07-16T17:24:49.828+0000] {processor.py:161} INFO - Started process (PID=182) to work on /home/airflow/.local/lib/python3.12/site-packages/airflow/example_dags/example_branch_labels.py
[2024-07-16T17:24:49.829+0000] {processor.py:830} INFO - Processing file /home/airflow/.local/lib/python3.12/site-packages/airflow/example_dags/example_branch_labels.py for tasks to queue
[2024-07-16T17:24:49.831+0000] {logging_mixin.py:188} INFO - [2024-07-16T17:24:49.831+0000] {dagbag.py:545} INFO - Filling up the DagBag from /home/airflow/.local/lib/python3.12/site-packages/airflow/example_dags/example_branch_labels.py
[2024-07-16T17:24:49.837+0000] {processor.py:840} INFO - DAG(s) 'example_branch_labels' retrieved from /home/airflow/.local/lib/python3.12/site-packages/airflow/example_dags/example_branch_labels.py
[2024-07-16T17:24:49.853+0000] {logging_mixin.py:188} INFO - [2024-07-16T17:24:49.853+0000] {dag.py:3089} INFO - Sync 1 DAGs
[2024-07-16T17:24:49.872+0000] {logging_mixin.py:188} INFO - [2024-07-16T17:24:49.872+0000] {dag.py:3947} INFO - Setting next_dagrun for example_branch_labels to 2024-07-15 00:00:00+00:00, run_after=2024-07-16 00:00:00+00:00
[2024-07-16T17:24:49.888+0000] {processor.py:183} INFO - Processing /home/airflow/.local/lib/python3.12/site-packages/airflow/example_dags/example_branch_labels.py took 0.065 seconds
[2024-07-16T17:25:19.957+0000] {processor.py:161} INFO - Started process (PID=241) to work on /home/airflow/.local/lib/python3.12/site-packages/airflow/example_dags/example_branch_labels.py
[2024-07-16T17:25:19.958+0000] {processor.py:830} INFO - Processing file /home/airflow/.local/lib/python3.12/site-packages/airflow/example_dags/example_branch_labels.py for tasks to queue
[2024-07-16T17:25:19.960+0000] {logging_mixin.py:188} INFO - [2024-07-16T17:25:19.960+0000] {dagbag.py:545} INFO - Filling up the DagBag from /home/airflow/.local/lib/python3.12/site-packages/airflow/example_dags/example_branch_labels.py
[2024-07-16T17:25:19.969+0000] {processor.py:840} INFO - DAG(s) 'example_branch_labels' retrieved from /home/airflow/.local/lib/python3.12/site-packages/airflow/example_dags/example_branch_labels.py
[2024-07-16T17:25:19.990+0000] {logging_mixin.py:188} INFO - [2024-07-16T17:25:19.990+0000] {dag.py:3089} INFO - Sync 1 DAGs
[2024-07-16T17:25:20.010+0000] {logging_mixin.py:188} INFO - [2024-07-16T17:25:20.009+0000] {dag.py:3947} INFO - Setting next_dagrun for example_branch_labels to 2024-07-15 00:00:00+00:00, run_after=2024-07-16 00:00:00+00:00
[2024-07-16T17:25:20.029+0000] {processor.py:183} INFO - Processing /home/airflow/.local/lib/python3.12/site-packages/airflow/example_dags/example_branch_labels.py took 0.076 seconds
[2024-07-16T17:29:52.469+0000] {processor.py:161} INFO - Started process (PID=61) to work on /home/airflow/.local/lib/python3.12/site-packages/airflow/example_dags/example_branch_labels.py
[2024-07-16T17:29:52.470+0000] {processor.py:830} INFO - Processing file /home/airflow/.local/lib/python3.12/site-packages/airflow/example_dags/example_branch_labels.py for tasks to queue
[2024-07-16T17:29:52.473+0000] {logging_mixin.py:188} INFO - [2024-07-16T17:29:52.473+0000] {dagbag.py:545} INFO - Filling up the DagBag from /home/airflow/.local/lib/python3.12/site-packages/airflow/example_dags/example_branch_labels.py
[2024-07-16T17:29:52.490+0000] {processor.py:840} INFO - DAG(s) 'example_branch_labels' retrieved from /home/airflow/.local/lib/python3.12/site-packages/airflow/example_dags/example_branch_labels.py
[2024-07-16T17:29:52.814+0000] {logging_mixin.py:188} INFO - [2024-07-16T17:29:52.813+0000] {dag.py:3089} INFO - Sync 1 DAGs
[2024-07-16T17:29:52.845+0000] {logging_mixin.py:188} INFO - [2024-07-16T17:29:52.844+0000] {dag.py:3947} INFO - Setting next_dagrun for example_branch_labels to 2024-07-15 00:00:00+00:00, run_after=2024-07-16 00:00:00+00:00
[2024-07-16T17:29:52.868+0000] {processor.py:183} INFO - Processing /home/airflow/.local/lib/python3.12/site-packages/airflow/example_dags/example_branch_labels.py took 0.409 seconds
[2024-07-16T17:30:23.606+0000] {processor.py:161} INFO - Started process (PID=119) to work on /home/airflow/.local/lib/python3.12/site-packages/airflow/example_dags/example_branch_labels.py
[2024-07-16T17:30:23.607+0000] {processor.py:830} INFO - Processing file /home/airflow/.local/lib/python3.12/site-packages/airflow/example_dags/example_branch_labels.py for tasks to queue
[2024-07-16T17:30:23.609+0000] {logging_mixin.py:188} INFO - [2024-07-16T17:30:23.609+0000] {dagbag.py:545} INFO - Filling up the DagBag from /home/airflow/.local/lib/python3.12/site-packages/airflow/example_dags/example_branch_labels.py
[2024-07-16T17:30:23.616+0000] {processor.py:840} INFO - DAG(s) 'example_branch_labels' retrieved from /home/airflow/.local/lib/python3.12/site-packages/airflow/example_dags/example_branch_labels.py
[2024-07-16T17:30:23.638+0000] {logging_mixin.py:188} INFO - [2024-07-16T17:30:23.638+0000] {dag.py:3089} INFO - Sync 1 DAGs
[2024-07-16T17:30:23.667+0000] {logging_mixin.py:188} INFO - [2024-07-16T17:30:23.667+0000] {dag.py:3947} INFO - Setting next_dagrun for example_branch_labels to 2024-07-15 00:00:00+00:00, run_after=2024-07-16 00:00:00+00:00
[2024-07-16T17:30:23.690+0000] {processor.py:183} INFO - Processing /home/airflow/.local/lib/python3.12/site-packages/airflow/example_dags/example_branch_labels.py took 0.090 seconds
[2024-07-16T17:30:54.047+0000] {processor.py:161} INFO - Started process (PID=177) to work on /home/airflow/.local/lib/python3.12/site-packages/airflow/example_dags/example_branch_labels.py
[2024-07-16T17:30:54.048+0000] {processor.py:830} INFO - Processing file /home/airflow/.local/lib/python3.12/site-packages/airflow/example_dags/example_branch_labels.py for tasks to queue
[2024-07-16T17:30:54.051+0000] {logging_mixin.py:188} INFO - [2024-07-16T17:30:54.051+0000] {dagbag.py:545} INFO - Filling up the DagBag from /home/airflow/.local/lib/python3.12/site-packages/airflow/example_dags/example_branch_labels.py
[2024-07-16T17:30:54.065+0000] {processor.py:840} INFO - DAG(s) 'example_branch_labels' retrieved from /home/airflow/.local/lib/python3.12/site-packages/airflow/example_dags/example_branch_labels.py
[2024-07-16T17:30:54.098+0000] {logging_mixin.py:188} INFO - [2024-07-16T17:30:54.098+0000] {dag.py:3089} INFO - Sync 1 DAGs
[2024-07-16T17:30:54.141+0000] {logging_mixin.py:188} INFO - [2024-07-16T17:30:54.141+0000] {dag.py:3947} INFO - Setting next_dagrun for example_branch_labels to 2024-07-15 00:00:00+00:00, run_after=2024-07-16 00:00:00+00:00
[2024-07-16T17:30:54.173+0000] {processor.py:183} INFO - Processing /home/airflow/.local/lib/python3.12/site-packages/airflow/example_dags/example_branch_labels.py took 0.135 seconds
[2024-07-16T17:31:24.359+0000] {processor.py:161} INFO - Started process (PID=234) to work on /home/airflow/.local/lib/python3.12/site-packages/airflow/example_dags/example_branch_labels.py
[2024-07-16T17:31:24.360+0000] {processor.py:830} INFO - Processing file /home/airflow/.local/lib/python3.12/site-packages/airflow/example_dags/example_branch_labels.py for tasks to queue
[2024-07-16T17:31:24.362+0000] {logging_mixin.py:188} INFO - [2024-07-16T17:31:24.361+0000] {dagbag.py:545} INFO - Filling up the DagBag from /home/airflow/.local/lib/python3.12/site-packages/airflow/example_dags/example_branch_labels.py
[2024-07-16T17:31:24.370+0000] {processor.py:840} INFO - DAG(s) 'example_branch_labels' retrieved from /home/airflow/.local/lib/python3.12/site-packages/airflow/example_dags/example_branch_labels.py
[2024-07-16T17:31:24.392+0000] {logging_mixin.py:188} INFO - [2024-07-16T17:31:24.392+0000] {dag.py:3089} INFO - Sync 1 DAGs
[2024-07-16T17:31:24.415+0000] {logging_mixin.py:188} INFO - [2024-07-16T17:31:24.415+0000] {dag.py:3947} INFO - Setting next_dagrun for example_branch_labels to 2024-07-15 00:00:00+00:00, run_after=2024-07-16 00:00:00+00:00
[2024-07-16T17:31:24.436+0000] {processor.py:183} INFO - Processing /home/airflow/.local/lib/python3.12/site-packages/airflow/example_dags/example_branch_labels.py took 0.087 seconds
[2024-07-16T17:31:55.155+0000] {processor.py:161} INFO - Started process (PID=292) to work on /home/airflow/.local/lib/python3.12/site-packages/airflow/example_dags/example_branch_labels.py
[2024-07-16T17:31:55.157+0000] {processor.py:830} INFO - Processing file /home/airflow/.local/lib/python3.12/site-packages/airflow/example_dags/example_branch_labels.py for tasks to queue
[2024-07-16T17:31:55.159+0000] {logging_mixin.py:188} INFO - [2024-07-16T17:31:55.159+0000] {dagbag.py:545} INFO - Filling up the DagBag from /home/airflow/.local/lib/python3.12/site-packages/airflow/example_dags/example_branch_labels.py
[2024-07-16T17:31:55.169+0000] {processor.py:840} INFO - DAG(s) 'example_branch_labels' retrieved from /home/airflow/.local/lib/python3.12/site-packages/airflow/example_dags/example_branch_labels.py
[2024-07-16T17:31:55.199+0000] {logging_mixin.py:188} INFO - [2024-07-16T17:31:55.198+0000] {dag.py:3089} INFO - Sync 1 DAGs
[2024-07-16T17:31:55.237+0000] {logging_mixin.py:188} INFO - [2024-07-16T17:31:55.236+0000] {dag.py:3947} INFO - Setting next_dagrun for example_branch_labels to 2024-07-15 00:00:00+00:00, run_after=2024-07-16 00:00:00+00:00
[2024-07-16T17:31:55.278+0000] {processor.py:183} INFO - Processing /home/airflow/.local/lib/python3.12/site-packages/airflow/example_dags/example_branch_labels.py took 0.132 seconds
[2024-07-16T17:32:25.657+0000] {processor.py:161} INFO - Started process (PID=350) to work on /home/airflow/.local/lib/python3.12/site-packages/airflow/example_dags/example_branch_labels.py
[2024-07-16T17:32:25.658+0000] {processor.py:830} INFO - Processing file /home/airflow/.local/lib/python3.12/site-packages/airflow/example_dags/example_branch_labels.py for tasks to queue
[2024-07-16T17:32:25.661+0000] {logging_mixin.py:188} INFO - [2024-07-16T17:32:25.660+0000] {dagbag.py:545} INFO - Filling up the DagBag from /home/airflow/.local/lib/python3.12/site-packages/airflow/example_dags/example_branch_labels.py
[2024-07-16T17:32:25.673+0000] {processor.py:840} INFO - DAG(s) 'example_branch_labels' retrieved from /home/airflow/.local/lib/python3.12/site-packages/airflow/example_dags/example_branch_labels.py
[2024-07-16T17:32:25.704+0000] {logging_mixin.py:188} INFO - [2024-07-16T17:32:25.704+0000] {dag.py:3089} INFO - Sync 1 DAGs
[2024-07-16T17:32:25.741+0000] {logging_mixin.py:188} INFO - [2024-07-16T17:32:25.741+0000] {dag.py:3947} INFO - Setting next_dagrun for example_branch_labels to 2024-07-15 00:00:00+00:00, run_after=2024-07-16 00:00:00+00:00
[2024-07-16T17:32:25.771+0000] {processor.py:183} INFO - Processing /home/airflow/.local/lib/python3.12/site-packages/airflow/example_dags/example_branch_labels.py took 0.124 seconds
[2024-07-16T17:32:56.064+0000] {processor.py:161} INFO - Started process (PID=408) to work on /home/airflow/.local/lib/python3.12/site-packages/airflow/example_dags/example_branch_labels.py
[2024-07-16T17:32:56.065+0000] {processor.py:830} INFO - Processing file /home/airflow/.local/lib/python3.12/site-packages/airflow/example_dags/example_branch_labels.py for tasks to queue
[2024-07-16T17:32:56.069+0000] {logging_mixin.py:188} INFO - [2024-07-16T17:32:56.068+0000] {dagbag.py:545} INFO - Filling up the DagBag from /home/airflow/.local/lib/python3.12/site-packages/airflow/example_dags/example_branch_labels.py
[2024-07-16T17:32:56.082+0000] {processor.py:840} INFO - DAG(s) 'example_branch_labels' retrieved from /home/airflow/.local/lib/python3.12/site-packages/airflow/example_dags/example_branch_labels.py
[2024-07-16T17:32:56.117+0000] {logging_mixin.py:188} INFO - [2024-07-16T17:32:56.116+0000] {dag.py:3089} INFO - Sync 1 DAGs
[2024-07-16T17:32:56.158+0000] {logging_mixin.py:188} INFO - [2024-07-16T17:32:56.157+0000] {dag.py:3947} INFO - Setting next_dagrun for example_branch_labels to 2024-07-15 00:00:00+00:00, run_after=2024-07-16 00:00:00+00:00
[2024-07-16T17:32:56.187+0000] {processor.py:183} INFO - Processing /home/airflow/.local/lib/python3.12/site-packages/airflow/example_dags/example_branch_labels.py took 0.133 seconds
[2024-07-16T18:04:12.015+0000] {processor.py:161} INFO - Started process (PID=62) to work on /home/airflow/.local/lib/python3.12/site-packages/airflow/example_dags/example_branch_labels.py
[2024-07-16T18:04:12.017+0000] {processor.py:830} INFO - Processing file /home/airflow/.local/lib/python3.12/site-packages/airflow/example_dags/example_branch_labels.py for tasks to queue
[2024-07-16T18:04:12.020+0000] {logging_mixin.py:188} INFO - [2024-07-16T18:04:12.019+0000] {dagbag.py:545} INFO - Filling up the DagBag from /home/airflow/.local/lib/python3.12/site-packages/airflow/example_dags/example_branch_labels.py
[2024-07-16T18:04:12.037+0000] {processor.py:840} INFO - DAG(s) 'example_branch_labels' retrieved from /home/airflow/.local/lib/python3.12/site-packages/airflow/example_dags/example_branch_labels.py
[2024-07-16T18:04:12.303+0000] {logging_mixin.py:188} INFO - [2024-07-16T18:04:12.303+0000] {dag.py:3089} INFO - Sync 1 DAGs
[2024-07-16T18:04:12.334+0000] {logging_mixin.py:188} INFO - [2024-07-16T18:04:12.334+0000] {dag.py:3947} INFO - Setting next_dagrun for example_branch_labels to 2024-07-15 00:00:00+00:00, run_after=2024-07-16 00:00:00+00:00
[2024-07-16T18:04:12.360+0000] {processor.py:183} INFO - Processing /home/airflow/.local/lib/python3.12/site-packages/airflow/example_dags/example_branch_labels.py took 0.354 seconds
[2024-07-16T18:12:20.417+0000] {processor.py:161} INFO - Started process (PID=68) to work on /home/airflow/.local/lib/python3.12/site-packages/airflow/example_dags/example_branch_labels.py
[2024-07-16T18:12:20.420+0000] {processor.py:830} INFO - Processing file /home/airflow/.local/lib/python3.12/site-packages/airflow/example_dags/example_branch_labels.py for tasks to queue
[2024-07-16T18:12:20.424+0000] {logging_mixin.py:188} INFO - [2024-07-16T18:12:20.424+0000] {dagbag.py:545} INFO - Filling up the DagBag from /home/airflow/.local/lib/python3.12/site-packages/airflow/example_dags/example_branch_labels.py
[2024-07-16T18:12:20.452+0000] {processor.py:840} INFO - DAG(s) 'example_branch_labels' retrieved from /home/airflow/.local/lib/python3.12/site-packages/airflow/example_dags/example_branch_labels.py
[2024-07-16T18:12:20.693+0000] {logging_mixin.py:188} INFO - [2024-07-16T18:12:20.692+0000] {dag.py:3089} INFO - Sync 1 DAGs
[2024-07-16T18:12:20.747+0000] {logging_mixin.py:188} INFO - [2024-07-16T18:12:20.746+0000] {dag.py:3947} INFO - Setting next_dagrun for example_branch_labels to 2024-07-15 00:00:00+00:00, run_after=2024-07-16 00:00:00+00:00
[2024-07-16T18:12:20.782+0000] {processor.py:183} INFO - Processing /home/airflow/.local/lib/python3.12/site-packages/airflow/example_dags/example_branch_labels.py took 0.379 seconds
[2024-07-16T18:12:50.946+0000] {processor.py:161} INFO - Started process (PID=127) to work on /home/airflow/.local/lib/python3.12/site-packages/airflow/example_dags/example_branch_labels.py
[2024-07-16T18:12:50.947+0000] {processor.py:830} INFO - Processing file /home/airflow/.local/lib/python3.12/site-packages/airflow/example_dags/example_branch_labels.py for tasks to queue
[2024-07-16T18:12:50.952+0000] {logging_mixin.py:188} INFO - [2024-07-16T18:12:50.951+0000] {dagbag.py:545} INFO - Filling up the DagBag from /home/airflow/.local/lib/python3.12/site-packages/airflow/example_dags/example_branch_labels.py
[2024-07-16T18:12:50.962+0000] {processor.py:840} INFO - DAG(s) 'example_branch_labels' retrieved from /home/airflow/.local/lib/python3.12/site-packages/airflow/example_dags/example_branch_labels.py
[2024-07-16T18:12:50.998+0000] {logging_mixin.py:188} INFO - [2024-07-16T18:12:50.998+0000] {dag.py:3089} INFO - Sync 1 DAGs
[2024-07-16T18:12:51.029+0000] {logging_mixin.py:188} INFO - [2024-07-16T18:12:51.029+0000] {dag.py:3947} INFO - Setting next_dagrun for example_branch_labels to 2024-07-15 00:00:00+00:00, run_after=2024-07-16 00:00:00+00:00
[2024-07-16T18:12:51.057+0000] {processor.py:183} INFO - Processing /home/airflow/.local/lib/python3.12/site-packages/airflow/example_dags/example_branch_labels.py took 0.117 seconds
[2024-07-16T18:13:21.519+0000] {processor.py:161} INFO - Started process (PID=186) to work on /home/airflow/.local/lib/python3.12/site-packages/airflow/example_dags/example_branch_labels.py
[2024-07-16T18:13:21.520+0000] {processor.py:830} INFO - Processing file /home/airflow/.local/lib/python3.12/site-packages/airflow/example_dags/example_branch_labels.py for tasks to queue
[2024-07-16T18:13:21.521+0000] {logging_mixin.py:188} INFO - [2024-07-16T18:13:21.521+0000] {dagbag.py:545} INFO - Filling up the DagBag from /home/airflow/.local/lib/python3.12/site-packages/airflow/example_dags/example_branch_labels.py
[2024-07-16T18:13:21.529+0000] {processor.py:840} INFO - DAG(s) 'example_branch_labels' retrieved from /home/airflow/.local/lib/python3.12/site-packages/airflow/example_dags/example_branch_labels.py
[2024-07-16T18:13:21.551+0000] {logging_mixin.py:188} INFO - [2024-07-16T18:13:21.550+0000] {dag.py:3089} INFO - Sync 1 DAGs
[2024-07-16T18:13:21.580+0000] {logging_mixin.py:188} INFO - [2024-07-16T18:13:21.579+0000] {dag.py:3947} INFO - Setting next_dagrun for example_branch_labels to 2024-07-15 00:00:00+00:00, run_after=2024-07-16 00:00:00+00:00
[2024-07-16T18:13:21.602+0000] {processor.py:183} INFO - Processing /home/airflow/.local/lib/python3.12/site-packages/airflow/example_dags/example_branch_labels.py took 0.090 seconds
