[2024-07-16T17:10:24.533+0000] {processor.py:161} INFO - Started process (PID=71) to work on /home/airflow/.local/lib/python3.12/site-packages/airflow/example_dags/example_latest_only.py
[2024-07-16T17:10:24.534+0000] {processor.py:830} INFO - Processing file /home/airflow/.local/lib/python3.12/site-packages/airflow/example_dags/example_latest_only.py for tasks to queue
[2024-07-16T17:10:24.536+0000] {logging_mixin.py:188} INFO - [2024-07-16T17:10:24.536+0000] {dagbag.py:545} INFO - Filling up the DagBag from /home/airflow/.local/lib/python3.12/site-packages/airflow/example_dags/example_latest_only.py
[2024-07-16T17:10:24.553+0000] {processor.py:840} INFO - DAG(s) 'latest_only' retrieved from /home/airflow/.local/lib/python3.12/site-packages/airflow/example_dags/example_latest_only.py
[2024-07-16T17:10:24.703+0000] {logging_mixin.py:188} INFO - [2024-07-16T17:10:24.703+0000] {dag.py:3089} INFO - Sync 1 DAGs
[2024-07-16T17:10:24.742+0000] {logging_mixin.py:188} INFO - [2024-07-16T17:10:24.742+0000] {dag.py:3947} INFO - Setting next_dagrun for latest_only to 2024-07-16 12:00:00+00:00, run_after=2024-07-16 16:00:00+00:00
[2024-07-16T17:10:24.773+0000] {processor.py:183} INFO - Processing /home/airflow/.local/lib/python3.12/site-packages/airflow/example_dags/example_latest_only.py took 0.248 seconds
[2024-07-16T17:10:55.419+0000] {processor.py:161} INFO - Started process (PID=129) to work on /home/airflow/.local/lib/python3.12/site-packages/airflow/example_dags/example_latest_only.py
[2024-07-16T17:10:55.420+0000] {processor.py:830} INFO - Processing file /home/airflow/.local/lib/python3.12/site-packages/airflow/example_dags/example_latest_only.py for tasks to queue
[2024-07-16T17:10:55.421+0000] {logging_mixin.py:188} INFO - [2024-07-16T17:10:55.421+0000] {dagbag.py:545} INFO - Filling up the DagBag from /home/airflow/.local/lib/python3.12/site-packages/airflow/example_dags/example_latest_only.py
[2024-07-16T17:10:55.425+0000] {processor.py:840} INFO - DAG(s) 'latest_only' retrieved from /home/airflow/.local/lib/python3.12/site-packages/airflow/example_dags/example_latest_only.py
[2024-07-16T17:10:55.440+0000] {logging_mixin.py:188} INFO - [2024-07-16T17:10:55.440+0000] {dag.py:3089} INFO - Sync 1 DAGs
[2024-07-16T17:10:55.461+0000] {logging_mixin.py:188} INFO - [2024-07-16T17:10:55.461+0000] {dag.py:3947} INFO - Setting next_dagrun for latest_only to 2024-07-16 12:00:00+00:00, run_after=2024-07-16 16:00:00+00:00
[2024-07-16T17:10:55.478+0000] {processor.py:183} INFO - Processing /home/airflow/.local/lib/python3.12/site-packages/airflow/example_dags/example_latest_only.py took 0.065 seconds
[2024-07-16T17:11:25.670+0000] {processor.py:161} INFO - Started process (PID=187) to work on /home/airflow/.local/lib/python3.12/site-packages/airflow/example_dags/example_latest_only.py
[2024-07-16T17:11:25.671+0000] {processor.py:830} INFO - Processing file /home/airflow/.local/lib/python3.12/site-packages/airflow/example_dags/example_latest_only.py for tasks to queue
[2024-07-16T17:11:25.673+0000] {logging_mixin.py:188} INFO - [2024-07-16T17:11:25.673+0000] {dagbag.py:545} INFO - Filling up the DagBag from /home/airflow/.local/lib/python3.12/site-packages/airflow/example_dags/example_latest_only.py
[2024-07-16T17:11:25.677+0000] {processor.py:840} INFO - DAG(s) 'latest_only' retrieved from /home/airflow/.local/lib/python3.12/site-packages/airflow/example_dags/example_latest_only.py
[2024-07-16T17:11:25.700+0000] {logging_mixin.py:188} INFO - [2024-07-16T17:11:25.700+0000] {dag.py:3089} INFO - Sync 1 DAGs
[2024-07-16T17:11:25.734+0000] {logging_mixin.py:188} INFO - [2024-07-16T17:11:25.734+0000] {dag.py:3947} INFO - Setting next_dagrun for latest_only to 2024-07-16 12:00:00+00:00, run_after=2024-07-16 16:00:00+00:00
[2024-07-16T17:11:25.769+0000] {processor.py:183} INFO - Processing /home/airflow/.local/lib/python3.12/site-packages/airflow/example_dags/example_latest_only.py took 0.105 seconds
[2024-07-16T17:11:55.934+0000] {processor.py:161} INFO - Started process (PID=245) to work on /home/airflow/.local/lib/python3.12/site-packages/airflow/example_dags/example_latest_only.py
[2024-07-16T17:11:55.936+0000] {processor.py:830} INFO - Processing file /home/airflow/.local/lib/python3.12/site-packages/airflow/example_dags/example_latest_only.py for tasks to queue
[2024-07-16T17:11:55.937+0000] {logging_mixin.py:188} INFO - [2024-07-16T17:11:55.937+0000] {dagbag.py:545} INFO - Filling up the DagBag from /home/airflow/.local/lib/python3.12/site-packages/airflow/example_dags/example_latest_only.py
[2024-07-16T17:11:55.943+0000] {processor.py:840} INFO - DAG(s) 'latest_only' retrieved from /home/airflow/.local/lib/python3.12/site-packages/airflow/example_dags/example_latest_only.py
[2024-07-16T17:11:55.966+0000] {logging_mixin.py:188} INFO - [2024-07-16T17:11:55.966+0000] {dag.py:3089} INFO - Sync 1 DAGs
[2024-07-16T17:11:55.990+0000] {logging_mixin.py:188} INFO - [2024-07-16T17:11:55.990+0000] {dag.py:3947} INFO - Setting next_dagrun for latest_only to 2024-07-16 12:00:00+00:00, run_after=2024-07-16 16:00:00+00:00
[2024-07-16T17:11:56.017+0000] {processor.py:183} INFO - Processing /home/airflow/.local/lib/python3.12/site-packages/airflow/example_dags/example_latest_only.py took 0.089 seconds
[2024-07-16T17:12:26.268+0000] {processor.py:161} INFO - Started process (PID=303) to work on /home/airflow/.local/lib/python3.12/site-packages/airflow/example_dags/example_latest_only.py
[2024-07-16T17:12:26.270+0000] {processor.py:830} INFO - Processing file /home/airflow/.local/lib/python3.12/site-packages/airflow/example_dags/example_latest_only.py for tasks to queue
[2024-07-16T17:12:26.272+0000] {logging_mixin.py:188} INFO - [2024-07-16T17:12:26.271+0000] {dagbag.py:545} INFO - Filling up the DagBag from /home/airflow/.local/lib/python3.12/site-packages/airflow/example_dags/example_latest_only.py
[2024-07-16T17:12:26.276+0000] {processor.py:840} INFO - DAG(s) 'latest_only' retrieved from /home/airflow/.local/lib/python3.12/site-packages/airflow/example_dags/example_latest_only.py
[2024-07-16T17:12:26.296+0000] {logging_mixin.py:188} INFO - [2024-07-16T17:12:26.296+0000] {dag.py:3089} INFO - Sync 1 DAGs
[2024-07-16T17:12:26.322+0000] {logging_mixin.py:188} INFO - [2024-07-16T17:12:26.322+0000] {dag.py:3947} INFO - Setting next_dagrun for latest_only to 2024-07-16 12:00:00+00:00, run_after=2024-07-16 16:00:00+00:00
[2024-07-16T17:12:26.347+0000] {processor.py:183} INFO - Processing /home/airflow/.local/lib/python3.12/site-packages/airflow/example_dags/example_latest_only.py took 0.084 seconds
[2024-07-16T17:12:56.712+0000] {processor.py:161} INFO - Started process (PID=361) to work on /home/airflow/.local/lib/python3.12/site-packages/airflow/example_dags/example_latest_only.py
[2024-07-16T17:12:56.714+0000] {processor.py:830} INFO - Processing file /home/airflow/.local/lib/python3.12/site-packages/airflow/example_dags/example_latest_only.py for tasks to queue
[2024-07-16T17:12:56.717+0000] {logging_mixin.py:188} INFO - [2024-07-16T17:12:56.717+0000] {dagbag.py:545} INFO - Filling up the DagBag from /home/airflow/.local/lib/python3.12/site-packages/airflow/example_dags/example_latest_only.py
[2024-07-16T17:12:56.734+0000] {processor.py:840} INFO - DAG(s) 'latest_only' retrieved from /home/airflow/.local/lib/python3.12/site-packages/airflow/example_dags/example_latest_only.py
[2024-07-16T17:12:56.773+0000] {logging_mixin.py:188} INFO - [2024-07-16T17:12:56.772+0000] {dag.py:3089} INFO - Sync 1 DAGs
[2024-07-16T17:12:56.807+0000] {logging_mixin.py:188} INFO - [2024-07-16T17:12:56.807+0000] {dag.py:3947} INFO - Setting next_dagrun for latest_only to 2024-07-16 12:00:00+00:00, run_after=2024-07-16 16:00:00+00:00
[2024-07-16T17:12:56.834+0000] {processor.py:183} INFO - Processing /home/airflow/.local/lib/python3.12/site-packages/airflow/example_dags/example_latest_only.py took 0.129 seconds
[2024-07-16T17:13:26.927+0000] {processor.py:161} INFO - Started process (PID=419) to work on /home/airflow/.local/lib/python3.12/site-packages/airflow/example_dags/example_latest_only.py
[2024-07-16T17:13:26.928+0000] {processor.py:830} INFO - Processing file /home/airflow/.local/lib/python3.12/site-packages/airflow/example_dags/example_latest_only.py for tasks to queue
[2024-07-16T17:13:26.930+0000] {logging_mixin.py:188} INFO - [2024-07-16T17:13:26.929+0000] {dagbag.py:545} INFO - Filling up the DagBag from /home/airflow/.local/lib/python3.12/site-packages/airflow/example_dags/example_latest_only.py
[2024-07-16T17:13:26.934+0000] {processor.py:840} INFO - DAG(s) 'latest_only' retrieved from /home/airflow/.local/lib/python3.12/site-packages/airflow/example_dags/example_latest_only.py
[2024-07-16T17:13:26.951+0000] {logging_mixin.py:188} INFO - [2024-07-16T17:13:26.950+0000] {dag.py:3089} INFO - Sync 1 DAGs
[2024-07-16T17:13:26.972+0000] {logging_mixin.py:188} INFO - [2024-07-16T17:13:26.971+0000] {dag.py:3947} INFO - Setting next_dagrun for latest_only to 2024-07-16 12:00:00+00:00, run_after=2024-07-16 16:00:00+00:00
[2024-07-16T17:13:26.988+0000] {processor.py:183} INFO - Processing /home/airflow/.local/lib/python3.12/site-packages/airflow/example_dags/example_latest_only.py took 0.066 seconds
[2024-07-16T17:13:57.226+0000] {processor.py:161} INFO - Started process (PID=477) to work on /home/airflow/.local/lib/python3.12/site-packages/airflow/example_dags/example_latest_only.py
[2024-07-16T17:13:57.227+0000] {processor.py:830} INFO - Processing file /home/airflow/.local/lib/python3.12/site-packages/airflow/example_dags/example_latest_only.py for tasks to queue
[2024-07-16T17:13:57.229+0000] {logging_mixin.py:188} INFO - [2024-07-16T17:13:57.229+0000] {dagbag.py:545} INFO - Filling up the DagBag from /home/airflow/.local/lib/python3.12/site-packages/airflow/example_dags/example_latest_only.py
[2024-07-16T17:13:57.235+0000] {processor.py:840} INFO - DAG(s) 'latest_only' retrieved from /home/airflow/.local/lib/python3.12/site-packages/airflow/example_dags/example_latest_only.py
[2024-07-16T17:13:57.256+0000] {logging_mixin.py:188} INFO - [2024-07-16T17:13:57.256+0000] {dag.py:3089} INFO - Sync 1 DAGs
[2024-07-16T17:13:57.287+0000] {logging_mixin.py:188} INFO - [2024-07-16T17:13:57.286+0000] {dag.py:3947} INFO - Setting next_dagrun for latest_only to 2024-07-16 12:00:00+00:00, run_after=2024-07-16 16:00:00+00:00
[2024-07-16T17:13:57.307+0000] {processor.py:183} INFO - Processing /home/airflow/.local/lib/python3.12/site-packages/airflow/example_dags/example_latest_only.py took 0.086 seconds
[2024-07-16T17:14:27.388+0000] {processor.py:161} INFO - Started process (PID=535) to work on /home/airflow/.local/lib/python3.12/site-packages/airflow/example_dags/example_latest_only.py
[2024-07-16T17:14:27.389+0000] {processor.py:830} INFO - Processing file /home/airflow/.local/lib/python3.12/site-packages/airflow/example_dags/example_latest_only.py for tasks to queue
[2024-07-16T17:14:27.391+0000] {logging_mixin.py:188} INFO - [2024-07-16T17:14:27.391+0000] {dagbag.py:545} INFO - Filling up the DagBag from /home/airflow/.local/lib/python3.12/site-packages/airflow/example_dags/example_latest_only.py
[2024-07-16T17:14:27.395+0000] {processor.py:840} INFO - DAG(s) 'latest_only' retrieved from /home/airflow/.local/lib/python3.12/site-packages/airflow/example_dags/example_latest_only.py
[2024-07-16T17:14:27.418+0000] {logging_mixin.py:188} INFO - [2024-07-16T17:14:27.417+0000] {dag.py:3089} INFO - Sync 1 DAGs
[2024-07-16T17:14:27.446+0000] {logging_mixin.py:188} INFO - [2024-07-16T17:14:27.446+0000] {dag.py:3947} INFO - Setting next_dagrun for latest_only to 2024-07-16 12:00:00+00:00, run_after=2024-07-16 16:00:00+00:00
[2024-07-16T17:14:27.472+0000] {processor.py:183} INFO - Processing /home/airflow/.local/lib/python3.12/site-packages/airflow/example_dags/example_latest_only.py took 0.089 seconds
[2024-07-16T17:14:57.908+0000] {processor.py:161} INFO - Started process (PID=593) to work on /home/airflow/.local/lib/python3.12/site-packages/airflow/example_dags/example_latest_only.py
[2024-07-16T17:14:57.909+0000] {processor.py:830} INFO - Processing file /home/airflow/.local/lib/python3.12/site-packages/airflow/example_dags/example_latest_only.py for tasks to queue
[2024-07-16T17:14:57.911+0000] {logging_mixin.py:188} INFO - [2024-07-16T17:14:57.911+0000] {dagbag.py:545} INFO - Filling up the DagBag from /home/airflow/.local/lib/python3.12/site-packages/airflow/example_dags/example_latest_only.py
[2024-07-16T17:14:57.915+0000] {processor.py:840} INFO - DAG(s) 'latest_only' retrieved from /home/airflow/.local/lib/python3.12/site-packages/airflow/example_dags/example_latest_only.py
[2024-07-16T17:14:57.932+0000] {logging_mixin.py:188} INFO - [2024-07-16T17:14:57.932+0000] {dag.py:3089} INFO - Sync 1 DAGs
[2024-07-16T17:14:57.951+0000] {logging_mixin.py:188} INFO - [2024-07-16T17:14:57.951+0000] {dag.py:3947} INFO - Setting next_dagrun for latest_only to 2024-07-16 12:00:00+00:00, run_after=2024-07-16 16:00:00+00:00
[2024-07-16T17:14:57.970+0000] {processor.py:183} INFO - Processing /home/airflow/.local/lib/python3.12/site-packages/airflow/example_dags/example_latest_only.py took 0.067 seconds
[2024-07-16T17:15:28.074+0000] {processor.py:161} INFO - Started process (PID=651) to work on /home/airflow/.local/lib/python3.12/site-packages/airflow/example_dags/example_latest_only.py
[2024-07-16T17:15:28.075+0000] {processor.py:830} INFO - Processing file /home/airflow/.local/lib/python3.12/site-packages/airflow/example_dags/example_latest_only.py for tasks to queue
[2024-07-16T17:15:28.077+0000] {logging_mixin.py:188} INFO - [2024-07-16T17:15:28.077+0000] {dagbag.py:545} INFO - Filling up the DagBag from /home/airflow/.local/lib/python3.12/site-packages/airflow/example_dags/example_latest_only.py
[2024-07-16T17:15:28.081+0000] {processor.py:840} INFO - DAG(s) 'latest_only' retrieved from /home/airflow/.local/lib/python3.12/site-packages/airflow/example_dags/example_latest_only.py
[2024-07-16T17:15:28.099+0000] {logging_mixin.py:188} INFO - [2024-07-16T17:15:28.099+0000] {dag.py:3089} INFO - Sync 1 DAGs
[2024-07-16T17:15:28.120+0000] {logging_mixin.py:188} INFO - [2024-07-16T17:15:28.120+0000] {dag.py:3947} INFO - Setting next_dagrun for latest_only to 2024-07-16 12:00:00+00:00, run_after=2024-07-16 16:00:00+00:00
[2024-07-16T17:15:28.136+0000] {processor.py:183} INFO - Processing /home/airflow/.local/lib/python3.12/site-packages/airflow/example_dags/example_latest_only.py took 0.067 seconds
[2024-07-16T17:15:58.429+0000] {processor.py:161} INFO - Started process (PID=709) to work on /home/airflow/.local/lib/python3.12/site-packages/airflow/example_dags/example_latest_only.py
[2024-07-16T17:15:58.431+0000] {processor.py:830} INFO - Processing file /home/airflow/.local/lib/python3.12/site-packages/airflow/example_dags/example_latest_only.py for tasks to queue
[2024-07-16T17:15:58.434+0000] {logging_mixin.py:188} INFO - [2024-07-16T17:15:58.434+0000] {dagbag.py:545} INFO - Filling up the DagBag from /home/airflow/.local/lib/python3.12/site-packages/airflow/example_dags/example_latest_only.py
[2024-07-16T17:15:58.438+0000] {processor.py:840} INFO - DAG(s) 'latest_only' retrieved from /home/airflow/.local/lib/python3.12/site-packages/airflow/example_dags/example_latest_only.py
[2024-07-16T17:15:58.457+0000] {logging_mixin.py:188} INFO - [2024-07-16T17:15:58.457+0000] {dag.py:3089} INFO - Sync 1 DAGs
[2024-07-16T17:15:58.476+0000] {logging_mixin.py:188} INFO - [2024-07-16T17:15:58.475+0000] {dag.py:3947} INFO - Setting next_dagrun for latest_only to 2024-07-16 12:00:00+00:00, run_after=2024-07-16 16:00:00+00:00
[2024-07-16T17:15:58.495+0000] {processor.py:183} INFO - Processing /home/airflow/.local/lib/python3.12/site-packages/airflow/example_dags/example_latest_only.py took 0.070 seconds
[2024-07-16T17:16:28.624+0000] {processor.py:161} INFO - Started process (PID=767) to work on /home/airflow/.local/lib/python3.12/site-packages/airflow/example_dags/example_latest_only.py
[2024-07-16T17:16:28.625+0000] {processor.py:830} INFO - Processing file /home/airflow/.local/lib/python3.12/site-packages/airflow/example_dags/example_latest_only.py for tasks to queue
[2024-07-16T17:16:28.627+0000] {logging_mixin.py:188} INFO - [2024-07-16T17:16:28.627+0000] {dagbag.py:545} INFO - Filling up the DagBag from /home/airflow/.local/lib/python3.12/site-packages/airflow/example_dags/example_latest_only.py
[2024-07-16T17:16:28.633+0000] {processor.py:840} INFO - DAG(s) 'latest_only' retrieved from /home/airflow/.local/lib/python3.12/site-packages/airflow/example_dags/example_latest_only.py
[2024-07-16T17:16:28.653+0000] {logging_mixin.py:188} INFO - [2024-07-16T17:16:28.653+0000] {dag.py:3089} INFO - Sync 1 DAGs
[2024-07-16T17:16:28.677+0000] {logging_mixin.py:188} INFO - [2024-07-16T17:16:28.677+0000] {dag.py:3947} INFO - Setting next_dagrun for latest_only to 2024-07-16 12:00:00+00:00, run_after=2024-07-16 16:00:00+00:00
[2024-07-16T17:16:28.696+0000] {processor.py:183} INFO - Processing /home/airflow/.local/lib/python3.12/site-packages/airflow/example_dags/example_latest_only.py took 0.078 seconds
[2024-07-16T17:16:58.966+0000] {processor.py:161} INFO - Started process (PID=825) to work on /home/airflow/.local/lib/python3.12/site-packages/airflow/example_dags/example_latest_only.py
[2024-07-16T17:16:58.968+0000] {processor.py:830} INFO - Processing file /home/airflow/.local/lib/python3.12/site-packages/airflow/example_dags/example_latest_only.py for tasks to queue
[2024-07-16T17:16:58.969+0000] {logging_mixin.py:188} INFO - [2024-07-16T17:16:58.969+0000] {dagbag.py:545} INFO - Filling up the DagBag from /home/airflow/.local/lib/python3.12/site-packages/airflow/example_dags/example_latest_only.py
[2024-07-16T17:16:58.974+0000] {processor.py:840} INFO - DAG(s) 'latest_only' retrieved from /home/airflow/.local/lib/python3.12/site-packages/airflow/example_dags/example_latest_only.py
[2024-07-16T17:16:58.992+0000] {logging_mixin.py:188} INFO - [2024-07-16T17:16:58.992+0000] {dag.py:3089} INFO - Sync 1 DAGs
[2024-07-16T17:16:59.012+0000] {logging_mixin.py:188} INFO - [2024-07-16T17:16:59.012+0000] {dag.py:3947} INFO - Setting next_dagrun for latest_only to 2024-07-16 12:00:00+00:00, run_after=2024-07-16 16:00:00+00:00
[2024-07-16T17:16:59.029+0000] {processor.py:183} INFO - Processing /home/airflow/.local/lib/python3.12/site-packages/airflow/example_dags/example_latest_only.py took 0.068 seconds
[2024-07-16T17:17:29.330+0000] {processor.py:161} INFO - Started process (PID=883) to work on /home/airflow/.local/lib/python3.12/site-packages/airflow/example_dags/example_latest_only.py
[2024-07-16T17:17:29.331+0000] {processor.py:830} INFO - Processing file /home/airflow/.local/lib/python3.12/site-packages/airflow/example_dags/example_latest_only.py for tasks to queue
[2024-07-16T17:17:29.334+0000] {logging_mixin.py:188} INFO - [2024-07-16T17:17:29.334+0000] {dagbag.py:545} INFO - Filling up the DagBag from /home/airflow/.local/lib/python3.12/site-packages/airflow/example_dags/example_latest_only.py
[2024-07-16T17:17:29.338+0000] {processor.py:840} INFO - DAG(s) 'latest_only' retrieved from /home/airflow/.local/lib/python3.12/site-packages/airflow/example_dags/example_latest_only.py
[2024-07-16T17:17:29.355+0000] {logging_mixin.py:188} INFO - [2024-07-16T17:17:29.355+0000] {dag.py:3089} INFO - Sync 1 DAGs
[2024-07-16T17:17:29.375+0000] {logging_mixin.py:188} INFO - [2024-07-16T17:17:29.374+0000] {dag.py:3947} INFO - Setting next_dagrun for latest_only to 2024-07-16 12:00:00+00:00, run_after=2024-07-16 16:00:00+00:00
[2024-07-16T17:17:29.395+0000] {processor.py:183} INFO - Processing /home/airflow/.local/lib/python3.12/site-packages/airflow/example_dags/example_latest_only.py took 0.069 seconds
[2024-07-16T17:17:59.886+0000] {processor.py:161} INFO - Started process (PID=941) to work on /home/airflow/.local/lib/python3.12/site-packages/airflow/example_dags/example_latest_only.py
[2024-07-16T17:17:59.887+0000] {processor.py:830} INFO - Processing file /home/airflow/.local/lib/python3.12/site-packages/airflow/example_dags/example_latest_only.py for tasks to queue
[2024-07-16T17:17:59.888+0000] {logging_mixin.py:188} INFO - [2024-07-16T17:17:59.888+0000] {dagbag.py:545} INFO - Filling up the DagBag from /home/airflow/.local/lib/python3.12/site-packages/airflow/example_dags/example_latest_only.py
[2024-07-16T17:17:59.892+0000] {processor.py:840} INFO - DAG(s) 'latest_only' retrieved from /home/airflow/.local/lib/python3.12/site-packages/airflow/example_dags/example_latest_only.py
[2024-07-16T17:17:59.910+0000] {logging_mixin.py:188} INFO - [2024-07-16T17:17:59.909+0000] {dag.py:3089} INFO - Sync 1 DAGs
[2024-07-16T17:17:59.928+0000] {logging_mixin.py:188} INFO - [2024-07-16T17:17:59.928+0000] {dag.py:3947} INFO - Setting next_dagrun for latest_only to 2024-07-16 12:00:00+00:00, run_after=2024-07-16 16:00:00+00:00
[2024-07-16T17:17:59.944+0000] {processor.py:183} INFO - Processing /home/airflow/.local/lib/python3.12/site-packages/airflow/example_dags/example_latest_only.py took 0.064 seconds
[2024-07-16T17:18:31.048+0000] {processor.py:161} INFO - Started process (PID=999) to work on /home/airflow/.local/lib/python3.12/site-packages/airflow/example_dags/example_latest_only.py
[2024-07-16T17:18:31.054+0000] {processor.py:830} INFO - Processing file /home/airflow/.local/lib/python3.12/site-packages/airflow/example_dags/example_latest_only.py for tasks to queue
[2024-07-16T17:18:31.058+0000] {logging_mixin.py:188} INFO - [2024-07-16T17:18:31.057+0000] {dagbag.py:545} INFO - Filling up the DagBag from /home/airflow/.local/lib/python3.12/site-packages/airflow/example_dags/example_latest_only.py
[2024-07-16T17:18:31.074+0000] {processor.py:840} INFO - DAG(s) 'latest_only' retrieved from /home/airflow/.local/lib/python3.12/site-packages/airflow/example_dags/example_latest_only.py
[2024-07-16T17:18:31.144+0000] {logging_mixin.py:188} INFO - [2024-07-16T17:18:31.144+0000] {dag.py:3089} INFO - Sync 1 DAGs
[2024-07-16T17:18:31.241+0000] {logging_mixin.py:188} INFO - [2024-07-16T17:18:31.241+0000] {dag.py:3947} INFO - Setting next_dagrun for latest_only to 2024-07-16 12:00:00+00:00, run_after=2024-07-16 16:00:00+00:00
[2024-07-16T17:18:31.309+0000] {processor.py:183} INFO - Processing /home/airflow/.local/lib/python3.12/site-packages/airflow/example_dags/example_latest_only.py took 0.279 seconds
[2024-07-16T17:19:01.691+0000] {processor.py:161} INFO - Started process (PID=1057) to work on /home/airflow/.local/lib/python3.12/site-packages/airflow/example_dags/example_latest_only.py
[2024-07-16T17:19:01.692+0000] {processor.py:830} INFO - Processing file /home/airflow/.local/lib/python3.12/site-packages/airflow/example_dags/example_latest_only.py for tasks to queue
[2024-07-16T17:19:01.694+0000] {logging_mixin.py:188} INFO - [2024-07-16T17:19:01.694+0000] {dagbag.py:545} INFO - Filling up the DagBag from /home/airflow/.local/lib/python3.12/site-packages/airflow/example_dags/example_latest_only.py
[2024-07-16T17:19:01.700+0000] {processor.py:840} INFO - DAG(s) 'latest_only' retrieved from /home/airflow/.local/lib/python3.12/site-packages/airflow/example_dags/example_latest_only.py
[2024-07-16T17:19:01.724+0000] {logging_mixin.py:188} INFO - [2024-07-16T17:19:01.724+0000] {dag.py:3089} INFO - Sync 1 DAGs
[2024-07-16T17:19:01.753+0000] {logging_mixin.py:188} INFO - [2024-07-16T17:19:01.752+0000] {dag.py:3947} INFO - Setting next_dagrun for latest_only to 2024-07-16 12:00:00+00:00, run_after=2024-07-16 16:00:00+00:00
[2024-07-16T17:19:01.777+0000] {processor.py:183} INFO - Processing /home/airflow/.local/lib/python3.12/site-packages/airflow/example_dags/example_latest_only.py took 0.094 seconds
[2024-07-16T17:19:32.660+0000] {processor.py:161} INFO - Started process (PID=1115) to work on /home/airflow/.local/lib/python3.12/site-packages/airflow/example_dags/example_latest_only.py
[2024-07-16T17:19:32.672+0000] {processor.py:830} INFO - Processing file /home/airflow/.local/lib/python3.12/site-packages/airflow/example_dags/example_latest_only.py for tasks to queue
[2024-07-16T17:19:32.690+0000] {logging_mixin.py:188} INFO - [2024-07-16T17:19:32.689+0000] {dagbag.py:545} INFO - Filling up the DagBag from /home/airflow/.local/lib/python3.12/site-packages/airflow/example_dags/example_latest_only.py
[2024-07-16T17:19:32.710+0000] {processor.py:840} INFO - DAG(s) 'latest_only' retrieved from /home/airflow/.local/lib/python3.12/site-packages/airflow/example_dags/example_latest_only.py
[2024-07-16T17:19:32.765+0000] {logging_mixin.py:188} INFO - [2024-07-16T17:19:32.765+0000] {dag.py:3089} INFO - Sync 1 DAGs
[2024-07-16T17:19:32.874+0000] {logging_mixin.py:188} INFO - [2024-07-16T17:19:32.874+0000] {dag.py:3947} INFO - Setting next_dagrun for latest_only to 2024-07-16 12:00:00+00:00, run_after=2024-07-16 16:00:00+00:00
[2024-07-16T17:19:32.972+0000] {processor.py:183} INFO - Processing /home/airflow/.local/lib/python3.12/site-packages/airflow/example_dags/example_latest_only.py took 0.333 seconds
[2024-07-16T17:23:50.929+0000] {processor.py:161} INFO - Started process (PID=73) to work on /home/airflow/.local/lib/python3.12/site-packages/airflow/example_dags/example_latest_only.py
[2024-07-16T17:23:50.931+0000] {processor.py:830} INFO - Processing file /home/airflow/.local/lib/python3.12/site-packages/airflow/example_dags/example_latest_only.py for tasks to queue
[2024-07-16T17:23:50.933+0000] {logging_mixin.py:188} INFO - [2024-07-16T17:23:50.933+0000] {dagbag.py:545} INFO - Filling up the DagBag from /home/airflow/.local/lib/python3.12/site-packages/airflow/example_dags/example_latest_only.py
[2024-07-16T17:23:50.949+0000] {processor.py:840} INFO - DAG(s) 'latest_only' retrieved from /home/airflow/.local/lib/python3.12/site-packages/airflow/example_dags/example_latest_only.py
[2024-07-16T17:23:51.110+0000] {logging_mixin.py:188} INFO - [2024-07-16T17:23:51.109+0000] {dag.py:3089} INFO - Sync 1 DAGs
[2024-07-16T17:23:51.138+0000] {logging_mixin.py:188} INFO - [2024-07-16T17:23:51.138+0000] {dag.py:3947} INFO - Setting next_dagrun for latest_only to 2024-07-16 12:00:00+00:00, run_after=2024-07-16 16:00:00+00:00
[2024-07-16T17:23:51.162+0000] {processor.py:183} INFO - Processing /home/airflow/.local/lib/python3.12/site-packages/airflow/example_dags/example_latest_only.py took 0.243 seconds
[2024-07-16T17:24:21.332+0000] {processor.py:161} INFO - Started process (PID=130) to work on /home/airflow/.local/lib/python3.12/site-packages/airflow/example_dags/example_latest_only.py
[2024-07-16T17:24:21.333+0000] {processor.py:830} INFO - Processing file /home/airflow/.local/lib/python3.12/site-packages/airflow/example_dags/example_latest_only.py for tasks to queue
[2024-07-16T17:24:21.335+0000] {logging_mixin.py:188} INFO - [2024-07-16T17:24:21.335+0000] {dagbag.py:545} INFO - Filling up the DagBag from /home/airflow/.local/lib/python3.12/site-packages/airflow/example_dags/example_latest_only.py
[2024-07-16T17:24:21.339+0000] {processor.py:840} INFO - DAG(s) 'latest_only' retrieved from /home/airflow/.local/lib/python3.12/site-packages/airflow/example_dags/example_latest_only.py
[2024-07-16T17:24:21.357+0000] {logging_mixin.py:188} INFO - [2024-07-16T17:24:21.357+0000] {dag.py:3089} INFO - Sync 1 DAGs
[2024-07-16T17:24:21.376+0000] {logging_mixin.py:188} INFO - [2024-07-16T17:24:21.376+0000] {dag.py:3947} INFO - Setting next_dagrun for latest_only to 2024-07-16 12:00:00+00:00, run_after=2024-07-16 16:00:00+00:00
[2024-07-16T17:24:21.393+0000] {processor.py:183} INFO - Processing /home/airflow/.local/lib/python3.12/site-packages/airflow/example_dags/example_latest_only.py took 0.065 seconds
[2024-07-16T17:24:52.136+0000] {processor.py:161} INFO - Started process (PID=188) to work on /home/airflow/.local/lib/python3.12/site-packages/airflow/example_dags/example_latest_only.py
[2024-07-16T17:24:52.137+0000] {processor.py:830} INFO - Processing file /home/airflow/.local/lib/python3.12/site-packages/airflow/example_dags/example_latest_only.py for tasks to queue
[2024-07-16T17:24:52.139+0000] {logging_mixin.py:188} INFO - [2024-07-16T17:24:52.138+0000] {dagbag.py:545} INFO - Filling up the DagBag from /home/airflow/.local/lib/python3.12/site-packages/airflow/example_dags/example_latest_only.py
[2024-07-16T17:24:52.142+0000] {processor.py:840} INFO - DAG(s) 'latest_only' retrieved from /home/airflow/.local/lib/python3.12/site-packages/airflow/example_dags/example_latest_only.py
[2024-07-16T17:24:52.158+0000] {logging_mixin.py:188} INFO - [2024-07-16T17:24:52.158+0000] {dag.py:3089} INFO - Sync 1 DAGs
[2024-07-16T17:24:52.176+0000] {logging_mixin.py:188} INFO - [2024-07-16T17:24:52.176+0000] {dag.py:3947} INFO - Setting next_dagrun for latest_only to 2024-07-16 12:00:00+00:00, run_after=2024-07-16 16:00:00+00:00
[2024-07-16T17:24:52.196+0000] {processor.py:183} INFO - Processing /home/airflow/.local/lib/python3.12/site-packages/airflow/example_dags/example_latest_only.py took 0.064 seconds
[2024-07-16T17:25:22.299+0000] {processor.py:161} INFO - Started process (PID=247) to work on /home/airflow/.local/lib/python3.12/site-packages/airflow/example_dags/example_latest_only.py
[2024-07-16T17:25:22.301+0000] {processor.py:830} INFO - Processing file /home/airflow/.local/lib/python3.12/site-packages/airflow/example_dags/example_latest_only.py for tasks to queue
[2024-07-16T17:25:22.303+0000] {logging_mixin.py:188} INFO - [2024-07-16T17:25:22.302+0000] {dagbag.py:545} INFO - Filling up the DagBag from /home/airflow/.local/lib/python3.12/site-packages/airflow/example_dags/example_latest_only.py
[2024-07-16T17:25:22.309+0000] {processor.py:840} INFO - DAG(s) 'latest_only' retrieved from /home/airflow/.local/lib/python3.12/site-packages/airflow/example_dags/example_latest_only.py
[2024-07-16T17:25:22.332+0000] {logging_mixin.py:188} INFO - [2024-07-16T17:25:22.331+0000] {dag.py:3089} INFO - Sync 1 DAGs
[2024-07-16T17:25:22.356+0000] {logging_mixin.py:188} INFO - [2024-07-16T17:25:22.355+0000] {dag.py:3947} INFO - Setting next_dagrun for latest_only to 2024-07-16 12:00:00+00:00, run_after=2024-07-16 16:00:00+00:00
[2024-07-16T17:25:22.378+0000] {processor.py:183} INFO - Processing /home/airflow/.local/lib/python3.12/site-packages/airflow/example_dags/example_latest_only.py took 0.083 seconds
[2024-07-16T17:29:53.982+0000] {processor.py:161} INFO - Started process (PID=67) to work on /home/airflow/.local/lib/python3.12/site-packages/airflow/example_dags/example_latest_only.py
[2024-07-16T17:29:53.984+0000] {processor.py:830} INFO - Processing file /home/airflow/.local/lib/python3.12/site-packages/airflow/example_dags/example_latest_only.py for tasks to queue
[2024-07-16T17:29:53.988+0000] {logging_mixin.py:188} INFO - [2024-07-16T17:29:53.987+0000] {dagbag.py:545} INFO - Filling up the DagBag from /home/airflow/.local/lib/python3.12/site-packages/airflow/example_dags/example_latest_only.py
[2024-07-16T17:29:54.004+0000] {processor.py:840} INFO - DAG(s) 'latest_only' retrieved from /home/airflow/.local/lib/python3.12/site-packages/airflow/example_dags/example_latest_only.py
[2024-07-16T17:29:54.194+0000] {logging_mixin.py:188} INFO - [2024-07-16T17:29:54.193+0000] {dag.py:3089} INFO - Sync 1 DAGs
[2024-07-16T17:29:54.228+0000] {logging_mixin.py:188} INFO - [2024-07-16T17:29:54.228+0000] {dag.py:3947} INFO - Setting next_dagrun for latest_only to 2024-07-16 12:00:00+00:00, run_after=2024-07-16 16:00:00+00:00
[2024-07-16T17:29:54.257+0000] {processor.py:183} INFO - Processing /home/airflow/.local/lib/python3.12/site-packages/airflow/example_dags/example_latest_only.py took 0.289 seconds
[2024-07-16T17:30:25.156+0000] {processor.py:161} INFO - Started process (PID=125) to work on /home/airflow/.local/lib/python3.12/site-packages/airflow/example_dags/example_latest_only.py
[2024-07-16T17:30:25.157+0000] {processor.py:830} INFO - Processing file /home/airflow/.local/lib/python3.12/site-packages/airflow/example_dags/example_latest_only.py for tasks to queue
[2024-07-16T17:30:25.159+0000] {logging_mixin.py:188} INFO - [2024-07-16T17:30:25.159+0000] {dagbag.py:545} INFO - Filling up the DagBag from /home/airflow/.local/lib/python3.12/site-packages/airflow/example_dags/example_latest_only.py
[2024-07-16T17:30:25.164+0000] {processor.py:840} INFO - DAG(s) 'latest_only' retrieved from /home/airflow/.local/lib/python3.12/site-packages/airflow/example_dags/example_latest_only.py
[2024-07-16T17:30:25.186+0000] {logging_mixin.py:188} INFO - [2024-07-16T17:30:25.186+0000] {dag.py:3089} INFO - Sync 1 DAGs
[2024-07-16T17:30:25.210+0000] {logging_mixin.py:188} INFO - [2024-07-16T17:30:25.209+0000] {dag.py:3947} INFO - Setting next_dagrun for latest_only to 2024-07-16 12:00:00+00:00, run_after=2024-07-16 16:00:00+00:00
[2024-07-16T17:30:25.234+0000] {processor.py:183} INFO - Processing /home/airflow/.local/lib/python3.12/site-packages/airflow/example_dags/example_latest_only.py took 0.084 seconds
[2024-07-16T17:30:55.414+0000] {processor.py:161} INFO - Started process (PID=183) to work on /home/airflow/.local/lib/python3.12/site-packages/airflow/example_dags/example_latest_only.py
[2024-07-16T17:30:55.418+0000] {processor.py:830} INFO - Processing file /home/airflow/.local/lib/python3.12/site-packages/airflow/example_dags/example_latest_only.py for tasks to queue
[2024-07-16T17:30:55.421+0000] {logging_mixin.py:188} INFO - [2024-07-16T17:30:55.420+0000] {dagbag.py:545} INFO - Filling up the DagBag from /home/airflow/.local/lib/python3.12/site-packages/airflow/example_dags/example_latest_only.py
[2024-07-16T17:30:55.429+0000] {processor.py:840} INFO - DAG(s) 'latest_only' retrieved from /home/airflow/.local/lib/python3.12/site-packages/airflow/example_dags/example_latest_only.py
[2024-07-16T17:30:55.472+0000] {logging_mixin.py:188} INFO - [2024-07-16T17:30:55.471+0000] {dag.py:3089} INFO - Sync 1 DAGs
[2024-07-16T17:30:55.528+0000] {logging_mixin.py:188} INFO - [2024-07-16T17:30:55.528+0000] {dag.py:3947} INFO - Setting next_dagrun for latest_only to 2024-07-16 12:00:00+00:00, run_after=2024-07-16 16:00:00+00:00
[2024-07-16T17:30:55.579+0000] {processor.py:183} INFO - Processing /home/airflow/.local/lib/python3.12/site-packages/airflow/example_dags/example_latest_only.py took 0.177 seconds
[2024-07-16T17:31:25.686+0000] {processor.py:161} INFO - Started process (PID=240) to work on /home/airflow/.local/lib/python3.12/site-packages/airflow/example_dags/example_latest_only.py
[2024-07-16T17:31:25.688+0000] {processor.py:830} INFO - Processing file /home/airflow/.local/lib/python3.12/site-packages/airflow/example_dags/example_latest_only.py for tasks to queue
[2024-07-16T17:31:25.691+0000] {logging_mixin.py:188} INFO - [2024-07-16T17:31:25.690+0000] {dagbag.py:545} INFO - Filling up the DagBag from /home/airflow/.local/lib/python3.12/site-packages/airflow/example_dags/example_latest_only.py
[2024-07-16T17:31:25.697+0000] {processor.py:840} INFO - DAG(s) 'latest_only' retrieved from /home/airflow/.local/lib/python3.12/site-packages/airflow/example_dags/example_latest_only.py
[2024-07-16T17:31:25.720+0000] {logging_mixin.py:188} INFO - [2024-07-16T17:31:25.719+0000] {dag.py:3089} INFO - Sync 1 DAGs
[2024-07-16T17:31:25.741+0000] {logging_mixin.py:188} INFO - [2024-07-16T17:31:25.741+0000] {dag.py:3947} INFO - Setting next_dagrun for latest_only to 2024-07-16 12:00:00+00:00, run_after=2024-07-16 16:00:00+00:00
[2024-07-16T17:31:25.761+0000] {processor.py:183} INFO - Processing /home/airflow/.local/lib/python3.12/site-packages/airflow/example_dags/example_latest_only.py took 0.080 seconds
[2024-07-16T17:31:56.813+0000] {processor.py:161} INFO - Started process (PID=298) to work on /home/airflow/.local/lib/python3.12/site-packages/airflow/example_dags/example_latest_only.py
[2024-07-16T17:31:56.815+0000] {processor.py:830} INFO - Processing file /home/airflow/.local/lib/python3.12/site-packages/airflow/example_dags/example_latest_only.py for tasks to queue
[2024-07-16T17:31:56.820+0000] {logging_mixin.py:188} INFO - [2024-07-16T17:31:56.819+0000] {dagbag.py:545} INFO - Filling up the DagBag from /home/airflow/.local/lib/python3.12/site-packages/airflow/example_dags/example_latest_only.py
[2024-07-16T17:31:56.831+0000] {processor.py:840} INFO - DAG(s) 'latest_only' retrieved from /home/airflow/.local/lib/python3.12/site-packages/airflow/example_dags/example_latest_only.py
[2024-07-16T17:31:56.881+0000] {logging_mixin.py:188} INFO - [2024-07-16T17:31:56.881+0000] {dag.py:3089} INFO - Sync 1 DAGs
[2024-07-16T17:31:56.931+0000] {logging_mixin.py:188} INFO - [2024-07-16T17:31:56.930+0000] {dag.py:3947} INFO - Setting next_dagrun for latest_only to 2024-07-16 12:00:00+00:00, run_after=2024-07-16 16:00:00+00:00
[2024-07-16T17:31:56.969+0000] {processor.py:183} INFO - Processing /home/airflow/.local/lib/python3.12/site-packages/airflow/example_dags/example_latest_only.py took 0.170 seconds
[2024-07-16T17:32:27.258+0000] {processor.py:161} INFO - Started process (PID=356) to work on /home/airflow/.local/lib/python3.12/site-packages/airflow/example_dags/example_latest_only.py
[2024-07-16T17:32:27.260+0000] {processor.py:830} INFO - Processing file /home/airflow/.local/lib/python3.12/site-packages/airflow/example_dags/example_latest_only.py for tasks to queue
[2024-07-16T17:32:27.264+0000] {logging_mixin.py:188} INFO - [2024-07-16T17:32:27.263+0000] {dagbag.py:545} INFO - Filling up the DagBag from /home/airflow/.local/lib/python3.12/site-packages/airflow/example_dags/example_latest_only.py
[2024-07-16T17:32:27.274+0000] {processor.py:840} INFO - DAG(s) 'latest_only' retrieved from /home/airflow/.local/lib/python3.12/site-packages/airflow/example_dags/example_latest_only.py
[2024-07-16T17:32:27.313+0000] {logging_mixin.py:188} INFO - [2024-07-16T17:32:27.312+0000] {dag.py:3089} INFO - Sync 1 DAGs
[2024-07-16T17:32:27.368+0000] {logging_mixin.py:188} INFO - [2024-07-16T17:32:27.367+0000] {dag.py:3947} INFO - Setting next_dagrun for latest_only to 2024-07-16 12:00:00+00:00, run_after=2024-07-16 16:00:00+00:00
[2024-07-16T17:32:27.418+0000] {processor.py:183} INFO - Processing /home/airflow/.local/lib/python3.12/site-packages/airflow/example_dags/example_latest_only.py took 0.173 seconds
[2024-07-16T17:32:57.591+0000] {processor.py:161} INFO - Started process (PID=414) to work on /home/airflow/.local/lib/python3.12/site-packages/airflow/example_dags/example_latest_only.py
[2024-07-16T17:32:57.592+0000] {processor.py:830} INFO - Processing file /home/airflow/.local/lib/python3.12/site-packages/airflow/example_dags/example_latest_only.py for tasks to queue
[2024-07-16T17:32:57.595+0000] {logging_mixin.py:188} INFO - [2024-07-16T17:32:57.595+0000] {dagbag.py:545} INFO - Filling up the DagBag from /home/airflow/.local/lib/python3.12/site-packages/airflow/example_dags/example_latest_only.py
[2024-07-16T17:32:57.602+0000] {processor.py:840} INFO - DAG(s) 'latest_only' retrieved from /home/airflow/.local/lib/python3.12/site-packages/airflow/example_dags/example_latest_only.py
[2024-07-16T17:32:57.635+0000] {logging_mixin.py:188} INFO - [2024-07-16T17:32:57.635+0000] {dag.py:3089} INFO - Sync 1 DAGs
[2024-07-16T17:32:57.676+0000] {logging_mixin.py:188} INFO - [2024-07-16T17:32:57.676+0000] {dag.py:3947} INFO - Setting next_dagrun for latest_only to 2024-07-16 12:00:00+00:00, run_after=2024-07-16 16:00:00+00:00
[2024-07-16T17:32:57.707+0000] {processor.py:183} INFO - Processing /home/airflow/.local/lib/python3.12/site-packages/airflow/example_dags/example_latest_only.py took 0.125 seconds
[2024-07-16T18:04:13.572+0000] {processor.py:161} INFO - Started process (PID=68) to work on /home/airflow/.local/lib/python3.12/site-packages/airflow/example_dags/example_latest_only.py
[2024-07-16T18:04:13.577+0000] {processor.py:830} INFO - Processing file /home/airflow/.local/lib/python3.12/site-packages/airflow/example_dags/example_latest_only.py for tasks to queue
[2024-07-16T18:04:13.587+0000] {logging_mixin.py:188} INFO - [2024-07-16T18:04:13.585+0000] {dagbag.py:545} INFO - Filling up the DagBag from /home/airflow/.local/lib/python3.12/site-packages/airflow/example_dags/example_latest_only.py
[2024-07-16T18:04:13.622+0000] {processor.py:840} INFO - DAG(s) 'latest_only' retrieved from /home/airflow/.local/lib/python3.12/site-packages/airflow/example_dags/example_latest_only.py
[2024-07-16T18:04:13.895+0000] {logging_mixin.py:188} INFO - [2024-07-16T18:04:13.895+0000] {dag.py:3089} INFO - Sync 1 DAGs
[2024-07-16T18:04:13.939+0000] {logging_mixin.py:188} INFO - [2024-07-16T18:04:13.938+0000] {dag.py:3947} INFO - Setting next_dagrun for latest_only to 2024-07-16 12:00:00+00:00, run_after=2024-07-16 16:00:00+00:00
[2024-07-16T18:04:13.969+0000] {processor.py:183} INFO - Processing /home/airflow/.local/lib/python3.12/site-packages/airflow/example_dags/example_latest_only.py took 0.426 seconds
[2024-07-16T18:12:21.679+0000] {processor.py:161} INFO - Started process (PID=74) to work on /home/airflow/.local/lib/python3.12/site-packages/airflow/example_dags/example_latest_only.py
[2024-07-16T18:12:21.681+0000] {processor.py:830} INFO - Processing file /home/airflow/.local/lib/python3.12/site-packages/airflow/example_dags/example_latest_only.py for tasks to queue
[2024-07-16T18:12:21.685+0000] {logging_mixin.py:188} INFO - [2024-07-16T18:12:21.685+0000] {dagbag.py:545} INFO - Filling up the DagBag from /home/airflow/.local/lib/python3.12/site-packages/airflow/example_dags/example_latest_only.py
[2024-07-16T18:12:21.703+0000] {processor.py:840} INFO - DAG(s) 'latest_only' retrieved from /home/airflow/.local/lib/python3.12/site-packages/airflow/example_dags/example_latest_only.py
[2024-07-16T18:12:21.993+0000] {logging_mixin.py:188} INFO - [2024-07-16T18:12:21.992+0000] {dag.py:3089} INFO - Sync 1 DAGs
[2024-07-16T18:12:22.031+0000] {logging_mixin.py:188} INFO - [2024-07-16T18:12:22.031+0000] {dag.py:3947} INFO - Setting next_dagrun for latest_only to 2024-07-16 12:00:00+00:00, run_after=2024-07-16 16:00:00+00:00
[2024-07-16T18:12:22.064+0000] {processor.py:183} INFO - Processing /home/airflow/.local/lib/python3.12/site-packages/airflow/example_dags/example_latest_only.py took 0.397 seconds
[2024-07-16T18:12:52.456+0000] {processor.py:161} INFO - Started process (PID=133) to work on /home/airflow/.local/lib/python3.12/site-packages/airflow/example_dags/example_latest_only.py
[2024-07-16T18:12:52.457+0000] {processor.py:830} INFO - Processing file /home/airflow/.local/lib/python3.12/site-packages/airflow/example_dags/example_latest_only.py for tasks to queue
[2024-07-16T18:12:52.459+0000] {logging_mixin.py:188} INFO - [2024-07-16T18:12:52.458+0000] {dagbag.py:545} INFO - Filling up the DagBag from /home/airflow/.local/lib/python3.12/site-packages/airflow/example_dags/example_latest_only.py
[2024-07-16T18:12:52.464+0000] {processor.py:840} INFO - DAG(s) 'latest_only' retrieved from /home/airflow/.local/lib/python3.12/site-packages/airflow/example_dags/example_latest_only.py
[2024-07-16T18:12:52.489+0000] {logging_mixin.py:188} INFO - [2024-07-16T18:12:52.488+0000] {dag.py:3089} INFO - Sync 1 DAGs
[2024-07-16T18:12:52.517+0000] {logging_mixin.py:188} INFO - [2024-07-16T18:12:52.516+0000] {dag.py:3947} INFO - Setting next_dagrun for latest_only to 2024-07-16 12:00:00+00:00, run_after=2024-07-16 16:00:00+00:00
[2024-07-16T18:12:52.554+0000] {processor.py:183} INFO - Processing /home/airflow/.local/lib/python3.12/site-packages/airflow/example_dags/example_latest_only.py took 0.109 seconds
[2024-07-16T18:13:22.932+0000] {processor.py:161} INFO - Started process (PID=192) to work on /home/airflow/.local/lib/python3.12/site-packages/airflow/example_dags/example_latest_only.py
[2024-07-16T18:13:22.933+0000] {processor.py:830} INFO - Processing file /home/airflow/.local/lib/python3.12/site-packages/airflow/example_dags/example_latest_only.py for tasks to queue
[2024-07-16T18:13:22.935+0000] {logging_mixin.py:188} INFO - [2024-07-16T18:13:22.935+0000] {dagbag.py:545} INFO - Filling up the DagBag from /home/airflow/.local/lib/python3.12/site-packages/airflow/example_dags/example_latest_only.py
[2024-07-16T18:13:22.939+0000] {processor.py:840} INFO - DAG(s) 'latest_only' retrieved from /home/airflow/.local/lib/python3.12/site-packages/airflow/example_dags/example_latest_only.py
[2024-07-16T18:13:22.959+0000] {logging_mixin.py:188} INFO - [2024-07-16T18:13:22.958+0000] {dag.py:3089} INFO - Sync 1 DAGs
[2024-07-16T18:13:22.979+0000] {logging_mixin.py:188} INFO - [2024-07-16T18:13:22.979+0000] {dag.py:3947} INFO - Setting next_dagrun for latest_only to 2024-07-16 12:00:00+00:00, run_after=2024-07-16 16:00:00+00:00
[2024-07-16T18:13:23.000+0000] {processor.py:183} INFO - Processing /home/airflow/.local/lib/python3.12/site-packages/airflow/example_dags/example_latest_only.py took 0.072 seconds
