[2024-07-16T17:10:30.387+0000] {processor.py:161} INFO - Started process (PID=107) to work on /home/airflow/.local/lib/python3.12/site-packages/airflow/example_dags/example_skip_dag.py
[2024-07-16T17:10:30.388+0000] {processor.py:830} INFO - Processing file /home/airflow/.local/lib/python3.12/site-packages/airflow/example_dags/example_skip_dag.py for tasks to queue
[2024-07-16T17:10:30.390+0000] {logging_mixin.py:188} INFO - [2024-07-16T17:10:30.390+0000] {dagbag.py:545} INFO - Filling up the DagBag from /home/airflow/.local/lib/python3.12/site-packages/airflow/example_dags/example_skip_dag.py
[2024-07-16T17:10:30.397+0000] {processor.py:840} INFO - DAG(s) 'example_skip_dag' retrieved from /home/airflow/.local/lib/python3.12/site-packages/airflow/example_dags/example_skip_dag.py
[2024-07-16T17:10:30.501+0000] {logging_mixin.py:188} INFO - [2024-07-16T17:10:30.501+0000] {dag.py:3089} INFO - Sync 1 DAGs
[2024-07-16T17:10:30.522+0000] {logging_mixin.py:188} INFO - [2024-07-16T17:10:30.522+0000] {dag.py:3947} INFO - Setting next_dagrun for example_skip_dag to 2024-07-15 00:00:00+00:00, run_after=2024-07-16 00:00:00+00:00
[2024-07-16T17:10:30.552+0000] {processor.py:183} INFO - Processing /home/airflow/.local/lib/python3.12/site-packages/airflow/example_dags/example_skip_dag.py took 0.172 seconds
[2024-07-16T17:11:01.444+0000] {processor.py:161} INFO - Started process (PID=165) to work on /home/airflow/.local/lib/python3.12/site-packages/airflow/example_dags/example_skip_dag.py
[2024-07-16T17:11:01.446+0000] {processor.py:830} INFO - Processing file /home/airflow/.local/lib/python3.12/site-packages/airflow/example_dags/example_skip_dag.py for tasks to queue
[2024-07-16T17:11:01.448+0000] {logging_mixin.py:188} INFO - [2024-07-16T17:11:01.447+0000] {dagbag.py:545} INFO - Filling up the DagBag from /home/airflow/.local/lib/python3.12/site-packages/airflow/example_dags/example_skip_dag.py
[2024-07-16T17:11:01.453+0000] {processor.py:840} INFO - DAG(s) 'example_skip_dag' retrieved from /home/airflow/.local/lib/python3.12/site-packages/airflow/example_dags/example_skip_dag.py
[2024-07-16T17:11:01.471+0000] {logging_mixin.py:188} INFO - [2024-07-16T17:11:01.471+0000] {dag.py:3089} INFO - Sync 1 DAGs
[2024-07-16T17:11:01.490+0000] {logging_mixin.py:188} INFO - [2024-07-16T17:11:01.489+0000] {dag.py:3947} INFO - Setting next_dagrun for example_skip_dag to 2024-07-15 00:00:00+00:00, run_after=2024-07-16 00:00:00+00:00
[2024-07-16T17:11:01.506+0000] {processor.py:183} INFO - Processing /home/airflow/.local/lib/python3.12/site-packages/airflow/example_dags/example_skip_dag.py took 0.068 seconds
[2024-07-16T17:11:31.775+0000] {processor.py:161} INFO - Started process (PID=223) to work on /home/airflow/.local/lib/python3.12/site-packages/airflow/example_dags/example_skip_dag.py
[2024-07-16T17:11:31.776+0000] {processor.py:830} INFO - Processing file /home/airflow/.local/lib/python3.12/site-packages/airflow/example_dags/example_skip_dag.py for tasks to queue
[2024-07-16T17:11:31.777+0000] {logging_mixin.py:188} INFO - [2024-07-16T17:11:31.777+0000] {dagbag.py:545} INFO - Filling up the DagBag from /home/airflow/.local/lib/python3.12/site-packages/airflow/example_dags/example_skip_dag.py
[2024-07-16T17:11:31.784+0000] {processor.py:840} INFO - DAG(s) 'example_skip_dag' retrieved from /home/airflow/.local/lib/python3.12/site-packages/airflow/example_dags/example_skip_dag.py
[2024-07-16T17:11:31.803+0000] {logging_mixin.py:188} INFO - [2024-07-16T17:11:31.803+0000] {dag.py:3089} INFO - Sync 1 DAGs
[2024-07-16T17:11:31.822+0000] {logging_mixin.py:188} INFO - [2024-07-16T17:11:31.822+0000] {dag.py:3947} INFO - Setting next_dagrun for example_skip_dag to 2024-07-15 00:00:00+00:00, run_after=2024-07-16 00:00:00+00:00
[2024-07-16T17:11:31.840+0000] {processor.py:183} INFO - Processing /home/airflow/.local/lib/python3.12/site-packages/airflow/example_dags/example_skip_dag.py took 0.070 seconds
[2024-07-16T17:12:02.040+0000] {processor.py:161} INFO - Started process (PID=281) to work on /home/airflow/.local/lib/python3.12/site-packages/airflow/example_dags/example_skip_dag.py
[2024-07-16T17:12:02.041+0000] {processor.py:830} INFO - Processing file /home/airflow/.local/lib/python3.12/site-packages/airflow/example_dags/example_skip_dag.py for tasks to queue
[2024-07-16T17:12:02.043+0000] {logging_mixin.py:188} INFO - [2024-07-16T17:12:02.043+0000] {dagbag.py:545} INFO - Filling up the DagBag from /home/airflow/.local/lib/python3.12/site-packages/airflow/example_dags/example_skip_dag.py
[2024-07-16T17:12:02.050+0000] {processor.py:840} INFO - DAG(s) 'example_skip_dag' retrieved from /home/airflow/.local/lib/python3.12/site-packages/airflow/example_dags/example_skip_dag.py
[2024-07-16T17:12:02.069+0000] {logging_mixin.py:188} INFO - [2024-07-16T17:12:02.068+0000] {dag.py:3089} INFO - Sync 1 DAGs
[2024-07-16T17:12:02.088+0000] {logging_mixin.py:188} INFO - [2024-07-16T17:12:02.087+0000] {dag.py:3947} INFO - Setting next_dagrun for example_skip_dag to 2024-07-15 00:00:00+00:00, run_after=2024-07-16 00:00:00+00:00
[2024-07-16T17:12:02.107+0000] {processor.py:183} INFO - Processing /home/airflow/.local/lib/python3.12/site-packages/airflow/example_dags/example_skip_dag.py took 0.071 seconds
[2024-07-16T17:12:32.629+0000] {processor.py:161} INFO - Started process (PID=339) to work on /home/airflow/.local/lib/python3.12/site-packages/airflow/example_dags/example_skip_dag.py
[2024-07-16T17:12:32.630+0000] {processor.py:830} INFO - Processing file /home/airflow/.local/lib/python3.12/site-packages/airflow/example_dags/example_skip_dag.py for tasks to queue
[2024-07-16T17:12:32.633+0000] {logging_mixin.py:188} INFO - [2024-07-16T17:12:32.633+0000] {dagbag.py:545} INFO - Filling up the DagBag from /home/airflow/.local/lib/python3.12/site-packages/airflow/example_dags/example_skip_dag.py
[2024-07-16T17:12:32.641+0000] {processor.py:840} INFO - DAG(s) 'example_skip_dag' retrieved from /home/airflow/.local/lib/python3.12/site-packages/airflow/example_dags/example_skip_dag.py
[2024-07-16T17:12:32.670+0000] {logging_mixin.py:188} INFO - [2024-07-16T17:12:32.670+0000] {dag.py:3089} INFO - Sync 1 DAGs
[2024-07-16T17:12:32.700+0000] {logging_mixin.py:188} INFO - [2024-07-16T17:12:32.700+0000] {dag.py:3947} INFO - Setting next_dagrun for example_skip_dag to 2024-07-15 00:00:00+00:00, run_after=2024-07-16 00:00:00+00:00
[2024-07-16T17:12:32.726+0000] {processor.py:183} INFO - Processing /home/airflow/.local/lib/python3.12/site-packages/airflow/example_dags/example_skip_dag.py took 0.105 seconds
[2024-07-16T17:13:04.534+0000] {processor.py:161} INFO - Started process (PID=397) to work on /home/airflow/.local/lib/python3.12/site-packages/airflow/example_dags/example_skip_dag.py
[2024-07-16T17:13:04.537+0000] {processor.py:830} INFO - Processing file /home/airflow/.local/lib/python3.12/site-packages/airflow/example_dags/example_skip_dag.py for tasks to queue
[2024-07-16T17:13:04.542+0000] {logging_mixin.py:188} INFO - [2024-07-16T17:13:04.541+0000] {dagbag.py:545} INFO - Filling up the DagBag from /home/airflow/.local/lib/python3.12/site-packages/airflow/example_dags/example_skip_dag.py
[2024-07-16T17:13:04.562+0000] {processor.py:840} INFO - DAG(s) 'example_skip_dag' retrieved from /home/airflow/.local/lib/python3.12/site-packages/airflow/example_dags/example_skip_dag.py
[2024-07-16T17:13:04.631+0000] {logging_mixin.py:188} INFO - [2024-07-16T17:13:04.630+0000] {dag.py:3089} INFO - Sync 1 DAGs
[2024-07-16T17:13:04.731+0000] {logging_mixin.py:188} INFO - [2024-07-16T17:13:04.730+0000] {dag.py:3947} INFO - Setting next_dagrun for example_skip_dag to 2024-07-15 00:00:00+00:00, run_after=2024-07-16 00:00:00+00:00
[2024-07-16T17:13:04.821+0000] {processor.py:183} INFO - Processing /home/airflow/.local/lib/python3.12/site-packages/airflow/example_dags/example_skip_dag.py took 0.302 seconds
[2024-07-16T17:13:34.918+0000] {processor.py:161} INFO - Started process (PID=455) to work on /home/airflow/.local/lib/python3.12/site-packages/airflow/example_dags/example_skip_dag.py
[2024-07-16T17:13:34.920+0000] {processor.py:830} INFO - Processing file /home/airflow/.local/lib/python3.12/site-packages/airflow/example_dags/example_skip_dag.py for tasks to queue
[2024-07-16T17:13:34.924+0000] {logging_mixin.py:188} INFO - [2024-07-16T17:13:34.924+0000] {dagbag.py:545} INFO - Filling up the DagBag from /home/airflow/.local/lib/python3.12/site-packages/airflow/example_dags/example_skip_dag.py
[2024-07-16T17:13:34.936+0000] {processor.py:840} INFO - DAG(s) 'example_skip_dag' retrieved from /home/airflow/.local/lib/python3.12/site-packages/airflow/example_dags/example_skip_dag.py
[2024-07-16T17:13:34.976+0000] {logging_mixin.py:188} INFO - [2024-07-16T17:13:34.975+0000] {dag.py:3089} INFO - Sync 1 DAGs
[2024-07-16T17:13:35.011+0000] {logging_mixin.py:188} INFO - [2024-07-16T17:13:35.011+0000] {dag.py:3947} INFO - Setting next_dagrun for example_skip_dag to 2024-07-15 00:00:00+00:00, run_after=2024-07-16 00:00:00+00:00
[2024-07-16T17:13:35.055+0000] {processor.py:183} INFO - Processing /home/airflow/.local/lib/python3.12/site-packages/airflow/example_dags/example_skip_dag.py took 0.147 seconds
[2024-07-16T17:14:05.141+0000] {processor.py:161} INFO - Started process (PID=513) to work on /home/airflow/.local/lib/python3.12/site-packages/airflow/example_dags/example_skip_dag.py
[2024-07-16T17:14:05.142+0000] {processor.py:830} INFO - Processing file /home/airflow/.local/lib/python3.12/site-packages/airflow/example_dags/example_skip_dag.py for tasks to queue
[2024-07-16T17:14:05.144+0000] {logging_mixin.py:188} INFO - [2024-07-16T17:14:05.143+0000] {dagbag.py:545} INFO - Filling up the DagBag from /home/airflow/.local/lib/python3.12/site-packages/airflow/example_dags/example_skip_dag.py
[2024-07-16T17:14:05.150+0000] {processor.py:840} INFO - DAG(s) 'example_skip_dag' retrieved from /home/airflow/.local/lib/python3.12/site-packages/airflow/example_dags/example_skip_dag.py
[2024-07-16T17:14:05.170+0000] {logging_mixin.py:188} INFO - [2024-07-16T17:14:05.169+0000] {dag.py:3089} INFO - Sync 1 DAGs
[2024-07-16T17:14:05.191+0000] {logging_mixin.py:188} INFO - [2024-07-16T17:14:05.191+0000] {dag.py:3947} INFO - Setting next_dagrun for example_skip_dag to 2024-07-15 00:00:00+00:00, run_after=2024-07-16 00:00:00+00:00
[2024-07-16T17:14:05.209+0000] {processor.py:183} INFO - Processing /home/airflow/.local/lib/python3.12/site-packages/airflow/example_dags/example_skip_dag.py took 0.072 seconds
[2024-07-16T17:14:35.654+0000] {processor.py:161} INFO - Started process (PID=571) to work on /home/airflow/.local/lib/python3.12/site-packages/airflow/example_dags/example_skip_dag.py
[2024-07-16T17:14:35.655+0000] {processor.py:830} INFO - Processing file /home/airflow/.local/lib/python3.12/site-packages/airflow/example_dags/example_skip_dag.py for tasks to queue
[2024-07-16T17:14:35.657+0000] {logging_mixin.py:188} INFO - [2024-07-16T17:14:35.657+0000] {dagbag.py:545} INFO - Filling up the DagBag from /home/airflow/.local/lib/python3.12/site-packages/airflow/example_dags/example_skip_dag.py
[2024-07-16T17:14:35.664+0000] {processor.py:840} INFO - DAG(s) 'example_skip_dag' retrieved from /home/airflow/.local/lib/python3.12/site-packages/airflow/example_dags/example_skip_dag.py
[2024-07-16T17:14:35.685+0000] {logging_mixin.py:188} INFO - [2024-07-16T17:14:35.685+0000] {dag.py:3089} INFO - Sync 1 DAGs
[2024-07-16T17:14:35.710+0000] {logging_mixin.py:188} INFO - [2024-07-16T17:14:35.710+0000] {dag.py:3947} INFO - Setting next_dagrun for example_skip_dag to 2024-07-15 00:00:00+00:00, run_after=2024-07-16 00:00:00+00:00
[2024-07-16T17:14:35.729+0000] {processor.py:183} INFO - Processing /home/airflow/.local/lib/python3.12/site-packages/airflow/example_dags/example_skip_dag.py took 0.080 seconds
[2024-07-16T17:15:05.856+0000] {processor.py:161} INFO - Started process (PID=629) to work on /home/airflow/.local/lib/python3.12/site-packages/airflow/example_dags/example_skip_dag.py
[2024-07-16T17:15:05.857+0000] {processor.py:830} INFO - Processing file /home/airflow/.local/lib/python3.12/site-packages/airflow/example_dags/example_skip_dag.py for tasks to queue
[2024-07-16T17:15:05.859+0000] {logging_mixin.py:188} INFO - [2024-07-16T17:15:05.858+0000] {dagbag.py:545} INFO - Filling up the DagBag from /home/airflow/.local/lib/python3.12/site-packages/airflow/example_dags/example_skip_dag.py
[2024-07-16T17:15:05.865+0000] {processor.py:840} INFO - DAG(s) 'example_skip_dag' retrieved from /home/airflow/.local/lib/python3.12/site-packages/airflow/example_dags/example_skip_dag.py
[2024-07-16T17:15:05.882+0000] {logging_mixin.py:188} INFO - [2024-07-16T17:15:05.882+0000] {dag.py:3089} INFO - Sync 1 DAGs
[2024-07-16T17:15:05.901+0000] {logging_mixin.py:188} INFO - [2024-07-16T17:15:05.901+0000] {dag.py:3947} INFO - Setting next_dagrun for example_skip_dag to 2024-07-15 00:00:00+00:00, run_after=2024-07-16 00:00:00+00:00
[2024-07-16T17:15:05.919+0000] {processor.py:183} INFO - Processing /home/airflow/.local/lib/python3.12/site-packages/airflow/example_dags/example_skip_dag.py took 0.068 seconds
[2024-07-16T17:15:36.203+0000] {processor.py:161} INFO - Started process (PID=687) to work on /home/airflow/.local/lib/python3.12/site-packages/airflow/example_dags/example_skip_dag.py
[2024-07-16T17:15:36.204+0000] {processor.py:830} INFO - Processing file /home/airflow/.local/lib/python3.12/site-packages/airflow/example_dags/example_skip_dag.py for tasks to queue
[2024-07-16T17:15:36.205+0000] {logging_mixin.py:188} INFO - [2024-07-16T17:15:36.205+0000] {dagbag.py:545} INFO - Filling up the DagBag from /home/airflow/.local/lib/python3.12/site-packages/airflow/example_dags/example_skip_dag.py
[2024-07-16T17:15:36.211+0000] {processor.py:840} INFO - DAG(s) 'example_skip_dag' retrieved from /home/airflow/.local/lib/python3.12/site-packages/airflow/example_dags/example_skip_dag.py
[2024-07-16T17:15:36.228+0000] {logging_mixin.py:188} INFO - [2024-07-16T17:15:36.228+0000] {dag.py:3089} INFO - Sync 1 DAGs
[2024-07-16T17:15:36.250+0000] {logging_mixin.py:188} INFO - [2024-07-16T17:15:36.250+0000] {dag.py:3947} INFO - Setting next_dagrun for example_skip_dag to 2024-07-15 00:00:00+00:00, run_after=2024-07-16 00:00:00+00:00
[2024-07-16T17:15:36.269+0000] {processor.py:183} INFO - Processing /home/airflow/.local/lib/python3.12/site-packages/airflow/example_dags/example_skip_dag.py took 0.072 seconds
[2024-07-16T17:16:06.450+0000] {processor.py:161} INFO - Started process (PID=745) to work on /home/airflow/.local/lib/python3.12/site-packages/airflow/example_dags/example_skip_dag.py
[2024-07-16T17:16:06.451+0000] {processor.py:830} INFO - Processing file /home/airflow/.local/lib/python3.12/site-packages/airflow/example_dags/example_skip_dag.py for tasks to queue
[2024-07-16T17:16:06.453+0000] {logging_mixin.py:188} INFO - [2024-07-16T17:16:06.452+0000] {dagbag.py:545} INFO - Filling up the DagBag from /home/airflow/.local/lib/python3.12/site-packages/airflow/example_dags/example_skip_dag.py
[2024-07-16T17:16:06.458+0000] {processor.py:840} INFO - DAG(s) 'example_skip_dag' retrieved from /home/airflow/.local/lib/python3.12/site-packages/airflow/example_dags/example_skip_dag.py
[2024-07-16T17:16:06.475+0000] {logging_mixin.py:188} INFO - [2024-07-16T17:16:06.475+0000] {dag.py:3089} INFO - Sync 1 DAGs
[2024-07-16T17:16:06.495+0000] {logging_mixin.py:188} INFO - [2024-07-16T17:16:06.495+0000] {dag.py:3947} INFO - Setting next_dagrun for example_skip_dag to 2024-07-15 00:00:00+00:00, run_after=2024-07-16 00:00:00+00:00
[2024-07-16T17:16:06.512+0000] {processor.py:183} INFO - Processing /home/airflow/.local/lib/python3.12/site-packages/airflow/example_dags/example_skip_dag.py took 0.067 seconds
[2024-07-16T17:16:36.829+0000] {processor.py:161} INFO - Started process (PID=803) to work on /home/airflow/.local/lib/python3.12/site-packages/airflow/example_dags/example_skip_dag.py
[2024-07-16T17:16:36.831+0000] {processor.py:830} INFO - Processing file /home/airflow/.local/lib/python3.12/site-packages/airflow/example_dags/example_skip_dag.py for tasks to queue
[2024-07-16T17:16:36.833+0000] {logging_mixin.py:188} INFO - [2024-07-16T17:16:36.832+0000] {dagbag.py:545} INFO - Filling up the DagBag from /home/airflow/.local/lib/python3.12/site-packages/airflow/example_dags/example_skip_dag.py
[2024-07-16T17:16:36.838+0000] {processor.py:840} INFO - DAG(s) 'example_skip_dag' retrieved from /home/airflow/.local/lib/python3.12/site-packages/airflow/example_dags/example_skip_dag.py
[2024-07-16T17:16:36.859+0000] {logging_mixin.py:188} INFO - [2024-07-16T17:16:36.859+0000] {dag.py:3089} INFO - Sync 1 DAGs
[2024-07-16T17:16:36.878+0000] {logging_mixin.py:188} INFO - [2024-07-16T17:16:36.878+0000] {dag.py:3947} INFO - Setting next_dagrun for example_skip_dag to 2024-07-15 00:00:00+00:00, run_after=2024-07-16 00:00:00+00:00
[2024-07-16T17:16:36.894+0000] {processor.py:183} INFO - Processing /home/airflow/.local/lib/python3.12/site-packages/airflow/example_dags/example_skip_dag.py took 0.069 seconds
[2024-07-16T17:17:07.120+0000] {processor.py:161} INFO - Started process (PID=861) to work on /home/airflow/.local/lib/python3.12/site-packages/airflow/example_dags/example_skip_dag.py
[2024-07-16T17:17:07.122+0000] {processor.py:830} INFO - Processing file /home/airflow/.local/lib/python3.12/site-packages/airflow/example_dags/example_skip_dag.py for tasks to queue
[2024-07-16T17:17:07.124+0000] {logging_mixin.py:188} INFO - [2024-07-16T17:17:07.123+0000] {dagbag.py:545} INFO - Filling up the DagBag from /home/airflow/.local/lib/python3.12/site-packages/airflow/example_dags/example_skip_dag.py
[2024-07-16T17:17:07.129+0000] {processor.py:840} INFO - DAG(s) 'example_skip_dag' retrieved from /home/airflow/.local/lib/python3.12/site-packages/airflow/example_dags/example_skip_dag.py
[2024-07-16T17:17:07.150+0000] {logging_mixin.py:188} INFO - [2024-07-16T17:17:07.150+0000] {dag.py:3089} INFO - Sync 1 DAGs
[2024-07-16T17:17:07.171+0000] {logging_mixin.py:188} INFO - [2024-07-16T17:17:07.171+0000] {dag.py:3947} INFO - Setting next_dagrun for example_skip_dag to 2024-07-15 00:00:00+00:00, run_after=2024-07-16 00:00:00+00:00
[2024-07-16T17:17:07.188+0000] {processor.py:183} INFO - Processing /home/airflow/.local/lib/python3.12/site-packages/airflow/example_dags/example_skip_dag.py took 0.073 seconds
[2024-07-16T17:17:38.190+0000] {processor.py:161} INFO - Started process (PID=919) to work on /home/airflow/.local/lib/python3.12/site-packages/airflow/example_dags/example_skip_dag.py
[2024-07-16T17:17:38.191+0000] {processor.py:830} INFO - Processing file /home/airflow/.local/lib/python3.12/site-packages/airflow/example_dags/example_skip_dag.py for tasks to queue
[2024-07-16T17:17:38.192+0000] {logging_mixin.py:188} INFO - [2024-07-16T17:17:38.192+0000] {dagbag.py:545} INFO - Filling up the DagBag from /home/airflow/.local/lib/python3.12/site-packages/airflow/example_dags/example_skip_dag.py
[2024-07-16T17:17:38.199+0000] {processor.py:840} INFO - DAG(s) 'example_skip_dag' retrieved from /home/airflow/.local/lib/python3.12/site-packages/airflow/example_dags/example_skip_dag.py
[2024-07-16T17:17:38.223+0000] {logging_mixin.py:188} INFO - [2024-07-16T17:17:38.223+0000] {dag.py:3089} INFO - Sync 1 DAGs
[2024-07-16T17:17:38.250+0000] {logging_mixin.py:188} INFO - [2024-07-16T17:17:38.249+0000] {dag.py:3947} INFO - Setting next_dagrun for example_skip_dag to 2024-07-15 00:00:00+00:00, run_after=2024-07-16 00:00:00+00:00
[2024-07-16T17:17:38.270+0000] {processor.py:183} INFO - Processing /home/airflow/.local/lib/python3.12/site-packages/airflow/example_dags/example_skip_dag.py took 0.085 seconds
[2024-07-16T17:18:08.789+0000] {processor.py:161} INFO - Started process (PID=977) to work on /home/airflow/.local/lib/python3.12/site-packages/airflow/example_dags/example_skip_dag.py
[2024-07-16T17:18:08.791+0000] {processor.py:830} INFO - Processing file /home/airflow/.local/lib/python3.12/site-packages/airflow/example_dags/example_skip_dag.py for tasks to queue
[2024-07-16T17:18:08.793+0000] {logging_mixin.py:188} INFO - [2024-07-16T17:18:08.793+0000] {dagbag.py:545} INFO - Filling up the DagBag from /home/airflow/.local/lib/python3.12/site-packages/airflow/example_dags/example_skip_dag.py
[2024-07-16T17:18:08.805+0000] {processor.py:840} INFO - DAG(s) 'example_skip_dag' retrieved from /home/airflow/.local/lib/python3.12/site-packages/airflow/example_dags/example_skip_dag.py
[2024-07-16T17:18:08.864+0000] {logging_mixin.py:188} INFO - [2024-07-16T17:18:08.864+0000] {dag.py:3089} INFO - Sync 1 DAGs
[2024-07-16T17:18:08.913+0000] {logging_mixin.py:188} INFO - [2024-07-16T17:18:08.913+0000] {dag.py:3947} INFO - Setting next_dagrun for example_skip_dag to 2024-07-15 00:00:00+00:00, run_after=2024-07-16 00:00:00+00:00
[2024-07-16T17:18:08.939+0000] {processor.py:183} INFO - Processing /home/airflow/.local/lib/python3.12/site-packages/airflow/example_dags/example_skip_dag.py took 0.159 seconds
[2024-07-16T17:18:40.045+0000] {processor.py:161} INFO - Started process (PID=1035) to work on /home/airflow/.local/lib/python3.12/site-packages/airflow/example_dags/example_skip_dag.py
[2024-07-16T17:18:40.047+0000] {processor.py:830} INFO - Processing file /home/airflow/.local/lib/python3.12/site-packages/airflow/example_dags/example_skip_dag.py for tasks to queue
[2024-07-16T17:18:40.049+0000] {logging_mixin.py:188} INFO - [2024-07-16T17:18:40.049+0000] {dagbag.py:545} INFO - Filling up the DagBag from /home/airflow/.local/lib/python3.12/site-packages/airflow/example_dags/example_skip_dag.py
[2024-07-16T17:18:40.059+0000] {processor.py:840} INFO - DAG(s) 'example_skip_dag' retrieved from /home/airflow/.local/lib/python3.12/site-packages/airflow/example_dags/example_skip_dag.py
[2024-07-16T17:18:40.089+0000] {logging_mixin.py:188} INFO - [2024-07-16T17:18:40.089+0000] {dag.py:3089} INFO - Sync 1 DAGs
[2024-07-16T17:18:40.121+0000] {logging_mixin.py:188} INFO - [2024-07-16T17:18:40.121+0000] {dag.py:3947} INFO - Setting next_dagrun for example_skip_dag to 2024-07-15 00:00:00+00:00, run_after=2024-07-16 00:00:00+00:00
[2024-07-16T17:18:40.151+0000] {processor.py:183} INFO - Processing /home/airflow/.local/lib/python3.12/site-packages/airflow/example_dags/example_skip_dag.py took 0.113 seconds
[2024-07-16T17:19:13.705+0000] {processor.py:161} INFO - Started process (PID=1093) to work on /home/airflow/.local/lib/python3.12/site-packages/airflow/example_dags/example_skip_dag.py
[2024-07-16T17:19:13.708+0000] {processor.py:830} INFO - Processing file /home/airflow/.local/lib/python3.12/site-packages/airflow/example_dags/example_skip_dag.py for tasks to queue
[2024-07-16T17:19:13.712+0000] {logging_mixin.py:188} INFO - [2024-07-16T17:19:13.711+0000] {dagbag.py:545} INFO - Filling up the DagBag from /home/airflow/.local/lib/python3.12/site-packages/airflow/example_dags/example_skip_dag.py
[2024-07-16T17:19:13.736+0000] {processor.py:840} INFO - DAG(s) 'example_skip_dag' retrieved from /home/airflow/.local/lib/python3.12/site-packages/airflow/example_dags/example_skip_dag.py
[2024-07-16T17:19:13.800+0000] {logging_mixin.py:188} INFO - [2024-07-16T17:19:13.799+0000] {dag.py:3089} INFO - Sync 1 DAGs
[2024-07-16T17:19:13.899+0000] {logging_mixin.py:188} INFO - [2024-07-16T17:19:13.899+0000] {dag.py:3947} INFO - Setting next_dagrun for example_skip_dag to 2024-07-15 00:00:00+00:00, run_after=2024-07-16 00:00:00+00:00
[2024-07-16T17:19:13.954+0000] {processor.py:183} INFO - Processing /home/airflow/.local/lib/python3.12/site-packages/airflow/example_dags/example_skip_dag.py took 0.264 seconds
[2024-07-16T17:19:44.825+0000] {processor.py:161} INFO - Started process (PID=1151) to work on /home/airflow/.local/lib/python3.12/site-packages/airflow/example_dags/example_skip_dag.py
[2024-07-16T17:19:44.843+0000] {processor.py:830} INFO - Processing file /home/airflow/.local/lib/python3.12/site-packages/airflow/example_dags/example_skip_dag.py for tasks to queue
[2024-07-16T17:19:44.848+0000] {logging_mixin.py:188} INFO - [2024-07-16T17:19:44.847+0000] {dagbag.py:545} INFO - Filling up the DagBag from /home/airflow/.local/lib/python3.12/site-packages/airflow/example_dags/example_skip_dag.py
[2024-07-16T17:19:44.882+0000] {processor.py:840} INFO - DAG(s) 'example_skip_dag' retrieved from /home/airflow/.local/lib/python3.12/site-packages/airflow/example_dags/example_skip_dag.py
[2024-07-16T17:19:44.976+0000] {logging_mixin.py:188} INFO - [2024-07-16T17:19:44.976+0000] {dag.py:3089} INFO - Sync 1 DAGs
[2024-07-16T17:19:45.074+0000] {logging_mixin.py:188} INFO - [2024-07-16T17:19:45.073+0000] {dag.py:3947} INFO - Setting next_dagrun for example_skip_dag to 2024-07-15 00:00:00+00:00, run_after=2024-07-16 00:00:00+00:00
[2024-07-16T17:19:45.143+0000] {processor.py:183} INFO - Processing /home/airflow/.local/lib/python3.12/site-packages/airflow/example_dags/example_skip_dag.py took 0.353 seconds
[2024-07-16T17:23:56.751+0000] {processor.py:161} INFO - Started process (PID=109) to work on /home/airflow/.local/lib/python3.12/site-packages/airflow/example_dags/example_skip_dag.py
[2024-07-16T17:23:56.753+0000] {processor.py:830} INFO - Processing file /home/airflow/.local/lib/python3.12/site-packages/airflow/example_dags/example_skip_dag.py for tasks to queue
[2024-07-16T17:23:56.755+0000] {logging_mixin.py:188} INFO - [2024-07-16T17:23:56.755+0000] {dagbag.py:545} INFO - Filling up the DagBag from /home/airflow/.local/lib/python3.12/site-packages/airflow/example_dags/example_skip_dag.py
[2024-07-16T17:23:56.765+0000] {processor.py:840} INFO - DAG(s) 'example_skip_dag' retrieved from /home/airflow/.local/lib/python3.12/site-packages/airflow/example_dags/example_skip_dag.py
[2024-07-16T17:23:56.886+0000] {logging_mixin.py:188} INFO - [2024-07-16T17:23:56.886+0000] {dag.py:3089} INFO - Sync 1 DAGs
[2024-07-16T17:23:56.916+0000] {logging_mixin.py:188} INFO - [2024-07-16T17:23:56.916+0000] {dag.py:3947} INFO - Setting next_dagrun for example_skip_dag to 2024-07-15 00:00:00+00:00, run_after=2024-07-16 00:00:00+00:00
[2024-07-16T17:23:56.943+0000] {processor.py:183} INFO - Processing /home/airflow/.local/lib/python3.12/site-packages/airflow/example_dags/example_skip_dag.py took 0.198 seconds
[2024-07-16T17:24:27.451+0000] {processor.py:161} INFO - Started process (PID=166) to work on /home/airflow/.local/lib/python3.12/site-packages/airflow/example_dags/example_skip_dag.py
[2024-07-16T17:24:27.452+0000] {processor.py:830} INFO - Processing file /home/airflow/.local/lib/python3.12/site-packages/airflow/example_dags/example_skip_dag.py for tasks to queue
[2024-07-16T17:24:27.454+0000] {logging_mixin.py:188} INFO - [2024-07-16T17:24:27.453+0000] {dagbag.py:545} INFO - Filling up the DagBag from /home/airflow/.local/lib/python3.12/site-packages/airflow/example_dags/example_skip_dag.py
[2024-07-16T17:24:27.461+0000] {processor.py:840} INFO - DAG(s) 'example_skip_dag' retrieved from /home/airflow/.local/lib/python3.12/site-packages/airflow/example_dags/example_skip_dag.py
[2024-07-16T17:24:27.479+0000] {logging_mixin.py:188} INFO - [2024-07-16T17:24:27.479+0000] {dag.py:3089} INFO - Sync 1 DAGs
[2024-07-16T17:24:27.498+0000] {logging_mixin.py:188} INFO - [2024-07-16T17:24:27.498+0000] {dag.py:3947} INFO - Setting next_dagrun for example_skip_dag to 2024-07-15 00:00:00+00:00, run_after=2024-07-16 00:00:00+00:00
[2024-07-16T17:24:27.516+0000] {processor.py:183} INFO - Processing /home/airflow/.local/lib/python3.12/site-packages/airflow/example_dags/example_skip_dag.py took 0.070 seconds
[2024-07-16T17:24:58.194+0000] {processor.py:161} INFO - Started process (PID=224) to work on /home/airflow/.local/lib/python3.12/site-packages/airflow/example_dags/example_skip_dag.py
[2024-07-16T17:24:58.195+0000] {processor.py:830} INFO - Processing file /home/airflow/.local/lib/python3.12/site-packages/airflow/example_dags/example_skip_dag.py for tasks to queue
[2024-07-16T17:24:58.197+0000] {logging_mixin.py:188} INFO - [2024-07-16T17:24:58.196+0000] {dagbag.py:545} INFO - Filling up the DagBag from /home/airflow/.local/lib/python3.12/site-packages/airflow/example_dags/example_skip_dag.py
[2024-07-16T17:24:58.202+0000] {processor.py:840} INFO - DAG(s) 'example_skip_dag' retrieved from /home/airflow/.local/lib/python3.12/site-packages/airflow/example_dags/example_skip_dag.py
[2024-07-16T17:24:58.220+0000] {logging_mixin.py:188} INFO - [2024-07-16T17:24:58.220+0000] {dag.py:3089} INFO - Sync 1 DAGs
[2024-07-16T17:24:58.237+0000] {logging_mixin.py:188} INFO - [2024-07-16T17:24:58.237+0000] {dag.py:3947} INFO - Setting next_dagrun for example_skip_dag to 2024-07-15 00:00:00+00:00, run_after=2024-07-16 00:00:00+00:00
[2024-07-16T17:24:58.256+0000] {processor.py:183} INFO - Processing /home/airflow/.local/lib/python3.12/site-packages/airflow/example_dags/example_skip_dag.py took 0.067 seconds
[2024-07-16T17:30:00.176+0000] {processor.py:161} INFO - Started process (PID=109) to work on /home/airflow/.local/lib/python3.12/site-packages/airflow/example_dags/example_skip_dag.py
[2024-07-16T17:30:00.178+0000] {processor.py:830} INFO - Processing file /home/airflow/.local/lib/python3.12/site-packages/airflow/example_dags/example_skip_dag.py for tasks to queue
[2024-07-16T17:30:00.181+0000] {logging_mixin.py:188} INFO - [2024-07-16T17:30:00.180+0000] {dagbag.py:545} INFO - Filling up the DagBag from /home/airflow/.local/lib/python3.12/site-packages/airflow/example_dags/example_skip_dag.py
[2024-07-16T17:30:00.193+0000] {processor.py:840} INFO - DAG(s) 'example_skip_dag' retrieved from /home/airflow/.local/lib/python3.12/site-packages/airflow/example_dags/example_skip_dag.py
[2024-07-16T17:30:00.404+0000] {logging_mixin.py:188} INFO - [2024-07-16T17:30:00.403+0000] {dag.py:3089} INFO - Sync 1 DAGs
[2024-07-16T17:30:00.459+0000] {logging_mixin.py:188} INFO - [2024-07-16T17:30:00.458+0000] {dag.py:3947} INFO - Setting next_dagrun for example_skip_dag to 2024-07-15 00:00:00+00:00, run_after=2024-07-16 00:00:00+00:00
[2024-07-16T17:30:00.509+0000] {processor.py:183} INFO - Processing /home/airflow/.local/lib/python3.12/site-packages/airflow/example_dags/example_skip_dag.py took 0.344 seconds
[2024-07-16T17:30:30.949+0000] {processor.py:161} INFO - Started process (PID=167) to work on /home/airflow/.local/lib/python3.12/site-packages/airflow/example_dags/example_skip_dag.py
[2024-07-16T17:30:30.950+0000] {processor.py:830} INFO - Processing file /home/airflow/.local/lib/python3.12/site-packages/airflow/example_dags/example_skip_dag.py for tasks to queue
[2024-07-16T17:30:30.952+0000] {logging_mixin.py:188} INFO - [2024-07-16T17:30:30.952+0000] {dagbag.py:545} INFO - Filling up the DagBag from /home/airflow/.local/lib/python3.12/site-packages/airflow/example_dags/example_skip_dag.py
[2024-07-16T17:30:30.958+0000] {processor.py:840} INFO - DAG(s) 'example_skip_dag' retrieved from /home/airflow/.local/lib/python3.12/site-packages/airflow/example_dags/example_skip_dag.py
[2024-07-16T17:30:30.989+0000] {logging_mixin.py:188} INFO - [2024-07-16T17:30:30.989+0000] {dag.py:3089} INFO - Sync 1 DAGs
[2024-07-16T17:30:31.020+0000] {logging_mixin.py:188} INFO - [2024-07-16T17:30:31.020+0000] {dag.py:3947} INFO - Setting next_dagrun for example_skip_dag to 2024-07-15 00:00:00+00:00, run_after=2024-07-16 00:00:00+00:00
[2024-07-16T17:30:31.040+0000] {processor.py:183} INFO - Processing /home/airflow/.local/lib/python3.12/site-packages/airflow/example_dags/example_skip_dag.py took 0.098 seconds
[2024-07-16T17:31:01.598+0000] {processor.py:161} INFO - Started process (PID=224) to work on /home/airflow/.local/lib/python3.12/site-packages/airflow/example_dags/example_skip_dag.py
[2024-07-16T17:31:01.600+0000] {processor.py:830} INFO - Processing file /home/airflow/.local/lib/python3.12/site-packages/airflow/example_dags/example_skip_dag.py for tasks to queue
[2024-07-16T17:31:01.603+0000] {logging_mixin.py:188} INFO - [2024-07-16T17:31:01.603+0000] {dagbag.py:545} INFO - Filling up the DagBag from /home/airflow/.local/lib/python3.12/site-packages/airflow/example_dags/example_skip_dag.py
[2024-07-16T17:31:01.617+0000] {processor.py:840} INFO - DAG(s) 'example_skip_dag' retrieved from /home/airflow/.local/lib/python3.12/site-packages/airflow/example_dags/example_skip_dag.py
[2024-07-16T17:31:01.657+0000] {logging_mixin.py:188} INFO - [2024-07-16T17:31:01.656+0000] {dag.py:3089} INFO - Sync 1 DAGs
[2024-07-16T17:31:01.723+0000] {logging_mixin.py:188} INFO - [2024-07-16T17:31:01.723+0000] {dag.py:3947} INFO - Setting next_dagrun for example_skip_dag to 2024-07-15 00:00:00+00:00, run_after=2024-07-16 00:00:00+00:00
[2024-07-16T17:31:01.825+0000] {processor.py:183} INFO - Processing /home/airflow/.local/lib/python3.12/site-packages/airflow/example_dags/example_skip_dag.py took 0.243 seconds
[2024-07-16T17:31:32.594+0000] {processor.py:161} INFO - Started process (PID=282) to work on /home/airflow/.local/lib/python3.12/site-packages/airflow/example_dags/example_skip_dag.py
[2024-07-16T17:31:32.596+0000] {processor.py:830} INFO - Processing file /home/airflow/.local/lib/python3.12/site-packages/airflow/example_dags/example_skip_dag.py for tasks to queue
[2024-07-16T17:31:32.600+0000] {logging_mixin.py:188} INFO - [2024-07-16T17:31:32.600+0000] {dagbag.py:545} INFO - Filling up the DagBag from /home/airflow/.local/lib/python3.12/site-packages/airflow/example_dags/example_skip_dag.py
[2024-07-16T17:31:32.617+0000] {processor.py:840} INFO - DAG(s) 'example_skip_dag' retrieved from /home/airflow/.local/lib/python3.12/site-packages/airflow/example_dags/example_skip_dag.py
[2024-07-16T17:31:32.667+0000] {logging_mixin.py:188} INFO - [2024-07-16T17:31:32.666+0000] {dag.py:3089} INFO - Sync 1 DAGs
[2024-07-16T17:31:32.732+0000] {logging_mixin.py:188} INFO - [2024-07-16T17:31:32.732+0000] {dag.py:3947} INFO - Setting next_dagrun for example_skip_dag to 2024-07-15 00:00:00+00:00, run_after=2024-07-16 00:00:00+00:00
[2024-07-16T17:31:32.776+0000] {processor.py:183} INFO - Processing /home/airflow/.local/lib/python3.12/site-packages/airflow/example_dags/example_skip_dag.py took 0.195 seconds
[2024-07-16T17:32:04.643+0000] {processor.py:161} INFO - Started process (PID=340) to work on /home/airflow/.local/lib/python3.12/site-packages/airflow/example_dags/example_skip_dag.py
[2024-07-16T17:32:04.646+0000] {processor.py:830} INFO - Processing file /home/airflow/.local/lib/python3.12/site-packages/airflow/example_dags/example_skip_dag.py for tasks to queue
[2024-07-16T17:32:04.652+0000] {logging_mixin.py:188} INFO - [2024-07-16T17:32:04.651+0000] {dagbag.py:545} INFO - Filling up the DagBag from /home/airflow/.local/lib/python3.12/site-packages/airflow/example_dags/example_skip_dag.py
[2024-07-16T17:32:04.673+0000] {processor.py:840} INFO - DAG(s) 'example_skip_dag' retrieved from /home/airflow/.local/lib/python3.12/site-packages/airflow/example_dags/example_skip_dag.py
[2024-07-16T17:32:04.750+0000] {logging_mixin.py:188} INFO - [2024-07-16T17:32:04.749+0000] {dag.py:3089} INFO - Sync 1 DAGs
[2024-07-16T17:32:04.835+0000] {logging_mixin.py:188} INFO - [2024-07-16T17:32:04.834+0000] {dag.py:3947} INFO - Setting next_dagrun for example_skip_dag to 2024-07-15 00:00:00+00:00, run_after=2024-07-16 00:00:00+00:00
[2024-07-16T17:32:04.903+0000] {processor.py:183} INFO - Processing /home/airflow/.local/lib/python3.12/site-packages/airflow/example_dags/example_skip_dag.py took 0.278 seconds
[2024-07-16T17:32:35.230+0000] {processor.py:161} INFO - Started process (PID=398) to work on /home/airflow/.local/lib/python3.12/site-packages/airflow/example_dags/example_skip_dag.py
[2024-07-16T17:32:35.232+0000] {processor.py:830} INFO - Processing file /home/airflow/.local/lib/python3.12/site-packages/airflow/example_dags/example_skip_dag.py for tasks to queue
[2024-07-16T17:32:35.236+0000] {logging_mixin.py:188} INFO - [2024-07-16T17:32:35.235+0000] {dagbag.py:545} INFO - Filling up the DagBag from /home/airflow/.local/lib/python3.12/site-packages/airflow/example_dags/example_skip_dag.py
[2024-07-16T17:32:35.249+0000] {processor.py:840} INFO - DAG(s) 'example_skip_dag' retrieved from /home/airflow/.local/lib/python3.12/site-packages/airflow/example_dags/example_skip_dag.py
[2024-07-16T17:32:35.295+0000] {logging_mixin.py:188} INFO - [2024-07-16T17:32:35.294+0000] {dag.py:3089} INFO - Sync 1 DAGs
[2024-07-16T17:32:35.342+0000] {logging_mixin.py:188} INFO - [2024-07-16T17:32:35.341+0000] {dag.py:3947} INFO - Setting next_dagrun for example_skip_dag to 2024-07-15 00:00:00+00:00, run_after=2024-07-16 00:00:00+00:00
[2024-07-16T17:32:35.388+0000] {processor.py:183} INFO - Processing /home/airflow/.local/lib/python3.12/site-packages/airflow/example_dags/example_skip_dag.py took 0.171 seconds
[2024-07-16T17:33:05.637+0000] {processor.py:161} INFO - Started process (PID=456) to work on /home/airflow/.local/lib/python3.12/site-packages/airflow/example_dags/example_skip_dag.py
[2024-07-16T17:33:05.639+0000] {processor.py:830} INFO - Processing file /home/airflow/.local/lib/python3.12/site-packages/airflow/example_dags/example_skip_dag.py for tasks to queue
[2024-07-16T17:33:05.643+0000] {logging_mixin.py:188} INFO - [2024-07-16T17:33:05.642+0000] {dagbag.py:545} INFO - Filling up the DagBag from /home/airflow/.local/lib/python3.12/site-packages/airflow/example_dags/example_skip_dag.py
[2024-07-16T17:33:05.655+0000] {processor.py:840} INFO - DAG(s) 'example_skip_dag' retrieved from /home/airflow/.local/lib/python3.12/site-packages/airflow/example_dags/example_skip_dag.py
[2024-07-16T17:33:05.695+0000] {logging_mixin.py:188} INFO - [2024-07-16T17:33:05.694+0000] {dag.py:3089} INFO - Sync 1 DAGs
[2024-07-16T17:33:05.744+0000] {logging_mixin.py:188} INFO - [2024-07-16T17:33:05.743+0000] {dag.py:3947} INFO - Setting next_dagrun for example_skip_dag to 2024-07-15 00:00:00+00:00, run_after=2024-07-16 00:00:00+00:00
[2024-07-16T17:33:05.781+0000] {processor.py:183} INFO - Processing /home/airflow/.local/lib/python3.12/site-packages/airflow/example_dags/example_skip_dag.py took 0.157 seconds
[2024-07-16T18:04:20.043+0000] {processor.py:161} INFO - Started process (PID=110) to work on /home/airflow/.local/lib/python3.12/site-packages/airflow/example_dags/example_skip_dag.py
[2024-07-16T18:04:20.044+0000] {processor.py:830} INFO - Processing file /home/airflow/.local/lib/python3.12/site-packages/airflow/example_dags/example_skip_dag.py for tasks to queue
[2024-07-16T18:04:20.047+0000] {logging_mixin.py:188} INFO - [2024-07-16T18:04:20.046+0000] {dagbag.py:545} INFO - Filling up the DagBag from /home/airflow/.local/lib/python3.12/site-packages/airflow/example_dags/example_skip_dag.py
[2024-07-16T18:04:20.057+0000] {processor.py:840} INFO - DAG(s) 'example_skip_dag' retrieved from /home/airflow/.local/lib/python3.12/site-packages/airflow/example_dags/example_skip_dag.py
[2024-07-16T18:04:20.176+0000] {logging_mixin.py:188} INFO - [2024-07-16T18:04:20.176+0000] {dag.py:3089} INFO - Sync 1 DAGs
[2024-07-16T18:04:20.210+0000] {logging_mixin.py:188} INFO - [2024-07-16T18:04:20.210+0000] {dag.py:3947} INFO - Setting next_dagrun for example_skip_dag to 2024-07-15 00:00:00+00:00, run_after=2024-07-16 00:00:00+00:00
[2024-07-16T18:04:20.237+0000] {processor.py:183} INFO - Processing /home/airflow/.local/lib/python3.12/site-packages/airflow/example_dags/example_skip_dag.py took 0.203 seconds
[2024-07-16T18:12:27.230+0000] {processor.py:161} INFO - Started process (PID=110) to work on /home/airflow/.local/lib/python3.12/site-packages/airflow/example_dags/example_skip_dag.py
[2024-07-16T18:12:27.232+0000] {processor.py:830} INFO - Processing file /home/airflow/.local/lib/python3.12/site-packages/airflow/example_dags/example_skip_dag.py for tasks to queue
[2024-07-16T18:12:27.235+0000] {logging_mixin.py:188} INFO - [2024-07-16T18:12:27.234+0000] {dagbag.py:545} INFO - Filling up the DagBag from /home/airflow/.local/lib/python3.12/site-packages/airflow/example_dags/example_skip_dag.py
[2024-07-16T18:12:27.243+0000] {processor.py:840} INFO - DAG(s) 'example_skip_dag' retrieved from /home/airflow/.local/lib/python3.12/site-packages/airflow/example_dags/example_skip_dag.py
[2024-07-16T18:12:27.386+0000] {logging_mixin.py:188} INFO - [2024-07-16T18:12:27.386+0000] {dag.py:3089} INFO - Sync 1 DAGs
[2024-07-16T18:12:27.412+0000] {logging_mixin.py:188} INFO - [2024-07-16T18:12:27.412+0000] {dag.py:3947} INFO - Setting next_dagrun for example_skip_dag to 2024-07-15 00:00:00+00:00, run_after=2024-07-16 00:00:00+00:00
[2024-07-16T18:12:27.441+0000] {processor.py:183} INFO - Processing /home/airflow/.local/lib/python3.12/site-packages/airflow/example_dags/example_skip_dag.py took 0.218 seconds
[2024-07-16T18:12:57.993+0000] {processor.py:161} INFO - Started process (PID=169) to work on /home/airflow/.local/lib/python3.12/site-packages/airflow/example_dags/example_skip_dag.py
[2024-07-16T18:12:57.995+0000] {processor.py:830} INFO - Processing file /home/airflow/.local/lib/python3.12/site-packages/airflow/example_dags/example_skip_dag.py for tasks to queue
[2024-07-16T18:12:57.997+0000] {logging_mixin.py:188} INFO - [2024-07-16T18:12:57.996+0000] {dagbag.py:545} INFO - Filling up the DagBag from /home/airflow/.local/lib/python3.12/site-packages/airflow/example_dags/example_skip_dag.py
[2024-07-16T18:12:58.008+0000] {processor.py:840} INFO - DAG(s) 'example_skip_dag' retrieved from /home/airflow/.local/lib/python3.12/site-packages/airflow/example_dags/example_skip_dag.py
[2024-07-16T18:12:58.059+0000] {logging_mixin.py:188} INFO - [2024-07-16T18:12:58.058+0000] {dag.py:3089} INFO - Sync 1 DAGs
[2024-07-16T18:12:58.105+0000] {logging_mixin.py:188} INFO - [2024-07-16T18:12:58.105+0000] {dag.py:3947} INFO - Setting next_dagrun for example_skip_dag to 2024-07-15 00:00:00+00:00, run_after=2024-07-16 00:00:00+00:00
[2024-07-16T18:12:58.160+0000] {processor.py:183} INFO - Processing /home/airflow/.local/lib/python3.12/site-packages/airflow/example_dags/example_skip_dag.py took 0.174 seconds
[2024-07-16T18:13:28.280+0000] {processor.py:161} INFO - Started process (PID=228) to work on /home/airflow/.local/lib/python3.12/site-packages/airflow/example_dags/example_skip_dag.py
[2024-07-16T18:13:28.281+0000] {processor.py:830} INFO - Processing file /home/airflow/.local/lib/python3.12/site-packages/airflow/example_dags/example_skip_dag.py for tasks to queue
[2024-07-16T18:13:28.283+0000] {logging_mixin.py:188} INFO - [2024-07-16T18:13:28.282+0000] {dagbag.py:545} INFO - Filling up the DagBag from /home/airflow/.local/lib/python3.12/site-packages/airflow/example_dags/example_skip_dag.py
[2024-07-16T18:13:28.288+0000] {processor.py:840} INFO - DAG(s) 'example_skip_dag' retrieved from /home/airflow/.local/lib/python3.12/site-packages/airflow/example_dags/example_skip_dag.py
[2024-07-16T18:13:28.307+0000] {logging_mixin.py:188} INFO - [2024-07-16T18:13:28.307+0000] {dag.py:3089} INFO - Sync 1 DAGs
[2024-07-16T18:13:28.329+0000] {logging_mixin.py:188} INFO - [2024-07-16T18:13:28.328+0000] {dag.py:3947} INFO - Setting next_dagrun for example_skip_dag to 2024-07-15 00:00:00+00:00, run_after=2024-07-16 00:00:00+00:00
[2024-07-16T18:13:28.352+0000] {processor.py:183} INFO - Processing /home/airflow/.local/lib/python3.12/site-packages/airflow/example_dags/example_skip_dag.py took 0.078 seconds
