[2024-07-16T17:10:27.452+0000] {processor.py:161} INFO - Started process (PID=87) to work on /home/airflow/.local/lib/python3.12/site-packages/airflow/example_dags/example_display_name.py
[2024-07-16T17:10:27.453+0000] {processor.py:830} INFO - Processing file /home/airflow/.local/lib/python3.12/site-packages/airflow/example_dags/example_display_name.py for tasks to queue
[2024-07-16T17:10:27.454+0000] {logging_mixin.py:188} INFO - [2024-07-16T17:10:27.454+0000] {dagbag.py:545} INFO - Filling up the DagBag from /home/airflow/.local/lib/python3.12/site-packages/airflow/example_dags/example_display_name.py
[2024-07-16T17:10:27.462+0000] {processor.py:840} INFO - DAG(s) 'example_display_name' retrieved from /home/airflow/.local/lib/python3.12/site-packages/airflow/example_dags/example_display_name.py
[2024-07-16T17:10:27.602+0000] {logging_mixin.py:188} INFO - [2024-07-16T17:10:27.602+0000] {dag.py:3089} INFO - Sync 1 DAGs
[2024-07-16T17:10:27.624+0000] {logging_mixin.py:188} INFO - [2024-07-16T17:10:27.623+0000] {dag.py:3947} INFO - Setting next_dagrun for example_display_name to None, run_after=None
[2024-07-16T17:10:27.684+0000] {processor.py:183} INFO - Processing /home/airflow/.local/lib/python3.12/site-packages/airflow/example_dags/example_display_name.py took 0.238 seconds
[2024-07-16T17:10:58.246+0000] {processor.py:161} INFO - Started process (PID=145) to work on /home/airflow/.local/lib/python3.12/site-packages/airflow/example_dags/example_display_name.py
[2024-07-16T17:10:58.248+0000] {processor.py:830} INFO - Processing file /home/airflow/.local/lib/python3.12/site-packages/airflow/example_dags/example_display_name.py for tasks to queue
[2024-07-16T17:10:58.250+0000] {logging_mixin.py:188} INFO - [2024-07-16T17:10:58.250+0000] {dagbag.py:545} INFO - Filling up the DagBag from /home/airflow/.local/lib/python3.12/site-packages/airflow/example_dags/example_display_name.py
[2024-07-16T17:10:58.255+0000] {processor.py:840} INFO - DAG(s) 'example_display_name' retrieved from /home/airflow/.local/lib/python3.12/site-packages/airflow/example_dags/example_display_name.py
[2024-07-16T17:10:58.271+0000] {logging_mixin.py:188} INFO - [2024-07-16T17:10:58.271+0000] {dag.py:3089} INFO - Sync 1 DAGs
[2024-07-16T17:10:58.282+0000] {logging_mixin.py:188} INFO - [2024-07-16T17:10:58.282+0000] {dag.py:3947} INFO - Setting next_dagrun for example_display_name to None, run_after=None
[2024-07-16T17:10:58.299+0000] {processor.py:183} INFO - Processing /home/airflow/.local/lib/python3.12/site-packages/airflow/example_dags/example_display_name.py took 0.058 seconds
[2024-07-16T17:11:28.641+0000] {processor.py:161} INFO - Started process (PID=203) to work on /home/airflow/.local/lib/python3.12/site-packages/airflow/example_dags/example_display_name.py
[2024-07-16T17:11:28.642+0000] {processor.py:830} INFO - Processing file /home/airflow/.local/lib/python3.12/site-packages/airflow/example_dags/example_display_name.py for tasks to queue
[2024-07-16T17:11:28.644+0000] {logging_mixin.py:188} INFO - [2024-07-16T17:11:28.644+0000] {dagbag.py:545} INFO - Filling up the DagBag from /home/airflow/.local/lib/python3.12/site-packages/airflow/example_dags/example_display_name.py
[2024-07-16T17:11:28.650+0000] {processor.py:840} INFO - DAG(s) 'example_display_name' retrieved from /home/airflow/.local/lib/python3.12/site-packages/airflow/example_dags/example_display_name.py
[2024-07-16T17:11:28.666+0000] {logging_mixin.py:188} INFO - [2024-07-16T17:11:28.666+0000] {dag.py:3089} INFO - Sync 1 DAGs
[2024-07-16T17:11:28.678+0000] {logging_mixin.py:188} INFO - [2024-07-16T17:11:28.678+0000] {dag.py:3947} INFO - Setting next_dagrun for example_display_name to None, run_after=None
[2024-07-16T17:11:28.695+0000] {processor.py:183} INFO - Processing /home/airflow/.local/lib/python3.12/site-packages/airflow/example_dags/example_display_name.py took 0.060 seconds
[2024-07-16T17:11:59.056+0000] {processor.py:161} INFO - Started process (PID=261) to work on /home/airflow/.local/lib/python3.12/site-packages/airflow/example_dags/example_display_name.py
[2024-07-16T17:11:59.057+0000] {processor.py:830} INFO - Processing file /home/airflow/.local/lib/python3.12/site-packages/airflow/example_dags/example_display_name.py for tasks to queue
[2024-07-16T17:11:59.058+0000] {logging_mixin.py:188} INFO - [2024-07-16T17:11:59.058+0000] {dagbag.py:545} INFO - Filling up the DagBag from /home/airflow/.local/lib/python3.12/site-packages/airflow/example_dags/example_display_name.py
[2024-07-16T17:11:59.063+0000] {processor.py:840} INFO - DAG(s) 'example_display_name' retrieved from /home/airflow/.local/lib/python3.12/site-packages/airflow/example_dags/example_display_name.py
[2024-07-16T17:11:59.085+0000] {logging_mixin.py:188} INFO - [2024-07-16T17:11:59.084+0000] {dag.py:3089} INFO - Sync 1 DAGs
[2024-07-16T17:11:59.098+0000] {logging_mixin.py:188} INFO - [2024-07-16T17:11:59.097+0000] {dag.py:3947} INFO - Setting next_dagrun for example_display_name to None, run_after=None
[2024-07-16T17:11:59.117+0000] {processor.py:183} INFO - Processing /home/airflow/.local/lib/python3.12/site-packages/airflow/example_dags/example_display_name.py took 0.066 seconds
[2024-07-16T17:12:29.250+0000] {processor.py:161} INFO - Started process (PID=319) to work on /home/airflow/.local/lib/python3.12/site-packages/airflow/example_dags/example_display_name.py
[2024-07-16T17:12:29.251+0000] {processor.py:830} INFO - Processing file /home/airflow/.local/lib/python3.12/site-packages/airflow/example_dags/example_display_name.py for tasks to queue
[2024-07-16T17:12:29.253+0000] {logging_mixin.py:188} INFO - [2024-07-16T17:12:29.253+0000] {dagbag.py:545} INFO - Filling up the DagBag from /home/airflow/.local/lib/python3.12/site-packages/airflow/example_dags/example_display_name.py
[2024-07-16T17:12:29.257+0000] {processor.py:840} INFO - DAG(s) 'example_display_name' retrieved from /home/airflow/.local/lib/python3.12/site-packages/airflow/example_dags/example_display_name.py
[2024-07-16T17:12:29.275+0000] {logging_mixin.py:188} INFO - [2024-07-16T17:12:29.275+0000] {dag.py:3089} INFO - Sync 1 DAGs
[2024-07-16T17:12:29.286+0000] {logging_mixin.py:188} INFO - [2024-07-16T17:12:29.286+0000] {dag.py:3947} INFO - Setting next_dagrun for example_display_name to None, run_after=None
[2024-07-16T17:12:29.303+0000] {processor.py:183} INFO - Processing /home/airflow/.local/lib/python3.12/site-packages/airflow/example_dags/example_display_name.py took 0.057 seconds
[2024-07-16T17:13:00.687+0000] {processor.py:161} INFO - Started process (PID=377) to work on /home/airflow/.local/lib/python3.12/site-packages/airflow/example_dags/example_display_name.py
[2024-07-16T17:13:00.689+0000] {processor.py:830} INFO - Processing file /home/airflow/.local/lib/python3.12/site-packages/airflow/example_dags/example_display_name.py for tasks to queue
[2024-07-16T17:13:00.694+0000] {logging_mixin.py:188} INFO - [2024-07-16T17:13:00.693+0000] {dagbag.py:545} INFO - Filling up the DagBag from /home/airflow/.local/lib/python3.12/site-packages/airflow/example_dags/example_display_name.py
[2024-07-16T17:13:00.715+0000] {processor.py:840} INFO - DAG(s) 'example_display_name' retrieved from /home/airflow/.local/lib/python3.12/site-packages/airflow/example_dags/example_display_name.py
[2024-07-16T17:13:00.811+0000] {logging_mixin.py:188} INFO - [2024-07-16T17:13:00.811+0000] {dag.py:3089} INFO - Sync 1 DAGs
[2024-07-16T17:13:00.851+0000] {logging_mixin.py:188} INFO - [2024-07-16T17:13:00.850+0000] {dag.py:3947} INFO - Setting next_dagrun for example_display_name to None, run_after=None
[2024-07-16T17:13:00.907+0000] {processor.py:183} INFO - Processing /home/airflow/.local/lib/python3.12/site-packages/airflow/example_dags/example_display_name.py took 0.248 seconds
[2024-07-16T17:13:31.540+0000] {processor.py:161} INFO - Started process (PID=435) to work on /home/airflow/.local/lib/python3.12/site-packages/airflow/example_dags/example_display_name.py
[2024-07-16T17:13:31.544+0000] {processor.py:830} INFO - Processing file /home/airflow/.local/lib/python3.12/site-packages/airflow/example_dags/example_display_name.py for tasks to queue
[2024-07-16T17:13:31.549+0000] {logging_mixin.py:188} INFO - [2024-07-16T17:13:31.548+0000] {dagbag.py:545} INFO - Filling up the DagBag from /home/airflow/.local/lib/python3.12/site-packages/airflow/example_dags/example_display_name.py
[2024-07-16T17:13:31.562+0000] {processor.py:840} INFO - DAG(s) 'example_display_name' retrieved from /home/airflow/.local/lib/python3.12/site-packages/airflow/example_dags/example_display_name.py
[2024-07-16T17:13:31.602+0000] {logging_mixin.py:188} INFO - [2024-07-16T17:13:31.601+0000] {dag.py:3089} INFO - Sync 1 DAGs
[2024-07-16T17:13:31.628+0000] {logging_mixin.py:188} INFO - [2024-07-16T17:13:31.628+0000] {dag.py:3947} INFO - Setting next_dagrun for example_display_name to None, run_after=None
[2024-07-16T17:13:31.664+0000] {processor.py:183} INFO - Processing /home/airflow/.local/lib/python3.12/site-packages/airflow/example_dags/example_display_name.py took 0.140 seconds
[2024-07-16T17:14:01.806+0000] {processor.py:161} INFO - Started process (PID=493) to work on /home/airflow/.local/lib/python3.12/site-packages/airflow/example_dags/example_display_name.py
[2024-07-16T17:14:01.807+0000] {processor.py:830} INFO - Processing file /home/airflow/.local/lib/python3.12/site-packages/airflow/example_dags/example_display_name.py for tasks to queue
[2024-07-16T17:14:01.809+0000] {logging_mixin.py:188} INFO - [2024-07-16T17:14:01.808+0000] {dagbag.py:545} INFO - Filling up the DagBag from /home/airflow/.local/lib/python3.12/site-packages/airflow/example_dags/example_display_name.py
[2024-07-16T17:14:01.815+0000] {processor.py:840} INFO - DAG(s) 'example_display_name' retrieved from /home/airflow/.local/lib/python3.12/site-packages/airflow/example_dags/example_display_name.py
[2024-07-16T17:14:01.832+0000] {logging_mixin.py:188} INFO - [2024-07-16T17:14:01.831+0000] {dag.py:3089} INFO - Sync 1 DAGs
[2024-07-16T17:14:01.843+0000] {logging_mixin.py:188} INFO - [2024-07-16T17:14:01.843+0000] {dag.py:3947} INFO - Setting next_dagrun for example_display_name to None, run_after=None
[2024-07-16T17:14:01.862+0000] {processor.py:183} INFO - Processing /home/airflow/.local/lib/python3.12/site-packages/airflow/example_dags/example_display_name.py took 0.061 seconds
[2024-07-16T17:14:32.642+0000] {processor.py:161} INFO - Started process (PID=551) to work on /home/airflow/.local/lib/python3.12/site-packages/airflow/example_dags/example_display_name.py
[2024-07-16T17:14:32.644+0000] {processor.py:830} INFO - Processing file /home/airflow/.local/lib/python3.12/site-packages/airflow/example_dags/example_display_name.py for tasks to queue
[2024-07-16T17:14:32.646+0000] {logging_mixin.py:188} INFO - [2024-07-16T17:14:32.645+0000] {dagbag.py:545} INFO - Filling up the DagBag from /home/airflow/.local/lib/python3.12/site-packages/airflow/example_dags/example_display_name.py
[2024-07-16T17:14:32.652+0000] {processor.py:840} INFO - DAG(s) 'example_display_name' retrieved from /home/airflow/.local/lib/python3.12/site-packages/airflow/example_dags/example_display_name.py
[2024-07-16T17:14:32.670+0000] {logging_mixin.py:188} INFO - [2024-07-16T17:14:32.670+0000] {dag.py:3089} INFO - Sync 1 DAGs
[2024-07-16T17:14:32.685+0000] {logging_mixin.py:188} INFO - [2024-07-16T17:14:32.685+0000] {dag.py:3947} INFO - Setting next_dagrun for example_display_name to None, run_after=None
[2024-07-16T17:14:32.706+0000] {processor.py:183} INFO - Processing /home/airflow/.local/lib/python3.12/site-packages/airflow/example_dags/example_display_name.py took 0.070 seconds
[2024-07-16T17:15:02.847+0000] {processor.py:161} INFO - Started process (PID=609) to work on /home/airflow/.local/lib/python3.12/site-packages/airflow/example_dags/example_display_name.py
[2024-07-16T17:15:02.848+0000] {processor.py:830} INFO - Processing file /home/airflow/.local/lib/python3.12/site-packages/airflow/example_dags/example_display_name.py for tasks to queue
[2024-07-16T17:15:02.849+0000] {logging_mixin.py:188} INFO - [2024-07-16T17:15:02.849+0000] {dagbag.py:545} INFO - Filling up the DagBag from /home/airflow/.local/lib/python3.12/site-packages/airflow/example_dags/example_display_name.py
[2024-07-16T17:15:02.854+0000] {processor.py:840} INFO - DAG(s) 'example_display_name' retrieved from /home/airflow/.local/lib/python3.12/site-packages/airflow/example_dags/example_display_name.py
[2024-07-16T17:15:02.870+0000] {logging_mixin.py:188} INFO - [2024-07-16T17:15:02.869+0000] {dag.py:3089} INFO - Sync 1 DAGs
[2024-07-16T17:15:02.880+0000] {logging_mixin.py:188} INFO - [2024-07-16T17:15:02.879+0000] {dag.py:3947} INFO - Setting next_dagrun for example_display_name to None, run_after=None
[2024-07-16T17:15:02.894+0000] {processor.py:183} INFO - Processing /home/airflow/.local/lib/python3.12/site-packages/airflow/example_dags/example_display_name.py took 0.052 seconds
[2024-07-16T17:15:33.167+0000] {processor.py:161} INFO - Started process (PID=667) to work on /home/airflow/.local/lib/python3.12/site-packages/airflow/example_dags/example_display_name.py
[2024-07-16T17:15:33.169+0000] {processor.py:830} INFO - Processing file /home/airflow/.local/lib/python3.12/site-packages/airflow/example_dags/example_display_name.py for tasks to queue
[2024-07-16T17:15:33.170+0000] {logging_mixin.py:188} INFO - [2024-07-16T17:15:33.170+0000] {dagbag.py:545} INFO - Filling up the DagBag from /home/airflow/.local/lib/python3.12/site-packages/airflow/example_dags/example_display_name.py
[2024-07-16T17:15:33.175+0000] {processor.py:840} INFO - DAG(s) 'example_display_name' retrieved from /home/airflow/.local/lib/python3.12/site-packages/airflow/example_dags/example_display_name.py
[2024-07-16T17:15:33.191+0000] {logging_mixin.py:188} INFO - [2024-07-16T17:15:33.191+0000] {dag.py:3089} INFO - Sync 1 DAGs
[2024-07-16T17:15:33.203+0000] {logging_mixin.py:188} INFO - [2024-07-16T17:15:33.203+0000] {dag.py:3947} INFO - Setting next_dagrun for example_display_name to None, run_after=None
[2024-07-16T17:15:33.222+0000] {processor.py:183} INFO - Processing /home/airflow/.local/lib/python3.12/site-packages/airflow/example_dags/example_display_name.py took 0.061 seconds
[2024-07-16T17:16:03.324+0000] {processor.py:161} INFO - Started process (PID=725) to work on /home/airflow/.local/lib/python3.12/site-packages/airflow/example_dags/example_display_name.py
[2024-07-16T17:16:03.325+0000] {processor.py:830} INFO - Processing file /home/airflow/.local/lib/python3.12/site-packages/airflow/example_dags/example_display_name.py for tasks to queue
[2024-07-16T17:16:03.327+0000] {logging_mixin.py:188} INFO - [2024-07-16T17:16:03.327+0000] {dagbag.py:545} INFO - Filling up the DagBag from /home/airflow/.local/lib/python3.12/site-packages/airflow/example_dags/example_display_name.py
[2024-07-16T17:16:03.333+0000] {processor.py:840} INFO - DAG(s) 'example_display_name' retrieved from /home/airflow/.local/lib/python3.12/site-packages/airflow/example_dags/example_display_name.py
[2024-07-16T17:16:03.354+0000] {logging_mixin.py:188} INFO - [2024-07-16T17:16:03.354+0000] {dag.py:3089} INFO - Sync 1 DAGs
[2024-07-16T17:16:03.368+0000] {logging_mixin.py:188} INFO - [2024-07-16T17:16:03.368+0000] {dag.py:3947} INFO - Setting next_dagrun for example_display_name to None, run_after=None
[2024-07-16T17:16:03.391+0000] {processor.py:183} INFO - Processing /home/airflow/.local/lib/python3.12/site-packages/airflow/example_dags/example_display_name.py took 0.072 seconds
[2024-07-16T17:16:33.805+0000] {processor.py:161} INFO - Started process (PID=783) to work on /home/airflow/.local/lib/python3.12/site-packages/airflow/example_dags/example_display_name.py
[2024-07-16T17:16:33.806+0000] {processor.py:830} INFO - Processing file /home/airflow/.local/lib/python3.12/site-packages/airflow/example_dags/example_display_name.py for tasks to queue
[2024-07-16T17:16:33.808+0000] {logging_mixin.py:188} INFO - [2024-07-16T17:16:33.807+0000] {dagbag.py:545} INFO - Filling up the DagBag from /home/airflow/.local/lib/python3.12/site-packages/airflow/example_dags/example_display_name.py
[2024-07-16T17:16:33.814+0000] {processor.py:840} INFO - DAG(s) 'example_display_name' retrieved from /home/airflow/.local/lib/python3.12/site-packages/airflow/example_dags/example_display_name.py
[2024-07-16T17:16:33.831+0000] {logging_mixin.py:188} INFO - [2024-07-16T17:16:33.830+0000] {dag.py:3089} INFO - Sync 1 DAGs
[2024-07-16T17:16:33.844+0000] {logging_mixin.py:188} INFO - [2024-07-16T17:16:33.844+0000] {dag.py:3947} INFO - Setting next_dagrun for example_display_name to None, run_after=None
[2024-07-16T17:16:33.861+0000] {processor.py:183} INFO - Processing /home/airflow/.local/lib/python3.12/site-packages/airflow/example_dags/example_display_name.py took 0.061 seconds
[2024-07-16T17:17:04.088+0000] {processor.py:161} INFO - Started process (PID=841) to work on /home/airflow/.local/lib/python3.12/site-packages/airflow/example_dags/example_display_name.py
[2024-07-16T17:17:04.089+0000] {processor.py:830} INFO - Processing file /home/airflow/.local/lib/python3.12/site-packages/airflow/example_dags/example_display_name.py for tasks to queue
[2024-07-16T17:17:04.090+0000] {logging_mixin.py:188} INFO - [2024-07-16T17:17:04.090+0000] {dagbag.py:545} INFO - Filling up the DagBag from /home/airflow/.local/lib/python3.12/site-packages/airflow/example_dags/example_display_name.py
[2024-07-16T17:17:04.096+0000] {processor.py:840} INFO - DAG(s) 'example_display_name' retrieved from /home/airflow/.local/lib/python3.12/site-packages/airflow/example_dags/example_display_name.py
[2024-07-16T17:17:04.112+0000] {logging_mixin.py:188} INFO - [2024-07-16T17:17:04.112+0000] {dag.py:3089} INFO - Sync 1 DAGs
[2024-07-16T17:17:04.123+0000] {logging_mixin.py:188} INFO - [2024-07-16T17:17:04.123+0000] {dag.py:3947} INFO - Setting next_dagrun for example_display_name to None, run_after=None
[2024-07-16T17:17:04.143+0000] {processor.py:183} INFO - Processing /home/airflow/.local/lib/python3.12/site-packages/airflow/example_dags/example_display_name.py took 0.060 seconds
[2024-07-16T17:17:35.123+0000] {processor.py:161} INFO - Started process (PID=899) to work on /home/airflow/.local/lib/python3.12/site-packages/airflow/example_dags/example_display_name.py
[2024-07-16T17:17:35.124+0000] {processor.py:830} INFO - Processing file /home/airflow/.local/lib/python3.12/site-packages/airflow/example_dags/example_display_name.py for tasks to queue
[2024-07-16T17:17:35.125+0000] {logging_mixin.py:188} INFO - [2024-07-16T17:17:35.125+0000] {dagbag.py:545} INFO - Filling up the DagBag from /home/airflow/.local/lib/python3.12/site-packages/airflow/example_dags/example_display_name.py
[2024-07-16T17:17:35.132+0000] {processor.py:840} INFO - DAG(s) 'example_display_name' retrieved from /home/airflow/.local/lib/python3.12/site-packages/airflow/example_dags/example_display_name.py
[2024-07-16T17:17:35.151+0000] {logging_mixin.py:188} INFO - [2024-07-16T17:17:35.151+0000] {dag.py:3089} INFO - Sync 1 DAGs
[2024-07-16T17:17:35.162+0000] {logging_mixin.py:188} INFO - [2024-07-16T17:17:35.162+0000] {dag.py:3947} INFO - Setting next_dagrun for example_display_name to None, run_after=None
[2024-07-16T17:17:35.179+0000] {processor.py:183} INFO - Processing /home/airflow/.local/lib/python3.12/site-packages/airflow/example_dags/example_display_name.py took 0.061 seconds
[2024-07-16T17:18:05.915+0000] {processor.py:161} INFO - Started process (PID=957) to work on /home/airflow/.local/lib/python3.12/site-packages/airflow/example_dags/example_display_name.py
[2024-07-16T17:18:05.916+0000] {processor.py:830} INFO - Processing file /home/airflow/.local/lib/python3.12/site-packages/airflow/example_dags/example_display_name.py for tasks to queue
[2024-07-16T17:18:05.918+0000] {logging_mixin.py:188} INFO - [2024-07-16T17:18:05.918+0000] {dagbag.py:545} INFO - Filling up the DagBag from /home/airflow/.local/lib/python3.12/site-packages/airflow/example_dags/example_display_name.py
[2024-07-16T17:18:05.923+0000] {processor.py:840} INFO - DAG(s) 'example_display_name' retrieved from /home/airflow/.local/lib/python3.12/site-packages/airflow/example_dags/example_display_name.py
[2024-07-16T17:18:05.946+0000] {logging_mixin.py:188} INFO - [2024-07-16T17:18:05.945+0000] {dag.py:3089} INFO - Sync 1 DAGs
[2024-07-16T17:18:05.963+0000] {logging_mixin.py:188} INFO - [2024-07-16T17:18:05.962+0000] {dag.py:3947} INFO - Setting next_dagrun for example_display_name to None, run_after=None
[2024-07-16T17:18:05.985+0000] {processor.py:183} INFO - Processing /home/airflow/.local/lib/python3.12/site-packages/airflow/example_dags/example_display_name.py took 0.078 seconds
[2024-07-16T17:18:37.200+0000] {processor.py:161} INFO - Started process (PID=1015) to work on /home/airflow/.local/lib/python3.12/site-packages/airflow/example_dags/example_display_name.py
[2024-07-16T17:18:37.204+0000] {processor.py:830} INFO - Processing file /home/airflow/.local/lib/python3.12/site-packages/airflow/example_dags/example_display_name.py for tasks to queue
[2024-07-16T17:18:37.210+0000] {logging_mixin.py:188} INFO - [2024-07-16T17:18:37.209+0000] {dagbag.py:545} INFO - Filling up the DagBag from /home/airflow/.local/lib/python3.12/site-packages/airflow/example_dags/example_display_name.py
[2024-07-16T17:18:37.235+0000] {processor.py:840} INFO - DAG(s) 'example_display_name' retrieved from /home/airflow/.local/lib/python3.12/site-packages/airflow/example_dags/example_display_name.py
[2024-07-16T17:18:37.305+0000] {logging_mixin.py:188} INFO - [2024-07-16T17:18:37.303+0000] {dag.py:3089} INFO - Sync 1 DAGs
[2024-07-16T17:18:37.352+0000] {logging_mixin.py:188} INFO - [2024-07-16T17:18:37.352+0000] {dag.py:3947} INFO - Setting next_dagrun for example_display_name to None, run_after=None
[2024-07-16T17:18:37.417+0000] {processor.py:183} INFO - Processing /home/airflow/.local/lib/python3.12/site-packages/airflow/example_dags/example_display_name.py took 0.234 seconds
[2024-07-16T17:19:08.061+0000] {processor.py:161} INFO - Started process (PID=1073) to work on /home/airflow/.local/lib/python3.12/site-packages/airflow/example_dags/example_display_name.py
[2024-07-16T17:19:08.070+0000] {processor.py:830} INFO - Processing file /home/airflow/.local/lib/python3.12/site-packages/airflow/example_dags/example_display_name.py for tasks to queue
[2024-07-16T17:19:08.083+0000] {logging_mixin.py:188} INFO - [2024-07-16T17:19:08.082+0000] {dagbag.py:545} INFO - Filling up the DagBag from /home/airflow/.local/lib/python3.12/site-packages/airflow/example_dags/example_display_name.py
[2024-07-16T17:19:08.094+0000] {processor.py:840} INFO - DAG(s) 'example_display_name' retrieved from /home/airflow/.local/lib/python3.12/site-packages/airflow/example_dags/example_display_name.py
[2024-07-16T17:19:08.146+0000] {logging_mixin.py:188} INFO - [2024-07-16T17:19:08.145+0000] {dag.py:3089} INFO - Sync 1 DAGs
[2024-07-16T17:19:08.203+0000] {logging_mixin.py:188} INFO - [2024-07-16T17:19:08.202+0000] {dag.py:3947} INFO - Setting next_dagrun for example_display_name to None, run_after=None
[2024-07-16T17:19:08.430+0000] {processor.py:183} INFO - Processing /home/airflow/.local/lib/python3.12/site-packages/airflow/example_dags/example_display_name.py took 0.390 seconds
[2024-07-16T17:19:38.759+0000] {processor.py:161} INFO - Started process (PID=1130) to work on /home/airflow/.local/lib/python3.12/site-packages/airflow/example_dags/example_display_name.py
[2024-07-16T17:19:38.761+0000] {processor.py:830} INFO - Processing file /home/airflow/.local/lib/python3.12/site-packages/airflow/example_dags/example_display_name.py for tasks to queue
[2024-07-16T17:19:38.763+0000] {logging_mixin.py:188} INFO - [2024-07-16T17:19:38.763+0000] {dagbag.py:545} INFO - Filling up the DagBag from /home/airflow/.local/lib/python3.12/site-packages/airflow/example_dags/example_display_name.py
[2024-07-16T17:19:38.770+0000] {processor.py:840} INFO - DAG(s) 'example_display_name' retrieved from /home/airflow/.local/lib/python3.12/site-packages/airflow/example_dags/example_display_name.py
[2024-07-16T17:19:38.792+0000] {logging_mixin.py:188} INFO - [2024-07-16T17:19:38.792+0000] {dag.py:3089} INFO - Sync 1 DAGs
[2024-07-16T17:19:38.810+0000] {logging_mixin.py:188} INFO - [2024-07-16T17:19:38.810+0000] {dag.py:3947} INFO - Setting next_dagrun for example_display_name to None, run_after=None
[2024-07-16T17:19:38.841+0000] {processor.py:183} INFO - Processing /home/airflow/.local/lib/python3.12/site-packages/airflow/example_dags/example_display_name.py took 0.088 seconds
[2024-07-16T17:23:53.989+0000] {processor.py:161} INFO - Started process (PID=89) to work on /home/airflow/.local/lib/python3.12/site-packages/airflow/example_dags/example_display_name.py
[2024-07-16T17:23:53.991+0000] {processor.py:830} INFO - Processing file /home/airflow/.local/lib/python3.12/site-packages/airflow/example_dags/example_display_name.py for tasks to queue
[2024-07-16T17:23:53.993+0000] {logging_mixin.py:188} INFO - [2024-07-16T17:23:53.992+0000] {dagbag.py:545} INFO - Filling up the DagBag from /home/airflow/.local/lib/python3.12/site-packages/airflow/example_dags/example_display_name.py
[2024-07-16T17:23:54.003+0000] {processor.py:840} INFO - DAG(s) 'example_display_name' retrieved from /home/airflow/.local/lib/python3.12/site-packages/airflow/example_dags/example_display_name.py
[2024-07-16T17:23:54.182+0000] {logging_mixin.py:188} INFO - [2024-07-16T17:23:54.182+0000] {dag.py:3089} INFO - Sync 1 DAGs
[2024-07-16T17:23:54.195+0000] {logging_mixin.py:188} INFO - [2024-07-16T17:23:54.195+0000] {dag.py:3947} INFO - Setting next_dagrun for example_display_name to None, run_after=None
[2024-07-16T17:23:54.223+0000] {processor.py:183} INFO - Processing /home/airflow/.local/lib/python3.12/site-packages/airflow/example_dags/example_display_name.py took 0.241 seconds
[2024-07-16T17:24:24.289+0000] {processor.py:161} INFO - Started process (PID=146) to work on /home/airflow/.local/lib/python3.12/site-packages/airflow/example_dags/example_display_name.py
[2024-07-16T17:24:24.290+0000] {processor.py:830} INFO - Processing file /home/airflow/.local/lib/python3.12/site-packages/airflow/example_dags/example_display_name.py for tasks to queue
[2024-07-16T17:24:24.292+0000] {logging_mixin.py:188} INFO - [2024-07-16T17:24:24.291+0000] {dagbag.py:545} INFO - Filling up the DagBag from /home/airflow/.local/lib/python3.12/site-packages/airflow/example_dags/example_display_name.py
[2024-07-16T17:24:24.297+0000] {processor.py:840} INFO - DAG(s) 'example_display_name' retrieved from /home/airflow/.local/lib/python3.12/site-packages/airflow/example_dags/example_display_name.py
[2024-07-16T17:24:24.314+0000] {logging_mixin.py:188} INFO - [2024-07-16T17:24:24.314+0000] {dag.py:3089} INFO - Sync 1 DAGs
[2024-07-16T17:24:24.325+0000] {logging_mixin.py:188} INFO - [2024-07-16T17:24:24.324+0000] {dag.py:3947} INFO - Setting next_dagrun for example_display_name to None, run_after=None
[2024-07-16T17:24:24.341+0000] {processor.py:183} INFO - Processing /home/airflow/.local/lib/python3.12/site-packages/airflow/example_dags/example_display_name.py took 0.057 seconds
[2024-07-16T17:24:55.159+0000] {processor.py:161} INFO - Started process (PID=204) to work on /home/airflow/.local/lib/python3.12/site-packages/airflow/example_dags/example_display_name.py
[2024-07-16T17:24:55.160+0000] {processor.py:830} INFO - Processing file /home/airflow/.local/lib/python3.12/site-packages/airflow/example_dags/example_display_name.py for tasks to queue
[2024-07-16T17:24:55.162+0000] {logging_mixin.py:188} INFO - [2024-07-16T17:24:55.162+0000] {dagbag.py:545} INFO - Filling up the DagBag from /home/airflow/.local/lib/python3.12/site-packages/airflow/example_dags/example_display_name.py
[2024-07-16T17:24:55.167+0000] {processor.py:840} INFO - DAG(s) 'example_display_name' retrieved from /home/airflow/.local/lib/python3.12/site-packages/airflow/example_dags/example_display_name.py
[2024-07-16T17:24:55.184+0000] {logging_mixin.py:188} INFO - [2024-07-16T17:24:55.184+0000] {dag.py:3089} INFO - Sync 1 DAGs
[2024-07-16T17:24:55.194+0000] {logging_mixin.py:188} INFO - [2024-07-16T17:24:55.194+0000] {dag.py:3947} INFO - Setting next_dagrun for example_display_name to None, run_after=None
[2024-07-16T17:24:55.216+0000] {processor.py:183} INFO - Processing /home/airflow/.local/lib/python3.12/site-packages/airflow/example_dags/example_display_name.py took 0.063 seconds
[2024-07-16T17:25:25.533+0000] {processor.py:161} INFO - Started process (PID=263) to work on /home/airflow/.local/lib/python3.12/site-packages/airflow/example_dags/example_display_name.py
[2024-07-16T17:25:25.534+0000] {processor.py:830} INFO - Processing file /home/airflow/.local/lib/python3.12/site-packages/airflow/example_dags/example_display_name.py for tasks to queue
[2024-07-16T17:25:25.535+0000] {logging_mixin.py:188} INFO - [2024-07-16T17:25:25.535+0000] {dagbag.py:545} INFO - Filling up the DagBag from /home/airflow/.local/lib/python3.12/site-packages/airflow/example_dags/example_display_name.py
[2024-07-16T17:25:25.540+0000] {processor.py:840} INFO - DAG(s) 'example_display_name' retrieved from /home/airflow/.local/lib/python3.12/site-packages/airflow/example_dags/example_display_name.py
[2024-07-16T17:25:25.557+0000] {logging_mixin.py:188} INFO - [2024-07-16T17:25:25.557+0000] {dag.py:3089} INFO - Sync 1 DAGs
[2024-07-16T17:25:25.572+0000] {logging_mixin.py:188} INFO - [2024-07-16T17:25:25.571+0000] {dag.py:3947} INFO - Setting next_dagrun for example_display_name to None, run_after=None
[2024-07-16T17:25:25.587+0000] {processor.py:183} INFO - Processing /home/airflow/.local/lib/python3.12/site-packages/airflow/example_dags/example_display_name.py took 0.059 seconds
[2024-07-16T17:29:56.867+0000] {processor.py:161} INFO - Started process (PID=83) to work on /home/airflow/.local/lib/python3.12/site-packages/airflow/example_dags/example_display_name.py
[2024-07-16T17:29:56.868+0000] {processor.py:830} INFO - Processing file /home/airflow/.local/lib/python3.12/site-packages/airflow/example_dags/example_display_name.py for tasks to queue
[2024-07-16T17:29:56.871+0000] {logging_mixin.py:188} INFO - [2024-07-16T17:29:56.870+0000] {dagbag.py:545} INFO - Filling up the DagBag from /home/airflow/.local/lib/python3.12/site-packages/airflow/example_dags/example_display_name.py
[2024-07-16T17:29:56.883+0000] {processor.py:840} INFO - DAG(s) 'example_display_name' retrieved from /home/airflow/.local/lib/python3.12/site-packages/airflow/example_dags/example_display_name.py
[2024-07-16T17:29:57.029+0000] {logging_mixin.py:188} INFO - [2024-07-16T17:29:57.028+0000] {dag.py:3089} INFO - Sync 1 DAGs
[2024-07-16T17:29:57.043+0000] {logging_mixin.py:188} INFO - [2024-07-16T17:29:57.042+0000] {dag.py:3947} INFO - Setting next_dagrun for example_display_name to None, run_after=None
[2024-07-16T17:29:57.071+0000] {processor.py:183} INFO - Processing /home/airflow/.local/lib/python3.12/site-packages/airflow/example_dags/example_display_name.py took 0.211 seconds
[2024-07-16T17:30:27.655+0000] {processor.py:161} INFO - Started process (PID=147) to work on /home/airflow/.local/lib/python3.12/site-packages/airflow/example_dags/example_display_name.py
[2024-07-16T17:30:27.657+0000] {processor.py:830} INFO - Processing file /home/airflow/.local/lib/python3.12/site-packages/airflow/example_dags/example_display_name.py for tasks to queue
[2024-07-16T17:30:27.662+0000] {logging_mixin.py:188} INFO - [2024-07-16T17:30:27.662+0000] {dagbag.py:545} INFO - Filling up the DagBag from /home/airflow/.local/lib/python3.12/site-packages/airflow/example_dags/example_display_name.py
[2024-07-16T17:30:27.673+0000] {processor.py:840} INFO - DAG(s) 'example_display_name' retrieved from /home/airflow/.local/lib/python3.12/site-packages/airflow/example_dags/example_display_name.py
[2024-07-16T17:30:27.733+0000] {logging_mixin.py:188} INFO - [2024-07-16T17:30:27.732+0000] {dag.py:3089} INFO - Sync 1 DAGs
[2024-07-16T17:30:27.766+0000] {logging_mixin.py:188} INFO - [2024-07-16T17:30:27.766+0000] {dag.py:3947} INFO - Setting next_dagrun for example_display_name to None, run_after=None
[2024-07-16T17:30:27.811+0000] {processor.py:183} INFO - Processing /home/airflow/.local/lib/python3.12/site-packages/airflow/example_dags/example_display_name.py took 0.165 seconds
[2024-07-16T17:30:58.424+0000] {processor.py:161} INFO - Started process (PID=204) to work on /home/airflow/.local/lib/python3.12/site-packages/airflow/example_dags/example_display_name.py
[2024-07-16T17:30:58.425+0000] {processor.py:830} INFO - Processing file /home/airflow/.local/lib/python3.12/site-packages/airflow/example_dags/example_display_name.py for tasks to queue
[2024-07-16T17:30:58.429+0000] {logging_mixin.py:188} INFO - [2024-07-16T17:30:58.428+0000] {dagbag.py:545} INFO - Filling up the DagBag from /home/airflow/.local/lib/python3.12/site-packages/airflow/example_dags/example_display_name.py
[2024-07-16T17:30:58.448+0000] {processor.py:840} INFO - DAG(s) 'example_display_name' retrieved from /home/airflow/.local/lib/python3.12/site-packages/airflow/example_dags/example_display_name.py
[2024-07-16T17:30:58.489+0000] {logging_mixin.py:188} INFO - [2024-07-16T17:30:58.488+0000] {dag.py:3089} INFO - Sync 1 DAGs
[2024-07-16T17:30:58.515+0000] {logging_mixin.py:188} INFO - [2024-07-16T17:30:58.514+0000] {dag.py:3947} INFO - Setting next_dagrun for example_display_name to None, run_after=None
[2024-07-16T17:30:58.543+0000] {processor.py:183} INFO - Processing /home/airflow/.local/lib/python3.12/site-packages/airflow/example_dags/example_display_name.py took 0.140 seconds
[2024-07-16T17:31:29.043+0000] {processor.py:161} INFO - Started process (PID=262) to work on /home/airflow/.local/lib/python3.12/site-packages/airflow/example_dags/example_display_name.py
[2024-07-16T17:31:29.045+0000] {processor.py:830} INFO - Processing file /home/airflow/.local/lib/python3.12/site-packages/airflow/example_dags/example_display_name.py for tasks to queue
[2024-07-16T17:31:29.048+0000] {logging_mixin.py:188} INFO - [2024-07-16T17:31:29.048+0000] {dagbag.py:545} INFO - Filling up the DagBag from /home/airflow/.local/lib/python3.12/site-packages/airflow/example_dags/example_display_name.py
[2024-07-16T17:31:29.056+0000] {processor.py:840} INFO - DAG(s) 'example_display_name' retrieved from /home/airflow/.local/lib/python3.12/site-packages/airflow/example_dags/example_display_name.py
[2024-07-16T17:31:29.088+0000] {logging_mixin.py:188} INFO - [2024-07-16T17:31:29.087+0000] {dag.py:3089} INFO - Sync 1 DAGs
[2024-07-16T17:31:29.117+0000] {logging_mixin.py:188} INFO - [2024-07-16T17:31:29.116+0000] {dag.py:3947} INFO - Setting next_dagrun for example_display_name to None, run_after=None
[2024-07-16T17:31:29.155+0000] {processor.py:183} INFO - Processing /home/airflow/.local/lib/python3.12/site-packages/airflow/example_dags/example_display_name.py took 0.121 seconds
[2024-07-16T17:32:00.543+0000] {processor.py:161} INFO - Started process (PID=320) to work on /home/airflow/.local/lib/python3.12/site-packages/airflow/example_dags/example_display_name.py
[2024-07-16T17:32:00.546+0000] {processor.py:830} INFO - Processing file /home/airflow/.local/lib/python3.12/site-packages/airflow/example_dags/example_display_name.py for tasks to queue
[2024-07-16T17:32:00.552+0000] {logging_mixin.py:188} INFO - [2024-07-16T17:32:00.551+0000] {dagbag.py:545} INFO - Filling up the DagBag from /home/airflow/.local/lib/python3.12/site-packages/airflow/example_dags/example_display_name.py
[2024-07-16T17:32:00.568+0000] {processor.py:840} INFO - DAG(s) 'example_display_name' retrieved from /home/airflow/.local/lib/python3.12/site-packages/airflow/example_dags/example_display_name.py
[2024-07-16T17:32:00.622+0000] {logging_mixin.py:188} INFO - [2024-07-16T17:32:00.622+0000] {dag.py:3089} INFO - Sync 1 DAGs
[2024-07-16T17:32:00.666+0000] {logging_mixin.py:188} INFO - [2024-07-16T17:32:00.665+0000] {dag.py:3947} INFO - Setting next_dagrun for example_display_name to None, run_after=None
[2024-07-16T17:32:00.721+0000] {processor.py:183} INFO - Processing /home/airflow/.local/lib/python3.12/site-packages/airflow/example_dags/example_display_name.py took 0.194 seconds
[2024-07-16T17:32:31.461+0000] {processor.py:161} INFO - Started process (PID=378) to work on /home/airflow/.local/lib/python3.12/site-packages/airflow/example_dags/example_display_name.py
[2024-07-16T17:32:31.463+0000] {processor.py:830} INFO - Processing file /home/airflow/.local/lib/python3.12/site-packages/airflow/example_dags/example_display_name.py for tasks to queue
[2024-07-16T17:32:31.467+0000] {logging_mixin.py:188} INFO - [2024-07-16T17:32:31.467+0000] {dagbag.py:545} INFO - Filling up the DagBag from /home/airflow/.local/lib/python3.12/site-packages/airflow/example_dags/example_display_name.py
[2024-07-16T17:32:31.480+0000] {processor.py:840} INFO - DAG(s) 'example_display_name' retrieved from /home/airflow/.local/lib/python3.12/site-packages/airflow/example_dags/example_display_name.py
[2024-07-16T17:32:31.527+0000] {logging_mixin.py:188} INFO - [2024-07-16T17:32:31.526+0000] {dag.py:3089} INFO - Sync 1 DAGs
[2024-07-16T17:32:31.559+0000] {logging_mixin.py:188} INFO - [2024-07-16T17:32:31.558+0000] {dag.py:3947} INFO - Setting next_dagrun for example_display_name to None, run_after=None
[2024-07-16T17:32:31.606+0000] {processor.py:183} INFO - Processing /home/airflow/.local/lib/python3.12/site-packages/airflow/example_dags/example_display_name.py took 0.158 seconds
[2024-07-16T17:33:02.308+0000] {processor.py:161} INFO - Started process (PID=436) to work on /home/airflow/.local/lib/python3.12/site-packages/airflow/example_dags/example_display_name.py
[2024-07-16T17:33:02.310+0000] {processor.py:830} INFO - Processing file /home/airflow/.local/lib/python3.12/site-packages/airflow/example_dags/example_display_name.py for tasks to queue
[2024-07-16T17:33:02.312+0000] {logging_mixin.py:188} INFO - [2024-07-16T17:33:02.311+0000] {dagbag.py:545} INFO - Filling up the DagBag from /home/airflow/.local/lib/python3.12/site-packages/airflow/example_dags/example_display_name.py
[2024-07-16T17:33:02.319+0000] {processor.py:840} INFO - DAG(s) 'example_display_name' retrieved from /home/airflow/.local/lib/python3.12/site-packages/airflow/example_dags/example_display_name.py
[2024-07-16T17:33:02.343+0000] {logging_mixin.py:188} INFO - [2024-07-16T17:33:02.342+0000] {dag.py:3089} INFO - Sync 1 DAGs
[2024-07-16T17:33:02.373+0000] {logging_mixin.py:188} INFO - [2024-07-16T17:33:02.372+0000] {dag.py:3947} INFO - Setting next_dagrun for example_display_name to None, run_after=None
[2024-07-16T17:33:02.415+0000] {processor.py:183} INFO - Processing /home/airflow/.local/lib/python3.12/site-packages/airflow/example_dags/example_display_name.py took 0.116 seconds
[2024-07-16T18:04:17.042+0000] {processor.py:161} INFO - Started process (PID=90) to work on /home/airflow/.local/lib/python3.12/site-packages/airflow/example_dags/example_display_name.py
[2024-07-16T18:04:17.044+0000] {processor.py:830} INFO - Processing file /home/airflow/.local/lib/python3.12/site-packages/airflow/example_dags/example_display_name.py for tasks to queue
[2024-07-16T18:04:17.046+0000] {logging_mixin.py:188} INFO - [2024-07-16T18:04:17.046+0000] {dagbag.py:545} INFO - Filling up the DagBag from /home/airflow/.local/lib/python3.12/site-packages/airflow/example_dags/example_display_name.py
[2024-07-16T18:04:17.061+0000] {processor.py:840} INFO - DAG(s) 'example_display_name' retrieved from /home/airflow/.local/lib/python3.12/site-packages/airflow/example_dags/example_display_name.py
[2024-07-16T18:04:17.207+0000] {logging_mixin.py:188} INFO - [2024-07-16T18:04:17.207+0000] {dag.py:3089} INFO - Sync 1 DAGs
[2024-07-16T18:04:17.225+0000] {logging_mixin.py:188} INFO - [2024-07-16T18:04:17.224+0000] {dag.py:3947} INFO - Setting next_dagrun for example_display_name to None, run_after=None
[2024-07-16T18:04:17.259+0000] {processor.py:183} INFO - Processing /home/airflow/.local/lib/python3.12/site-packages/airflow/example_dags/example_display_name.py took 0.226 seconds
[2024-07-16T18:12:24.592+0000] {processor.py:161} INFO - Started process (PID=90) to work on /home/airflow/.local/lib/python3.12/site-packages/airflow/example_dags/example_display_name.py
[2024-07-16T18:12:24.593+0000] {processor.py:830} INFO - Processing file /home/airflow/.local/lib/python3.12/site-packages/airflow/example_dags/example_display_name.py for tasks to queue
[2024-07-16T18:12:24.595+0000] {logging_mixin.py:188} INFO - [2024-07-16T18:12:24.595+0000] {dagbag.py:545} INFO - Filling up the DagBag from /home/airflow/.local/lib/python3.12/site-packages/airflow/example_dags/example_display_name.py
[2024-07-16T18:12:24.606+0000] {processor.py:840} INFO - DAG(s) 'example_display_name' retrieved from /home/airflow/.local/lib/python3.12/site-packages/airflow/example_dags/example_display_name.py
[2024-07-16T18:12:24.738+0000] {logging_mixin.py:188} INFO - [2024-07-16T18:12:24.737+0000] {dag.py:3089} INFO - Sync 1 DAGs
[2024-07-16T18:12:24.750+0000] {logging_mixin.py:188} INFO - [2024-07-16T18:12:24.749+0000] {dag.py:3947} INFO - Setting next_dagrun for example_display_name to None, run_after=None
[2024-07-16T18:12:24.774+0000] {processor.py:183} INFO - Processing /home/airflow/.local/lib/python3.12/site-packages/airflow/example_dags/example_display_name.py took 0.189 seconds
[2024-07-16T18:12:55.404+0000] {processor.py:161} INFO - Started process (PID=149) to work on /home/airflow/.local/lib/python3.12/site-packages/airflow/example_dags/example_display_name.py
[2024-07-16T18:12:55.405+0000] {processor.py:830} INFO - Processing file /home/airflow/.local/lib/python3.12/site-packages/airflow/example_dags/example_display_name.py for tasks to queue
[2024-07-16T18:12:55.407+0000] {logging_mixin.py:188} INFO - [2024-07-16T18:12:55.407+0000] {dagbag.py:545} INFO - Filling up the DagBag from /home/airflow/.local/lib/python3.12/site-packages/airflow/example_dags/example_display_name.py
[2024-07-16T18:12:55.412+0000] {processor.py:840} INFO - DAG(s) 'example_display_name' retrieved from /home/airflow/.local/lib/python3.12/site-packages/airflow/example_dags/example_display_name.py
[2024-07-16T18:12:55.432+0000] {logging_mixin.py:188} INFO - [2024-07-16T18:12:55.431+0000] {dag.py:3089} INFO - Sync 1 DAGs
[2024-07-16T18:12:55.444+0000] {logging_mixin.py:188} INFO - [2024-07-16T18:12:55.444+0000] {dag.py:3947} INFO - Setting next_dagrun for example_display_name to None, run_after=None
[2024-07-16T18:12:55.466+0000] {processor.py:183} INFO - Processing /home/airflow/.local/lib/python3.12/site-packages/airflow/example_dags/example_display_name.py took 0.067 seconds
[2024-07-16T18:13:25.924+0000] {processor.py:161} INFO - Started process (PID=208) to work on /home/airflow/.local/lib/python3.12/site-packages/airflow/example_dags/example_display_name.py
[2024-07-16T18:13:25.925+0000] {processor.py:830} INFO - Processing file /home/airflow/.local/lib/python3.12/site-packages/airflow/example_dags/example_display_name.py for tasks to queue
[2024-07-16T18:13:25.927+0000] {logging_mixin.py:188} INFO - [2024-07-16T18:13:25.926+0000] {dagbag.py:545} INFO - Filling up the DagBag from /home/airflow/.local/lib/python3.12/site-packages/airflow/example_dags/example_display_name.py
[2024-07-16T18:13:25.931+0000] {processor.py:840} INFO - DAG(s) 'example_display_name' retrieved from /home/airflow/.local/lib/python3.12/site-packages/airflow/example_dags/example_display_name.py
[2024-07-16T18:13:25.951+0000] {logging_mixin.py:188} INFO - [2024-07-16T18:13:25.951+0000] {dag.py:3089} INFO - Sync 1 DAGs
[2024-07-16T18:13:25.963+0000] {logging_mixin.py:188} INFO - [2024-07-16T18:13:25.963+0000] {dag.py:3947} INFO - Setting next_dagrun for example_display_name to None, run_after=None
[2024-07-16T18:13:25.983+0000] {processor.py:183} INFO - Processing /home/airflow/.local/lib/python3.12/site-packages/airflow/example_dags/example_display_name.py took 0.064 seconds
