[2024-07-16T17:10:27.917+0000] {processor.py:161} INFO - Started process (PID=90) to work on /home/airflow/.local/lib/python3.12/site-packages/airflow/example_dags/example_short_circuit_operator.py
[2024-07-16T17:10:27.919+0000] {processor.py:830} INFO - Processing file /home/airflow/.local/lib/python3.12/site-packages/airflow/example_dags/example_short_circuit_operator.py for tasks to queue
[2024-07-16T17:10:27.920+0000] {logging_mixin.py:188} INFO - [2024-07-16T17:10:27.920+0000] {dagbag.py:545} INFO - Filling up the DagBag from /home/airflow/.local/lib/python3.12/site-packages/airflow/example_dags/example_short_circuit_operator.py
[2024-07-16T17:10:27.929+0000] {processor.py:840} INFO - DAG(s) 'example_short_circuit_operator' retrieved from /home/airflow/.local/lib/python3.12/site-packages/airflow/example_dags/example_short_circuit_operator.py
[2024-07-16T17:10:28.036+0000] {logging_mixin.py:188} INFO - [2024-07-16T17:10:28.035+0000] {dag.py:3089} INFO - Sync 1 DAGs
[2024-07-16T17:10:28.054+0000] {logging_mixin.py:188} INFO - [2024-07-16T17:10:28.054+0000] {dag.py:3947} INFO - Setting next_dagrun for example_short_circuit_operator to 2024-07-15 00:00:00+00:00, run_after=2024-07-16 00:00:00+00:00
[2024-07-16T17:10:28.076+0000] {processor.py:183} INFO - Processing /home/airflow/.local/lib/python3.12/site-packages/airflow/example_dags/example_short_circuit_operator.py took 0.164 seconds
[2024-07-16T17:10:58.439+0000] {processor.py:161} INFO - Started process (PID=148) to work on /home/airflow/.local/lib/python3.12/site-packages/airflow/example_dags/example_short_circuit_operator.py
[2024-07-16T17:10:58.440+0000] {processor.py:830} INFO - Processing file /home/airflow/.local/lib/python3.12/site-packages/airflow/example_dags/example_short_circuit_operator.py for tasks to queue
[2024-07-16T17:10:58.442+0000] {logging_mixin.py:188} INFO - [2024-07-16T17:10:58.442+0000] {dagbag.py:545} INFO - Filling up the DagBag from /home/airflow/.local/lib/python3.12/site-packages/airflow/example_dags/example_short_circuit_operator.py
[2024-07-16T17:10:58.448+0000] {processor.py:840} INFO - DAG(s) 'example_short_circuit_operator' retrieved from /home/airflow/.local/lib/python3.12/site-packages/airflow/example_dags/example_short_circuit_operator.py
[2024-07-16T17:10:58.467+0000] {logging_mixin.py:188} INFO - [2024-07-16T17:10:58.467+0000] {dag.py:3089} INFO - Sync 1 DAGs
[2024-07-16T17:10:58.489+0000] {logging_mixin.py:188} INFO - [2024-07-16T17:10:58.488+0000] {dag.py:3947} INFO - Setting next_dagrun for example_short_circuit_operator to 2024-07-15 00:00:00+00:00, run_after=2024-07-16 00:00:00+00:00
[2024-07-16T17:10:58.509+0000] {processor.py:183} INFO - Processing /home/airflow/.local/lib/python3.12/site-packages/airflow/example_dags/example_short_circuit_operator.py took 0.075 seconds
[2024-07-16T17:11:28.836+0000] {processor.py:161} INFO - Started process (PID=206) to work on /home/airflow/.local/lib/python3.12/site-packages/airflow/example_dags/example_short_circuit_operator.py
[2024-07-16T17:11:28.838+0000] {processor.py:830} INFO - Processing file /home/airflow/.local/lib/python3.12/site-packages/airflow/example_dags/example_short_circuit_operator.py for tasks to queue
[2024-07-16T17:11:28.840+0000] {logging_mixin.py:188} INFO - [2024-07-16T17:11:28.839+0000] {dagbag.py:545} INFO - Filling up the DagBag from /home/airflow/.local/lib/python3.12/site-packages/airflow/example_dags/example_short_circuit_operator.py
[2024-07-16T17:11:28.849+0000] {processor.py:840} INFO - DAG(s) 'example_short_circuit_operator' retrieved from /home/airflow/.local/lib/python3.12/site-packages/airflow/example_dags/example_short_circuit_operator.py
[2024-07-16T17:11:28.872+0000] {logging_mixin.py:188} INFO - [2024-07-16T17:11:28.871+0000] {dag.py:3089} INFO - Sync 1 DAGs
[2024-07-16T17:11:28.895+0000] {logging_mixin.py:188} INFO - [2024-07-16T17:11:28.895+0000] {dag.py:3947} INFO - Setting next_dagrun for example_short_circuit_operator to 2024-07-15 00:00:00+00:00, run_after=2024-07-16 00:00:00+00:00
[2024-07-16T17:11:28.922+0000] {processor.py:183} INFO - Processing /home/airflow/.local/lib/python3.12/site-packages/airflow/example_dags/example_short_circuit_operator.py took 0.093 seconds
[2024-07-16T17:11:59.171+0000] {processor.py:161} INFO - Started process (PID=264) to work on /home/airflow/.local/lib/python3.12/site-packages/airflow/example_dags/example_short_circuit_operator.py
[2024-07-16T17:11:59.172+0000] {processor.py:830} INFO - Processing file /home/airflow/.local/lib/python3.12/site-packages/airflow/example_dags/example_short_circuit_operator.py for tasks to queue
[2024-07-16T17:11:59.174+0000] {logging_mixin.py:188} INFO - [2024-07-16T17:11:59.174+0000] {dagbag.py:545} INFO - Filling up the DagBag from /home/airflow/.local/lib/python3.12/site-packages/airflow/example_dags/example_short_circuit_operator.py
[2024-07-16T17:11:59.182+0000] {processor.py:840} INFO - DAG(s) 'example_short_circuit_operator' retrieved from /home/airflow/.local/lib/python3.12/site-packages/airflow/example_dags/example_short_circuit_operator.py
[2024-07-16T17:11:59.205+0000] {logging_mixin.py:188} INFO - [2024-07-16T17:11:59.205+0000] {dag.py:3089} INFO - Sync 1 DAGs
[2024-07-16T17:11:59.230+0000] {logging_mixin.py:188} INFO - [2024-07-16T17:11:59.229+0000] {dag.py:3947} INFO - Setting next_dagrun for example_short_circuit_operator to 2024-07-15 00:00:00+00:00, run_after=2024-07-16 00:00:00+00:00
[2024-07-16T17:11:59.254+0000] {processor.py:183} INFO - Processing /home/airflow/.local/lib/python3.12/site-packages/airflow/example_dags/example_short_circuit_operator.py took 0.089 seconds
[2024-07-16T17:12:29.457+0000] {processor.py:161} INFO - Started process (PID=322) to work on /home/airflow/.local/lib/python3.12/site-packages/airflow/example_dags/example_short_circuit_operator.py
[2024-07-16T17:12:29.459+0000] {processor.py:830} INFO - Processing file /home/airflow/.local/lib/python3.12/site-packages/airflow/example_dags/example_short_circuit_operator.py for tasks to queue
[2024-07-16T17:12:29.461+0000] {logging_mixin.py:188} INFO - [2024-07-16T17:12:29.460+0000] {dagbag.py:545} INFO - Filling up the DagBag from /home/airflow/.local/lib/python3.12/site-packages/airflow/example_dags/example_short_circuit_operator.py
[2024-07-16T17:12:29.467+0000] {processor.py:840} INFO - DAG(s) 'example_short_circuit_operator' retrieved from /home/airflow/.local/lib/python3.12/site-packages/airflow/example_dags/example_short_circuit_operator.py
[2024-07-16T17:12:29.492+0000] {logging_mixin.py:188} INFO - [2024-07-16T17:12:29.491+0000] {dag.py:3089} INFO - Sync 1 DAGs
[2024-07-16T17:12:29.511+0000] {logging_mixin.py:188} INFO - [2024-07-16T17:12:29.511+0000] {dag.py:3947} INFO - Setting next_dagrun for example_short_circuit_operator to 2024-07-15 00:00:00+00:00, run_after=2024-07-16 00:00:00+00:00
[2024-07-16T17:12:29.537+0000] {processor.py:183} INFO - Processing /home/airflow/.local/lib/python3.12/site-packages/airflow/example_dags/example_short_circuit_operator.py took 0.084 seconds
[2024-07-16T17:13:01.551+0000] {processor.py:161} INFO - Started process (PID=380) to work on /home/airflow/.local/lib/python3.12/site-packages/airflow/example_dags/example_short_circuit_operator.py
[2024-07-16T17:13:01.568+0000] {processor.py:830} INFO - Processing file /home/airflow/.local/lib/python3.12/site-packages/airflow/example_dags/example_short_circuit_operator.py for tasks to queue
[2024-07-16T17:13:01.611+0000] {logging_mixin.py:188} INFO - [2024-07-16T17:13:01.607+0000] {dagbag.py:545} INFO - Filling up the DagBag from /home/airflow/.local/lib/python3.12/site-packages/airflow/example_dags/example_short_circuit_operator.py
[2024-07-16T17:13:01.655+0000] {processor.py:840} INFO - DAG(s) 'example_short_circuit_operator' retrieved from /home/airflow/.local/lib/python3.12/site-packages/airflow/example_dags/example_short_circuit_operator.py
[2024-07-16T17:13:01.849+0000] {logging_mixin.py:188} INFO - [2024-07-16T17:13:01.848+0000] {dag.py:3089} INFO - Sync 1 DAGs
[2024-07-16T17:13:02.043+0000] {logging_mixin.py:188} INFO - [2024-07-16T17:13:02.036+0000] {dag.py:3947} INFO - Setting next_dagrun for example_short_circuit_operator to 2024-07-15 00:00:00+00:00, run_after=2024-07-16 00:00:00+00:00
[2024-07-16T17:13:02.140+0000] {processor.py:183} INFO - Processing /home/airflow/.local/lib/python3.12/site-packages/airflow/example_dags/example_short_circuit_operator.py took 0.627 seconds
[2024-07-16T17:13:32.810+0000] {processor.py:161} INFO - Started process (PID=438) to work on /home/airflow/.local/lib/python3.12/site-packages/airflow/example_dags/example_short_circuit_operator.py
[2024-07-16T17:13:32.812+0000] {processor.py:830} INFO - Processing file /home/airflow/.local/lib/python3.12/site-packages/airflow/example_dags/example_short_circuit_operator.py for tasks to queue
[2024-07-16T17:13:32.814+0000] {logging_mixin.py:188} INFO - [2024-07-16T17:13:32.814+0000] {dagbag.py:545} INFO - Filling up the DagBag from /home/airflow/.local/lib/python3.12/site-packages/airflow/example_dags/example_short_circuit_operator.py
[2024-07-16T17:13:32.828+0000] {processor.py:840} INFO - DAG(s) 'example_short_circuit_operator' retrieved from /home/airflow/.local/lib/python3.12/site-packages/airflow/example_dags/example_short_circuit_operator.py
[2024-07-16T17:13:32.864+0000] {logging_mixin.py:188} INFO - [2024-07-16T17:13:32.864+0000] {dag.py:3089} INFO - Sync 1 DAGs
[2024-07-16T17:13:32.892+0000] {logging_mixin.py:188} INFO - [2024-07-16T17:13:32.892+0000] {dag.py:3947} INFO - Setting next_dagrun for example_short_circuit_operator to 2024-07-15 00:00:00+00:00, run_after=2024-07-16 00:00:00+00:00
[2024-07-16T17:13:32.924+0000] {processor.py:183} INFO - Processing /home/airflow/.local/lib/python3.12/site-packages/airflow/example_dags/example_short_circuit_operator.py took 0.125 seconds
[2024-07-16T17:14:03.073+0000] {processor.py:161} INFO - Started process (PID=496) to work on /home/airflow/.local/lib/python3.12/site-packages/airflow/example_dags/example_short_circuit_operator.py
[2024-07-16T17:14:03.074+0000] {processor.py:830} INFO - Processing file /home/airflow/.local/lib/python3.12/site-packages/airflow/example_dags/example_short_circuit_operator.py for tasks to queue
[2024-07-16T17:14:03.076+0000] {logging_mixin.py:188} INFO - [2024-07-16T17:14:03.076+0000] {dagbag.py:545} INFO - Filling up the DagBag from /home/airflow/.local/lib/python3.12/site-packages/airflow/example_dags/example_short_circuit_operator.py
[2024-07-16T17:14:03.083+0000] {processor.py:840} INFO - DAG(s) 'example_short_circuit_operator' retrieved from /home/airflow/.local/lib/python3.12/site-packages/airflow/example_dags/example_short_circuit_operator.py
[2024-07-16T17:14:03.105+0000] {logging_mixin.py:188} INFO - [2024-07-16T17:14:03.105+0000] {dag.py:3089} INFO - Sync 1 DAGs
[2024-07-16T17:14:03.124+0000] {logging_mixin.py:188} INFO - [2024-07-16T17:14:03.124+0000] {dag.py:3947} INFO - Setting next_dagrun for example_short_circuit_operator to 2024-07-15 00:00:00+00:00, run_after=2024-07-16 00:00:00+00:00
[2024-07-16T17:14:03.143+0000] {processor.py:183} INFO - Processing /home/airflow/.local/lib/python3.12/site-packages/airflow/example_dags/example_short_circuit_operator.py took 0.075 seconds
[2024-07-16T17:14:33.785+0000] {processor.py:161} INFO - Started process (PID=554) to work on /home/airflow/.local/lib/python3.12/site-packages/airflow/example_dags/example_short_circuit_operator.py
[2024-07-16T17:14:33.786+0000] {processor.py:830} INFO - Processing file /home/airflow/.local/lib/python3.12/site-packages/airflow/example_dags/example_short_circuit_operator.py for tasks to queue
[2024-07-16T17:14:33.788+0000] {logging_mixin.py:188} INFO - [2024-07-16T17:14:33.788+0000] {dagbag.py:545} INFO - Filling up the DagBag from /home/airflow/.local/lib/python3.12/site-packages/airflow/example_dags/example_short_circuit_operator.py
[2024-07-16T17:14:33.795+0000] {processor.py:840} INFO - DAG(s) 'example_short_circuit_operator' retrieved from /home/airflow/.local/lib/python3.12/site-packages/airflow/example_dags/example_short_circuit_operator.py
[2024-07-16T17:14:33.814+0000] {logging_mixin.py:188} INFO - [2024-07-16T17:14:33.814+0000] {dag.py:3089} INFO - Sync 1 DAGs
[2024-07-16T17:14:33.832+0000] {logging_mixin.py:188} INFO - [2024-07-16T17:14:33.832+0000] {dag.py:3947} INFO - Setting next_dagrun for example_short_circuit_operator to 2024-07-15 00:00:00+00:00, run_after=2024-07-16 00:00:00+00:00
[2024-07-16T17:14:33.857+0000] {processor.py:183} INFO - Processing /home/airflow/.local/lib/python3.12/site-packages/airflow/example_dags/example_short_circuit_operator.py took 0.078 seconds
[2024-07-16T17:15:03.950+0000] {processor.py:161} INFO - Started process (PID=612) to work on /home/airflow/.local/lib/python3.12/site-packages/airflow/example_dags/example_short_circuit_operator.py
[2024-07-16T17:15:03.951+0000] {processor.py:830} INFO - Processing file /home/airflow/.local/lib/python3.12/site-packages/airflow/example_dags/example_short_circuit_operator.py for tasks to queue
[2024-07-16T17:15:03.953+0000] {logging_mixin.py:188} INFO - [2024-07-16T17:15:03.953+0000] {dagbag.py:545} INFO - Filling up the DagBag from /home/airflow/.local/lib/python3.12/site-packages/airflow/example_dags/example_short_circuit_operator.py
[2024-07-16T17:15:03.961+0000] {processor.py:840} INFO - DAG(s) 'example_short_circuit_operator' retrieved from /home/airflow/.local/lib/python3.12/site-packages/airflow/example_dags/example_short_circuit_operator.py
[2024-07-16T17:15:03.981+0000] {logging_mixin.py:188} INFO - [2024-07-16T17:15:03.981+0000] {dag.py:3089} INFO - Sync 1 DAGs
[2024-07-16T17:15:04.001+0000] {logging_mixin.py:188} INFO - [2024-07-16T17:15:04.001+0000] {dag.py:3947} INFO - Setting next_dagrun for example_short_circuit_operator to 2024-07-15 00:00:00+00:00, run_after=2024-07-16 00:00:00+00:00
[2024-07-16T17:15:04.022+0000] {processor.py:183} INFO - Processing /home/airflow/.local/lib/python3.12/site-packages/airflow/example_dags/example_short_circuit_operator.py took 0.077 seconds
[2024-07-16T17:15:34.296+0000] {processor.py:161} INFO - Started process (PID=670) to work on /home/airflow/.local/lib/python3.12/site-packages/airflow/example_dags/example_short_circuit_operator.py
[2024-07-16T17:15:34.297+0000] {processor.py:830} INFO - Processing file /home/airflow/.local/lib/python3.12/site-packages/airflow/example_dags/example_short_circuit_operator.py for tasks to queue
[2024-07-16T17:15:34.299+0000] {logging_mixin.py:188} INFO - [2024-07-16T17:15:34.299+0000] {dagbag.py:545} INFO - Filling up the DagBag from /home/airflow/.local/lib/python3.12/site-packages/airflow/example_dags/example_short_circuit_operator.py
[2024-07-16T17:15:34.307+0000] {processor.py:840} INFO - DAG(s) 'example_short_circuit_operator' retrieved from /home/airflow/.local/lib/python3.12/site-packages/airflow/example_dags/example_short_circuit_operator.py
[2024-07-16T17:15:34.334+0000] {logging_mixin.py:188} INFO - [2024-07-16T17:15:34.334+0000] {dag.py:3089} INFO - Sync 1 DAGs
[2024-07-16T17:15:34.368+0000] {logging_mixin.py:188} INFO - [2024-07-16T17:15:34.368+0000] {dag.py:3947} INFO - Setting next_dagrun for example_short_circuit_operator to 2024-07-15 00:00:00+00:00, run_after=2024-07-16 00:00:00+00:00
[2024-07-16T17:15:34.410+0000] {processor.py:183} INFO - Processing /home/airflow/.local/lib/python3.12/site-packages/airflow/example_dags/example_short_circuit_operator.py took 0.119 seconds
[2024-07-16T17:16:04.505+0000] {processor.py:161} INFO - Started process (PID=728) to work on /home/airflow/.local/lib/python3.12/site-packages/airflow/example_dags/example_short_circuit_operator.py
[2024-07-16T17:16:04.506+0000] {processor.py:830} INFO - Processing file /home/airflow/.local/lib/python3.12/site-packages/airflow/example_dags/example_short_circuit_operator.py for tasks to queue
[2024-07-16T17:16:04.508+0000] {logging_mixin.py:188} INFO - [2024-07-16T17:16:04.508+0000] {dagbag.py:545} INFO - Filling up the DagBag from /home/airflow/.local/lib/python3.12/site-packages/airflow/example_dags/example_short_circuit_operator.py
[2024-07-16T17:16:04.516+0000] {processor.py:840} INFO - DAG(s) 'example_short_circuit_operator' retrieved from /home/airflow/.local/lib/python3.12/site-packages/airflow/example_dags/example_short_circuit_operator.py
[2024-07-16T17:16:04.538+0000] {logging_mixin.py:188} INFO - [2024-07-16T17:16:04.538+0000] {dag.py:3089} INFO - Sync 1 DAGs
[2024-07-16T17:16:04.559+0000] {logging_mixin.py:188} INFO - [2024-07-16T17:16:04.558+0000] {dag.py:3947} INFO - Setting next_dagrun for example_short_circuit_operator to 2024-07-15 00:00:00+00:00, run_after=2024-07-16 00:00:00+00:00
[2024-07-16T17:16:04.579+0000] {processor.py:183} INFO - Processing /home/airflow/.local/lib/python3.12/site-packages/airflow/example_dags/example_short_circuit_operator.py took 0.079 seconds
[2024-07-16T17:16:34.986+0000] {processor.py:161} INFO - Started process (PID=786) to work on /home/airflow/.local/lib/python3.12/site-packages/airflow/example_dags/example_short_circuit_operator.py
[2024-07-16T17:16:34.987+0000] {processor.py:830} INFO - Processing file /home/airflow/.local/lib/python3.12/site-packages/airflow/example_dags/example_short_circuit_operator.py for tasks to queue
[2024-07-16T17:16:34.989+0000] {logging_mixin.py:188} INFO - [2024-07-16T17:16:34.989+0000] {dagbag.py:545} INFO - Filling up the DagBag from /home/airflow/.local/lib/python3.12/site-packages/airflow/example_dags/example_short_circuit_operator.py
[2024-07-16T17:16:34.997+0000] {processor.py:840} INFO - DAG(s) 'example_short_circuit_operator' retrieved from /home/airflow/.local/lib/python3.12/site-packages/airflow/example_dags/example_short_circuit_operator.py
[2024-07-16T17:16:35.018+0000] {logging_mixin.py:188} INFO - [2024-07-16T17:16:35.018+0000] {dag.py:3089} INFO - Sync 1 DAGs
[2024-07-16T17:16:35.037+0000] {logging_mixin.py:188} INFO - [2024-07-16T17:16:35.037+0000] {dag.py:3947} INFO - Setting next_dagrun for example_short_circuit_operator to 2024-07-15 00:00:00+00:00, run_after=2024-07-16 00:00:00+00:00
[2024-07-16T17:16:35.056+0000] {processor.py:183} INFO - Processing /home/airflow/.local/lib/python3.12/site-packages/airflow/example_dags/example_short_circuit_operator.py took 0.075 seconds
[2024-07-16T17:17:05.294+0000] {processor.py:161} INFO - Started process (PID=844) to work on /home/airflow/.local/lib/python3.12/site-packages/airflow/example_dags/example_short_circuit_operator.py
[2024-07-16T17:17:05.295+0000] {processor.py:830} INFO - Processing file /home/airflow/.local/lib/python3.12/site-packages/airflow/example_dags/example_short_circuit_operator.py for tasks to queue
[2024-07-16T17:17:05.297+0000] {logging_mixin.py:188} INFO - [2024-07-16T17:17:05.297+0000] {dagbag.py:545} INFO - Filling up the DagBag from /home/airflow/.local/lib/python3.12/site-packages/airflow/example_dags/example_short_circuit_operator.py
[2024-07-16T17:17:05.304+0000] {processor.py:840} INFO - DAG(s) 'example_short_circuit_operator' retrieved from /home/airflow/.local/lib/python3.12/site-packages/airflow/example_dags/example_short_circuit_operator.py
[2024-07-16T17:17:05.328+0000] {logging_mixin.py:188} INFO - [2024-07-16T17:17:05.328+0000] {dag.py:3089} INFO - Sync 1 DAGs
[2024-07-16T17:17:05.352+0000] {logging_mixin.py:188} INFO - [2024-07-16T17:17:05.352+0000] {dag.py:3947} INFO - Setting next_dagrun for example_short_circuit_operator to 2024-07-15 00:00:00+00:00, run_after=2024-07-16 00:00:00+00:00
[2024-07-16T17:17:05.385+0000] {processor.py:183} INFO - Processing /home/airflow/.local/lib/python3.12/site-packages/airflow/example_dags/example_short_circuit_operator.py took 0.097 seconds
[2024-07-16T17:17:36.298+0000] {processor.py:161} INFO - Started process (PID=902) to work on /home/airflow/.local/lib/python3.12/site-packages/airflow/example_dags/example_short_circuit_operator.py
[2024-07-16T17:17:36.300+0000] {processor.py:830} INFO - Processing file /home/airflow/.local/lib/python3.12/site-packages/airflow/example_dags/example_short_circuit_operator.py for tasks to queue
[2024-07-16T17:17:36.301+0000] {logging_mixin.py:188} INFO - [2024-07-16T17:17:36.301+0000] {dagbag.py:545} INFO - Filling up the DagBag from /home/airflow/.local/lib/python3.12/site-packages/airflow/example_dags/example_short_circuit_operator.py
[2024-07-16T17:17:36.307+0000] {processor.py:840} INFO - DAG(s) 'example_short_circuit_operator' retrieved from /home/airflow/.local/lib/python3.12/site-packages/airflow/example_dags/example_short_circuit_operator.py
[2024-07-16T17:17:36.333+0000] {logging_mixin.py:188} INFO - [2024-07-16T17:17:36.333+0000] {dag.py:3089} INFO - Sync 1 DAGs
[2024-07-16T17:17:36.354+0000] {logging_mixin.py:188} INFO - [2024-07-16T17:17:36.354+0000] {dag.py:3947} INFO - Setting next_dagrun for example_short_circuit_operator to 2024-07-15 00:00:00+00:00, run_after=2024-07-16 00:00:00+00:00
[2024-07-16T17:17:36.381+0000] {processor.py:183} INFO - Processing /home/airflow/.local/lib/python3.12/site-packages/airflow/example_dags/example_short_circuit_operator.py took 0.089 seconds
[2024-07-16T17:18:07.186+0000] {processor.py:161} INFO - Started process (PID=960) to work on /home/airflow/.local/lib/python3.12/site-packages/airflow/example_dags/example_short_circuit_operator.py
[2024-07-16T17:18:07.190+0000] {processor.py:830} INFO - Processing file /home/airflow/.local/lib/python3.12/site-packages/airflow/example_dags/example_short_circuit_operator.py for tasks to queue
[2024-07-16T17:18:07.202+0000] {logging_mixin.py:188} INFO - [2024-07-16T17:18:07.199+0000] {dagbag.py:545} INFO - Filling up the DagBag from /home/airflow/.local/lib/python3.12/site-packages/airflow/example_dags/example_short_circuit_operator.py
[2024-07-16T17:18:07.249+0000] {processor.py:840} INFO - DAG(s) 'example_short_circuit_operator' retrieved from /home/airflow/.local/lib/python3.12/site-packages/airflow/example_dags/example_short_circuit_operator.py
[2024-07-16T17:18:07.312+0000] {logging_mixin.py:188} INFO - [2024-07-16T17:18:07.311+0000] {dag.py:3089} INFO - Sync 1 DAGs
[2024-07-16T17:18:07.347+0000] {logging_mixin.py:188} INFO - [2024-07-16T17:18:07.347+0000] {dag.py:3947} INFO - Setting next_dagrun for example_short_circuit_operator to 2024-07-15 00:00:00+00:00, run_after=2024-07-16 00:00:00+00:00
[2024-07-16T17:18:07.375+0000] {processor.py:183} INFO - Processing /home/airflow/.local/lib/python3.12/site-packages/airflow/example_dags/example_short_circuit_operator.py took 0.233 seconds
[2024-07-16T17:18:37.695+0000] {processor.py:161} INFO - Started process (PID=1018) to work on /home/airflow/.local/lib/python3.12/site-packages/airflow/example_dags/example_short_circuit_operator.py
[2024-07-16T17:18:37.698+0000] {processor.py:830} INFO - Processing file /home/airflow/.local/lib/python3.12/site-packages/airflow/example_dags/example_short_circuit_operator.py for tasks to queue
[2024-07-16T17:18:37.702+0000] {logging_mixin.py:188} INFO - [2024-07-16T17:18:37.702+0000] {dagbag.py:545} INFO - Filling up the DagBag from /home/airflow/.local/lib/python3.12/site-packages/airflow/example_dags/example_short_circuit_operator.py
[2024-07-16T17:18:37.733+0000] {processor.py:840} INFO - DAG(s) 'example_short_circuit_operator' retrieved from /home/airflow/.local/lib/python3.12/site-packages/airflow/example_dags/example_short_circuit_operator.py
[2024-07-16T17:18:37.809+0000] {logging_mixin.py:188} INFO - [2024-07-16T17:18:37.809+0000] {dag.py:3089} INFO - Sync 1 DAGs
[2024-07-16T17:18:37.896+0000] {logging_mixin.py:188} INFO - [2024-07-16T17:18:37.895+0000] {dag.py:3947} INFO - Setting next_dagrun for example_short_circuit_operator to 2024-07-15 00:00:00+00:00, run_after=2024-07-16 00:00:00+00:00
[2024-07-16T17:18:37.963+0000] {processor.py:183} INFO - Processing /home/airflow/.local/lib/python3.12/site-packages/airflow/example_dags/example_short_circuit_operator.py took 0.285 seconds
[2024-07-16T17:19:09.593+0000] {processor.py:161} INFO - Started process (PID=1076) to work on /home/airflow/.local/lib/python3.12/site-packages/airflow/example_dags/example_short_circuit_operator.py
[2024-07-16T17:19:09.598+0000] {processor.py:830} INFO - Processing file /home/airflow/.local/lib/python3.12/site-packages/airflow/example_dags/example_short_circuit_operator.py for tasks to queue
[2024-07-16T17:19:09.602+0000] {logging_mixin.py:188} INFO - [2024-07-16T17:19:09.601+0000] {dagbag.py:545} INFO - Filling up the DagBag from /home/airflow/.local/lib/python3.12/site-packages/airflow/example_dags/example_short_circuit_operator.py
[2024-07-16T17:19:09.633+0000] {processor.py:840} INFO - DAG(s) 'example_short_circuit_operator' retrieved from /home/airflow/.local/lib/python3.12/site-packages/airflow/example_dags/example_short_circuit_operator.py
[2024-07-16T17:19:09.710+0000] {logging_mixin.py:188} INFO - [2024-07-16T17:19:09.709+0000] {dag.py:3089} INFO - Sync 1 DAGs
[2024-07-16T17:19:09.814+0000] {logging_mixin.py:188} INFO - [2024-07-16T17:19:09.813+0000] {dag.py:3947} INFO - Setting next_dagrun for example_short_circuit_operator to 2024-07-15 00:00:00+00:00, run_after=2024-07-16 00:00:00+00:00
[2024-07-16T17:19:09.872+0000] {processor.py:183} INFO - Processing /home/airflow/.local/lib/python3.12/site-packages/airflow/example_dags/example_short_circuit_operator.py took 0.300 seconds
[2024-07-16T17:19:40.564+0000] {processor.py:161} INFO - Started process (PID=1134) to work on /home/airflow/.local/lib/python3.12/site-packages/airflow/example_dags/example_short_circuit_operator.py
[2024-07-16T17:19:40.567+0000] {processor.py:830} INFO - Processing file /home/airflow/.local/lib/python3.12/site-packages/airflow/example_dags/example_short_circuit_operator.py for tasks to queue
[2024-07-16T17:19:40.574+0000] {logging_mixin.py:188} INFO - [2024-07-16T17:19:40.572+0000] {dagbag.py:545} INFO - Filling up the DagBag from /home/airflow/.local/lib/python3.12/site-packages/airflow/example_dags/example_short_circuit_operator.py
[2024-07-16T17:19:40.596+0000] {processor.py:840} INFO - DAG(s) 'example_short_circuit_operator' retrieved from /home/airflow/.local/lib/python3.12/site-packages/airflow/example_dags/example_short_circuit_operator.py
[2024-07-16T17:19:40.657+0000] {logging_mixin.py:188} INFO - [2024-07-16T17:19:40.656+0000] {dag.py:3089} INFO - Sync 1 DAGs
[2024-07-16T17:19:40.731+0000] {logging_mixin.py:188} INFO - [2024-07-16T17:19:40.731+0000] {dag.py:3947} INFO - Setting next_dagrun for example_short_circuit_operator to 2024-07-15 00:00:00+00:00, run_after=2024-07-16 00:00:00+00:00
[2024-07-16T17:19:40.794+0000] {processor.py:183} INFO - Processing /home/airflow/.local/lib/python3.12/site-packages/airflow/example_dags/example_short_circuit_operator.py took 0.244 seconds
[2024-07-16T17:23:54.313+0000] {processor.py:161} INFO - Started process (PID=92) to work on /home/airflow/.local/lib/python3.12/site-packages/airflow/example_dags/example_short_circuit_operator.py
[2024-07-16T17:23:54.315+0000] {processor.py:830} INFO - Processing file /home/airflow/.local/lib/python3.12/site-packages/airflow/example_dags/example_short_circuit_operator.py for tasks to queue
[2024-07-16T17:23:54.317+0000] {logging_mixin.py:188} INFO - [2024-07-16T17:23:54.317+0000] {dagbag.py:545} INFO - Filling up the DagBag from /home/airflow/.local/lib/python3.12/site-packages/airflow/example_dags/example_short_circuit_operator.py
[2024-07-16T17:23:54.327+0000] {processor.py:840} INFO - DAG(s) 'example_short_circuit_operator' retrieved from /home/airflow/.local/lib/python3.12/site-packages/airflow/example_dags/example_short_circuit_operator.py
[2024-07-16T17:23:54.490+0000] {logging_mixin.py:188} INFO - [2024-07-16T17:23:54.490+0000] {dag.py:3089} INFO - Sync 1 DAGs
[2024-07-16T17:23:54.517+0000] {logging_mixin.py:188} INFO - [2024-07-16T17:23:54.517+0000] {dag.py:3947} INFO - Setting next_dagrun for example_short_circuit_operator to 2024-07-15 00:00:00+00:00, run_after=2024-07-16 00:00:00+00:00
[2024-07-16T17:23:54.543+0000] {processor.py:183} INFO - Processing /home/airflow/.local/lib/python3.12/site-packages/airflow/example_dags/example_short_circuit_operator.py took 0.236 seconds
[2024-07-16T17:24:25.387+0000] {processor.py:161} INFO - Started process (PID=149) to work on /home/airflow/.local/lib/python3.12/site-packages/airflow/example_dags/example_short_circuit_operator.py
[2024-07-16T17:24:25.388+0000] {processor.py:830} INFO - Processing file /home/airflow/.local/lib/python3.12/site-packages/airflow/example_dags/example_short_circuit_operator.py for tasks to queue
[2024-07-16T17:24:25.399+0000] {logging_mixin.py:188} INFO - [2024-07-16T17:24:25.398+0000] {dagbag.py:545} INFO - Filling up the DagBag from /home/airflow/.local/lib/python3.12/site-packages/airflow/example_dags/example_short_circuit_operator.py
[2024-07-16T17:24:25.404+0000] {processor.py:840} INFO - DAG(s) 'example_short_circuit_operator' retrieved from /home/airflow/.local/lib/python3.12/site-packages/airflow/example_dags/example_short_circuit_operator.py
[2024-07-16T17:24:25.428+0000] {logging_mixin.py:188} INFO - [2024-07-16T17:24:25.428+0000] {dag.py:3089} INFO - Sync 1 DAGs
[2024-07-16T17:24:25.448+0000] {logging_mixin.py:188} INFO - [2024-07-16T17:24:25.448+0000] {dag.py:3947} INFO - Setting next_dagrun for example_short_circuit_operator to 2024-07-15 00:00:00+00:00, run_after=2024-07-16 00:00:00+00:00
[2024-07-16T17:24:25.468+0000] {processor.py:183} INFO - Processing /home/airflow/.local/lib/python3.12/site-packages/airflow/example_dags/example_short_circuit_operator.py took 0.086 seconds
[2024-07-16T17:24:56.263+0000] {processor.py:161} INFO - Started process (PID=207) to work on /home/airflow/.local/lib/python3.12/site-packages/airflow/example_dags/example_short_circuit_operator.py
[2024-07-16T17:24:56.264+0000] {processor.py:830} INFO - Processing file /home/airflow/.local/lib/python3.12/site-packages/airflow/example_dags/example_short_circuit_operator.py for tasks to queue
[2024-07-16T17:24:56.266+0000] {logging_mixin.py:188} INFO - [2024-07-16T17:24:56.265+0000] {dagbag.py:545} INFO - Filling up the DagBag from /home/airflow/.local/lib/python3.12/site-packages/airflow/example_dags/example_short_circuit_operator.py
[2024-07-16T17:24:56.271+0000] {processor.py:840} INFO - DAG(s) 'example_short_circuit_operator' retrieved from /home/airflow/.local/lib/python3.12/site-packages/airflow/example_dags/example_short_circuit_operator.py
[2024-07-16T17:24:56.290+0000] {logging_mixin.py:188} INFO - [2024-07-16T17:24:56.290+0000] {dag.py:3089} INFO - Sync 1 DAGs
[2024-07-16T17:24:56.306+0000] {logging_mixin.py:188} INFO - [2024-07-16T17:24:56.306+0000] {dag.py:3947} INFO - Setting next_dagrun for example_short_circuit_operator to 2024-07-15 00:00:00+00:00, run_after=2024-07-16 00:00:00+00:00
[2024-07-16T17:24:56.326+0000] {processor.py:183} INFO - Processing /home/airflow/.local/lib/python3.12/site-packages/airflow/example_dags/example_short_circuit_operator.py took 0.068 seconds
[2024-07-16T17:25:26.652+0000] {processor.py:161} INFO - Started process (PID=266) to work on /home/airflow/.local/lib/python3.12/site-packages/airflow/example_dags/example_short_circuit_operator.py
[2024-07-16T17:25:26.656+0000] {processor.py:830} INFO - Processing file /home/airflow/.local/lib/python3.12/site-packages/airflow/example_dags/example_short_circuit_operator.py for tasks to queue
[2024-07-16T17:25:26.658+0000] {logging_mixin.py:188} INFO - [2024-07-16T17:25:26.658+0000] {dagbag.py:545} INFO - Filling up the DagBag from /home/airflow/.local/lib/python3.12/site-packages/airflow/example_dags/example_short_circuit_operator.py
[2024-07-16T17:25:26.668+0000] {processor.py:840} INFO - DAG(s) 'example_short_circuit_operator' retrieved from /home/airflow/.local/lib/python3.12/site-packages/airflow/example_dags/example_short_circuit_operator.py
[2024-07-16T17:25:26.696+0000] {logging_mixin.py:188} INFO - [2024-07-16T17:25:26.695+0000] {dag.py:3089} INFO - Sync 1 DAGs
[2024-07-16T17:25:26.725+0000] {logging_mixin.py:188} INFO - [2024-07-16T17:25:26.725+0000] {dag.py:3947} INFO - Setting next_dagrun for example_short_circuit_operator to 2024-07-15 00:00:00+00:00, run_after=2024-07-16 00:00:00+00:00
[2024-07-16T17:25:26.750+0000] {processor.py:183} INFO - Processing /home/airflow/.local/lib/python3.12/site-packages/airflow/example_dags/example_short_circuit_operator.py took 0.113 seconds
[2024-07-16T17:29:57.361+0000] {processor.py:161} INFO - Started process (PID=92) to work on /home/airflow/.local/lib/python3.12/site-packages/airflow/example_dags/example_short_circuit_operator.py
[2024-07-16T17:29:57.364+0000] {processor.py:830} INFO - Processing file /home/airflow/.local/lib/python3.12/site-packages/airflow/example_dags/example_short_circuit_operator.py for tasks to queue
[2024-07-16T17:29:57.417+0000] {logging_mixin.py:188} INFO - [2024-07-16T17:29:57.416+0000] {dagbag.py:545} INFO - Filling up the DagBag from /home/airflow/.local/lib/python3.12/site-packages/airflow/example_dags/example_short_circuit_operator.py
[2024-07-16T17:29:57.446+0000] {processor.py:840} INFO - DAG(s) 'example_short_circuit_operator' retrieved from /home/airflow/.local/lib/python3.12/site-packages/airflow/example_dags/example_short_circuit_operator.py
[2024-07-16T17:29:57.685+0000] {logging_mixin.py:188} INFO - [2024-07-16T17:29:57.684+0000] {dag.py:3089} INFO - Sync 1 DAGs
[2024-07-16T17:29:57.720+0000] {logging_mixin.py:188} INFO - [2024-07-16T17:29:57.719+0000] {dag.py:3947} INFO - Setting next_dagrun for example_short_circuit_operator to 2024-07-15 00:00:00+00:00, run_after=2024-07-16 00:00:00+00:00
[2024-07-16T17:29:57.751+0000] {processor.py:183} INFO - Processing /home/airflow/.local/lib/python3.12/site-packages/airflow/example_dags/example_short_circuit_operator.py took 0.416 seconds
[2024-07-16T17:30:27.934+0000] {processor.py:161} INFO - Started process (PID=150) to work on /home/airflow/.local/lib/python3.12/site-packages/airflow/example_dags/example_short_circuit_operator.py
[2024-07-16T17:30:27.936+0000] {processor.py:830} INFO - Processing file /home/airflow/.local/lib/python3.12/site-packages/airflow/example_dags/example_short_circuit_operator.py for tasks to queue
[2024-07-16T17:30:27.938+0000] {logging_mixin.py:188} INFO - [2024-07-16T17:30:27.938+0000] {dagbag.py:545} INFO - Filling up the DagBag from /home/airflow/.local/lib/python3.12/site-packages/airflow/example_dags/example_short_circuit_operator.py
[2024-07-16T17:30:27.950+0000] {processor.py:840} INFO - DAG(s) 'example_short_circuit_operator' retrieved from /home/airflow/.local/lib/python3.12/site-packages/airflow/example_dags/example_short_circuit_operator.py
[2024-07-16T17:30:27.986+0000] {logging_mixin.py:188} INFO - [2024-07-16T17:30:27.986+0000] {dag.py:3089} INFO - Sync 1 DAGs
[2024-07-16T17:30:28.022+0000] {logging_mixin.py:188} INFO - [2024-07-16T17:30:28.022+0000] {dag.py:3947} INFO - Setting next_dagrun for example_short_circuit_operator to 2024-07-15 00:00:00+00:00, run_after=2024-07-16 00:00:00+00:00
[2024-07-16T17:30:28.054+0000] {processor.py:183} INFO - Processing /home/airflow/.local/lib/python3.12/site-packages/airflow/example_dags/example_short_circuit_operator.py took 0.129 seconds
[2024-07-16T17:30:58.665+0000] {processor.py:161} INFO - Started process (PID=207) to work on /home/airflow/.local/lib/python3.12/site-packages/airflow/example_dags/example_short_circuit_operator.py
[2024-07-16T17:30:58.667+0000] {processor.py:830} INFO - Processing file /home/airflow/.local/lib/python3.12/site-packages/airflow/example_dags/example_short_circuit_operator.py for tasks to queue
[2024-07-16T17:30:58.671+0000] {logging_mixin.py:188} INFO - [2024-07-16T17:30:58.670+0000] {dagbag.py:545} INFO - Filling up the DagBag from /home/airflow/.local/lib/python3.12/site-packages/airflow/example_dags/example_short_circuit_operator.py
[2024-07-16T17:30:58.685+0000] {processor.py:840} INFO - DAG(s) 'example_short_circuit_operator' retrieved from /home/airflow/.local/lib/python3.12/site-packages/airflow/example_dags/example_short_circuit_operator.py
[2024-07-16T17:30:58.728+0000] {logging_mixin.py:188} INFO - [2024-07-16T17:30:58.727+0000] {dag.py:3089} INFO - Sync 1 DAGs
[2024-07-16T17:30:58.772+0000] {logging_mixin.py:188} INFO - [2024-07-16T17:30:58.772+0000] {dag.py:3947} INFO - Setting next_dagrun for example_short_circuit_operator to 2024-07-15 00:00:00+00:00, run_after=2024-07-16 00:00:00+00:00
[2024-07-16T17:30:58.816+0000] {processor.py:183} INFO - Processing /home/airflow/.local/lib/python3.12/site-packages/airflow/example_dags/example_short_circuit_operator.py took 0.162 seconds
[2024-07-16T17:31:29.282+0000] {processor.py:161} INFO - Started process (PID=265) to work on /home/airflow/.local/lib/python3.12/site-packages/airflow/example_dags/example_short_circuit_operator.py
[2024-07-16T17:31:29.284+0000] {processor.py:830} INFO - Processing file /home/airflow/.local/lib/python3.12/site-packages/airflow/example_dags/example_short_circuit_operator.py for tasks to queue
[2024-07-16T17:31:29.288+0000] {logging_mixin.py:188} INFO - [2024-07-16T17:31:29.287+0000] {dagbag.py:545} INFO - Filling up the DagBag from /home/airflow/.local/lib/python3.12/site-packages/airflow/example_dags/example_short_circuit_operator.py
[2024-07-16T17:31:29.303+0000] {processor.py:840} INFO - DAG(s) 'example_short_circuit_operator' retrieved from /home/airflow/.local/lib/python3.12/site-packages/airflow/example_dags/example_short_circuit_operator.py
[2024-07-16T17:31:29.346+0000] {logging_mixin.py:188} INFO - [2024-07-16T17:31:29.345+0000] {dag.py:3089} INFO - Sync 1 DAGs
[2024-07-16T17:31:29.387+0000] {logging_mixin.py:188} INFO - [2024-07-16T17:31:29.387+0000] {dag.py:3947} INFO - Setting next_dagrun for example_short_circuit_operator to 2024-07-15 00:00:00+00:00, run_after=2024-07-16 00:00:00+00:00
[2024-07-16T17:31:29.419+0000] {processor.py:183} INFO - Processing /home/airflow/.local/lib/python3.12/site-packages/airflow/example_dags/example_short_circuit_operator.py took 0.147 seconds
[2024-07-16T17:32:01.170+0000] {processor.py:161} INFO - Started process (PID=323) to work on /home/airflow/.local/lib/python3.12/site-packages/airflow/example_dags/example_short_circuit_operator.py
[2024-07-16T17:32:01.174+0000] {processor.py:830} INFO - Processing file /home/airflow/.local/lib/python3.12/site-packages/airflow/example_dags/example_short_circuit_operator.py for tasks to queue
[2024-07-16T17:32:01.180+0000] {logging_mixin.py:188} INFO - [2024-07-16T17:32:01.180+0000] {dagbag.py:545} INFO - Filling up the DagBag from /home/airflow/.local/lib/python3.12/site-packages/airflow/example_dags/example_short_circuit_operator.py
[2024-07-16T17:32:01.207+0000] {processor.py:840} INFO - DAG(s) 'example_short_circuit_operator' retrieved from /home/airflow/.local/lib/python3.12/site-packages/airflow/example_dags/example_short_circuit_operator.py
[2024-07-16T17:32:01.276+0000] {logging_mixin.py:188} INFO - [2024-07-16T17:32:01.275+0000] {dag.py:3089} INFO - Sync 1 DAGs
[2024-07-16T17:32:01.354+0000] {logging_mixin.py:188} INFO - [2024-07-16T17:32:01.352+0000] {dag.py:3947} INFO - Setting next_dagrun for example_short_circuit_operator to 2024-07-15 00:00:00+00:00, run_after=2024-07-16 00:00:00+00:00
[2024-07-16T17:32:01.434+0000] {processor.py:183} INFO - Processing /home/airflow/.local/lib/python3.12/site-packages/airflow/example_dags/example_short_circuit_operator.py took 0.282 seconds
[2024-07-16T17:32:31.703+0000] {processor.py:161} INFO - Started process (PID=381) to work on /home/airflow/.local/lib/python3.12/site-packages/airflow/example_dags/example_short_circuit_operator.py
[2024-07-16T17:32:31.705+0000] {processor.py:830} INFO - Processing file /home/airflow/.local/lib/python3.12/site-packages/airflow/example_dags/example_short_circuit_operator.py for tasks to queue
[2024-07-16T17:32:31.708+0000] {logging_mixin.py:188} INFO - [2024-07-16T17:32:31.708+0000] {dagbag.py:545} INFO - Filling up the DagBag from /home/airflow/.local/lib/python3.12/site-packages/airflow/example_dags/example_short_circuit_operator.py
[2024-07-16T17:32:31.722+0000] {processor.py:840} INFO - DAG(s) 'example_short_circuit_operator' retrieved from /home/airflow/.local/lib/python3.12/site-packages/airflow/example_dags/example_short_circuit_operator.py
[2024-07-16T17:32:31.769+0000] {logging_mixin.py:188} INFO - [2024-07-16T17:32:31.769+0000] {dag.py:3089} INFO - Sync 1 DAGs
[2024-07-16T17:32:31.831+0000] {logging_mixin.py:188} INFO - [2024-07-16T17:32:31.831+0000] {dag.py:3947} INFO - Setting next_dagrun for example_short_circuit_operator to 2024-07-15 00:00:00+00:00, run_after=2024-07-16 00:00:00+00:00
[2024-07-16T17:32:31.891+0000] {processor.py:183} INFO - Processing /home/airflow/.local/lib/python3.12/site-packages/airflow/example_dags/example_short_circuit_operator.py took 0.200 seconds
[2024-07-16T17:33:02.774+0000] {processor.py:161} INFO - Started process (PID=439) to work on /home/airflow/.local/lib/python3.12/site-packages/airflow/example_dags/example_short_circuit_operator.py
[2024-07-16T17:33:02.776+0000] {processor.py:830} INFO - Processing file /home/airflow/.local/lib/python3.12/site-packages/airflow/example_dags/example_short_circuit_operator.py for tasks to queue
[2024-07-16T17:33:02.781+0000] {logging_mixin.py:188} INFO - [2024-07-16T17:33:02.779+0000] {dagbag.py:545} INFO - Filling up the DagBag from /home/airflow/.local/lib/python3.12/site-packages/airflow/example_dags/example_short_circuit_operator.py
[2024-07-16T17:33:02.799+0000] {processor.py:840} INFO - DAG(s) 'example_short_circuit_operator' retrieved from /home/airflow/.local/lib/python3.12/site-packages/airflow/example_dags/example_short_circuit_operator.py
[2024-07-16T17:33:02.848+0000] {logging_mixin.py:188} INFO - [2024-07-16T17:33:02.847+0000] {dag.py:3089} INFO - Sync 1 DAGs
[2024-07-16T17:33:02.900+0000] {logging_mixin.py:188} INFO - [2024-07-16T17:33:02.899+0000] {dag.py:3947} INFO - Setting next_dagrun for example_short_circuit_operator to 2024-07-15 00:00:00+00:00, run_after=2024-07-16 00:00:00+00:00
[2024-07-16T17:33:02.942+0000] {processor.py:183} INFO - Processing /home/airflow/.local/lib/python3.12/site-packages/airflow/example_dags/example_short_circuit_operator.py took 0.180 seconds
[2024-07-16T18:04:17.496+0000] {processor.py:161} INFO - Started process (PID=93) to work on /home/airflow/.local/lib/python3.12/site-packages/airflow/example_dags/example_short_circuit_operator.py
[2024-07-16T18:04:17.497+0000] {processor.py:830} INFO - Processing file /home/airflow/.local/lib/python3.12/site-packages/airflow/example_dags/example_short_circuit_operator.py for tasks to queue
[2024-07-16T18:04:17.500+0000] {logging_mixin.py:188} INFO - [2024-07-16T18:04:17.500+0000] {dagbag.py:545} INFO - Filling up the DagBag from /home/airflow/.local/lib/python3.12/site-packages/airflow/example_dags/example_short_circuit_operator.py
[2024-07-16T18:04:17.514+0000] {processor.py:840} INFO - DAG(s) 'example_short_circuit_operator' retrieved from /home/airflow/.local/lib/python3.12/site-packages/airflow/example_dags/example_short_circuit_operator.py
[2024-07-16T18:04:17.662+0000] {logging_mixin.py:188} INFO - [2024-07-16T18:04:17.662+0000] {dag.py:3089} INFO - Sync 1 DAGs
[2024-07-16T18:04:17.697+0000] {logging_mixin.py:188} INFO - [2024-07-16T18:04:17.697+0000] {dag.py:3947} INFO - Setting next_dagrun for example_short_circuit_operator to 2024-07-15 00:00:00+00:00, run_after=2024-07-16 00:00:00+00:00
[2024-07-16T18:04:17.733+0000] {processor.py:183} INFO - Processing /home/airflow/.local/lib/python3.12/site-packages/airflow/example_dags/example_short_circuit_operator.py took 0.245 seconds
[2024-07-16T18:12:24.838+0000] {processor.py:161} INFO - Started process (PID=93) to work on /home/airflow/.local/lib/python3.12/site-packages/airflow/example_dags/example_short_circuit_operator.py
[2024-07-16T18:12:24.839+0000] {processor.py:830} INFO - Processing file /home/airflow/.local/lib/python3.12/site-packages/airflow/example_dags/example_short_circuit_operator.py for tasks to queue
[2024-07-16T18:12:24.842+0000] {logging_mixin.py:188} INFO - [2024-07-16T18:12:24.841+0000] {dagbag.py:545} INFO - Filling up the DagBag from /home/airflow/.local/lib/python3.12/site-packages/airflow/example_dags/example_short_circuit_operator.py
[2024-07-16T18:12:24.853+0000] {processor.py:840} INFO - DAG(s) 'example_short_circuit_operator' retrieved from /home/airflow/.local/lib/python3.12/site-packages/airflow/example_dags/example_short_circuit_operator.py
[2024-07-16T18:12:24.989+0000] {logging_mixin.py:188} INFO - [2024-07-16T18:12:24.989+0000] {dag.py:3089} INFO - Sync 1 DAGs
[2024-07-16T18:12:25.012+0000] {logging_mixin.py:188} INFO - [2024-07-16T18:12:25.012+0000] {dag.py:3947} INFO - Setting next_dagrun for example_short_circuit_operator to 2024-07-15 00:00:00+00:00, run_after=2024-07-16 00:00:00+00:00
[2024-07-16T18:12:25.037+0000] {processor.py:183} INFO - Processing /home/airflow/.local/lib/python3.12/site-packages/airflow/example_dags/example_short_circuit_operator.py took 0.205 seconds
[2024-07-16T18:12:55.608+0000] {processor.py:161} INFO - Started process (PID=152) to work on /home/airflow/.local/lib/python3.12/site-packages/airflow/example_dags/example_short_circuit_operator.py
[2024-07-16T18:12:55.610+0000] {processor.py:830} INFO - Processing file /home/airflow/.local/lib/python3.12/site-packages/airflow/example_dags/example_short_circuit_operator.py for tasks to queue
[2024-07-16T18:12:55.611+0000] {logging_mixin.py:188} INFO - [2024-07-16T18:12:55.611+0000] {dagbag.py:545} INFO - Filling up the DagBag from /home/airflow/.local/lib/python3.12/site-packages/airflow/example_dags/example_short_circuit_operator.py
[2024-07-16T18:12:55.618+0000] {processor.py:840} INFO - DAG(s) 'example_short_circuit_operator' retrieved from /home/airflow/.local/lib/python3.12/site-packages/airflow/example_dags/example_short_circuit_operator.py
[2024-07-16T18:12:55.637+0000] {logging_mixin.py:188} INFO - [2024-07-16T18:12:55.637+0000] {dag.py:3089} INFO - Sync 1 DAGs
[2024-07-16T18:12:55.655+0000] {logging_mixin.py:188} INFO - [2024-07-16T18:12:55.655+0000] {dag.py:3947} INFO - Setting next_dagrun for example_short_circuit_operator to 2024-07-15 00:00:00+00:00, run_after=2024-07-16 00:00:00+00:00
[2024-07-16T18:12:55.674+0000] {processor.py:183} INFO - Processing /home/airflow/.local/lib/python3.12/site-packages/airflow/example_dags/example_short_circuit_operator.py took 0.069 seconds
[2024-07-16T18:13:26.023+0000] {processor.py:161} INFO - Started process (PID=211) to work on /home/airflow/.local/lib/python3.12/site-packages/airflow/example_dags/example_short_circuit_operator.py
[2024-07-16T18:13:26.025+0000] {processor.py:830} INFO - Processing file /home/airflow/.local/lib/python3.12/site-packages/airflow/example_dags/example_short_circuit_operator.py for tasks to queue
[2024-07-16T18:13:26.026+0000] {logging_mixin.py:188} INFO - [2024-07-16T18:13:26.026+0000] {dagbag.py:545} INFO - Filling up the DagBag from /home/airflow/.local/lib/python3.12/site-packages/airflow/example_dags/example_short_circuit_operator.py
[2024-07-16T18:13:26.033+0000] {processor.py:840} INFO - DAG(s) 'example_short_circuit_operator' retrieved from /home/airflow/.local/lib/python3.12/site-packages/airflow/example_dags/example_short_circuit_operator.py
[2024-07-16T18:13:26.055+0000] {logging_mixin.py:188} INFO - [2024-07-16T18:13:26.055+0000] {dag.py:3089} INFO - Sync 1 DAGs
[2024-07-16T18:13:26.074+0000] {logging_mixin.py:188} INFO - [2024-07-16T18:13:26.074+0000] {dag.py:3947} INFO - Setting next_dagrun for example_short_circuit_operator to 2024-07-15 00:00:00+00:00, run_after=2024-07-16 00:00:00+00:00
[2024-07-16T18:13:26.094+0000] {processor.py:183} INFO - Processing /home/airflow/.local/lib/python3.12/site-packages/airflow/example_dags/example_short_circuit_operator.py took 0.076 seconds
