[2024-07-16T17:10:24.917+0000] {processor.py:161} INFO - Started process (PID=74) to work on /home/airflow/.local/lib/python3.12/site-packages/airflow/example_dags/example_kubernetes_executor.py
[2024-07-16T17:10:24.918+0000] {processor.py:830} INFO - Processing file /home/airflow/.local/lib/python3.12/site-packages/airflow/example_dags/example_kubernetes_executor.py for tasks to queue
[2024-07-16T17:10:24.921+0000] {logging_mixin.py:188} INFO - [2024-07-16T17:10:24.921+0000] {dagbag.py:545} INFO - Filling up the DagBag from /home/airflow/.local/lib/python3.12/site-packages/airflow/example_dags/example_kubernetes_executor.py
[2024-07-16T17:10:24.950+0000] {processor.py:840} INFO - DAG(s) 'example_kubernetes_executor' retrieved from /home/airflow/.local/lib/python3.12/site-packages/airflow/example_dags/example_kubernetes_executor.py
[2024-07-16T17:10:25.169+0000] {logging_mixin.py:188} INFO - [2024-07-16T17:10:25.168+0000] {dag.py:3089} INFO - Sync 1 DAGs
[2024-07-16T17:10:25.194+0000] {logging_mixin.py:188} INFO - [2024-07-16T17:10:25.193+0000] {dag.py:3947} INFO - Setting next_dagrun for example_kubernetes_executor to None, run_after=None
[2024-07-16T17:10:25.248+0000] {processor.py:183} INFO - Processing /home/airflow/.local/lib/python3.12/site-packages/airflow/example_dags/example_kubernetes_executor.py took 0.340 seconds
[2024-07-16T17:10:55.546+0000] {processor.py:161} INFO - Started process (PID=132) to work on /home/airflow/.local/lib/python3.12/site-packages/airflow/example_dags/example_kubernetes_executor.py
[2024-07-16T17:10:55.548+0000] {processor.py:830} INFO - Processing file /home/airflow/.local/lib/python3.12/site-packages/airflow/example_dags/example_kubernetes_executor.py for tasks to queue
[2024-07-16T17:10:55.550+0000] {logging_mixin.py:188} INFO - [2024-07-16T17:10:55.550+0000] {dagbag.py:545} INFO - Filling up the DagBag from /home/airflow/.local/lib/python3.12/site-packages/airflow/example_dags/example_kubernetes_executor.py
[2024-07-16T17:10:55.560+0000] {processor.py:840} INFO - DAG(s) 'example_kubernetes_executor' retrieved from /home/airflow/.local/lib/python3.12/site-packages/airflow/example_dags/example_kubernetes_executor.py
[2024-07-16T17:10:55.596+0000] {logging_mixin.py:188} INFO - [2024-07-16T17:10:55.595+0000] {dag.py:3089} INFO - Sync 1 DAGs
[2024-07-16T17:10:55.609+0000] {logging_mixin.py:188} INFO - [2024-07-16T17:10:55.608+0000] {dag.py:3947} INFO - Setting next_dagrun for example_kubernetes_executor to None, run_after=None
[2024-07-16T17:10:55.627+0000] {processor.py:183} INFO - Processing /home/airflow/.local/lib/python3.12/site-packages/airflow/example_dags/example_kubernetes_executor.py took 0.085 seconds
[2024-07-16T17:11:25.896+0000] {processor.py:161} INFO - Started process (PID=190) to work on /home/airflow/.local/lib/python3.12/site-packages/airflow/example_dags/example_kubernetes_executor.py
[2024-07-16T17:11:25.897+0000] {processor.py:830} INFO - Processing file /home/airflow/.local/lib/python3.12/site-packages/airflow/example_dags/example_kubernetes_executor.py for tasks to queue
[2024-07-16T17:11:25.899+0000] {logging_mixin.py:188} INFO - [2024-07-16T17:11:25.899+0000] {dagbag.py:545} INFO - Filling up the DagBag from /home/airflow/.local/lib/python3.12/site-packages/airflow/example_dags/example_kubernetes_executor.py
[2024-07-16T17:11:25.920+0000] {processor.py:840} INFO - DAG(s) 'example_kubernetes_executor' retrieved from /home/airflow/.local/lib/python3.12/site-packages/airflow/example_dags/example_kubernetes_executor.py
[2024-07-16T17:11:25.964+0000] {logging_mixin.py:188} INFO - [2024-07-16T17:11:25.964+0000] {dag.py:3089} INFO - Sync 1 DAGs
[2024-07-16T17:11:25.978+0000] {logging_mixin.py:188} INFO - [2024-07-16T17:11:25.977+0000] {dag.py:3947} INFO - Setting next_dagrun for example_kubernetes_executor to None, run_after=None
[2024-07-16T17:11:26.005+0000] {processor.py:183} INFO - Processing /home/airflow/.local/lib/python3.12/site-packages/airflow/example_dags/example_kubernetes_executor.py took 0.122 seconds
[2024-07-16T17:11:56.111+0000] {processor.py:161} INFO - Started process (PID=248) to work on /home/airflow/.local/lib/python3.12/site-packages/airflow/example_dags/example_kubernetes_executor.py
[2024-07-16T17:11:56.112+0000] {processor.py:830} INFO - Processing file /home/airflow/.local/lib/python3.12/site-packages/airflow/example_dags/example_kubernetes_executor.py for tasks to queue
[2024-07-16T17:11:56.114+0000] {logging_mixin.py:188} INFO - [2024-07-16T17:11:56.113+0000] {dagbag.py:545} INFO - Filling up the DagBag from /home/airflow/.local/lib/python3.12/site-packages/airflow/example_dags/example_kubernetes_executor.py
[2024-07-16T17:11:56.124+0000] {processor.py:840} INFO - DAG(s) 'example_kubernetes_executor' retrieved from /home/airflow/.local/lib/python3.12/site-packages/airflow/example_dags/example_kubernetes_executor.py
[2024-07-16T17:11:56.156+0000] {logging_mixin.py:188} INFO - [2024-07-16T17:11:56.156+0000] {dag.py:3089} INFO - Sync 1 DAGs
[2024-07-16T17:11:56.169+0000] {logging_mixin.py:188} INFO - [2024-07-16T17:11:56.169+0000] {dag.py:3947} INFO - Setting next_dagrun for example_kubernetes_executor to None, run_after=None
[2024-07-16T17:11:56.186+0000] {processor.py:183} INFO - Processing /home/airflow/.local/lib/python3.12/site-packages/airflow/example_dags/example_kubernetes_executor.py took 0.081 seconds
[2024-07-16T17:12:26.439+0000] {processor.py:161} INFO - Started process (PID=306) to work on /home/airflow/.local/lib/python3.12/site-packages/airflow/example_dags/example_kubernetes_executor.py
[2024-07-16T17:12:26.440+0000] {processor.py:830} INFO - Processing file /home/airflow/.local/lib/python3.12/site-packages/airflow/example_dags/example_kubernetes_executor.py for tasks to queue
[2024-07-16T17:12:26.441+0000] {logging_mixin.py:188} INFO - [2024-07-16T17:12:26.441+0000] {dagbag.py:545} INFO - Filling up the DagBag from /home/airflow/.local/lib/python3.12/site-packages/airflow/example_dags/example_kubernetes_executor.py
[2024-07-16T17:12:26.455+0000] {processor.py:840} INFO - DAG(s) 'example_kubernetes_executor' retrieved from /home/airflow/.local/lib/python3.12/site-packages/airflow/example_dags/example_kubernetes_executor.py
[2024-07-16T17:12:26.490+0000] {logging_mixin.py:188} INFO - [2024-07-16T17:12:26.490+0000] {dag.py:3089} INFO - Sync 1 DAGs
[2024-07-16T17:12:26.502+0000] {logging_mixin.py:188} INFO - [2024-07-16T17:12:26.501+0000] {dag.py:3947} INFO - Setting next_dagrun for example_kubernetes_executor to None, run_after=None
[2024-07-16T17:12:26.522+0000] {processor.py:183} INFO - Processing /home/airflow/.local/lib/python3.12/site-packages/airflow/example_dags/example_kubernetes_executor.py took 0.090 seconds
[2024-07-16T17:12:56.971+0000] {processor.py:161} INFO - Started process (PID=364) to work on /home/airflow/.local/lib/python3.12/site-packages/airflow/example_dags/example_kubernetes_executor.py
[2024-07-16T17:12:56.973+0000] {processor.py:830} INFO - Processing file /home/airflow/.local/lib/python3.12/site-packages/airflow/example_dags/example_kubernetes_executor.py for tasks to queue
[2024-07-16T17:12:56.975+0000] {logging_mixin.py:188} INFO - [2024-07-16T17:12:56.975+0000] {dagbag.py:545} INFO - Filling up the DagBag from /home/airflow/.local/lib/python3.12/site-packages/airflow/example_dags/example_kubernetes_executor.py
[2024-07-16T17:12:56.992+0000] {processor.py:840} INFO - DAG(s) 'example_kubernetes_executor' retrieved from /home/airflow/.local/lib/python3.12/site-packages/airflow/example_dags/example_kubernetes_executor.py
[2024-07-16T17:12:57.047+0000] {logging_mixin.py:188} INFO - [2024-07-16T17:12:57.047+0000] {dag.py:3089} INFO - Sync 1 DAGs
[2024-07-16T17:12:57.066+0000] {logging_mixin.py:188} INFO - [2024-07-16T17:12:57.066+0000] {dag.py:3947} INFO - Setting next_dagrun for example_kubernetes_executor to None, run_after=None
[2024-07-16T17:12:57.118+0000] {processor.py:183} INFO - Processing /home/airflow/.local/lib/python3.12/site-packages/airflow/example_dags/example_kubernetes_executor.py took 0.155 seconds
[2024-07-16T17:13:28.127+0000] {processor.py:161} INFO - Started process (PID=422) to work on /home/airflow/.local/lib/python3.12/site-packages/airflow/example_dags/example_kubernetes_executor.py
[2024-07-16T17:13:28.128+0000] {processor.py:830} INFO - Processing file /home/airflow/.local/lib/python3.12/site-packages/airflow/example_dags/example_kubernetes_executor.py for tasks to queue
[2024-07-16T17:13:28.130+0000] {logging_mixin.py:188} INFO - [2024-07-16T17:13:28.130+0000] {dagbag.py:545} INFO - Filling up the DagBag from /home/airflow/.local/lib/python3.12/site-packages/airflow/example_dags/example_kubernetes_executor.py
[2024-07-16T17:13:28.141+0000] {processor.py:840} INFO - DAG(s) 'example_kubernetes_executor' retrieved from /home/airflow/.local/lib/python3.12/site-packages/airflow/example_dags/example_kubernetes_executor.py
[2024-07-16T17:13:28.178+0000] {logging_mixin.py:188} INFO - [2024-07-16T17:13:28.178+0000] {dag.py:3089} INFO - Sync 1 DAGs
[2024-07-16T17:13:28.191+0000] {logging_mixin.py:188} INFO - [2024-07-16T17:13:28.191+0000] {dag.py:3947} INFO - Setting next_dagrun for example_kubernetes_executor to None, run_after=None
[2024-07-16T17:13:28.217+0000] {processor.py:183} INFO - Processing /home/airflow/.local/lib/python3.12/site-packages/airflow/example_dags/example_kubernetes_executor.py took 0.094 seconds
[2024-07-16T17:13:58.450+0000] {processor.py:161} INFO - Started process (PID=480) to work on /home/airflow/.local/lib/python3.12/site-packages/airflow/example_dags/example_kubernetes_executor.py
[2024-07-16T17:13:58.451+0000] {processor.py:830} INFO - Processing file /home/airflow/.local/lib/python3.12/site-packages/airflow/example_dags/example_kubernetes_executor.py for tasks to queue
[2024-07-16T17:13:58.453+0000] {logging_mixin.py:188} INFO - [2024-07-16T17:13:58.453+0000] {dagbag.py:545} INFO - Filling up the DagBag from /home/airflow/.local/lib/python3.12/site-packages/airflow/example_dags/example_kubernetes_executor.py
[2024-07-16T17:13:58.466+0000] {processor.py:840} INFO - DAG(s) 'example_kubernetes_executor' retrieved from /home/airflow/.local/lib/python3.12/site-packages/airflow/example_dags/example_kubernetes_executor.py
[2024-07-16T17:13:58.502+0000] {logging_mixin.py:188} INFO - [2024-07-16T17:13:58.502+0000] {dag.py:3089} INFO - Sync 1 DAGs
[2024-07-16T17:13:58.515+0000] {logging_mixin.py:188} INFO - [2024-07-16T17:13:58.514+0000] {dag.py:3947} INFO - Setting next_dagrun for example_kubernetes_executor to None, run_after=None
[2024-07-16T17:13:58.538+0000] {processor.py:183} INFO - Processing /home/airflow/.local/lib/python3.12/site-packages/airflow/example_dags/example_kubernetes_executor.py took 0.095 seconds
[2024-07-16T17:14:28.580+0000] {processor.py:161} INFO - Started process (PID=538) to work on /home/airflow/.local/lib/python3.12/site-packages/airflow/example_dags/example_kubernetes_executor.py
[2024-07-16T17:14:28.581+0000] {processor.py:830} INFO - Processing file /home/airflow/.local/lib/python3.12/site-packages/airflow/example_dags/example_kubernetes_executor.py for tasks to queue
[2024-07-16T17:14:28.584+0000] {logging_mixin.py:188} INFO - [2024-07-16T17:14:28.583+0000] {dagbag.py:545} INFO - Filling up the DagBag from /home/airflow/.local/lib/python3.12/site-packages/airflow/example_dags/example_kubernetes_executor.py
[2024-07-16T17:14:28.600+0000] {processor.py:840} INFO - DAG(s) 'example_kubernetes_executor' retrieved from /home/airflow/.local/lib/python3.12/site-packages/airflow/example_dags/example_kubernetes_executor.py
[2024-07-16T17:14:28.643+0000] {logging_mixin.py:188} INFO - [2024-07-16T17:14:28.643+0000] {dag.py:3089} INFO - Sync 1 DAGs
[2024-07-16T17:14:28.657+0000] {logging_mixin.py:188} INFO - [2024-07-16T17:14:28.657+0000] {dag.py:3947} INFO - Setting next_dagrun for example_kubernetes_executor to None, run_after=None
[2024-07-16T17:14:28.680+0000] {processor.py:183} INFO - Processing /home/airflow/.local/lib/python3.12/site-packages/airflow/example_dags/example_kubernetes_executor.py took 0.107 seconds
[2024-07-16T17:14:59.062+0000] {processor.py:161} INFO - Started process (PID=596) to work on /home/airflow/.local/lib/python3.12/site-packages/airflow/example_dags/example_kubernetes_executor.py
[2024-07-16T17:14:59.063+0000] {processor.py:830} INFO - Processing file /home/airflow/.local/lib/python3.12/site-packages/airflow/example_dags/example_kubernetes_executor.py for tasks to queue
[2024-07-16T17:14:59.065+0000] {logging_mixin.py:188} INFO - [2024-07-16T17:14:59.064+0000] {dagbag.py:545} INFO - Filling up the DagBag from /home/airflow/.local/lib/python3.12/site-packages/airflow/example_dags/example_kubernetes_executor.py
[2024-07-16T17:14:59.074+0000] {processor.py:840} INFO - DAG(s) 'example_kubernetes_executor' retrieved from /home/airflow/.local/lib/python3.12/site-packages/airflow/example_dags/example_kubernetes_executor.py
[2024-07-16T17:14:59.107+0000] {logging_mixin.py:188} INFO - [2024-07-16T17:14:59.107+0000] {dag.py:3089} INFO - Sync 1 DAGs
[2024-07-16T17:14:59.121+0000] {logging_mixin.py:188} INFO - [2024-07-16T17:14:59.121+0000] {dag.py:3947} INFO - Setting next_dagrun for example_kubernetes_executor to None, run_after=None
[2024-07-16T17:14:59.138+0000] {processor.py:183} INFO - Processing /home/airflow/.local/lib/python3.12/site-packages/airflow/example_dags/example_kubernetes_executor.py took 0.081 seconds
[2024-07-16T17:15:29.208+0000] {processor.py:161} INFO - Started process (PID=654) to work on /home/airflow/.local/lib/python3.12/site-packages/airflow/example_dags/example_kubernetes_executor.py
[2024-07-16T17:15:29.209+0000] {processor.py:830} INFO - Processing file /home/airflow/.local/lib/python3.12/site-packages/airflow/example_dags/example_kubernetes_executor.py for tasks to queue
[2024-07-16T17:15:29.211+0000] {logging_mixin.py:188} INFO - [2024-07-16T17:15:29.210+0000] {dagbag.py:545} INFO - Filling up the DagBag from /home/airflow/.local/lib/python3.12/site-packages/airflow/example_dags/example_kubernetes_executor.py
[2024-07-16T17:15:29.223+0000] {processor.py:840} INFO - DAG(s) 'example_kubernetes_executor' retrieved from /home/airflow/.local/lib/python3.12/site-packages/airflow/example_dags/example_kubernetes_executor.py
[2024-07-16T17:15:29.259+0000] {logging_mixin.py:188} INFO - [2024-07-16T17:15:29.259+0000] {dag.py:3089} INFO - Sync 1 DAGs
[2024-07-16T17:15:29.274+0000] {logging_mixin.py:188} INFO - [2024-07-16T17:15:29.273+0000] {dag.py:3947} INFO - Setting next_dagrun for example_kubernetes_executor to None, run_after=None
[2024-07-16T17:15:29.294+0000] {processor.py:183} INFO - Processing /home/airflow/.local/lib/python3.12/site-packages/airflow/example_dags/example_kubernetes_executor.py took 0.093 seconds
[2024-07-16T17:15:59.552+0000] {processor.py:161} INFO - Started process (PID=712) to work on /home/airflow/.local/lib/python3.12/site-packages/airflow/example_dags/example_kubernetes_executor.py
[2024-07-16T17:15:59.553+0000] {processor.py:830} INFO - Processing file /home/airflow/.local/lib/python3.12/site-packages/airflow/example_dags/example_kubernetes_executor.py for tasks to queue
[2024-07-16T17:15:59.555+0000] {logging_mixin.py:188} INFO - [2024-07-16T17:15:59.555+0000] {dagbag.py:545} INFO - Filling up the DagBag from /home/airflow/.local/lib/python3.12/site-packages/airflow/example_dags/example_kubernetes_executor.py
[2024-07-16T17:15:59.569+0000] {processor.py:840} INFO - DAG(s) 'example_kubernetes_executor' retrieved from /home/airflow/.local/lib/python3.12/site-packages/airflow/example_dags/example_kubernetes_executor.py
[2024-07-16T17:15:59.604+0000] {logging_mixin.py:188} INFO - [2024-07-16T17:15:59.603+0000] {dag.py:3089} INFO - Sync 1 DAGs
[2024-07-16T17:15:59.615+0000] {logging_mixin.py:188} INFO - [2024-07-16T17:15:59.614+0000] {dag.py:3947} INFO - Setting next_dagrun for example_kubernetes_executor to None, run_after=None
[2024-07-16T17:15:59.636+0000] {processor.py:183} INFO - Processing /home/airflow/.local/lib/python3.12/site-packages/airflow/example_dags/example_kubernetes_executor.py took 0.091 seconds
[2024-07-16T17:16:29.839+0000] {processor.py:161} INFO - Started process (PID=770) to work on /home/airflow/.local/lib/python3.12/site-packages/airflow/example_dags/example_kubernetes_executor.py
[2024-07-16T17:16:29.840+0000] {processor.py:830} INFO - Processing file /home/airflow/.local/lib/python3.12/site-packages/airflow/example_dags/example_kubernetes_executor.py for tasks to queue
[2024-07-16T17:16:29.842+0000] {logging_mixin.py:188} INFO - [2024-07-16T17:16:29.842+0000] {dagbag.py:545} INFO - Filling up the DagBag from /home/airflow/.local/lib/python3.12/site-packages/airflow/example_dags/example_kubernetes_executor.py
[2024-07-16T17:16:29.853+0000] {processor.py:840} INFO - DAG(s) 'example_kubernetes_executor' retrieved from /home/airflow/.local/lib/python3.12/site-packages/airflow/example_dags/example_kubernetes_executor.py
[2024-07-16T17:16:29.905+0000] {logging_mixin.py:188} INFO - [2024-07-16T17:16:29.904+0000] {dag.py:3089} INFO - Sync 1 DAGs
[2024-07-16T17:16:29.930+0000] {logging_mixin.py:188} INFO - [2024-07-16T17:16:29.930+0000] {dag.py:3947} INFO - Setting next_dagrun for example_kubernetes_executor to None, run_after=None
[2024-07-16T17:16:29.987+0000] {processor.py:183} INFO - Processing /home/airflow/.local/lib/python3.12/site-packages/airflow/example_dags/example_kubernetes_executor.py took 0.152 seconds
[2024-07-16T17:17:00.081+0000] {processor.py:161} INFO - Started process (PID=828) to work on /home/airflow/.local/lib/python3.12/site-packages/airflow/example_dags/example_kubernetes_executor.py
[2024-07-16T17:17:00.083+0000] {processor.py:830} INFO - Processing file /home/airflow/.local/lib/python3.12/site-packages/airflow/example_dags/example_kubernetes_executor.py for tasks to queue
[2024-07-16T17:17:00.086+0000] {logging_mixin.py:188} INFO - [2024-07-16T17:17:00.085+0000] {dagbag.py:545} INFO - Filling up the DagBag from /home/airflow/.local/lib/python3.12/site-packages/airflow/example_dags/example_kubernetes_executor.py
[2024-07-16T17:17:00.095+0000] {processor.py:840} INFO - DAG(s) 'example_kubernetes_executor' retrieved from /home/airflow/.local/lib/python3.12/site-packages/airflow/example_dags/example_kubernetes_executor.py
[2024-07-16T17:17:00.132+0000] {logging_mixin.py:188} INFO - [2024-07-16T17:17:00.131+0000] {dag.py:3089} INFO - Sync 1 DAGs
[2024-07-16T17:17:00.144+0000] {logging_mixin.py:188} INFO - [2024-07-16T17:17:00.144+0000] {dag.py:3947} INFO - Setting next_dagrun for example_kubernetes_executor to None, run_after=None
[2024-07-16T17:17:00.165+0000] {processor.py:183} INFO - Processing /home/airflow/.local/lib/python3.12/site-packages/airflow/example_dags/example_kubernetes_executor.py took 0.089 seconds
[2024-07-16T17:17:30.453+0000] {processor.py:161} INFO - Started process (PID=886) to work on /home/airflow/.local/lib/python3.12/site-packages/airflow/example_dags/example_kubernetes_executor.py
[2024-07-16T17:17:30.454+0000] {processor.py:830} INFO - Processing file /home/airflow/.local/lib/python3.12/site-packages/airflow/example_dags/example_kubernetes_executor.py for tasks to queue
[2024-07-16T17:17:30.456+0000] {logging_mixin.py:188} INFO - [2024-07-16T17:17:30.456+0000] {dagbag.py:545} INFO - Filling up the DagBag from /home/airflow/.local/lib/python3.12/site-packages/airflow/example_dags/example_kubernetes_executor.py
[2024-07-16T17:17:30.467+0000] {processor.py:840} INFO - DAG(s) 'example_kubernetes_executor' retrieved from /home/airflow/.local/lib/python3.12/site-packages/airflow/example_dags/example_kubernetes_executor.py
[2024-07-16T17:17:30.505+0000] {logging_mixin.py:188} INFO - [2024-07-16T17:17:30.505+0000] {dag.py:3089} INFO - Sync 1 DAGs
[2024-07-16T17:17:30.518+0000] {logging_mixin.py:188} INFO - [2024-07-16T17:17:30.518+0000] {dag.py:3947} INFO - Setting next_dagrun for example_kubernetes_executor to None, run_after=None
[2024-07-16T17:17:30.537+0000] {processor.py:183} INFO - Processing /home/airflow/.local/lib/python3.12/site-packages/airflow/example_dags/example_kubernetes_executor.py took 0.090 seconds
[2024-07-16T17:18:01.081+0000] {processor.py:161} INFO - Started process (PID=944) to work on /home/airflow/.local/lib/python3.12/site-packages/airflow/example_dags/example_kubernetes_executor.py
[2024-07-16T17:18:01.082+0000] {processor.py:830} INFO - Processing file /home/airflow/.local/lib/python3.12/site-packages/airflow/example_dags/example_kubernetes_executor.py for tasks to queue
[2024-07-16T17:18:01.085+0000] {logging_mixin.py:188} INFO - [2024-07-16T17:18:01.085+0000] {dagbag.py:545} INFO - Filling up the DagBag from /home/airflow/.local/lib/python3.12/site-packages/airflow/example_dags/example_kubernetes_executor.py
[2024-07-16T17:18:01.105+0000] {processor.py:840} INFO - DAG(s) 'example_kubernetes_executor' retrieved from /home/airflow/.local/lib/python3.12/site-packages/airflow/example_dags/example_kubernetes_executor.py
[2024-07-16T17:18:01.155+0000] {logging_mixin.py:188} INFO - [2024-07-16T17:18:01.155+0000] {dag.py:3089} INFO - Sync 1 DAGs
[2024-07-16T17:18:01.170+0000] {logging_mixin.py:188} INFO - [2024-07-16T17:18:01.170+0000] {dag.py:3947} INFO - Setting next_dagrun for example_kubernetes_executor to None, run_after=None
[2024-07-16T17:18:01.195+0000] {processor.py:183} INFO - Processing /home/airflow/.local/lib/python3.12/site-packages/airflow/example_dags/example_kubernetes_executor.py took 0.121 seconds
[2024-07-16T17:18:31.677+0000] {processor.py:161} INFO - Started process (PID=1002) to work on /home/airflow/.local/lib/python3.12/site-packages/airflow/example_dags/example_kubernetes_executor.py
[2024-07-16T17:18:31.680+0000] {processor.py:830} INFO - Processing file /home/airflow/.local/lib/python3.12/site-packages/airflow/example_dags/example_kubernetes_executor.py for tasks to queue
[2024-07-16T17:18:31.694+0000] {logging_mixin.py:188} INFO - [2024-07-16T17:18:31.693+0000] {dagbag.py:545} INFO - Filling up the DagBag from /home/airflow/.local/lib/python3.12/site-packages/airflow/example_dags/example_kubernetes_executor.py
[2024-07-16T17:18:31.738+0000] {processor.py:840} INFO - DAG(s) 'example_kubernetes_executor' retrieved from /home/airflow/.local/lib/python3.12/site-packages/airflow/example_dags/example_kubernetes_executor.py
[2024-07-16T17:18:31.855+0000] {logging_mixin.py:188} INFO - [2024-07-16T17:18:31.855+0000] {dag.py:3089} INFO - Sync 1 DAGs
[2024-07-16T17:18:31.900+0000] {logging_mixin.py:188} INFO - [2024-07-16T17:18:31.900+0000] {dag.py:3947} INFO - Setting next_dagrun for example_kubernetes_executor to None, run_after=None
[2024-07-16T17:18:31.964+0000] {processor.py:183} INFO - Processing /home/airflow/.local/lib/python3.12/site-packages/airflow/example_dags/example_kubernetes_executor.py took 0.308 seconds
[2024-07-16T17:19:02.832+0000] {processor.py:161} INFO - Started process (PID=1060) to work on /home/airflow/.local/lib/python3.12/site-packages/airflow/example_dags/example_kubernetes_executor.py
[2024-07-16T17:19:02.835+0000] {processor.py:830} INFO - Processing file /home/airflow/.local/lib/python3.12/site-packages/airflow/example_dags/example_kubernetes_executor.py for tasks to queue
[2024-07-16T17:19:02.838+0000] {logging_mixin.py:188} INFO - [2024-07-16T17:19:02.837+0000] {dagbag.py:545} INFO - Filling up the DagBag from /home/airflow/.local/lib/python3.12/site-packages/airflow/example_dags/example_kubernetes_executor.py
[2024-07-16T17:19:02.862+0000] {processor.py:840} INFO - DAG(s) 'example_kubernetes_executor' retrieved from /home/airflow/.local/lib/python3.12/site-packages/airflow/example_dags/example_kubernetes_executor.py
[2024-07-16T17:19:02.976+0000] {logging_mixin.py:188} INFO - [2024-07-16T17:19:02.975+0000] {dag.py:3089} INFO - Sync 1 DAGs
[2024-07-16T17:19:03.011+0000] {logging_mixin.py:188} INFO - [2024-07-16T17:19:03.010+0000] {dag.py:3947} INFO - Setting next_dagrun for example_kubernetes_executor to None, run_after=None
[2024-07-16T17:19:03.072+0000] {processor.py:183} INFO - Processing /home/airflow/.local/lib/python3.12/site-packages/airflow/example_dags/example_kubernetes_executor.py took 0.252 seconds
[2024-07-16T17:19:33.576+0000] {processor.py:161} INFO - Started process (PID=1118) to work on /home/airflow/.local/lib/python3.12/site-packages/airflow/example_dags/example_kubernetes_executor.py
[2024-07-16T17:19:33.580+0000] {processor.py:830} INFO - Processing file /home/airflow/.local/lib/python3.12/site-packages/airflow/example_dags/example_kubernetes_executor.py for tasks to queue
[2024-07-16T17:19:33.585+0000] {logging_mixin.py:188} INFO - [2024-07-16T17:19:33.584+0000] {dagbag.py:545} INFO - Filling up the DagBag from /home/airflow/.local/lib/python3.12/site-packages/airflow/example_dags/example_kubernetes_executor.py
[2024-07-16T17:19:33.627+0000] {processor.py:840} INFO - DAG(s) 'example_kubernetes_executor' retrieved from /home/airflow/.local/lib/python3.12/site-packages/airflow/example_dags/example_kubernetes_executor.py
[2024-07-16T17:19:33.766+0000] {logging_mixin.py:188} INFO - [2024-07-16T17:19:33.766+0000] {dag.py:3089} INFO - Sync 1 DAGs
[2024-07-16T17:19:33.821+0000] {logging_mixin.py:188} INFO - [2024-07-16T17:19:33.821+0000] {dag.py:3947} INFO - Setting next_dagrun for example_kubernetes_executor to None, run_after=None
[2024-07-16T17:19:33.901+0000] {processor.py:183} INFO - Processing /home/airflow/.local/lib/python3.12/site-packages/airflow/example_dags/example_kubernetes_executor.py took 0.353 seconds
[2024-07-16T17:23:51.481+0000] {processor.py:161} INFO - Started process (PID=76) to work on /home/airflow/.local/lib/python3.12/site-packages/airflow/example_dags/example_kubernetes_executor.py
[2024-07-16T17:23:51.483+0000] {processor.py:830} INFO - Processing file /home/airflow/.local/lib/python3.12/site-packages/airflow/example_dags/example_kubernetes_executor.py for tasks to queue
[2024-07-16T17:23:51.486+0000] {logging_mixin.py:188} INFO - [2024-07-16T17:23:51.485+0000] {dagbag.py:545} INFO - Filling up the DagBag from /home/airflow/.local/lib/python3.12/site-packages/airflow/example_dags/example_kubernetes_executor.py
[2024-07-16T17:23:51.509+0000] {processor.py:840} INFO - DAG(s) 'example_kubernetes_executor' retrieved from /home/airflow/.local/lib/python3.12/site-packages/airflow/example_dags/example_kubernetes_executor.py
[2024-07-16T17:23:51.706+0000] {logging_mixin.py:188} INFO - [2024-07-16T17:23:51.706+0000] {dag.py:3089} INFO - Sync 1 DAGs
[2024-07-16T17:23:51.720+0000] {logging_mixin.py:188} INFO - [2024-07-16T17:23:51.720+0000] {dag.py:3947} INFO - Setting next_dagrun for example_kubernetes_executor to None, run_after=None
[2024-07-16T17:23:51.747+0000] {processor.py:183} INFO - Processing /home/airflow/.local/lib/python3.12/site-packages/airflow/example_dags/example_kubernetes_executor.py took 0.273 seconds
[2024-07-16T17:24:22.483+0000] {processor.py:161} INFO - Started process (PID=133) to work on /home/airflow/.local/lib/python3.12/site-packages/airflow/example_dags/example_kubernetes_executor.py
[2024-07-16T17:24:22.484+0000] {processor.py:830} INFO - Processing file /home/airflow/.local/lib/python3.12/site-packages/airflow/example_dags/example_kubernetes_executor.py for tasks to queue
[2024-07-16T17:24:22.486+0000] {logging_mixin.py:188} INFO - [2024-07-16T17:24:22.486+0000] {dagbag.py:545} INFO - Filling up the DagBag from /home/airflow/.local/lib/python3.12/site-packages/airflow/example_dags/example_kubernetes_executor.py
[2024-07-16T17:24:22.496+0000] {processor.py:840} INFO - DAG(s) 'example_kubernetes_executor' retrieved from /home/airflow/.local/lib/python3.12/site-packages/airflow/example_dags/example_kubernetes_executor.py
[2024-07-16T17:24:22.530+0000] {logging_mixin.py:188} INFO - [2024-07-16T17:24:22.530+0000] {dag.py:3089} INFO - Sync 1 DAGs
[2024-07-16T17:24:22.542+0000] {logging_mixin.py:188} INFO - [2024-07-16T17:24:22.542+0000] {dag.py:3947} INFO - Setting next_dagrun for example_kubernetes_executor to None, run_after=None
[2024-07-16T17:24:22.567+0000] {processor.py:183} INFO - Processing /home/airflow/.local/lib/python3.12/site-packages/airflow/example_dags/example_kubernetes_executor.py took 0.088 seconds
[2024-07-16T17:24:53.315+0000] {processor.py:161} INFO - Started process (PID=191) to work on /home/airflow/.local/lib/python3.12/site-packages/airflow/example_dags/example_kubernetes_executor.py
[2024-07-16T17:24:53.316+0000] {processor.py:830} INFO - Processing file /home/airflow/.local/lib/python3.12/site-packages/airflow/example_dags/example_kubernetes_executor.py for tasks to queue
[2024-07-16T17:24:53.318+0000] {logging_mixin.py:188} INFO - [2024-07-16T17:24:53.318+0000] {dagbag.py:545} INFO - Filling up the DagBag from /home/airflow/.local/lib/python3.12/site-packages/airflow/example_dags/example_kubernetes_executor.py
[2024-07-16T17:24:53.327+0000] {processor.py:840} INFO - DAG(s) 'example_kubernetes_executor' retrieved from /home/airflow/.local/lib/python3.12/site-packages/airflow/example_dags/example_kubernetes_executor.py
[2024-07-16T17:24:53.370+0000] {logging_mixin.py:188} INFO - [2024-07-16T17:24:53.369+0000] {dag.py:3089} INFO - Sync 1 DAGs
[2024-07-16T17:24:53.386+0000] {logging_mixin.py:188} INFO - [2024-07-16T17:24:53.386+0000] {dag.py:3947} INFO - Setting next_dagrun for example_kubernetes_executor to None, run_after=None
[2024-07-16T17:24:53.407+0000] {processor.py:183} INFO - Processing /home/airflow/.local/lib/python3.12/site-packages/airflow/example_dags/example_kubernetes_executor.py took 0.097 seconds
[2024-07-16T17:25:23.518+0000] {processor.py:161} INFO - Started process (PID=250) to work on /home/airflow/.local/lib/python3.12/site-packages/airflow/example_dags/example_kubernetes_executor.py
[2024-07-16T17:25:23.520+0000] {processor.py:830} INFO - Processing file /home/airflow/.local/lib/python3.12/site-packages/airflow/example_dags/example_kubernetes_executor.py for tasks to queue
[2024-07-16T17:25:23.523+0000] {logging_mixin.py:188} INFO - [2024-07-16T17:25:23.523+0000] {dagbag.py:545} INFO - Filling up the DagBag from /home/airflow/.local/lib/python3.12/site-packages/airflow/example_dags/example_kubernetes_executor.py
[2024-07-16T17:25:23.536+0000] {processor.py:840} INFO - DAG(s) 'example_kubernetes_executor' retrieved from /home/airflow/.local/lib/python3.12/site-packages/airflow/example_dags/example_kubernetes_executor.py
[2024-07-16T17:25:23.574+0000] {logging_mixin.py:188} INFO - [2024-07-16T17:25:23.574+0000] {dag.py:3089} INFO - Sync 1 DAGs
[2024-07-16T17:25:23.589+0000] {logging_mixin.py:188} INFO - [2024-07-16T17:25:23.589+0000] {dag.py:3947} INFO - Setting next_dagrun for example_kubernetes_executor to None, run_after=None
[2024-07-16T17:25:23.608+0000] {processor.py:183} INFO - Processing /home/airflow/.local/lib/python3.12/site-packages/airflow/example_dags/example_kubernetes_executor.py took 0.099 seconds
[2024-07-16T17:29:54.357+0000] {processor.py:161} INFO - Started process (PID=70) to work on /home/airflow/.local/lib/python3.12/site-packages/airflow/example_dags/example_kubernetes_executor.py
[2024-07-16T17:29:54.363+0000] {processor.py:830} INFO - Processing file /home/airflow/.local/lib/python3.12/site-packages/airflow/example_dags/example_kubernetes_executor.py for tasks to queue
[2024-07-16T17:29:54.368+0000] {logging_mixin.py:188} INFO - [2024-07-16T17:29:54.367+0000] {dagbag.py:545} INFO - Filling up the DagBag from /home/airflow/.local/lib/python3.12/site-packages/airflow/example_dags/example_kubernetes_executor.py
[2024-07-16T17:29:54.428+0000] {processor.py:840} INFO - DAG(s) 'example_kubernetes_executor' retrieved from /home/airflow/.local/lib/python3.12/site-packages/airflow/example_dags/example_kubernetes_executor.py
[2024-07-16T17:29:54.639+0000] {logging_mixin.py:188} INFO - [2024-07-16T17:29:54.638+0000] {dag.py:3089} INFO - Sync 1 DAGs
[2024-07-16T17:29:54.655+0000] {logging_mixin.py:188} INFO - [2024-07-16T17:29:54.655+0000] {dag.py:3947} INFO - Setting next_dagrun for example_kubernetes_executor to None, run_after=None
[2024-07-16T17:29:54.679+0000] {processor.py:183} INFO - Processing /home/airflow/.local/lib/python3.12/site-packages/airflow/example_dags/example_kubernetes_executor.py took 0.342 seconds
[2024-07-16T17:30:25.388+0000] {processor.py:161} INFO - Started process (PID=128) to work on /home/airflow/.local/lib/python3.12/site-packages/airflow/example_dags/example_kubernetes_executor.py
[2024-07-16T17:30:25.389+0000] {processor.py:830} INFO - Processing file /home/airflow/.local/lib/python3.12/site-packages/airflow/example_dags/example_kubernetes_executor.py for tasks to queue
[2024-07-16T17:30:25.391+0000] {logging_mixin.py:188} INFO - [2024-07-16T17:30:25.391+0000] {dagbag.py:545} INFO - Filling up the DagBag from /home/airflow/.local/lib/python3.12/site-packages/airflow/example_dags/example_kubernetes_executor.py
[2024-07-16T17:30:25.406+0000] {processor.py:840} INFO - DAG(s) 'example_kubernetes_executor' retrieved from /home/airflow/.local/lib/python3.12/site-packages/airflow/example_dags/example_kubernetes_executor.py
[2024-07-16T17:30:25.454+0000] {logging_mixin.py:188} INFO - [2024-07-16T17:30:25.453+0000] {dag.py:3089} INFO - Sync 1 DAGs
[2024-07-16T17:30:25.469+0000] {logging_mixin.py:188} INFO - [2024-07-16T17:30:25.469+0000] {dag.py:3947} INFO - Setting next_dagrun for example_kubernetes_executor to None, run_after=None
[2024-07-16T17:30:25.496+0000] {processor.py:183} INFO - Processing /home/airflow/.local/lib/python3.12/site-packages/airflow/example_dags/example_kubernetes_executor.py took 0.115 seconds
[2024-07-16T17:30:55.708+0000] {processor.py:161} INFO - Started process (PID=186) to work on /home/airflow/.local/lib/python3.12/site-packages/airflow/example_dags/example_kubernetes_executor.py
[2024-07-16T17:30:55.716+0000] {processor.py:830} INFO - Processing file /home/airflow/.local/lib/python3.12/site-packages/airflow/example_dags/example_kubernetes_executor.py for tasks to queue
[2024-07-16T17:30:55.721+0000] {logging_mixin.py:188} INFO - [2024-07-16T17:30:55.720+0000] {dagbag.py:545} INFO - Filling up the DagBag from /home/airflow/.local/lib/python3.12/site-packages/airflow/example_dags/example_kubernetes_executor.py
[2024-07-16T17:30:55.756+0000] {processor.py:840} INFO - DAG(s) 'example_kubernetes_executor' retrieved from /home/airflow/.local/lib/python3.12/site-packages/airflow/example_dags/example_kubernetes_executor.py
[2024-07-16T17:30:55.870+0000] {logging_mixin.py:188} INFO - [2024-07-16T17:30:55.869+0000] {dag.py:3089} INFO - Sync 1 DAGs
[2024-07-16T17:30:55.913+0000] {logging_mixin.py:188} INFO - [2024-07-16T17:30:55.913+0000] {dag.py:3947} INFO - Setting next_dagrun for example_kubernetes_executor to None, run_after=None
[2024-07-16T17:30:55.970+0000] {processor.py:183} INFO - Processing /home/airflow/.local/lib/python3.12/site-packages/airflow/example_dags/example_kubernetes_executor.py took 0.286 seconds
[2024-07-16T17:31:26.720+0000] {processor.py:161} INFO - Started process (PID=243) to work on /home/airflow/.local/lib/python3.12/site-packages/airflow/example_dags/example_kubernetes_executor.py
[2024-07-16T17:31:26.721+0000] {processor.py:830} INFO - Processing file /home/airflow/.local/lib/python3.12/site-packages/airflow/example_dags/example_kubernetes_executor.py for tasks to queue
[2024-07-16T17:31:26.724+0000] {logging_mixin.py:188} INFO - [2024-07-16T17:31:26.724+0000] {dagbag.py:545} INFO - Filling up the DagBag from /home/airflow/.local/lib/python3.12/site-packages/airflow/example_dags/example_kubernetes_executor.py
[2024-07-16T17:31:26.746+0000] {processor.py:840} INFO - DAG(s) 'example_kubernetes_executor' retrieved from /home/airflow/.local/lib/python3.12/site-packages/airflow/example_dags/example_kubernetes_executor.py
[2024-07-16T17:31:26.805+0000] {logging_mixin.py:188} INFO - [2024-07-16T17:31:26.805+0000] {dag.py:3089} INFO - Sync 1 DAGs
[2024-07-16T17:31:26.828+0000] {logging_mixin.py:188} INFO - [2024-07-16T17:31:26.827+0000] {dag.py:3947} INFO - Setting next_dagrun for example_kubernetes_executor to None, run_after=None
[2024-07-16T17:31:26.862+0000] {processor.py:183} INFO - Processing /home/airflow/.local/lib/python3.12/site-packages/airflow/example_dags/example_kubernetes_executor.py took 0.150 seconds
[2024-07-16T17:31:57.205+0000] {processor.py:161} INFO - Started process (PID=301) to work on /home/airflow/.local/lib/python3.12/site-packages/airflow/example_dags/example_kubernetes_executor.py
[2024-07-16T17:31:57.207+0000] {processor.py:830} INFO - Processing file /home/airflow/.local/lib/python3.12/site-packages/airflow/example_dags/example_kubernetes_executor.py for tasks to queue
[2024-07-16T17:31:57.212+0000] {logging_mixin.py:188} INFO - [2024-07-16T17:31:57.211+0000] {dagbag.py:545} INFO - Filling up the DagBag from /home/airflow/.local/lib/python3.12/site-packages/airflow/example_dags/example_kubernetes_executor.py
[2024-07-16T17:31:57.240+0000] {processor.py:840} INFO - DAG(s) 'example_kubernetes_executor' retrieved from /home/airflow/.local/lib/python3.12/site-packages/airflow/example_dags/example_kubernetes_executor.py
[2024-07-16T17:31:57.343+0000] {logging_mixin.py:188} INFO - [2024-07-16T17:31:57.342+0000] {dag.py:3089} INFO - Sync 1 DAGs
[2024-07-16T17:31:57.377+0000] {logging_mixin.py:188} INFO - [2024-07-16T17:31:57.375+0000] {dag.py:3947} INFO - Setting next_dagrun for example_kubernetes_executor to None, run_after=None
[2024-07-16T17:31:57.484+0000] {processor.py:183} INFO - Processing /home/airflow/.local/lib/python3.12/site-packages/airflow/example_dags/example_kubernetes_executor.py took 0.295 seconds
[2024-07-16T17:32:28.484+0000] {processor.py:161} INFO - Started process (PID=365) to work on /home/airflow/.local/lib/python3.12/site-packages/airflow/example_dags/example_kubernetes_executor.py
[2024-07-16T17:32:28.485+0000] {processor.py:830} INFO - Processing file /home/airflow/.local/lib/python3.12/site-packages/airflow/example_dags/example_kubernetes_executor.py for tasks to queue
[2024-07-16T17:32:28.488+0000] {logging_mixin.py:188} INFO - [2024-07-16T17:32:28.487+0000] {dagbag.py:545} INFO - Filling up the DagBag from /home/airflow/.local/lib/python3.12/site-packages/airflow/example_dags/example_kubernetes_executor.py
[2024-07-16T17:32:28.507+0000] {processor.py:840} INFO - DAG(s) 'example_kubernetes_executor' retrieved from /home/airflow/.local/lib/python3.12/site-packages/airflow/example_dags/example_kubernetes_executor.py
[2024-07-16T17:32:28.575+0000] {logging_mixin.py:188} INFO - [2024-07-16T17:32:28.575+0000] {dag.py:3089} INFO - Sync 1 DAGs
[2024-07-16T17:32:28.605+0000] {logging_mixin.py:188} INFO - [2024-07-16T17:32:28.604+0000] {dag.py:3947} INFO - Setting next_dagrun for example_kubernetes_executor to None, run_after=None
[2024-07-16T17:32:28.640+0000] {processor.py:183} INFO - Processing /home/airflow/.local/lib/python3.12/site-packages/airflow/example_dags/example_kubernetes_executor.py took 0.166 seconds
[2024-07-16T17:32:58.770+0000] {processor.py:161} INFO - Started process (PID=423) to work on /home/airflow/.local/lib/python3.12/site-packages/airflow/example_dags/example_kubernetes_executor.py
[2024-07-16T17:32:58.772+0000] {processor.py:830} INFO - Processing file /home/airflow/.local/lib/python3.12/site-packages/airflow/example_dags/example_kubernetes_executor.py for tasks to queue
[2024-07-16T17:32:58.775+0000] {logging_mixin.py:188} INFO - [2024-07-16T17:32:58.774+0000] {dagbag.py:545} INFO - Filling up the DagBag from /home/airflow/.local/lib/python3.12/site-packages/airflow/example_dags/example_kubernetes_executor.py
[2024-07-16T17:32:58.795+0000] {processor.py:840} INFO - DAG(s) 'example_kubernetes_executor' retrieved from /home/airflow/.local/lib/python3.12/site-packages/airflow/example_dags/example_kubernetes_executor.py
[2024-07-16T17:32:58.856+0000] {logging_mixin.py:188} INFO - [2024-07-16T17:32:58.855+0000] {dag.py:3089} INFO - Sync 1 DAGs
[2024-07-16T17:32:58.879+0000] {logging_mixin.py:188} INFO - [2024-07-16T17:32:58.879+0000] {dag.py:3947} INFO - Setting next_dagrun for example_kubernetes_executor to None, run_after=None
[2024-07-16T17:32:58.913+0000] {processor.py:183} INFO - Processing /home/airflow/.local/lib/python3.12/site-packages/airflow/example_dags/example_kubernetes_executor.py took 0.151 seconds
[2024-07-16T18:04:14.336+0000] {processor.py:161} INFO - Started process (PID=71) to work on /home/airflow/.local/lib/python3.12/site-packages/airflow/example_dags/example_kubernetes_executor.py
[2024-07-16T18:04:14.340+0000] {processor.py:830} INFO - Processing file /home/airflow/.local/lib/python3.12/site-packages/airflow/example_dags/example_kubernetes_executor.py for tasks to queue
[2024-07-16T18:04:14.349+0000] {logging_mixin.py:188} INFO - [2024-07-16T18:04:14.348+0000] {dagbag.py:545} INFO - Filling up the DagBag from /home/airflow/.local/lib/python3.12/site-packages/airflow/example_dags/example_kubernetes_executor.py
[2024-07-16T18:04:14.410+0000] {processor.py:840} INFO - DAG(s) 'example_kubernetes_executor' retrieved from /home/airflow/.local/lib/python3.12/site-packages/airflow/example_dags/example_kubernetes_executor.py
[2024-07-16T18:04:14.698+0000] {logging_mixin.py:188} INFO - [2024-07-16T18:04:14.698+0000] {dag.py:3089} INFO - Sync 1 DAGs
[2024-07-16T18:04:14.723+0000] {logging_mixin.py:188} INFO - [2024-07-16T18:04:14.722+0000] {dag.py:3947} INFO - Setting next_dagrun for example_kubernetes_executor to None, run_after=None
[2024-07-16T18:04:14.764+0000] {processor.py:183} INFO - Processing /home/airflow/.local/lib/python3.12/site-packages/airflow/example_dags/example_kubernetes_executor.py took 0.454 seconds
[2024-07-16T18:12:22.385+0000] {processor.py:161} INFO - Started process (PID=77) to work on /home/airflow/.local/lib/python3.12/site-packages/airflow/example_dags/example_kubernetes_executor.py
[2024-07-16T18:12:22.387+0000] {processor.py:830} INFO - Processing file /home/airflow/.local/lib/python3.12/site-packages/airflow/example_dags/example_kubernetes_executor.py for tasks to queue
[2024-07-16T18:12:22.390+0000] {logging_mixin.py:188} INFO - [2024-07-16T18:12:22.390+0000] {dagbag.py:545} INFO - Filling up the DagBag from /home/airflow/.local/lib/python3.12/site-packages/airflow/example_dags/example_kubernetes_executor.py
[2024-07-16T18:12:22.419+0000] {processor.py:840} INFO - DAG(s) 'example_kubernetes_executor' retrieved from /home/airflow/.local/lib/python3.12/site-packages/airflow/example_dags/example_kubernetes_executor.py
[2024-07-16T18:12:22.649+0000] {logging_mixin.py:188} INFO - [2024-07-16T18:12:22.648+0000] {dag.py:3089} INFO - Sync 1 DAGs
[2024-07-16T18:12:22.669+0000] {logging_mixin.py:188} INFO - [2024-07-16T18:12:22.668+0000] {dag.py:3947} INFO - Setting next_dagrun for example_kubernetes_executor to None, run_after=None
[2024-07-16T18:12:22.700+0000] {processor.py:183} INFO - Processing /home/airflow/.local/lib/python3.12/site-packages/airflow/example_dags/example_kubernetes_executor.py took 0.324 seconds
[2024-07-16T18:12:53.672+0000] {processor.py:161} INFO - Started process (PID=136) to work on /home/airflow/.local/lib/python3.12/site-packages/airflow/example_dags/example_kubernetes_executor.py
[2024-07-16T18:12:53.673+0000] {processor.py:830} INFO - Processing file /home/airflow/.local/lib/python3.12/site-packages/airflow/example_dags/example_kubernetes_executor.py for tasks to queue
[2024-07-16T18:12:53.675+0000] {logging_mixin.py:188} INFO - [2024-07-16T18:12:53.675+0000] {dagbag.py:545} INFO - Filling up the DagBag from /home/airflow/.local/lib/python3.12/site-packages/airflow/example_dags/example_kubernetes_executor.py
[2024-07-16T18:12:53.685+0000] {processor.py:840} INFO - DAG(s) 'example_kubernetes_executor' retrieved from /home/airflow/.local/lib/python3.12/site-packages/airflow/example_dags/example_kubernetes_executor.py
[2024-07-16T18:12:53.715+0000] {logging_mixin.py:188} INFO - [2024-07-16T18:12:53.715+0000] {dag.py:3089} INFO - Sync 1 DAGs
[2024-07-16T18:12:53.727+0000] {logging_mixin.py:188} INFO - [2024-07-16T18:12:53.726+0000] {dag.py:3947} INFO - Setting next_dagrun for example_kubernetes_executor to None, run_after=None
[2024-07-16T18:12:53.748+0000] {processor.py:183} INFO - Processing /home/airflow/.local/lib/python3.12/site-packages/airflow/example_dags/example_kubernetes_executor.py took 0.081 seconds
[2024-07-16T18:13:24.100+0000] {processor.py:161} INFO - Started process (PID=195) to work on /home/airflow/.local/lib/python3.12/site-packages/airflow/example_dags/example_kubernetes_executor.py
[2024-07-16T18:13:24.101+0000] {processor.py:830} INFO - Processing file /home/airflow/.local/lib/python3.12/site-packages/airflow/example_dags/example_kubernetes_executor.py for tasks to queue
[2024-07-16T18:13:24.104+0000] {logging_mixin.py:188} INFO - [2024-07-16T18:13:24.103+0000] {dagbag.py:545} INFO - Filling up the DagBag from /home/airflow/.local/lib/python3.12/site-packages/airflow/example_dags/example_kubernetes_executor.py
[2024-07-16T18:13:24.132+0000] {processor.py:840} INFO - DAG(s) 'example_kubernetes_executor' retrieved from /home/airflow/.local/lib/python3.12/site-packages/airflow/example_dags/example_kubernetes_executor.py
[2024-07-16T18:13:24.185+0000] {logging_mixin.py:188} INFO - [2024-07-16T18:13:24.184+0000] {dag.py:3089} INFO - Sync 1 DAGs
[2024-07-16T18:13:24.196+0000] {logging_mixin.py:188} INFO - [2024-07-16T18:13:24.195+0000] {dag.py:3947} INFO - Setting next_dagrun for example_kubernetes_executor to None, run_after=None
[2024-07-16T18:13:24.224+0000] {processor.py:183} INFO - Processing /home/airflow/.local/lib/python3.12/site-packages/airflow/example_dags/example_kubernetes_executor.py took 0.130 seconds
