[2024-07-16T17:10:29.093+0000] {processor.py:161} INFO - Started process (PID=99) to work on /home/airflow/.local/lib/python3.12/site-packages/airflow/example_dags/example_sla_dag.py
[2024-07-16T17:10:29.094+0000] {processor.py:830} INFO - Processing file /home/airflow/.local/lib/python3.12/site-packages/airflow/example_dags/example_sla_dag.py for tasks to queue
[2024-07-16T17:10:29.096+0000] {logging_mixin.py:188} INFO - [2024-07-16T17:10:29.096+0000] {dagbag.py:545} INFO - Filling up the DagBag from /home/airflow/.local/lib/python3.12/site-packages/airflow/example_dags/example_sla_dag.py
[2024-07-16T17:10:29.108+0000] {processor.py:840} INFO - DAG(s) 'example_sla_dag' retrieved from /home/airflow/.local/lib/python3.12/site-packages/airflow/example_dags/example_sla_dag.py
[2024-07-16T17:10:29.245+0000] {logging_mixin.py:188} INFO - [2024-07-16T17:10:29.244+0000] {dag.py:3089} INFO - Sync 1 DAGs
[2024-07-16T17:10:29.279+0000] {logging_mixin.py:188} INFO - [2024-07-16T17:10:29.279+0000] {dag.py:3947} INFO - Setting next_dagrun for example_sla_dag to 2024-07-16 17:08:00+00:00, run_after=2024-07-16 17:10:00+00:00
[2024-07-16T17:10:29.304+0000] {processor.py:183} INFO - Processing /home/airflow/.local/lib/python3.12/site-packages/airflow/example_dags/example_sla_dag.py took 0.216 seconds
[2024-07-16T17:11:00.057+0000] {processor.py:161} INFO - Started process (PID=157) to work on /home/airflow/.local/lib/python3.12/site-packages/airflow/example_dags/example_sla_dag.py
[2024-07-16T17:11:00.058+0000] {processor.py:830} INFO - Processing file /home/airflow/.local/lib/python3.12/site-packages/airflow/example_dags/example_sla_dag.py for tasks to queue
[2024-07-16T17:11:00.060+0000] {logging_mixin.py:188} INFO - [2024-07-16T17:11:00.060+0000] {dagbag.py:545} INFO - Filling up the DagBag from /home/airflow/.local/lib/python3.12/site-packages/airflow/example_dags/example_sla_dag.py
[2024-07-16T17:11:00.070+0000] {processor.py:840} INFO - DAG(s) 'example_sla_dag' retrieved from /home/airflow/.local/lib/python3.12/site-packages/airflow/example_dags/example_sla_dag.py
[2024-07-16T17:11:00.088+0000] {logging_mixin.py:188} INFO - [2024-07-16T17:11:00.088+0000] {dag.py:3089} INFO - Sync 1 DAGs
[2024-07-16T17:11:00.108+0000] {logging_mixin.py:188} INFO - [2024-07-16T17:11:00.108+0000] {dag.py:3947} INFO - Setting next_dagrun for example_sla_dag to 2024-07-16 17:08:00+00:00, run_after=2024-07-16 17:10:00+00:00
[2024-07-16T17:11:00.125+0000] {processor.py:183} INFO - Processing /home/airflow/.local/lib/python3.12/site-packages/airflow/example_dags/example_sla_dag.py took 0.073 seconds
[2024-07-16T17:11:30.366+0000] {processor.py:161} INFO - Started process (PID=215) to work on /home/airflow/.local/lib/python3.12/site-packages/airflow/example_dags/example_sla_dag.py
[2024-07-16T17:11:30.368+0000] {processor.py:830} INFO - Processing file /home/airflow/.local/lib/python3.12/site-packages/airflow/example_dags/example_sla_dag.py for tasks to queue
[2024-07-16T17:11:30.370+0000] {logging_mixin.py:188} INFO - [2024-07-16T17:11:30.369+0000] {dagbag.py:545} INFO - Filling up the DagBag from /home/airflow/.local/lib/python3.12/site-packages/airflow/example_dags/example_sla_dag.py
[2024-07-16T17:11:30.383+0000] {processor.py:840} INFO - DAG(s) 'example_sla_dag' retrieved from /home/airflow/.local/lib/python3.12/site-packages/airflow/example_dags/example_sla_dag.py
[2024-07-16T17:11:30.405+0000] {logging_mixin.py:188} INFO - [2024-07-16T17:11:30.404+0000] {dag.py:3089} INFO - Sync 1 DAGs
[2024-07-16T17:11:30.428+0000] {logging_mixin.py:188} INFO - [2024-07-16T17:11:30.428+0000] {dag.py:3947} INFO - Setting next_dagrun for example_sla_dag to 2024-07-16 17:08:00+00:00, run_after=2024-07-16 17:10:00+00:00
[2024-07-16T17:11:30.446+0000] {processor.py:183} INFO - Processing /home/airflow/.local/lib/python3.12/site-packages/airflow/example_dags/example_sla_dag.py took 0.092 seconds
[2024-07-16T17:12:00.663+0000] {processor.py:161} INFO - Started process (PID=273) to work on /home/airflow/.local/lib/python3.12/site-packages/airflow/example_dags/example_sla_dag.py
[2024-07-16T17:12:00.665+0000] {processor.py:830} INFO - Processing file /home/airflow/.local/lib/python3.12/site-packages/airflow/example_dags/example_sla_dag.py for tasks to queue
[2024-07-16T17:12:00.666+0000] {logging_mixin.py:188} INFO - [2024-07-16T17:12:00.666+0000] {dagbag.py:545} INFO - Filling up the DagBag from /home/airflow/.local/lib/python3.12/site-packages/airflow/example_dags/example_sla_dag.py
[2024-07-16T17:12:00.674+0000] {processor.py:840} INFO - DAG(s) 'example_sla_dag' retrieved from /home/airflow/.local/lib/python3.12/site-packages/airflow/example_dags/example_sla_dag.py
[2024-07-16T17:12:00.690+0000] {logging_mixin.py:188} INFO - [2024-07-16T17:12:00.690+0000] {dag.py:3089} INFO - Sync 1 DAGs
[2024-07-16T17:12:00.709+0000] {logging_mixin.py:188} INFO - [2024-07-16T17:12:00.709+0000] {dag.py:3947} INFO - Setting next_dagrun for example_sla_dag to 2024-07-16 17:10:00+00:00, run_after=2024-07-16 17:12:00+00:00
[2024-07-16T17:12:00.729+0000] {processor.py:183} INFO - Processing /home/airflow/.local/lib/python3.12/site-packages/airflow/example_dags/example_sla_dag.py took 0.071 seconds
[2024-07-16T17:12:31.028+0000] {processor.py:161} INFO - Started process (PID=331) to work on /home/airflow/.local/lib/python3.12/site-packages/airflow/example_dags/example_sla_dag.py
[2024-07-16T17:12:31.029+0000] {processor.py:830} INFO - Processing file /home/airflow/.local/lib/python3.12/site-packages/airflow/example_dags/example_sla_dag.py for tasks to queue
[2024-07-16T17:12:31.031+0000] {logging_mixin.py:188} INFO - [2024-07-16T17:12:31.031+0000] {dagbag.py:545} INFO - Filling up the DagBag from /home/airflow/.local/lib/python3.12/site-packages/airflow/example_dags/example_sla_dag.py
[2024-07-16T17:12:31.038+0000] {processor.py:840} INFO - DAG(s) 'example_sla_dag' retrieved from /home/airflow/.local/lib/python3.12/site-packages/airflow/example_dags/example_sla_dag.py
[2024-07-16T17:12:31.054+0000] {logging_mixin.py:188} INFO - [2024-07-16T17:12:31.053+0000] {dag.py:3089} INFO - Sync 1 DAGs
[2024-07-16T17:12:31.074+0000] {logging_mixin.py:188} INFO - [2024-07-16T17:12:31.074+0000] {dag.py:3947} INFO - Setting next_dagrun for example_sla_dag to 2024-07-16 17:10:00+00:00, run_after=2024-07-16 17:12:00+00:00
[2024-07-16T17:12:31.093+0000] {processor.py:183} INFO - Processing /home/airflow/.local/lib/python3.12/site-packages/airflow/example_dags/example_sla_dag.py took 0.070 seconds
[2024-07-16T17:13:03.513+0000] {processor.py:161} INFO - Started process (PID=389) to work on /home/airflow/.local/lib/python3.12/site-packages/airflow/example_dags/example_sla_dag.py
[2024-07-16T17:13:03.515+0000] {processor.py:830} INFO - Processing file /home/airflow/.local/lib/python3.12/site-packages/airflow/example_dags/example_sla_dag.py for tasks to queue
[2024-07-16T17:13:03.520+0000] {logging_mixin.py:188} INFO - [2024-07-16T17:13:03.519+0000] {dagbag.py:545} INFO - Filling up the DagBag from /home/airflow/.local/lib/python3.12/site-packages/airflow/example_dags/example_sla_dag.py
[2024-07-16T17:13:03.543+0000] {processor.py:840} INFO - DAG(s) 'example_sla_dag' retrieved from /home/airflow/.local/lib/python3.12/site-packages/airflow/example_dags/example_sla_dag.py
[2024-07-16T17:13:03.607+0000] {logging_mixin.py:188} INFO - [2024-07-16T17:13:03.606+0000] {dag.py:3089} INFO - Sync 1 DAGs
[2024-07-16T17:13:03.711+0000] {logging_mixin.py:188} INFO - [2024-07-16T17:13:03.711+0000] {dag.py:3947} INFO - Setting next_dagrun for example_sla_dag to 2024-07-16 17:10:00+00:00, run_after=2024-07-16 17:12:00+00:00
[2024-07-16T17:13:03.768+0000] {processor.py:183} INFO - Processing /home/airflow/.local/lib/python3.12/site-packages/airflow/example_dags/example_sla_dag.py took 0.271 seconds
[2024-07-16T17:13:33.939+0000] {processor.py:161} INFO - Started process (PID=447) to work on /home/airflow/.local/lib/python3.12/site-packages/airflow/example_dags/example_sla_dag.py
[2024-07-16T17:13:33.942+0000] {processor.py:830} INFO - Processing file /home/airflow/.local/lib/python3.12/site-packages/airflow/example_dags/example_sla_dag.py for tasks to queue
[2024-07-16T17:13:33.946+0000] {logging_mixin.py:188} INFO - [2024-07-16T17:13:33.945+0000] {dagbag.py:545} INFO - Filling up the DagBag from /home/airflow/.local/lib/python3.12/site-packages/airflow/example_dags/example_sla_dag.py
[2024-07-16T17:13:33.964+0000] {processor.py:840} INFO - DAG(s) 'example_sla_dag' retrieved from /home/airflow/.local/lib/python3.12/site-packages/airflow/example_dags/example_sla_dag.py
[2024-07-16T17:13:34.006+0000] {logging_mixin.py:188} INFO - [2024-07-16T17:13:34.005+0000] {dag.py:3089} INFO - Sync 1 DAGs
[2024-07-16T17:13:34.074+0000] {logging_mixin.py:188} INFO - [2024-07-16T17:13:34.074+0000] {dag.py:3947} INFO - Setting next_dagrun for example_sla_dag to 2024-07-16 17:10:00+00:00, run_after=2024-07-16 17:12:00+00:00
[2024-07-16T17:13:34.127+0000] {processor.py:183} INFO - Processing /home/airflow/.local/lib/python3.12/site-packages/airflow/example_dags/example_sla_dag.py took 0.197 seconds
[2024-07-16T17:14:04.743+0000] {processor.py:161} INFO - Started process (PID=505) to work on /home/airflow/.local/lib/python3.12/site-packages/airflow/example_dags/example_sla_dag.py
[2024-07-16T17:14:04.744+0000] {processor.py:830} INFO - Processing file /home/airflow/.local/lib/python3.12/site-packages/airflow/example_dags/example_sla_dag.py for tasks to queue
[2024-07-16T17:14:04.746+0000] {logging_mixin.py:188} INFO - [2024-07-16T17:14:04.746+0000] {dagbag.py:545} INFO - Filling up the DagBag from /home/airflow/.local/lib/python3.12/site-packages/airflow/example_dags/example_sla_dag.py
[2024-07-16T17:14:04.754+0000] {processor.py:840} INFO - DAG(s) 'example_sla_dag' retrieved from /home/airflow/.local/lib/python3.12/site-packages/airflow/example_dags/example_sla_dag.py
[2024-07-16T17:14:04.772+0000] {logging_mixin.py:188} INFO - [2024-07-16T17:14:04.771+0000] {dag.py:3089} INFO - Sync 1 DAGs
[2024-07-16T17:14:04.794+0000] {logging_mixin.py:188} INFO - [2024-07-16T17:14:04.794+0000] {dag.py:3947} INFO - Setting next_dagrun for example_sla_dag to 2024-07-16 17:12:00+00:00, run_after=2024-07-16 17:14:00+00:00
[2024-07-16T17:14:04.812+0000] {processor.py:183} INFO - Processing /home/airflow/.local/lib/python3.12/site-packages/airflow/example_dags/example_sla_dag.py took 0.074 seconds
[2024-07-16T17:14:35.243+0000] {processor.py:161} INFO - Started process (PID=563) to work on /home/airflow/.local/lib/python3.12/site-packages/airflow/example_dags/example_sla_dag.py
[2024-07-16T17:14:35.245+0000] {processor.py:830} INFO - Processing file /home/airflow/.local/lib/python3.12/site-packages/airflow/example_dags/example_sla_dag.py for tasks to queue
[2024-07-16T17:14:35.246+0000] {logging_mixin.py:188} INFO - [2024-07-16T17:14:35.246+0000] {dagbag.py:545} INFO - Filling up the DagBag from /home/airflow/.local/lib/python3.12/site-packages/airflow/example_dags/example_sla_dag.py
[2024-07-16T17:14:35.253+0000] {processor.py:840} INFO - DAG(s) 'example_sla_dag' retrieved from /home/airflow/.local/lib/python3.12/site-packages/airflow/example_dags/example_sla_dag.py
[2024-07-16T17:14:35.274+0000] {logging_mixin.py:188} INFO - [2024-07-16T17:14:35.274+0000] {dag.py:3089} INFO - Sync 1 DAGs
[2024-07-16T17:14:35.296+0000] {logging_mixin.py:188} INFO - [2024-07-16T17:14:35.296+0000] {dag.py:3947} INFO - Setting next_dagrun for example_sla_dag to 2024-07-16 17:12:00+00:00, run_after=2024-07-16 17:14:00+00:00
[2024-07-16T17:14:35.316+0000] {processor.py:183} INFO - Processing /home/airflow/.local/lib/python3.12/site-packages/airflow/example_dags/example_sla_dag.py took 0.077 seconds
[2024-07-16T17:15:05.459+0000] {processor.py:161} INFO - Started process (PID=621) to work on /home/airflow/.local/lib/python3.12/site-packages/airflow/example_dags/example_sla_dag.py
[2024-07-16T17:15:05.460+0000] {processor.py:830} INFO - Processing file /home/airflow/.local/lib/python3.12/site-packages/airflow/example_dags/example_sla_dag.py for tasks to queue
[2024-07-16T17:15:05.463+0000] {logging_mixin.py:188} INFO - [2024-07-16T17:15:05.462+0000] {dagbag.py:545} INFO - Filling up the DagBag from /home/airflow/.local/lib/python3.12/site-packages/airflow/example_dags/example_sla_dag.py
[2024-07-16T17:15:05.471+0000] {processor.py:840} INFO - DAG(s) 'example_sla_dag' retrieved from /home/airflow/.local/lib/python3.12/site-packages/airflow/example_dags/example_sla_dag.py
[2024-07-16T17:15:05.492+0000] {logging_mixin.py:188} INFO - [2024-07-16T17:15:05.492+0000] {dag.py:3089} INFO - Sync 1 DAGs
[2024-07-16T17:15:05.519+0000] {logging_mixin.py:188} INFO - [2024-07-16T17:15:05.519+0000] {dag.py:3947} INFO - Setting next_dagrun for example_sla_dag to 2024-07-16 17:12:00+00:00, run_after=2024-07-16 17:14:00+00:00
[2024-07-16T17:15:05.537+0000] {processor.py:183} INFO - Processing /home/airflow/.local/lib/python3.12/site-packages/airflow/example_dags/example_sla_dag.py took 0.084 seconds
[2024-07-16T17:15:35.826+0000] {processor.py:161} INFO - Started process (PID=679) to work on /home/airflow/.local/lib/python3.12/site-packages/airflow/example_dags/example_sla_dag.py
[2024-07-16T17:15:35.829+0000] {processor.py:830} INFO - Processing file /home/airflow/.local/lib/python3.12/site-packages/airflow/example_dags/example_sla_dag.py for tasks to queue
[2024-07-16T17:15:35.831+0000] {logging_mixin.py:188} INFO - [2024-07-16T17:15:35.830+0000] {dagbag.py:545} INFO - Filling up the DagBag from /home/airflow/.local/lib/python3.12/site-packages/airflow/example_dags/example_sla_dag.py
[2024-07-16T17:15:35.840+0000] {processor.py:840} INFO - DAG(s) 'example_sla_dag' retrieved from /home/airflow/.local/lib/python3.12/site-packages/airflow/example_dags/example_sla_dag.py
[2024-07-16T17:15:35.859+0000] {logging_mixin.py:188} INFO - [2024-07-16T17:15:35.859+0000] {dag.py:3089} INFO - Sync 1 DAGs
[2024-07-16T17:15:35.882+0000] {logging_mixin.py:188} INFO - [2024-07-16T17:15:35.882+0000] {dag.py:3947} INFO - Setting next_dagrun for example_sla_dag to 2024-07-16 17:12:00+00:00, run_after=2024-07-16 17:14:00+00:00
[2024-07-16T17:15:35.901+0000] {processor.py:183} INFO - Processing /home/airflow/.local/lib/python3.12/site-packages/airflow/example_dags/example_sla_dag.py took 0.082 seconds
[2024-07-16T17:16:06.114+0000] {processor.py:161} INFO - Started process (PID=737) to work on /home/airflow/.local/lib/python3.12/site-packages/airflow/example_dags/example_sla_dag.py
[2024-07-16T17:16:06.115+0000] {processor.py:830} INFO - Processing file /home/airflow/.local/lib/python3.12/site-packages/airflow/example_dags/example_sla_dag.py for tasks to queue
[2024-07-16T17:16:06.117+0000] {logging_mixin.py:188} INFO - [2024-07-16T17:16:06.117+0000] {dagbag.py:545} INFO - Filling up the DagBag from /home/airflow/.local/lib/python3.12/site-packages/airflow/example_dags/example_sla_dag.py
[2024-07-16T17:16:06.125+0000] {processor.py:840} INFO - DAG(s) 'example_sla_dag' retrieved from /home/airflow/.local/lib/python3.12/site-packages/airflow/example_dags/example_sla_dag.py
[2024-07-16T17:16:06.139+0000] {logging_mixin.py:188} INFO - [2024-07-16T17:16:06.139+0000] {dag.py:3089} INFO - Sync 1 DAGs
[2024-07-16T17:16:06.158+0000] {logging_mixin.py:188} INFO - [2024-07-16T17:16:06.158+0000] {dag.py:3947} INFO - Setting next_dagrun for example_sla_dag to 2024-07-16 17:14:00+00:00, run_after=2024-07-16 17:16:00+00:00
[2024-07-16T17:16:06.173+0000] {processor.py:183} INFO - Processing /home/airflow/.local/lib/python3.12/site-packages/airflow/example_dags/example_sla_dag.py took 0.064 seconds
[2024-07-16T17:16:36.445+0000] {processor.py:161} INFO - Started process (PID=795) to work on /home/airflow/.local/lib/python3.12/site-packages/airflow/example_dags/example_sla_dag.py
[2024-07-16T17:16:36.447+0000] {processor.py:830} INFO - Processing file /home/airflow/.local/lib/python3.12/site-packages/airflow/example_dags/example_sla_dag.py for tasks to queue
[2024-07-16T17:16:36.449+0000] {logging_mixin.py:188} INFO - [2024-07-16T17:16:36.448+0000] {dagbag.py:545} INFO - Filling up the DagBag from /home/airflow/.local/lib/python3.12/site-packages/airflow/example_dags/example_sla_dag.py
[2024-07-16T17:16:36.458+0000] {processor.py:840} INFO - DAG(s) 'example_sla_dag' retrieved from /home/airflow/.local/lib/python3.12/site-packages/airflow/example_dags/example_sla_dag.py
[2024-07-16T17:16:36.475+0000] {logging_mixin.py:188} INFO - [2024-07-16T17:16:36.475+0000] {dag.py:3089} INFO - Sync 1 DAGs
[2024-07-16T17:16:36.499+0000] {logging_mixin.py:188} INFO - [2024-07-16T17:16:36.499+0000] {dag.py:3947} INFO - Setting next_dagrun for example_sla_dag to 2024-07-16 17:14:00+00:00, run_after=2024-07-16 17:16:00+00:00
[2024-07-16T17:16:36.519+0000] {processor.py:183} INFO - Processing /home/airflow/.local/lib/python3.12/site-packages/airflow/example_dags/example_sla_dag.py took 0.079 seconds
[2024-07-16T17:17:06.766+0000] {processor.py:161} INFO - Started process (PID=853) to work on /home/airflow/.local/lib/python3.12/site-packages/airflow/example_dags/example_sla_dag.py
[2024-07-16T17:17:06.767+0000] {processor.py:830} INFO - Processing file /home/airflow/.local/lib/python3.12/site-packages/airflow/example_dags/example_sla_dag.py for tasks to queue
[2024-07-16T17:17:06.769+0000] {logging_mixin.py:188} INFO - [2024-07-16T17:17:06.769+0000] {dagbag.py:545} INFO - Filling up the DagBag from /home/airflow/.local/lib/python3.12/site-packages/airflow/example_dags/example_sla_dag.py
[2024-07-16T17:17:06.778+0000] {processor.py:840} INFO - DAG(s) 'example_sla_dag' retrieved from /home/airflow/.local/lib/python3.12/site-packages/airflow/example_dags/example_sla_dag.py
[2024-07-16T17:17:06.795+0000] {logging_mixin.py:188} INFO - [2024-07-16T17:17:06.794+0000] {dag.py:3089} INFO - Sync 1 DAGs
[2024-07-16T17:17:06.816+0000] {logging_mixin.py:188} INFO - [2024-07-16T17:17:06.816+0000] {dag.py:3947} INFO - Setting next_dagrun for example_sla_dag to 2024-07-16 17:14:00+00:00, run_after=2024-07-16 17:16:00+00:00
[2024-07-16T17:17:06.833+0000] {processor.py:183} INFO - Processing /home/airflow/.local/lib/python3.12/site-packages/airflow/example_dags/example_sla_dag.py took 0.072 seconds
[2024-07-16T17:17:37.776+0000] {processor.py:161} INFO - Started process (PID=911) to work on /home/airflow/.local/lib/python3.12/site-packages/airflow/example_dags/example_sla_dag.py
[2024-07-16T17:17:37.777+0000] {processor.py:830} INFO - Processing file /home/airflow/.local/lib/python3.12/site-packages/airflow/example_dags/example_sla_dag.py for tasks to queue
[2024-07-16T17:17:37.779+0000] {logging_mixin.py:188} INFO - [2024-07-16T17:17:37.778+0000] {dagbag.py:545} INFO - Filling up the DagBag from /home/airflow/.local/lib/python3.12/site-packages/airflow/example_dags/example_sla_dag.py
[2024-07-16T17:17:37.788+0000] {processor.py:840} INFO - DAG(s) 'example_sla_dag' retrieved from /home/airflow/.local/lib/python3.12/site-packages/airflow/example_dags/example_sla_dag.py
[2024-07-16T17:17:37.808+0000] {logging_mixin.py:188} INFO - [2024-07-16T17:17:37.807+0000] {dag.py:3089} INFO - Sync 1 DAGs
[2024-07-16T17:17:37.828+0000] {logging_mixin.py:188} INFO - [2024-07-16T17:17:37.828+0000] {dag.py:3947} INFO - Setting next_dagrun for example_sla_dag to 2024-07-16 17:14:00+00:00, run_after=2024-07-16 17:16:00+00:00
[2024-07-16T17:17:37.845+0000] {processor.py:183} INFO - Processing /home/airflow/.local/lib/python3.12/site-packages/airflow/example_dags/example_sla_dag.py took 0.075 seconds
[2024-07-16T17:18:08.018+0000] {processor.py:161} INFO - Started process (PID=969) to work on /home/airflow/.local/lib/python3.12/site-packages/airflow/example_dags/example_sla_dag.py
[2024-07-16T17:18:08.020+0000] {processor.py:830} INFO - Processing file /home/airflow/.local/lib/python3.12/site-packages/airflow/example_dags/example_sla_dag.py for tasks to queue
[2024-07-16T17:18:08.023+0000] {logging_mixin.py:188} INFO - [2024-07-16T17:18:08.022+0000] {dagbag.py:545} INFO - Filling up the DagBag from /home/airflow/.local/lib/python3.12/site-packages/airflow/example_dags/example_sla_dag.py
[2024-07-16T17:18:08.057+0000] {processor.py:840} INFO - DAG(s) 'example_sla_dag' retrieved from /home/airflow/.local/lib/python3.12/site-packages/airflow/example_dags/example_sla_dag.py
[2024-07-16T17:18:08.084+0000] {logging_mixin.py:188} INFO - [2024-07-16T17:18:08.084+0000] {dag.py:3089} INFO - Sync 1 DAGs
[2024-07-16T17:18:08.143+0000] {logging_mixin.py:188} INFO - [2024-07-16T17:18:08.142+0000] {dag.py:3947} INFO - Setting next_dagrun for example_sla_dag to 2024-07-16 17:16:00+00:00, run_after=2024-07-16 17:18:00+00:00
[2024-07-16T17:18:08.175+0000] {processor.py:183} INFO - Processing /home/airflow/.local/lib/python3.12/site-packages/airflow/example_dags/example_sla_dag.py took 0.174 seconds
[2024-07-16T17:18:39.450+0000] {processor.py:161} INFO - Started process (PID=1027) to work on /home/airflow/.local/lib/python3.12/site-packages/airflow/example_dags/example_sla_dag.py
[2024-07-16T17:18:39.451+0000] {processor.py:830} INFO - Processing file /home/airflow/.local/lib/python3.12/site-packages/airflow/example_dags/example_sla_dag.py for tasks to queue
[2024-07-16T17:18:39.454+0000] {logging_mixin.py:188} INFO - [2024-07-16T17:18:39.453+0000] {dagbag.py:545} INFO - Filling up the DagBag from /home/airflow/.local/lib/python3.12/site-packages/airflow/example_dags/example_sla_dag.py
[2024-07-16T17:18:39.467+0000] {processor.py:840} INFO - DAG(s) 'example_sla_dag' retrieved from /home/airflow/.local/lib/python3.12/site-packages/airflow/example_dags/example_sla_dag.py
[2024-07-16T17:18:39.495+0000] {logging_mixin.py:188} INFO - [2024-07-16T17:18:39.494+0000] {dag.py:3089} INFO - Sync 1 DAGs
[2024-07-16T17:18:39.527+0000] {logging_mixin.py:188} INFO - [2024-07-16T17:18:39.527+0000] {dag.py:3947} INFO - Setting next_dagrun for example_sla_dag to 2024-07-16 17:16:00+00:00, run_after=2024-07-16 17:18:00+00:00
[2024-07-16T17:18:39.552+0000] {processor.py:183} INFO - Processing /home/airflow/.local/lib/python3.12/site-packages/airflow/example_dags/example_sla_dag.py took 0.111 seconds
[2024-07-16T17:19:11.589+0000] {processor.py:161} INFO - Started process (PID=1085) to work on /home/airflow/.local/lib/python3.12/site-packages/airflow/example_dags/example_sla_dag.py
[2024-07-16T17:19:11.604+0000] {processor.py:830} INFO - Processing file /home/airflow/.local/lib/python3.12/site-packages/airflow/example_dags/example_sla_dag.py for tasks to queue
[2024-07-16T17:19:11.620+0000] {logging_mixin.py:188} INFO - [2024-07-16T17:19:11.620+0000] {dagbag.py:545} INFO - Filling up the DagBag from /home/airflow/.local/lib/python3.12/site-packages/airflow/example_dags/example_sla_dag.py
[2024-07-16T17:19:11.644+0000] {processor.py:840} INFO - DAG(s) 'example_sla_dag' retrieved from /home/airflow/.local/lib/python3.12/site-packages/airflow/example_dags/example_sla_dag.py
[2024-07-16T17:19:11.710+0000] {logging_mixin.py:188} INFO - [2024-07-16T17:19:11.710+0000] {dag.py:3089} INFO - Sync 1 DAGs
[2024-07-16T17:19:11.843+0000] {logging_mixin.py:188} INFO - [2024-07-16T17:19:11.843+0000] {dag.py:3947} INFO - Setting next_dagrun for example_sla_dag to 2024-07-16 17:16:00+00:00, run_after=2024-07-16 17:18:00+00:00
[2024-07-16T17:19:11.907+0000] {processor.py:183} INFO - Processing /home/airflow/.local/lib/python3.12/site-packages/airflow/example_dags/example_sla_dag.py took 0.328 seconds
[2024-07-16T17:19:42.484+0000] {processor.py:161} INFO - Started process (PID=1143) to work on /home/airflow/.local/lib/python3.12/site-packages/airflow/example_dags/example_sla_dag.py
[2024-07-16T17:19:42.486+0000] {processor.py:830} INFO - Processing file /home/airflow/.local/lib/python3.12/site-packages/airflow/example_dags/example_sla_dag.py for tasks to queue
[2024-07-16T17:19:42.490+0000] {logging_mixin.py:188} INFO - [2024-07-16T17:19:42.489+0000] {dagbag.py:545} INFO - Filling up the DagBag from /home/airflow/.local/lib/python3.12/site-packages/airflow/example_dags/example_sla_dag.py
[2024-07-16T17:19:42.512+0000] {processor.py:840} INFO - DAG(s) 'example_sla_dag' retrieved from /home/airflow/.local/lib/python3.12/site-packages/airflow/example_dags/example_sla_dag.py
[2024-07-16T17:19:42.549+0000] {logging_mixin.py:188} INFO - [2024-07-16T17:19:42.548+0000] {dag.py:3089} INFO - Sync 1 DAGs
[2024-07-16T17:19:42.608+0000] {logging_mixin.py:188} INFO - [2024-07-16T17:19:42.608+0000] {dag.py:3947} INFO - Setting next_dagrun for example_sla_dag to 2024-07-16 17:16:00+00:00, run_after=2024-07-16 17:18:00+00:00
[2024-07-16T17:19:42.645+0000] {processor.py:183} INFO - Processing /home/airflow/.local/lib/python3.12/site-packages/airflow/example_dags/example_sla_dag.py took 0.174 seconds
[2024-07-16T17:23:55.693+0000] {processor.py:161} INFO - Started process (PID=101) to work on /home/airflow/.local/lib/python3.12/site-packages/airflow/example_dags/example_sla_dag.py
[2024-07-16T17:23:55.696+0000] {processor.py:830} INFO - Processing file /home/airflow/.local/lib/python3.12/site-packages/airflow/example_dags/example_sla_dag.py for tasks to queue
[2024-07-16T17:23:55.699+0000] {logging_mixin.py:188} INFO - [2024-07-16T17:23:55.699+0000] {dagbag.py:545} INFO - Filling up the DagBag from /home/airflow/.local/lib/python3.12/site-packages/airflow/example_dags/example_sla_dag.py
[2024-07-16T17:23:55.714+0000] {processor.py:840} INFO - DAG(s) 'example_sla_dag' retrieved from /home/airflow/.local/lib/python3.12/site-packages/airflow/example_dags/example_sla_dag.py
[2024-07-16T17:23:55.879+0000] {logging_mixin.py:188} INFO - [2024-07-16T17:23:55.879+0000] {dag.py:3089} INFO - Sync 1 DAGs
[2024-07-16T17:23:55.918+0000] {logging_mixin.py:188} INFO - [2024-07-16T17:23:55.918+0000] {dag.py:3947} INFO - Setting next_dagrun for example_sla_dag to 2024-07-16 17:20:00+00:00, run_after=2024-07-16 17:22:00+00:00
[2024-07-16T17:23:55.948+0000] {processor.py:183} INFO - Processing /home/airflow/.local/lib/python3.12/site-packages/airflow/example_dags/example_sla_dag.py took 0.263 seconds
[2024-07-16T17:24:26.054+0000] {processor.py:161} INFO - Started process (PID=158) to work on /home/airflow/.local/lib/python3.12/site-packages/airflow/example_dags/example_sla_dag.py
[2024-07-16T17:24:26.056+0000] {processor.py:830} INFO - Processing file /home/airflow/.local/lib/python3.12/site-packages/airflow/example_dags/example_sla_dag.py for tasks to queue
[2024-07-16T17:24:26.058+0000] {logging_mixin.py:188} INFO - [2024-07-16T17:24:26.058+0000] {dagbag.py:545} INFO - Filling up the DagBag from /home/airflow/.local/lib/python3.12/site-packages/airflow/example_dags/example_sla_dag.py
[2024-07-16T17:24:26.070+0000] {processor.py:840} INFO - DAG(s) 'example_sla_dag' retrieved from /home/airflow/.local/lib/python3.12/site-packages/airflow/example_dags/example_sla_dag.py
[2024-07-16T17:24:26.094+0000] {logging_mixin.py:188} INFO - [2024-07-16T17:24:26.094+0000] {dag.py:3089} INFO - Sync 1 DAGs
[2024-07-16T17:24:26.117+0000] {logging_mixin.py:188} INFO - [2024-07-16T17:24:26.117+0000] {dag.py:3947} INFO - Setting next_dagrun for example_sla_dag to 2024-07-16 17:22:00+00:00, run_after=2024-07-16 17:24:00+00:00
[2024-07-16T17:24:26.135+0000] {processor.py:183} INFO - Processing /home/airflow/.local/lib/python3.12/site-packages/airflow/example_dags/example_sla_dag.py took 0.091 seconds
[2024-07-16T17:24:56.809+0000] {processor.py:161} INFO - Started process (PID=216) to work on /home/airflow/.local/lib/python3.12/site-packages/airflow/example_dags/example_sla_dag.py
[2024-07-16T17:24:56.810+0000] {processor.py:830} INFO - Processing file /home/airflow/.local/lib/python3.12/site-packages/airflow/example_dags/example_sla_dag.py for tasks to queue
[2024-07-16T17:24:56.812+0000] {logging_mixin.py:188} INFO - [2024-07-16T17:24:56.812+0000] {dagbag.py:545} INFO - Filling up the DagBag from /home/airflow/.local/lib/python3.12/site-packages/airflow/example_dags/example_sla_dag.py
[2024-07-16T17:24:56.818+0000] {processor.py:840} INFO - DAG(s) 'example_sla_dag' retrieved from /home/airflow/.local/lib/python3.12/site-packages/airflow/example_dags/example_sla_dag.py
[2024-07-16T17:24:56.834+0000] {logging_mixin.py:188} INFO - [2024-07-16T17:24:56.834+0000] {dag.py:3089} INFO - Sync 1 DAGs
[2024-07-16T17:24:56.852+0000] {logging_mixin.py:188} INFO - [2024-07-16T17:24:56.852+0000] {dag.py:3947} INFO - Setting next_dagrun for example_sla_dag to 2024-07-16 17:22:00+00:00, run_after=2024-07-16 17:24:00+00:00
[2024-07-16T17:24:56.866+0000] {processor.py:183} INFO - Processing /home/airflow/.local/lib/python3.12/site-packages/airflow/example_dags/example_sla_dag.py took 0.061 seconds
[2024-07-16T17:25:27.401+0000] {processor.py:161} INFO - Started process (PID=275) to work on /home/airflow/.local/lib/python3.12/site-packages/airflow/example_dags/example_sla_dag.py
[2024-07-16T17:25:27.403+0000] {processor.py:830} INFO - Processing file /home/airflow/.local/lib/python3.12/site-packages/airflow/example_dags/example_sla_dag.py for tasks to queue
[2024-07-16T17:25:27.405+0000] {logging_mixin.py:188} INFO - [2024-07-16T17:25:27.404+0000] {dagbag.py:545} INFO - Filling up the DagBag from /home/airflow/.local/lib/python3.12/site-packages/airflow/example_dags/example_sla_dag.py
[2024-07-16T17:25:27.415+0000] {processor.py:840} INFO - DAG(s) 'example_sla_dag' retrieved from /home/airflow/.local/lib/python3.12/site-packages/airflow/example_dags/example_sla_dag.py
[2024-07-16T17:25:27.442+0000] {logging_mixin.py:188} INFO - [2024-07-16T17:25:27.442+0000] {dag.py:3089} INFO - Sync 1 DAGs
[2024-07-16T17:25:27.475+0000] {logging_mixin.py:188} INFO - [2024-07-16T17:25:27.474+0000] {dag.py:3947} INFO - Setting next_dagrun for example_sla_dag to 2024-07-16 17:22:00+00:00, run_after=2024-07-16 17:24:00+00:00
[2024-07-16T17:25:27.507+0000] {processor.py:183} INFO - Processing /home/airflow/.local/lib/python3.12/site-packages/airflow/example_dags/example_sla_dag.py took 0.111 seconds
[2024-07-16T17:29:58.965+0000] {processor.py:161} INFO - Started process (PID=101) to work on /home/airflow/.local/lib/python3.12/site-packages/airflow/example_dags/example_sla_dag.py
[2024-07-16T17:29:58.967+0000] {processor.py:830} INFO - Processing file /home/airflow/.local/lib/python3.12/site-packages/airflow/example_dags/example_sla_dag.py for tasks to queue
[2024-07-16T17:29:58.970+0000] {logging_mixin.py:188} INFO - [2024-07-16T17:29:58.969+0000] {dagbag.py:545} INFO - Filling up the DagBag from /home/airflow/.local/lib/python3.12/site-packages/airflow/example_dags/example_sla_dag.py
[2024-07-16T17:29:58.987+0000] {processor.py:840} INFO - DAG(s) 'example_sla_dag' retrieved from /home/airflow/.local/lib/python3.12/site-packages/airflow/example_dags/example_sla_dag.py
[2024-07-16T17:29:59.128+0000] {logging_mixin.py:188} INFO - [2024-07-16T17:29:59.128+0000] {dag.py:3089} INFO - Sync 1 DAGs
[2024-07-16T17:29:59.164+0000] {logging_mixin.py:188} INFO - [2024-07-16T17:29:59.164+0000] {dag.py:3947} INFO - Setting next_dagrun for example_sla_dag to 2024-07-16 17:26:00+00:00, run_after=2024-07-16 17:28:00+00:00
[2024-07-16T17:29:59.226+0000] {processor.py:183} INFO - Processing /home/airflow/.local/lib/python3.12/site-packages/airflow/example_dags/example_sla_dag.py took 0.271 seconds
[2024-07-16T17:30:29.308+0000] {processor.py:161} INFO - Started process (PID=159) to work on /home/airflow/.local/lib/python3.12/site-packages/airflow/example_dags/example_sla_dag.py
[2024-07-16T17:30:29.311+0000] {processor.py:830} INFO - Processing file /home/airflow/.local/lib/python3.12/site-packages/airflow/example_dags/example_sla_dag.py for tasks to queue
[2024-07-16T17:30:29.313+0000] {logging_mixin.py:188} INFO - [2024-07-16T17:30:29.313+0000] {dagbag.py:545} INFO - Filling up the DagBag from /home/airflow/.local/lib/python3.12/site-packages/airflow/example_dags/example_sla_dag.py
[2024-07-16T17:30:29.321+0000] {processor.py:840} INFO - DAG(s) 'example_sla_dag' retrieved from /home/airflow/.local/lib/python3.12/site-packages/airflow/example_dags/example_sla_dag.py
[2024-07-16T17:30:29.342+0000] {logging_mixin.py:188} INFO - [2024-07-16T17:30:29.341+0000] {dag.py:3089} INFO - Sync 1 DAGs
[2024-07-16T17:30:29.369+0000] {logging_mixin.py:188} INFO - [2024-07-16T17:30:29.369+0000] {dag.py:3947} INFO - Setting next_dagrun for example_sla_dag to 2024-07-16 17:28:00+00:00, run_after=2024-07-16 17:30:00+00:00
[2024-07-16T17:30:29.391+0000] {processor.py:183} INFO - Processing /home/airflow/.local/lib/python3.12/site-packages/airflow/example_dags/example_sla_dag.py took 0.091 seconds
[2024-07-16T17:30:59.583+0000] {processor.py:161} INFO - Started process (PID=216) to work on /home/airflow/.local/lib/python3.12/site-packages/airflow/example_dags/example_sla_dag.py
[2024-07-16T17:30:59.585+0000] {processor.py:830} INFO - Processing file /home/airflow/.local/lib/python3.12/site-packages/airflow/example_dags/example_sla_dag.py for tasks to queue
[2024-07-16T17:30:59.588+0000] {logging_mixin.py:188} INFO - [2024-07-16T17:30:59.587+0000] {dagbag.py:545} INFO - Filling up the DagBag from /home/airflow/.local/lib/python3.12/site-packages/airflow/example_dags/example_sla_dag.py
[2024-07-16T17:30:59.608+0000] {processor.py:840} INFO - DAG(s) 'example_sla_dag' retrieved from /home/airflow/.local/lib/python3.12/site-packages/airflow/example_dags/example_sla_dag.py
[2024-07-16T17:30:59.648+0000] {logging_mixin.py:188} INFO - [2024-07-16T17:30:59.647+0000] {dag.py:3089} INFO - Sync 1 DAGs
[2024-07-16T17:30:59.701+0000] {logging_mixin.py:188} INFO - [2024-07-16T17:30:59.700+0000] {dag.py:3947} INFO - Setting next_dagrun for example_sla_dag to 2024-07-16 17:28:00+00:00, run_after=2024-07-16 17:30:00+00:00
[2024-07-16T17:30:59.741+0000] {processor.py:183} INFO - Processing /home/airflow/.local/lib/python3.12/site-packages/airflow/example_dags/example_sla_dag.py took 0.173 seconds
[2024-07-16T17:31:30.240+0000] {processor.py:161} INFO - Started process (PID=274) to work on /home/airflow/.local/lib/python3.12/site-packages/airflow/example_dags/example_sla_dag.py
[2024-07-16T17:31:30.242+0000] {processor.py:830} INFO - Processing file /home/airflow/.local/lib/python3.12/site-packages/airflow/example_dags/example_sla_dag.py for tasks to queue
[2024-07-16T17:31:30.246+0000] {logging_mixin.py:188} INFO - [2024-07-16T17:31:30.245+0000] {dagbag.py:545} INFO - Filling up the DagBag from /home/airflow/.local/lib/python3.12/site-packages/airflow/example_dags/example_sla_dag.py
[2024-07-16T17:31:30.261+0000] {processor.py:840} INFO - DAG(s) 'example_sla_dag' retrieved from /home/airflow/.local/lib/python3.12/site-packages/airflow/example_dags/example_sla_dag.py
[2024-07-16T17:31:30.292+0000] {logging_mixin.py:188} INFO - [2024-07-16T17:31:30.292+0000] {dag.py:3089} INFO - Sync 1 DAGs
[2024-07-16T17:31:30.340+0000] {logging_mixin.py:188} INFO - [2024-07-16T17:31:30.339+0000] {dag.py:3947} INFO - Setting next_dagrun for example_sla_dag to 2024-07-16 17:28:00+00:00, run_after=2024-07-16 17:30:00+00:00
[2024-07-16T17:31:30.370+0000] {processor.py:183} INFO - Processing /home/airflow/.local/lib/python3.12/site-packages/airflow/example_dags/example_sla_dag.py took 0.141 seconds
[2024-07-16T17:32:03.582+0000] {processor.py:161} INFO - Started process (PID=332) to work on /home/airflow/.local/lib/python3.12/site-packages/airflow/example_dags/example_sla_dag.py
[2024-07-16T17:32:03.584+0000] {processor.py:830} INFO - Processing file /home/airflow/.local/lib/python3.12/site-packages/airflow/example_dags/example_sla_dag.py for tasks to queue
[2024-07-16T17:32:03.589+0000] {logging_mixin.py:188} INFO - [2024-07-16T17:32:03.588+0000] {dagbag.py:545} INFO - Filling up the DagBag from /home/airflow/.local/lib/python3.12/site-packages/airflow/example_dags/example_sla_dag.py
[2024-07-16T17:32:03.617+0000] {processor.py:840} INFO - DAG(s) 'example_sla_dag' retrieved from /home/airflow/.local/lib/python3.12/site-packages/airflow/example_dags/example_sla_dag.py
[2024-07-16T17:32:03.673+0000] {logging_mixin.py:188} INFO - [2024-07-16T17:32:03.672+0000] {dag.py:3089} INFO - Sync 1 DAGs
[2024-07-16T17:32:03.757+0000] {logging_mixin.py:188} INFO - [2024-07-16T17:32:03.756+0000] {dag.py:3947} INFO - Setting next_dagrun for example_sla_dag to 2024-07-16 17:30:00+00:00, run_after=2024-07-16 17:32:00+00:00
[2024-07-16T17:32:03.818+0000] {processor.py:183} INFO - Processing /home/airflow/.local/lib/python3.12/site-packages/airflow/example_dags/example_sla_dag.py took 0.251 seconds
[2024-07-16T17:32:33.938+0000] {processor.py:161} INFO - Started process (PID=390) to work on /home/airflow/.local/lib/python3.12/site-packages/airflow/example_dags/example_sla_dag.py
[2024-07-16T17:32:33.940+0000] {processor.py:830} INFO - Processing file /home/airflow/.local/lib/python3.12/site-packages/airflow/example_dags/example_sla_dag.py for tasks to queue
[2024-07-16T17:32:33.944+0000] {logging_mixin.py:188} INFO - [2024-07-16T17:32:33.943+0000] {dagbag.py:545} INFO - Filling up the DagBag from /home/airflow/.local/lib/python3.12/site-packages/airflow/example_dags/example_sla_dag.py
[2024-07-16T17:32:33.963+0000] {processor.py:840} INFO - DAG(s) 'example_sla_dag' retrieved from /home/airflow/.local/lib/python3.12/site-packages/airflow/example_dags/example_sla_dag.py
[2024-07-16T17:32:34.016+0000] {logging_mixin.py:188} INFO - [2024-07-16T17:32:34.015+0000] {dag.py:3089} INFO - Sync 1 DAGs
[2024-07-16T17:32:34.073+0000] {logging_mixin.py:188} INFO - [2024-07-16T17:32:34.072+0000] {dag.py:3947} INFO - Setting next_dagrun for example_sla_dag to 2024-07-16 17:30:00+00:00, run_after=2024-07-16 17:32:00+00:00
[2024-07-16T17:32:34.119+0000] {processor.py:183} INFO - Processing /home/airflow/.local/lib/python3.12/site-packages/airflow/example_dags/example_sla_dag.py took 0.192 seconds
[2024-07-16T17:33:04.719+0000] {processor.py:161} INFO - Started process (PID=448) to work on /home/airflow/.local/lib/python3.12/site-packages/airflow/example_dags/example_sla_dag.py
[2024-07-16T17:33:04.721+0000] {processor.py:830} INFO - Processing file /home/airflow/.local/lib/python3.12/site-packages/airflow/example_dags/example_sla_dag.py for tasks to queue
[2024-07-16T17:33:04.725+0000] {logging_mixin.py:188} INFO - [2024-07-16T17:33:04.724+0000] {dagbag.py:545} INFO - Filling up the DagBag from /home/airflow/.local/lib/python3.12/site-packages/airflow/example_dags/example_sla_dag.py
[2024-07-16T17:33:04.744+0000] {processor.py:840} INFO - DAG(s) 'example_sla_dag' retrieved from /home/airflow/.local/lib/python3.12/site-packages/airflow/example_dags/example_sla_dag.py
[2024-07-16T17:33:04.784+0000] {logging_mixin.py:188} INFO - [2024-07-16T17:33:04.783+0000] {dag.py:3089} INFO - Sync 1 DAGs
[2024-07-16T17:33:04.866+0000] {logging_mixin.py:188} INFO - [2024-07-16T17:33:04.865+0000] {dag.py:3947} INFO - Setting next_dagrun for example_sla_dag to 2024-07-16 17:30:00+00:00, run_after=2024-07-16 17:32:00+00:00
[2024-07-16T17:33:04.942+0000] {processor.py:183} INFO - Processing /home/airflow/.local/lib/python3.12/site-packages/airflow/example_dags/example_sla_dag.py took 0.235 seconds
[2024-07-16T18:04:18.894+0000] {processor.py:161} INFO - Started process (PID=102) to work on /home/airflow/.local/lib/python3.12/site-packages/airflow/example_dags/example_sla_dag.py
[2024-07-16T18:04:18.896+0000] {processor.py:830} INFO - Processing file /home/airflow/.local/lib/python3.12/site-packages/airflow/example_dags/example_sla_dag.py for tasks to queue
[2024-07-16T18:04:18.899+0000] {logging_mixin.py:188} INFO - [2024-07-16T18:04:18.898+0000] {dagbag.py:545} INFO - Filling up the DagBag from /home/airflow/.local/lib/python3.12/site-packages/airflow/example_dags/example_sla_dag.py
[2024-07-16T18:04:18.916+0000] {processor.py:840} INFO - DAG(s) 'example_sla_dag' retrieved from /home/airflow/.local/lib/python3.12/site-packages/airflow/example_dags/example_sla_dag.py
[2024-07-16T18:04:19.068+0000] {logging_mixin.py:188} INFO - [2024-07-16T18:04:19.068+0000] {dag.py:3089} INFO - Sync 1 DAGs
[2024-07-16T18:04:19.103+0000] {logging_mixin.py:188} INFO - [2024-07-16T18:04:19.103+0000] {dag.py:3947} INFO - Setting next_dagrun for example_sla_dag to 2024-07-16 18:02:00+00:00, run_after=2024-07-16 18:04:00+00:00
[2024-07-16T18:04:19.133+0000] {processor.py:183} INFO - Processing /home/airflow/.local/lib/python3.12/site-packages/airflow/example_dags/example_sla_dag.py took 0.249 seconds
[2024-07-16T18:12:26.136+0000] {processor.py:161} INFO - Started process (PID=102) to work on /home/airflow/.local/lib/python3.12/site-packages/airflow/example_dags/example_sla_dag.py
[2024-07-16T18:12:26.137+0000] {processor.py:830} INFO - Processing file /home/airflow/.local/lib/python3.12/site-packages/airflow/example_dags/example_sla_dag.py for tasks to queue
[2024-07-16T18:12:26.140+0000] {logging_mixin.py:188} INFO - [2024-07-16T18:12:26.139+0000] {dagbag.py:545} INFO - Filling up the DagBag from /home/airflow/.local/lib/python3.12/site-packages/airflow/example_dags/example_sla_dag.py
[2024-07-16T18:12:26.151+0000] {processor.py:840} INFO - DAG(s) 'example_sla_dag' retrieved from /home/airflow/.local/lib/python3.12/site-packages/airflow/example_dags/example_sla_dag.py
[2024-07-16T18:12:26.267+0000] {logging_mixin.py:188} INFO - [2024-07-16T18:12:26.267+0000] {dag.py:3089} INFO - Sync 1 DAGs
[2024-07-16T18:12:26.295+0000] {logging_mixin.py:188} INFO - [2024-07-16T18:12:26.295+0000] {dag.py:3947} INFO - Setting next_dagrun for example_sla_dag to 2024-07-16 18:10:00+00:00, run_after=2024-07-16 18:12:00+00:00
[2024-07-16T18:12:26.322+0000] {processor.py:183} INFO - Processing /home/airflow/.local/lib/python3.12/site-packages/airflow/example_dags/example_sla_dag.py took 0.192 seconds
[2024-07-16T18:12:56.428+0000] {processor.py:161} INFO - Started process (PID=161) to work on /home/airflow/.local/lib/python3.12/site-packages/airflow/example_dags/example_sla_dag.py
[2024-07-16T18:12:56.429+0000] {processor.py:830} INFO - Processing file /home/airflow/.local/lib/python3.12/site-packages/airflow/example_dags/example_sla_dag.py for tasks to queue
[2024-07-16T18:12:56.431+0000] {logging_mixin.py:188} INFO - [2024-07-16T18:12:56.431+0000] {dagbag.py:545} INFO - Filling up the DagBag from /home/airflow/.local/lib/python3.12/site-packages/airflow/example_dags/example_sla_dag.py
[2024-07-16T18:12:56.438+0000] {processor.py:840} INFO - DAG(s) 'example_sla_dag' retrieved from /home/airflow/.local/lib/python3.12/site-packages/airflow/example_dags/example_sla_dag.py
[2024-07-16T18:12:56.457+0000] {logging_mixin.py:188} INFO - [2024-07-16T18:12:56.457+0000] {dag.py:3089} INFO - Sync 1 DAGs
[2024-07-16T18:12:56.477+0000] {logging_mixin.py:188} INFO - [2024-07-16T18:12:56.477+0000] {dag.py:3947} INFO - Setting next_dagrun for example_sla_dag to 2024-07-16 18:10:00+00:00, run_after=2024-07-16 18:12:00+00:00
[2024-07-16T18:12:56.496+0000] {processor.py:183} INFO - Processing /home/airflow/.local/lib/python3.12/site-packages/airflow/example_dags/example_sla_dag.py took 0.073 seconds
[2024-07-16T18:13:26.790+0000] {processor.py:161} INFO - Started process (PID=220) to work on /home/airflow/.local/lib/python3.12/site-packages/airflow/example_dags/example_sla_dag.py
[2024-07-16T18:13:26.791+0000] {processor.py:830} INFO - Processing file /home/airflow/.local/lib/python3.12/site-packages/airflow/example_dags/example_sla_dag.py for tasks to queue
[2024-07-16T18:13:26.793+0000] {logging_mixin.py:188} INFO - [2024-07-16T18:13:26.793+0000] {dagbag.py:545} INFO - Filling up the DagBag from /home/airflow/.local/lib/python3.12/site-packages/airflow/example_dags/example_sla_dag.py
[2024-07-16T18:13:26.804+0000] {processor.py:840} INFO - DAG(s) 'example_sla_dag' retrieved from /home/airflow/.local/lib/python3.12/site-packages/airflow/example_dags/example_sla_dag.py
[2024-07-16T18:13:26.828+0000] {logging_mixin.py:188} INFO - [2024-07-16T18:13:26.828+0000] {dag.py:3089} INFO - Sync 1 DAGs
[2024-07-16T18:13:26.851+0000] {logging_mixin.py:188} INFO - [2024-07-16T18:13:26.851+0000] {dag.py:3947} INFO - Setting next_dagrun for example_sla_dag to 2024-07-16 18:10:00+00:00, run_after=2024-07-16 18:12:00+00:00
[2024-07-16T18:13:26.870+0000] {processor.py:183} INFO - Processing /home/airflow/.local/lib/python3.12/site-packages/airflow/example_dags/example_sla_dag.py took 0.086 seconds
