[2024-07-16T17:10:23.856+0000] {processor.py:161} INFO - Started process (PID=67) to work on /home/airflow/.local/lib/python3.12/site-packages/airflow/example_dags/example_bash_decorator.py
[2024-07-16T17:10:23.858+0000] {processor.py:830} INFO - Processing file /home/airflow/.local/lib/python3.12/site-packages/airflow/example_dags/example_bash_decorator.py for tasks to queue
[2024-07-16T17:10:23.860+0000] {logging_mixin.py:188} INFO - [2024-07-16T17:10:23.859+0000] {dagbag.py:545} INFO - Filling up the DagBag from /home/airflow/.local/lib/python3.12/site-packages/airflow/example_dags/example_bash_decorator.py
[2024-07-16T17:10:23.896+0000] {processor.py:840} INFO - DAG(s) 'example_bash_decorator' retrieved from /home/airflow/.local/lib/python3.12/site-packages/airflow/example_dags/example_bash_decorator.py
[2024-07-16T17:10:24.104+0000] {logging_mixin.py:188} INFO - [2024-07-16T17:10:24.104+0000] {dag.py:3089} INFO - Sync 1 DAGs
[2024-07-16T17:10:24.117+0000] {logging_mixin.py:188} INFO - [2024-07-16T17:10:24.117+0000] {dag.py:3947} INFO - Setting next_dagrun for example_bash_decorator to None, run_after=None
[2024-07-16T17:10:24.144+0000] {processor.py:183} INFO - Processing /home/airflow/.local/lib/python3.12/site-packages/airflow/example_dags/example_bash_decorator.py took 0.294 seconds
[2024-07-16T17:10:54.186+0000] {processor.py:161} INFO - Started process (PID=125) to work on /home/airflow/.local/lib/python3.12/site-packages/airflow/example_dags/example_bash_decorator.py
[2024-07-16T17:10:54.187+0000] {processor.py:830} INFO - Processing file /home/airflow/.local/lib/python3.12/site-packages/airflow/example_dags/example_bash_decorator.py for tasks to queue
[2024-07-16T17:10:54.189+0000] {logging_mixin.py:188} INFO - [2024-07-16T17:10:54.189+0000] {dagbag.py:545} INFO - Filling up the DagBag from /home/airflow/.local/lib/python3.12/site-packages/airflow/example_dags/example_bash_decorator.py
[2024-07-16T17:10:54.206+0000] {processor.py:840} INFO - DAG(s) 'example_bash_decorator' retrieved from /home/airflow/.local/lib/python3.12/site-packages/airflow/example_dags/example_bash_decorator.py
[2024-07-16T17:10:54.235+0000] {logging_mixin.py:188} INFO - [2024-07-16T17:10:54.234+0000] {dag.py:3089} INFO - Sync 1 DAGs
[2024-07-16T17:10:54.252+0000] {logging_mixin.py:188} INFO - [2024-07-16T17:10:54.251+0000] {dag.py:3947} INFO - Setting next_dagrun for example_bash_decorator to None, run_after=None
[2024-07-16T17:10:54.275+0000] {processor.py:183} INFO - Processing /home/airflow/.local/lib/python3.12/site-packages/airflow/example_dags/example_bash_decorator.py took 0.096 seconds
[2024-07-16T17:11:24.501+0000] {processor.py:161} INFO - Started process (PID=183) to work on /home/airflow/.local/lib/python3.12/site-packages/airflow/example_dags/example_bash_decorator.py
[2024-07-16T17:11:24.502+0000] {processor.py:830} INFO - Processing file /home/airflow/.local/lib/python3.12/site-packages/airflow/example_dags/example_bash_decorator.py for tasks to queue
[2024-07-16T17:11:24.503+0000] {logging_mixin.py:188} INFO - [2024-07-16T17:11:24.503+0000] {dagbag.py:545} INFO - Filling up the DagBag from /home/airflow/.local/lib/python3.12/site-packages/airflow/example_dags/example_bash_decorator.py
[2024-07-16T17:11:24.514+0000] {processor.py:840} INFO - DAG(s) 'example_bash_decorator' retrieved from /home/airflow/.local/lib/python3.12/site-packages/airflow/example_dags/example_bash_decorator.py
[2024-07-16T17:11:24.536+0000] {logging_mixin.py:188} INFO - [2024-07-16T17:11:24.536+0000] {dag.py:3089} INFO - Sync 1 DAGs
[2024-07-16T17:11:24.547+0000] {logging_mixin.py:188} INFO - [2024-07-16T17:11:24.547+0000] {dag.py:3947} INFO - Setting next_dagrun for example_bash_decorator to None, run_after=None
[2024-07-16T17:11:24.566+0000] {processor.py:183} INFO - Processing /home/airflow/.local/lib/python3.12/site-packages/airflow/example_dags/example_bash_decorator.py took 0.070 seconds
[2024-07-16T17:11:54.802+0000] {processor.py:161} INFO - Started process (PID=241) to work on /home/airflow/.local/lib/python3.12/site-packages/airflow/example_dags/example_bash_decorator.py
[2024-07-16T17:11:54.803+0000] {processor.py:830} INFO - Processing file /home/airflow/.local/lib/python3.12/site-packages/airflow/example_dags/example_bash_decorator.py for tasks to queue
[2024-07-16T17:11:54.805+0000] {logging_mixin.py:188} INFO - [2024-07-16T17:11:54.805+0000] {dagbag.py:545} INFO - Filling up the DagBag from /home/airflow/.local/lib/python3.12/site-packages/airflow/example_dags/example_bash_decorator.py
[2024-07-16T17:11:54.819+0000] {processor.py:840} INFO - DAG(s) 'example_bash_decorator' retrieved from /home/airflow/.local/lib/python3.12/site-packages/airflow/example_dags/example_bash_decorator.py
[2024-07-16T17:11:54.843+0000] {logging_mixin.py:188} INFO - [2024-07-16T17:11:54.843+0000] {dag.py:3089} INFO - Sync 1 DAGs
[2024-07-16T17:11:54.857+0000] {logging_mixin.py:188} INFO - [2024-07-16T17:11:54.857+0000] {dag.py:3947} INFO - Setting next_dagrun for example_bash_decorator to None, run_after=None
[2024-07-16T17:11:54.881+0000] {processor.py:183} INFO - Processing /home/airflow/.local/lib/python3.12/site-packages/airflow/example_dags/example_bash_decorator.py took 0.084 seconds
[2024-07-16T17:12:25.145+0000] {processor.py:161} INFO - Started process (PID=299) to work on /home/airflow/.local/lib/python3.12/site-packages/airflow/example_dags/example_bash_decorator.py
[2024-07-16T17:12:25.146+0000] {processor.py:830} INFO - Processing file /home/airflow/.local/lib/python3.12/site-packages/airflow/example_dags/example_bash_decorator.py for tasks to queue
[2024-07-16T17:12:25.150+0000] {logging_mixin.py:188} INFO - [2024-07-16T17:12:25.149+0000] {dagbag.py:545} INFO - Filling up the DagBag from /home/airflow/.local/lib/python3.12/site-packages/airflow/example_dags/example_bash_decorator.py
[2024-07-16T17:12:25.164+0000] {processor.py:840} INFO - DAG(s) 'example_bash_decorator' retrieved from /home/airflow/.local/lib/python3.12/site-packages/airflow/example_dags/example_bash_decorator.py
[2024-07-16T17:12:25.191+0000] {logging_mixin.py:188} INFO - [2024-07-16T17:12:25.191+0000] {dag.py:3089} INFO - Sync 1 DAGs
[2024-07-16T17:12:25.203+0000] {logging_mixin.py:188} INFO - [2024-07-16T17:12:25.203+0000] {dag.py:3947} INFO - Setting next_dagrun for example_bash_decorator to None, run_after=None
[2024-07-16T17:12:25.220+0000] {processor.py:183} INFO - Processing /home/airflow/.local/lib/python3.12/site-packages/airflow/example_dags/example_bash_decorator.py took 0.082 seconds
[2024-07-16T17:12:55.528+0000] {processor.py:161} INFO - Started process (PID=357) to work on /home/airflow/.local/lib/python3.12/site-packages/airflow/example_dags/example_bash_decorator.py
[2024-07-16T17:12:55.529+0000] {processor.py:830} INFO - Processing file /home/airflow/.local/lib/python3.12/site-packages/airflow/example_dags/example_bash_decorator.py for tasks to queue
[2024-07-16T17:12:55.531+0000] {logging_mixin.py:188} INFO - [2024-07-16T17:12:55.531+0000] {dagbag.py:545} INFO - Filling up the DagBag from /home/airflow/.local/lib/python3.12/site-packages/airflow/example_dags/example_bash_decorator.py
[2024-07-16T17:12:55.549+0000] {processor.py:840} INFO - DAG(s) 'example_bash_decorator' retrieved from /home/airflow/.local/lib/python3.12/site-packages/airflow/example_dags/example_bash_decorator.py
[2024-07-16T17:12:55.579+0000] {logging_mixin.py:188} INFO - [2024-07-16T17:12:55.578+0000] {dag.py:3089} INFO - Sync 1 DAGs
[2024-07-16T17:12:55.595+0000] {logging_mixin.py:188} INFO - [2024-07-16T17:12:55.595+0000] {dag.py:3947} INFO - Setting next_dagrun for example_bash_decorator to None, run_after=None
[2024-07-16T17:12:55.626+0000] {processor.py:183} INFO - Processing /home/airflow/.local/lib/python3.12/site-packages/airflow/example_dags/example_bash_decorator.py took 0.104 seconds
[2024-07-16T17:13:25.726+0000] {processor.py:161} INFO - Started process (PID=415) to work on /home/airflow/.local/lib/python3.12/site-packages/airflow/example_dags/example_bash_decorator.py
[2024-07-16T17:13:25.727+0000] {processor.py:830} INFO - Processing file /home/airflow/.local/lib/python3.12/site-packages/airflow/example_dags/example_bash_decorator.py for tasks to queue
[2024-07-16T17:13:25.729+0000] {logging_mixin.py:188} INFO - [2024-07-16T17:13:25.729+0000] {dagbag.py:545} INFO - Filling up the DagBag from /home/airflow/.local/lib/python3.12/site-packages/airflow/example_dags/example_bash_decorator.py
[2024-07-16T17:13:25.742+0000] {processor.py:840} INFO - DAG(s) 'example_bash_decorator' retrieved from /home/airflow/.local/lib/python3.12/site-packages/airflow/example_dags/example_bash_decorator.py
[2024-07-16T17:13:25.762+0000] {logging_mixin.py:188} INFO - [2024-07-16T17:13:25.762+0000] {dag.py:3089} INFO - Sync 1 DAGs
[2024-07-16T17:13:25.775+0000] {logging_mixin.py:188} INFO - [2024-07-16T17:13:25.775+0000] {dag.py:3947} INFO - Setting next_dagrun for example_bash_decorator to None, run_after=None
[2024-07-16T17:13:25.801+0000] {processor.py:183} INFO - Processing /home/airflow/.local/lib/python3.12/site-packages/airflow/example_dags/example_bash_decorator.py took 0.079 seconds
[2024-07-16T17:13:56.087+0000] {processor.py:161} INFO - Started process (PID=473) to work on /home/airflow/.local/lib/python3.12/site-packages/airflow/example_dags/example_bash_decorator.py
[2024-07-16T17:13:56.088+0000] {processor.py:830} INFO - Processing file /home/airflow/.local/lib/python3.12/site-packages/airflow/example_dags/example_bash_decorator.py for tasks to queue
[2024-07-16T17:13:56.090+0000] {logging_mixin.py:188} INFO - [2024-07-16T17:13:56.089+0000] {dagbag.py:545} INFO - Filling up the DagBag from /home/airflow/.local/lib/python3.12/site-packages/airflow/example_dags/example_bash_decorator.py
[2024-07-16T17:13:56.102+0000] {processor.py:840} INFO - DAG(s) 'example_bash_decorator' retrieved from /home/airflow/.local/lib/python3.12/site-packages/airflow/example_dags/example_bash_decorator.py
[2024-07-16T17:13:56.124+0000] {logging_mixin.py:188} INFO - [2024-07-16T17:13:56.123+0000] {dag.py:3089} INFO - Sync 1 DAGs
[2024-07-16T17:13:56.137+0000] {logging_mixin.py:188} INFO - [2024-07-16T17:13:56.137+0000] {dag.py:3947} INFO - Setting next_dagrun for example_bash_decorator to None, run_after=None
[2024-07-16T17:13:56.158+0000] {processor.py:183} INFO - Processing /home/airflow/.local/lib/python3.12/site-packages/airflow/example_dags/example_bash_decorator.py took 0.077 seconds
[2024-07-16T17:14:26.254+0000] {processor.py:161} INFO - Started process (PID=531) to work on /home/airflow/.local/lib/python3.12/site-packages/airflow/example_dags/example_bash_decorator.py
[2024-07-16T17:14:26.272+0000] {processor.py:830} INFO - Processing file /home/airflow/.local/lib/python3.12/site-packages/airflow/example_dags/example_bash_decorator.py for tasks to queue
[2024-07-16T17:14:26.289+0000] {logging_mixin.py:188} INFO - [2024-07-16T17:14:26.288+0000] {dagbag.py:545} INFO - Filling up the DagBag from /home/airflow/.local/lib/python3.12/site-packages/airflow/example_dags/example_bash_decorator.py
[2024-07-16T17:14:26.309+0000] {processor.py:840} INFO - DAG(s) 'example_bash_decorator' retrieved from /home/airflow/.local/lib/python3.12/site-packages/airflow/example_dags/example_bash_decorator.py
[2024-07-16T17:14:26.336+0000] {logging_mixin.py:188} INFO - [2024-07-16T17:14:26.336+0000] {dag.py:3089} INFO - Sync 1 DAGs
[2024-07-16T17:14:26.347+0000] {logging_mixin.py:188} INFO - [2024-07-16T17:14:26.346+0000] {dag.py:3947} INFO - Setting next_dagrun for example_bash_decorator to None, run_after=None
[2024-07-16T17:14:26.366+0000] {processor.py:183} INFO - Processing /home/airflow/.local/lib/python3.12/site-packages/airflow/example_dags/example_bash_decorator.py took 0.118 seconds
[2024-07-16T17:14:56.787+0000] {processor.py:161} INFO - Started process (PID=589) to work on /home/airflow/.local/lib/python3.12/site-packages/airflow/example_dags/example_bash_decorator.py
[2024-07-16T17:14:56.788+0000] {processor.py:830} INFO - Processing file /home/airflow/.local/lib/python3.12/site-packages/airflow/example_dags/example_bash_decorator.py for tasks to queue
[2024-07-16T17:14:56.791+0000] {logging_mixin.py:188} INFO - [2024-07-16T17:14:56.790+0000] {dagbag.py:545} INFO - Filling up the DagBag from /home/airflow/.local/lib/python3.12/site-packages/airflow/example_dags/example_bash_decorator.py
[2024-07-16T17:14:56.805+0000] {processor.py:840} INFO - DAG(s) 'example_bash_decorator' retrieved from /home/airflow/.local/lib/python3.12/site-packages/airflow/example_dags/example_bash_decorator.py
[2024-07-16T17:14:56.835+0000] {logging_mixin.py:188} INFO - [2024-07-16T17:14:56.835+0000] {dag.py:3089} INFO - Sync 1 DAGs
[2024-07-16T17:14:56.849+0000] {logging_mixin.py:188} INFO - [2024-07-16T17:14:56.849+0000] {dag.py:3947} INFO - Setting next_dagrun for example_bash_decorator to None, run_after=None
[2024-07-16T17:14:56.877+0000] {processor.py:183} INFO - Processing /home/airflow/.local/lib/python3.12/site-packages/airflow/example_dags/example_bash_decorator.py took 0.096 seconds
[2024-07-16T17:15:27.784+0000] {processor.py:161} INFO - Started process (PID=647) to work on /home/airflow/.local/lib/python3.12/site-packages/airflow/example_dags/example_bash_decorator.py
[2024-07-16T17:15:27.785+0000] {processor.py:830} INFO - Processing file /home/airflow/.local/lib/python3.12/site-packages/airflow/example_dags/example_bash_decorator.py for tasks to queue
[2024-07-16T17:15:27.787+0000] {logging_mixin.py:188} INFO - [2024-07-16T17:15:27.787+0000] {dagbag.py:545} INFO - Filling up the DagBag from /home/airflow/.local/lib/python3.12/site-packages/airflow/example_dags/example_bash_decorator.py
[2024-07-16T17:15:27.800+0000] {processor.py:840} INFO - DAG(s) 'example_bash_decorator' retrieved from /home/airflow/.local/lib/python3.12/site-packages/airflow/example_dags/example_bash_decorator.py
[2024-07-16T17:15:27.820+0000] {logging_mixin.py:188} INFO - [2024-07-16T17:15:27.820+0000] {dag.py:3089} INFO - Sync 1 DAGs
[2024-07-16T17:15:27.831+0000] {logging_mixin.py:188} INFO - [2024-07-16T17:15:27.831+0000] {dag.py:3947} INFO - Setting next_dagrun for example_bash_decorator to None, run_after=None
[2024-07-16T17:15:27.856+0000] {processor.py:183} INFO - Processing /home/airflow/.local/lib/python3.12/site-packages/airflow/example_dags/example_bash_decorator.py took 0.077 seconds
[2024-07-16T17:15:58.227+0000] {processor.py:161} INFO - Started process (PID=705) to work on /home/airflow/.local/lib/python3.12/site-packages/airflow/example_dags/example_bash_decorator.py
[2024-07-16T17:15:58.228+0000] {processor.py:830} INFO - Processing file /home/airflow/.local/lib/python3.12/site-packages/airflow/example_dags/example_bash_decorator.py for tasks to queue
[2024-07-16T17:15:58.230+0000] {logging_mixin.py:188} INFO - [2024-07-16T17:15:58.230+0000] {dagbag.py:545} INFO - Filling up the DagBag from /home/airflow/.local/lib/python3.12/site-packages/airflow/example_dags/example_bash_decorator.py
[2024-07-16T17:15:58.242+0000] {processor.py:840} INFO - DAG(s) 'example_bash_decorator' retrieved from /home/airflow/.local/lib/python3.12/site-packages/airflow/example_dags/example_bash_decorator.py
[2024-07-16T17:15:58.264+0000] {logging_mixin.py:188} INFO - [2024-07-16T17:15:58.264+0000] {dag.py:3089} INFO - Sync 1 DAGs
[2024-07-16T17:15:58.280+0000] {logging_mixin.py:188} INFO - [2024-07-16T17:15:58.279+0000] {dag.py:3947} INFO - Setting next_dagrun for example_bash_decorator to None, run_after=None
[2024-07-16T17:15:58.301+0000] {processor.py:183} INFO - Processing /home/airflow/.local/lib/python3.12/site-packages/airflow/example_dags/example_bash_decorator.py took 0.078 seconds
[2024-07-16T17:16:28.389+0000] {processor.py:161} INFO - Started process (PID=763) to work on /home/airflow/.local/lib/python3.12/site-packages/airflow/example_dags/example_bash_decorator.py
[2024-07-16T17:16:28.390+0000] {processor.py:830} INFO - Processing file /home/airflow/.local/lib/python3.12/site-packages/airflow/example_dags/example_bash_decorator.py for tasks to queue
[2024-07-16T17:16:28.392+0000] {logging_mixin.py:188} INFO - [2024-07-16T17:16:28.392+0000] {dagbag.py:545} INFO - Filling up the DagBag from /home/airflow/.local/lib/python3.12/site-packages/airflow/example_dags/example_bash_decorator.py
[2024-07-16T17:16:28.410+0000] {processor.py:840} INFO - DAG(s) 'example_bash_decorator' retrieved from /home/airflow/.local/lib/python3.12/site-packages/airflow/example_dags/example_bash_decorator.py
[2024-07-16T17:16:28.439+0000] {logging_mixin.py:188} INFO - [2024-07-16T17:16:28.438+0000] {dag.py:3089} INFO - Sync 1 DAGs
[2024-07-16T17:16:28.454+0000] {logging_mixin.py:188} INFO - [2024-07-16T17:16:28.454+0000] {dag.py:3947} INFO - Setting next_dagrun for example_bash_decorator to None, run_after=None
[2024-07-16T17:16:28.480+0000] {processor.py:183} INFO - Processing /home/airflow/.local/lib/python3.12/site-packages/airflow/example_dags/example_bash_decorator.py took 0.097 seconds
[2024-07-16T17:16:58.770+0000] {processor.py:161} INFO - Started process (PID=821) to work on /home/airflow/.local/lib/python3.12/site-packages/airflow/example_dags/example_bash_decorator.py
[2024-07-16T17:16:58.771+0000] {processor.py:830} INFO - Processing file /home/airflow/.local/lib/python3.12/site-packages/airflow/example_dags/example_bash_decorator.py for tasks to queue
[2024-07-16T17:16:58.772+0000] {logging_mixin.py:188} INFO - [2024-07-16T17:16:58.772+0000] {dagbag.py:545} INFO - Filling up the DagBag from /home/airflow/.local/lib/python3.12/site-packages/airflow/example_dags/example_bash_decorator.py
[2024-07-16T17:16:58.784+0000] {processor.py:840} INFO - DAG(s) 'example_bash_decorator' retrieved from /home/airflow/.local/lib/python3.12/site-packages/airflow/example_dags/example_bash_decorator.py
[2024-07-16T17:16:58.806+0000] {logging_mixin.py:188} INFO - [2024-07-16T17:16:58.806+0000] {dag.py:3089} INFO - Sync 1 DAGs
[2024-07-16T17:16:58.819+0000] {logging_mixin.py:188} INFO - [2024-07-16T17:16:58.818+0000] {dag.py:3947} INFO - Setting next_dagrun for example_bash_decorator to None, run_after=None
[2024-07-16T17:16:58.838+0000] {processor.py:183} INFO - Processing /home/airflow/.local/lib/python3.12/site-packages/airflow/example_dags/example_bash_decorator.py took 0.074 seconds
[2024-07-16T17:17:29.097+0000] {processor.py:161} INFO - Started process (PID=879) to work on /home/airflow/.local/lib/python3.12/site-packages/airflow/example_dags/example_bash_decorator.py
[2024-07-16T17:17:29.104+0000] {processor.py:830} INFO - Processing file /home/airflow/.local/lib/python3.12/site-packages/airflow/example_dags/example_bash_decorator.py for tasks to queue
[2024-07-16T17:17:29.106+0000] {logging_mixin.py:188} INFO - [2024-07-16T17:17:29.106+0000] {dagbag.py:545} INFO - Filling up the DagBag from /home/airflow/.local/lib/python3.12/site-packages/airflow/example_dags/example_bash_decorator.py
[2024-07-16T17:17:29.117+0000] {processor.py:840} INFO - DAG(s) 'example_bash_decorator' retrieved from /home/airflow/.local/lib/python3.12/site-packages/airflow/example_dags/example_bash_decorator.py
[2024-07-16T17:17:29.138+0000] {logging_mixin.py:188} INFO - [2024-07-16T17:17:29.138+0000] {dag.py:3089} INFO - Sync 1 DAGs
[2024-07-16T17:17:29.151+0000] {logging_mixin.py:188} INFO - [2024-07-16T17:17:29.151+0000] {dag.py:3947} INFO - Setting next_dagrun for example_bash_decorator to None, run_after=None
[2024-07-16T17:17:29.171+0000] {processor.py:183} INFO - Processing /home/airflow/.local/lib/python3.12/site-packages/airflow/example_dags/example_bash_decorator.py took 0.080 seconds
[2024-07-16T17:17:59.688+0000] {processor.py:161} INFO - Started process (PID=937) to work on /home/airflow/.local/lib/python3.12/site-packages/airflow/example_dags/example_bash_decorator.py
[2024-07-16T17:17:59.689+0000] {processor.py:830} INFO - Processing file /home/airflow/.local/lib/python3.12/site-packages/airflow/example_dags/example_bash_decorator.py for tasks to queue
[2024-07-16T17:17:59.690+0000] {logging_mixin.py:188} INFO - [2024-07-16T17:17:59.690+0000] {dagbag.py:545} INFO - Filling up the DagBag from /home/airflow/.local/lib/python3.12/site-packages/airflow/example_dags/example_bash_decorator.py
[2024-07-16T17:17:59.706+0000] {processor.py:840} INFO - DAG(s) 'example_bash_decorator' retrieved from /home/airflow/.local/lib/python3.12/site-packages/airflow/example_dags/example_bash_decorator.py
[2024-07-16T17:17:59.729+0000] {logging_mixin.py:188} INFO - [2024-07-16T17:17:59.729+0000] {dag.py:3089} INFO - Sync 1 DAGs
[2024-07-16T17:17:59.744+0000] {logging_mixin.py:188} INFO - [2024-07-16T17:17:59.744+0000] {dag.py:3947} INFO - Setting next_dagrun for example_bash_decorator to None, run_after=None
[2024-07-16T17:17:59.764+0000] {processor.py:183} INFO - Processing /home/airflow/.local/lib/python3.12/site-packages/airflow/example_dags/example_bash_decorator.py took 0.082 seconds
[2024-07-16T17:18:30.274+0000] {processor.py:161} INFO - Started process (PID=995) to work on /home/airflow/.local/lib/python3.12/site-packages/airflow/example_dags/example_bash_decorator.py
[2024-07-16T17:18:30.278+0000] {processor.py:830} INFO - Processing file /home/airflow/.local/lib/python3.12/site-packages/airflow/example_dags/example_bash_decorator.py for tasks to queue
[2024-07-16T17:18:30.289+0000] {logging_mixin.py:188} INFO - [2024-07-16T17:18:30.289+0000] {dagbag.py:545} INFO - Filling up the DagBag from /home/airflow/.local/lib/python3.12/site-packages/airflow/example_dags/example_bash_decorator.py
[2024-07-16T17:18:30.336+0000] {processor.py:840} INFO - DAG(s) 'example_bash_decorator' retrieved from /home/airflow/.local/lib/python3.12/site-packages/airflow/example_dags/example_bash_decorator.py
[2024-07-16T17:18:30.412+0000] {logging_mixin.py:188} INFO - [2024-07-16T17:18:30.411+0000] {dag.py:3089} INFO - Sync 1 DAGs
[2024-07-16T17:18:30.462+0000] {logging_mixin.py:188} INFO - [2024-07-16T17:18:30.461+0000] {dag.py:3947} INFO - Setting next_dagrun for example_bash_decorator to None, run_after=None
[2024-07-16T17:18:30.540+0000] {processor.py:183} INFO - Processing /home/airflow/.local/lib/python3.12/site-packages/airflow/example_dags/example_bash_decorator.py took 0.287 seconds
[2024-07-16T17:19:01.276+0000] {processor.py:161} INFO - Started process (PID=1053) to work on /home/airflow/.local/lib/python3.12/site-packages/airflow/example_dags/example_bash_decorator.py
[2024-07-16T17:19:01.278+0000] {processor.py:830} INFO - Processing file /home/airflow/.local/lib/python3.12/site-packages/airflow/example_dags/example_bash_decorator.py for tasks to queue
[2024-07-16T17:19:01.281+0000] {logging_mixin.py:188} INFO - [2024-07-16T17:19:01.280+0000] {dagbag.py:545} INFO - Filling up the DagBag from /home/airflow/.local/lib/python3.12/site-packages/airflow/example_dags/example_bash_decorator.py
[2024-07-16T17:19:01.296+0000] {processor.py:840} INFO - DAG(s) 'example_bash_decorator' retrieved from /home/airflow/.local/lib/python3.12/site-packages/airflow/example_dags/example_bash_decorator.py
[2024-07-16T17:19:01.328+0000] {logging_mixin.py:188} INFO - [2024-07-16T17:19:01.328+0000] {dag.py:3089} INFO - Sync 1 DAGs
[2024-07-16T17:19:01.345+0000] {logging_mixin.py:188} INFO - [2024-07-16T17:19:01.345+0000] {dag.py:3947} INFO - Setting next_dagrun for example_bash_decorator to None, run_after=None
[2024-07-16T17:19:01.373+0000] {processor.py:183} INFO - Processing /home/airflow/.local/lib/python3.12/site-packages/airflow/example_dags/example_bash_decorator.py took 0.103 seconds
[2024-07-16T17:19:31.700+0000] {processor.py:161} INFO - Started process (PID=1111) to work on /home/airflow/.local/lib/python3.12/site-packages/airflow/example_dags/example_bash_decorator.py
[2024-07-16T17:19:31.717+0000] {processor.py:830} INFO - Processing file /home/airflow/.local/lib/python3.12/site-packages/airflow/example_dags/example_bash_decorator.py for tasks to queue
[2024-07-16T17:19:31.722+0000] {logging_mixin.py:188} INFO - [2024-07-16T17:19:31.721+0000] {dagbag.py:545} INFO - Filling up the DagBag from /home/airflow/.local/lib/python3.12/site-packages/airflow/example_dags/example_bash_decorator.py
[2024-07-16T17:19:31.767+0000] {processor.py:840} INFO - DAG(s) 'example_bash_decorator' retrieved from /home/airflow/.local/lib/python3.12/site-packages/airflow/example_dags/example_bash_decorator.py
[2024-07-16T17:19:31.830+0000] {logging_mixin.py:188} INFO - [2024-07-16T17:19:31.829+0000] {dag.py:3089} INFO - Sync 1 DAGs
[2024-07-16T17:19:31.869+0000] {logging_mixin.py:188} INFO - [2024-07-16T17:19:31.869+0000] {dag.py:3947} INFO - Setting next_dagrun for example_bash_decorator to None, run_after=None
[2024-07-16T17:19:31.951+0000] {processor.py:183} INFO - Processing /home/airflow/.local/lib/python3.12/site-packages/airflow/example_dags/example_bash_decorator.py took 0.261 seconds
[2024-07-16T17:23:49.501+0000] {processor.py:161} INFO - Started process (PID=69) to work on /home/airflow/.local/lib/python3.12/site-packages/airflow/example_dags/example_bash_decorator.py
[2024-07-16T17:23:49.507+0000] {processor.py:830} INFO - Processing file /home/airflow/.local/lib/python3.12/site-packages/airflow/example_dags/example_bash_decorator.py for tasks to queue
[2024-07-16T17:23:49.518+0000] {logging_mixin.py:188} INFO - [2024-07-16T17:23:49.517+0000] {dagbag.py:545} INFO - Filling up the DagBag from /home/airflow/.local/lib/python3.12/site-packages/airflow/example_dags/example_bash_decorator.py
[2024-07-16T17:23:49.612+0000] {processor.py:840} INFO - DAG(s) 'example_bash_decorator' retrieved from /home/airflow/.local/lib/python3.12/site-packages/airflow/example_dags/example_bash_decorator.py
[2024-07-16T17:23:49.867+0000] {logging_mixin.py:188} INFO - [2024-07-16T17:23:49.866+0000] {dag.py:3089} INFO - Sync 1 DAGs
[2024-07-16T17:23:49.904+0000] {logging_mixin.py:188} INFO - [2024-07-16T17:23:49.904+0000] {dag.py:3947} INFO - Setting next_dagrun for example_bash_decorator to None, run_after=None
[2024-07-16T17:23:49.991+0000] {processor.py:183} INFO - Processing /home/airflow/.local/lib/python3.12/site-packages/airflow/example_dags/example_bash_decorator.py took 0.512 seconds
[2024-07-16T17:24:20.119+0000] {processor.py:161} INFO - Started process (PID=126) to work on /home/airflow/.local/lib/python3.12/site-packages/airflow/example_dags/example_bash_decorator.py
[2024-07-16T17:24:20.120+0000] {processor.py:830} INFO - Processing file /home/airflow/.local/lib/python3.12/site-packages/airflow/example_dags/example_bash_decorator.py for tasks to queue
[2024-07-16T17:24:20.122+0000] {logging_mixin.py:188} INFO - [2024-07-16T17:24:20.122+0000] {dagbag.py:545} INFO - Filling up the DagBag from /home/airflow/.local/lib/python3.12/site-packages/airflow/example_dags/example_bash_decorator.py
[2024-07-16T17:24:20.136+0000] {processor.py:840} INFO - DAG(s) 'example_bash_decorator' retrieved from /home/airflow/.local/lib/python3.12/site-packages/airflow/example_dags/example_bash_decorator.py
[2024-07-16T17:24:20.158+0000] {logging_mixin.py:188} INFO - [2024-07-16T17:24:20.158+0000] {dag.py:3089} INFO - Sync 1 DAGs
[2024-07-16T17:24:20.170+0000] {logging_mixin.py:188} INFO - [2024-07-16T17:24:20.170+0000] {dag.py:3947} INFO - Setting next_dagrun for example_bash_decorator to None, run_after=None
[2024-07-16T17:24:20.196+0000] {processor.py:183} INFO - Processing /home/airflow/.local/lib/python3.12/site-packages/airflow/example_dags/example_bash_decorator.py took 0.084 seconds
[2024-07-16T17:24:50.926+0000] {processor.py:161} INFO - Started process (PID=184) to work on /home/airflow/.local/lib/python3.12/site-packages/airflow/example_dags/example_bash_decorator.py
[2024-07-16T17:24:50.928+0000] {processor.py:830} INFO - Processing file /home/airflow/.local/lib/python3.12/site-packages/airflow/example_dags/example_bash_decorator.py for tasks to queue
[2024-07-16T17:24:50.930+0000] {logging_mixin.py:188} INFO - [2024-07-16T17:24:50.930+0000] {dagbag.py:545} INFO - Filling up the DagBag from /home/airflow/.local/lib/python3.12/site-packages/airflow/example_dags/example_bash_decorator.py
[2024-07-16T17:24:50.946+0000] {processor.py:840} INFO - DAG(s) 'example_bash_decorator' retrieved from /home/airflow/.local/lib/python3.12/site-packages/airflow/example_dags/example_bash_decorator.py
[2024-07-16T17:24:50.968+0000] {logging_mixin.py:188} INFO - [2024-07-16T17:24:50.967+0000] {dag.py:3089} INFO - Sync 1 DAGs
[2024-07-16T17:24:50.979+0000] {logging_mixin.py:188} INFO - [2024-07-16T17:24:50.978+0000] {dag.py:3947} INFO - Setting next_dagrun for example_bash_decorator to None, run_after=None
[2024-07-16T17:24:50.998+0000] {processor.py:183} INFO - Processing /home/airflow/.local/lib/python3.12/site-packages/airflow/example_dags/example_bash_decorator.py took 0.077 seconds
[2024-07-16T17:25:21.065+0000] {processor.py:161} INFO - Started process (PID=243) to work on /home/airflow/.local/lib/python3.12/site-packages/airflow/example_dags/example_bash_decorator.py
[2024-07-16T17:25:21.066+0000] {processor.py:830} INFO - Processing file /home/airflow/.local/lib/python3.12/site-packages/airflow/example_dags/example_bash_decorator.py for tasks to queue
[2024-07-16T17:25:21.068+0000] {logging_mixin.py:188} INFO - [2024-07-16T17:25:21.068+0000] {dagbag.py:545} INFO - Filling up the DagBag from /home/airflow/.local/lib/python3.12/site-packages/airflow/example_dags/example_bash_decorator.py
[2024-07-16T17:25:21.082+0000] {processor.py:840} INFO - DAG(s) 'example_bash_decorator' retrieved from /home/airflow/.local/lib/python3.12/site-packages/airflow/example_dags/example_bash_decorator.py
[2024-07-16T17:25:21.106+0000] {logging_mixin.py:188} INFO - [2024-07-16T17:25:21.106+0000] {dag.py:3089} INFO - Sync 1 DAGs
[2024-07-16T17:25:21.118+0000] {logging_mixin.py:188} INFO - [2024-07-16T17:25:21.118+0000] {dag.py:3947} INFO - Setting next_dagrun for example_bash_decorator to None, run_after=None
[2024-07-16T17:25:21.138+0000] {processor.py:183} INFO - Processing /home/airflow/.local/lib/python3.12/site-packages/airflow/example_dags/example_bash_decorator.py took 0.079 seconds
[2024-07-16T17:29:53.225+0000] {processor.py:161} INFO - Started process (PID=63) to work on /home/airflow/.local/lib/python3.12/site-packages/airflow/example_dags/example_bash_decorator.py
[2024-07-16T17:29:53.226+0000] {processor.py:830} INFO - Processing file /home/airflow/.local/lib/python3.12/site-packages/airflow/example_dags/example_bash_decorator.py for tasks to queue
[2024-07-16T17:29:53.230+0000] {logging_mixin.py:188} INFO - [2024-07-16T17:29:53.229+0000] {dagbag.py:545} INFO - Filling up the DagBag from /home/airflow/.local/lib/python3.12/site-packages/airflow/example_dags/example_bash_decorator.py
[2024-07-16T17:29:53.265+0000] {processor.py:840} INFO - DAG(s) 'example_bash_decorator' retrieved from /home/airflow/.local/lib/python3.12/site-packages/airflow/example_dags/example_bash_decorator.py
[2024-07-16T17:29:53.472+0000] {logging_mixin.py:188} INFO - [2024-07-16T17:29:53.471+0000] {dag.py:3089} INFO - Sync 1 DAGs
[2024-07-16T17:29:53.488+0000] {logging_mixin.py:188} INFO - [2024-07-16T17:29:53.488+0000] {dag.py:3947} INFO - Setting next_dagrun for example_bash_decorator to None, run_after=None
[2024-07-16T17:29:53.525+0000] {processor.py:183} INFO - Processing /home/airflow/.local/lib/python3.12/site-packages/airflow/example_dags/example_bash_decorator.py took 0.306 seconds
[2024-07-16T17:30:23.727+0000] {processor.py:161} INFO - Started process (PID=121) to work on /home/airflow/.local/lib/python3.12/site-packages/airflow/example_dags/example_bash_decorator.py
[2024-07-16T17:30:23.728+0000] {processor.py:830} INFO - Processing file /home/airflow/.local/lib/python3.12/site-packages/airflow/example_dags/example_bash_decorator.py for tasks to queue
[2024-07-16T17:30:23.730+0000] {logging_mixin.py:188} INFO - [2024-07-16T17:30:23.730+0000] {dagbag.py:545} INFO - Filling up the DagBag from /home/airflow/.local/lib/python3.12/site-packages/airflow/example_dags/example_bash_decorator.py
[2024-07-16T17:30:23.745+0000] {processor.py:840} INFO - DAG(s) 'example_bash_decorator' retrieved from /home/airflow/.local/lib/python3.12/site-packages/airflow/example_dags/example_bash_decorator.py
[2024-07-16T17:30:23.772+0000] {logging_mixin.py:188} INFO - [2024-07-16T17:30:23.772+0000] {dag.py:3089} INFO - Sync 1 DAGs
[2024-07-16T17:30:23.804+0000] {logging_mixin.py:188} INFO - [2024-07-16T17:30:23.803+0000] {dag.py:3947} INFO - Setting next_dagrun for example_bash_decorator to None, run_after=None
[2024-07-16T17:30:23.845+0000] {processor.py:183} INFO - Processing /home/airflow/.local/lib/python3.12/site-packages/airflow/example_dags/example_bash_decorator.py took 0.125 seconds
[2024-07-16T17:30:54.390+0000] {processor.py:161} INFO - Started process (PID=179) to work on /home/airflow/.local/lib/python3.12/site-packages/airflow/example_dags/example_bash_decorator.py
[2024-07-16T17:30:54.393+0000] {processor.py:830} INFO - Processing file /home/airflow/.local/lib/python3.12/site-packages/airflow/example_dags/example_bash_decorator.py for tasks to queue
[2024-07-16T17:30:54.397+0000] {logging_mixin.py:188} INFO - [2024-07-16T17:30:54.396+0000] {dagbag.py:545} INFO - Filling up the DagBag from /home/airflow/.local/lib/python3.12/site-packages/airflow/example_dags/example_bash_decorator.py
[2024-07-16T17:30:54.434+0000] {processor.py:840} INFO - DAG(s) 'example_bash_decorator' retrieved from /home/airflow/.local/lib/python3.12/site-packages/airflow/example_dags/example_bash_decorator.py
[2024-07-16T17:30:54.498+0000] {logging_mixin.py:188} INFO - [2024-07-16T17:30:54.497+0000] {dag.py:3089} INFO - Sync 1 DAGs
[2024-07-16T17:30:54.532+0000] {logging_mixin.py:188} INFO - [2024-07-16T17:30:54.531+0000] {dag.py:3947} INFO - Setting next_dagrun for example_bash_decorator to None, run_after=None
[2024-07-16T17:30:54.598+0000] {processor.py:183} INFO - Processing /home/airflow/.local/lib/python3.12/site-packages/airflow/example_dags/example_bash_decorator.py took 0.228 seconds
[2024-07-16T17:31:25.483+0000] {processor.py:161} INFO - Started process (PID=236) to work on /home/airflow/.local/lib/python3.12/site-packages/airflow/example_dags/example_bash_decorator.py
[2024-07-16T17:31:25.484+0000] {processor.py:830} INFO - Processing file /home/airflow/.local/lib/python3.12/site-packages/airflow/example_dags/example_bash_decorator.py for tasks to queue
[2024-07-16T17:31:25.486+0000] {logging_mixin.py:188} INFO - [2024-07-16T17:31:25.486+0000] {dagbag.py:545} INFO - Filling up the DagBag from /home/airflow/.local/lib/python3.12/site-packages/airflow/example_dags/example_bash_decorator.py
[2024-07-16T17:31:25.497+0000] {processor.py:840} INFO - DAG(s) 'example_bash_decorator' retrieved from /home/airflow/.local/lib/python3.12/site-packages/airflow/example_dags/example_bash_decorator.py
[2024-07-16T17:31:25.519+0000] {logging_mixin.py:188} INFO - [2024-07-16T17:31:25.519+0000] {dag.py:3089} INFO - Sync 1 DAGs
[2024-07-16T17:31:25.531+0000] {logging_mixin.py:188} INFO - [2024-07-16T17:31:25.531+0000] {dag.py:3947} INFO - Setting next_dagrun for example_bash_decorator to None, run_after=None
[2024-07-16T17:31:25.549+0000] {processor.py:183} INFO - Processing /home/airflow/.local/lib/python3.12/site-packages/airflow/example_dags/example_bash_decorator.py took 0.071 seconds
[2024-07-16T17:31:56.345+0000] {processor.py:161} INFO - Started process (PID=294) to work on /home/airflow/.local/lib/python3.12/site-packages/airflow/example_dags/example_bash_decorator.py
[2024-07-16T17:31:56.346+0000] {processor.py:830} INFO - Processing file /home/airflow/.local/lib/python3.12/site-packages/airflow/example_dags/example_bash_decorator.py for tasks to queue
[2024-07-16T17:31:56.349+0000] {logging_mixin.py:188} INFO - [2024-07-16T17:31:56.348+0000] {dagbag.py:545} INFO - Filling up the DagBag from /home/airflow/.local/lib/python3.12/site-packages/airflow/example_dags/example_bash_decorator.py
[2024-07-16T17:31:56.375+0000] {processor.py:840} INFO - DAG(s) 'example_bash_decorator' retrieved from /home/airflow/.local/lib/python3.12/site-packages/airflow/example_dags/example_bash_decorator.py
[2024-07-16T17:31:56.416+0000] {logging_mixin.py:188} INFO - [2024-07-16T17:31:56.416+0000] {dag.py:3089} INFO - Sync 1 DAGs
[2024-07-16T17:31:56.436+0000] {logging_mixin.py:188} INFO - [2024-07-16T17:31:56.436+0000] {dag.py:3947} INFO - Setting next_dagrun for example_bash_decorator to None, run_after=None
[2024-07-16T17:31:56.468+0000] {processor.py:183} INFO - Processing /home/airflow/.local/lib/python3.12/site-packages/airflow/example_dags/example_bash_decorator.py took 0.132 seconds
[2024-07-16T17:32:26.843+0000] {processor.py:161} INFO - Started process (PID=352) to work on /home/airflow/.local/lib/python3.12/site-packages/airflow/example_dags/example_bash_decorator.py
[2024-07-16T17:32:26.845+0000] {processor.py:830} INFO - Processing file /home/airflow/.local/lib/python3.12/site-packages/airflow/example_dags/example_bash_decorator.py for tasks to queue
[2024-07-16T17:32:26.849+0000] {logging_mixin.py:188} INFO - [2024-07-16T17:32:26.849+0000] {dagbag.py:545} INFO - Filling up the DagBag from /home/airflow/.local/lib/python3.12/site-packages/airflow/example_dags/example_bash_decorator.py
[2024-07-16T17:32:26.878+0000] {processor.py:840} INFO - DAG(s) 'example_bash_decorator' retrieved from /home/airflow/.local/lib/python3.12/site-packages/airflow/example_dags/example_bash_decorator.py
[2024-07-16T17:32:26.935+0000] {logging_mixin.py:188} INFO - [2024-07-16T17:32:26.935+0000] {dag.py:3089} INFO - Sync 1 DAGs
[2024-07-16T17:32:26.969+0000] {logging_mixin.py:188} INFO - [2024-07-16T17:32:26.968+0000] {dag.py:3947} INFO - Setting next_dagrun for example_bash_decorator to None, run_after=None
[2024-07-16T17:32:27.008+0000] {processor.py:183} INFO - Processing /home/airflow/.local/lib/python3.12/site-packages/airflow/example_dags/example_bash_decorator.py took 0.177 seconds
[2024-07-16T17:32:57.246+0000] {processor.py:161} INFO - Started process (PID=410) to work on /home/airflow/.local/lib/python3.12/site-packages/airflow/example_dags/example_bash_decorator.py
[2024-07-16T17:32:57.247+0000] {processor.py:830} INFO - Processing file /home/airflow/.local/lib/python3.12/site-packages/airflow/example_dags/example_bash_decorator.py for tasks to queue
[2024-07-16T17:32:57.250+0000] {logging_mixin.py:188} INFO - [2024-07-16T17:32:57.249+0000] {dagbag.py:545} INFO - Filling up the DagBag from /home/airflow/.local/lib/python3.12/site-packages/airflow/example_dags/example_bash_decorator.py
[2024-07-16T17:32:57.274+0000] {processor.py:840} INFO - DAG(s) 'example_bash_decorator' retrieved from /home/airflow/.local/lib/python3.12/site-packages/airflow/example_dags/example_bash_decorator.py
[2024-07-16T17:32:57.322+0000] {logging_mixin.py:188} INFO - [2024-07-16T17:32:57.321+0000] {dag.py:3089} INFO - Sync 1 DAGs
[2024-07-16T17:32:57.344+0000] {logging_mixin.py:188} INFO - [2024-07-16T17:32:57.343+0000] {dag.py:3947} INFO - Setting next_dagrun for example_bash_decorator to None, run_after=None
[2024-07-16T17:32:57.374+0000] {processor.py:183} INFO - Processing /home/airflow/.local/lib/python3.12/site-packages/airflow/example_dags/example_bash_decorator.py took 0.138 seconds
[2024-07-16T18:04:12.790+0000] {processor.py:161} INFO - Started process (PID=64) to work on /home/airflow/.local/lib/python3.12/site-packages/airflow/example_dags/example_bash_decorator.py
[2024-07-16T18:04:12.792+0000] {processor.py:830} INFO - Processing file /home/airflow/.local/lib/python3.12/site-packages/airflow/example_dags/example_bash_decorator.py for tasks to queue
[2024-07-16T18:04:12.795+0000] {logging_mixin.py:188} INFO - [2024-07-16T18:04:12.795+0000] {dagbag.py:545} INFO - Filling up the DagBag from /home/airflow/.local/lib/python3.12/site-packages/airflow/example_dags/example_bash_decorator.py
[2024-07-16T18:04:12.833+0000] {processor.py:840} INFO - DAG(s) 'example_bash_decorator' retrieved from /home/airflow/.local/lib/python3.12/site-packages/airflow/example_dags/example_bash_decorator.py
[2024-07-16T18:04:12.989+0000] {logging_mixin.py:188} INFO - [2024-07-16T18:04:12.988+0000] {dag.py:3089} INFO - Sync 1 DAGs
[2024-07-16T18:04:13.004+0000] {logging_mixin.py:188} INFO - [2024-07-16T18:04:13.003+0000] {dag.py:3947} INFO - Setting next_dagrun for example_bash_decorator to None, run_after=None
[2024-07-16T18:04:13.033+0000] {processor.py:183} INFO - Processing /home/airflow/.local/lib/python3.12/site-packages/airflow/example_dags/example_bash_decorator.py took 0.252 seconds
[2024-07-16T18:12:20.899+0000] {processor.py:161} INFO - Started process (PID=70) to work on /home/airflow/.local/lib/python3.12/site-packages/airflow/example_dags/example_bash_decorator.py
[2024-07-16T18:12:20.901+0000] {processor.py:830} INFO - Processing file /home/airflow/.local/lib/python3.12/site-packages/airflow/example_dags/example_bash_decorator.py for tasks to queue
[2024-07-16T18:12:20.905+0000] {logging_mixin.py:188} INFO - [2024-07-16T18:12:20.904+0000] {dagbag.py:545} INFO - Filling up the DagBag from /home/airflow/.local/lib/python3.12/site-packages/airflow/example_dags/example_bash_decorator.py
[2024-07-16T18:12:20.952+0000] {processor.py:840} INFO - DAG(s) 'example_bash_decorator' retrieved from /home/airflow/.local/lib/python3.12/site-packages/airflow/example_dags/example_bash_decorator.py
[2024-07-16T18:12:21.168+0000] {logging_mixin.py:188} INFO - [2024-07-16T18:12:21.167+0000] {dag.py:3089} INFO - Sync 1 DAGs
[2024-07-16T18:12:21.184+0000] {logging_mixin.py:188} INFO - [2024-07-16T18:12:21.183+0000] {dag.py:3947} INFO - Setting next_dagrun for example_bash_decorator to None, run_after=None
[2024-07-16T18:12:21.216+0000] {processor.py:183} INFO - Processing /home/airflow/.local/lib/python3.12/site-packages/airflow/example_dags/example_bash_decorator.py took 0.328 seconds
[2024-07-16T18:12:51.273+0000] {processor.py:161} INFO - Started process (PID=129) to work on /home/airflow/.local/lib/python3.12/site-packages/airflow/example_dags/example_bash_decorator.py
[2024-07-16T18:12:51.274+0000] {processor.py:830} INFO - Processing file /home/airflow/.local/lib/python3.12/site-packages/airflow/example_dags/example_bash_decorator.py for tasks to queue
[2024-07-16T18:12:51.276+0000] {logging_mixin.py:188} INFO - [2024-07-16T18:12:51.276+0000] {dagbag.py:545} INFO - Filling up the DagBag from /home/airflow/.local/lib/python3.12/site-packages/airflow/example_dags/example_bash_decorator.py
[2024-07-16T18:12:51.291+0000] {processor.py:840} INFO - DAG(s) 'example_bash_decorator' retrieved from /home/airflow/.local/lib/python3.12/site-packages/airflow/example_dags/example_bash_decorator.py
[2024-07-16T18:12:51.321+0000] {logging_mixin.py:188} INFO - [2024-07-16T18:12:51.321+0000] {dag.py:3089} INFO - Sync 1 DAGs
[2024-07-16T18:12:51.338+0000] {logging_mixin.py:188} INFO - [2024-07-16T18:12:51.338+0000] {dag.py:3947} INFO - Setting next_dagrun for example_bash_decorator to None, run_after=None
[2024-07-16T18:12:51.364+0000] {processor.py:183} INFO - Processing /home/airflow/.local/lib/python3.12/site-packages/airflow/example_dags/example_bash_decorator.py took 0.098 seconds
[2024-07-16T18:13:21.787+0000] {processor.py:161} INFO - Started process (PID=188) to work on /home/airflow/.local/lib/python3.12/site-packages/airflow/example_dags/example_bash_decorator.py
[2024-07-16T18:13:21.787+0000] {processor.py:830} INFO - Processing file /home/airflow/.local/lib/python3.12/site-packages/airflow/example_dags/example_bash_decorator.py for tasks to queue
[2024-07-16T18:13:21.789+0000] {logging_mixin.py:188} INFO - [2024-07-16T18:13:21.789+0000] {dagbag.py:545} INFO - Filling up the DagBag from /home/airflow/.local/lib/python3.12/site-packages/airflow/example_dags/example_bash_decorator.py
[2024-07-16T18:13:21.802+0000] {processor.py:840} INFO - DAG(s) 'example_bash_decorator' retrieved from /home/airflow/.local/lib/python3.12/site-packages/airflow/example_dags/example_bash_decorator.py
[2024-07-16T18:13:21.825+0000] {logging_mixin.py:188} INFO - [2024-07-16T18:13:21.825+0000] {dag.py:3089} INFO - Sync 1 DAGs
[2024-07-16T18:13:21.838+0000] {logging_mixin.py:188} INFO - [2024-07-16T18:13:21.838+0000] {dag.py:3947} INFO - Setting next_dagrun for example_bash_decorator to None, run_after=None
[2024-07-16T18:13:21.859+0000] {processor.py:183} INFO - Processing /home/airflow/.local/lib/python3.12/site-packages/airflow/example_dags/example_bash_decorator.py took 0.078 seconds
