[2024-07-16T17:10:30.584+0000] {processor.py:161} INFO - Started process (PID=109) to work on /home/airflow/.local/lib/python3.12/site-packages/airflow/example_dags/example_short_circuit_decorator.py
[2024-07-16T17:10:30.585+0000] {processor.py:830} INFO - Processing file /home/airflow/.local/lib/python3.12/site-packages/airflow/example_dags/example_short_circuit_decorator.py for tasks to queue
[2024-07-16T17:10:30.587+0000] {logging_mixin.py:188} INFO - [2024-07-16T17:10:30.587+0000] {dagbag.py:545} INFO - Filling up the DagBag from /home/airflow/.local/lib/python3.12/site-packages/airflow/example_dags/example_short_circuit_decorator.py
[2024-07-16T17:10:30.596+0000] {processor.py:840} INFO - DAG(s) 'example_short_circuit_decorator' retrieved from /home/airflow/.local/lib/python3.12/site-packages/airflow/example_dags/example_short_circuit_decorator.py
[2024-07-16T17:10:30.705+0000] {logging_mixin.py:188} INFO - [2024-07-16T17:10:30.705+0000] {dag.py:3089} INFO - Sync 1 DAGs
[2024-07-16T17:10:30.729+0000] {logging_mixin.py:188} INFO - [2024-07-16T17:10:30.729+0000] {dag.py:3947} INFO - Setting next_dagrun for example_short_circuit_decorator to 2024-07-15 00:00:00+00:00, run_after=2024-07-16 00:00:00+00:00
[2024-07-16T17:10:30.751+0000] {processor.py:183} INFO - Processing /home/airflow/.local/lib/python3.12/site-packages/airflow/example_dags/example_short_circuit_decorator.py took 0.172 seconds
[2024-07-16T17:11:01.541+0000] {processor.py:161} INFO - Started process (PID=167) to work on /home/airflow/.local/lib/python3.12/site-packages/airflow/example_dags/example_short_circuit_decorator.py
[2024-07-16T17:11:01.542+0000] {processor.py:830} INFO - Processing file /home/airflow/.local/lib/python3.12/site-packages/airflow/example_dags/example_short_circuit_decorator.py for tasks to queue
[2024-07-16T17:11:01.544+0000] {logging_mixin.py:188} INFO - [2024-07-16T17:11:01.543+0000] {dagbag.py:545} INFO - Filling up the DagBag from /home/airflow/.local/lib/python3.12/site-packages/airflow/example_dags/example_short_circuit_decorator.py
[2024-07-16T17:11:01.553+0000] {processor.py:840} INFO - DAG(s) 'example_short_circuit_decorator' retrieved from /home/airflow/.local/lib/python3.12/site-packages/airflow/example_dags/example_short_circuit_decorator.py
[2024-07-16T17:11:01.572+0000] {logging_mixin.py:188} INFO - [2024-07-16T17:11:01.572+0000] {dag.py:3089} INFO - Sync 1 DAGs
[2024-07-16T17:11:01.589+0000] {logging_mixin.py:188} INFO - [2024-07-16T17:11:01.589+0000] {dag.py:3947} INFO - Setting next_dagrun for example_short_circuit_decorator to 2024-07-15 00:00:00+00:00, run_after=2024-07-16 00:00:00+00:00
[2024-07-16T17:11:01.608+0000] {processor.py:183} INFO - Processing /home/airflow/.local/lib/python3.12/site-packages/airflow/example_dags/example_short_circuit_decorator.py took 0.072 seconds
[2024-07-16T17:11:31.871+0000] {processor.py:161} INFO - Started process (PID=225) to work on /home/airflow/.local/lib/python3.12/site-packages/airflow/example_dags/example_short_circuit_decorator.py
[2024-07-16T17:11:31.872+0000] {processor.py:830} INFO - Processing file /home/airflow/.local/lib/python3.12/site-packages/airflow/example_dags/example_short_circuit_decorator.py for tasks to queue
[2024-07-16T17:11:31.873+0000] {logging_mixin.py:188} INFO - [2024-07-16T17:11:31.873+0000] {dagbag.py:545} INFO - Filling up the DagBag from /home/airflow/.local/lib/python3.12/site-packages/airflow/example_dags/example_short_circuit_decorator.py
[2024-07-16T17:11:31.880+0000] {processor.py:840} INFO - DAG(s) 'example_short_circuit_decorator' retrieved from /home/airflow/.local/lib/python3.12/site-packages/airflow/example_dags/example_short_circuit_decorator.py
[2024-07-16T17:11:31.898+0000] {logging_mixin.py:188} INFO - [2024-07-16T17:11:31.898+0000] {dag.py:3089} INFO - Sync 1 DAGs
[2024-07-16T17:11:31.916+0000] {logging_mixin.py:188} INFO - [2024-07-16T17:11:31.916+0000] {dag.py:3947} INFO - Setting next_dagrun for example_short_circuit_decorator to 2024-07-15 00:00:00+00:00, run_after=2024-07-16 00:00:00+00:00
[2024-07-16T17:11:31.935+0000] {processor.py:183} INFO - Processing /home/airflow/.local/lib/python3.12/site-packages/airflow/example_dags/example_short_circuit_decorator.py took 0.068 seconds
[2024-07-16T17:12:02.143+0000] {processor.py:161} INFO - Started process (PID=283) to work on /home/airflow/.local/lib/python3.12/site-packages/airflow/example_dags/example_short_circuit_decorator.py
[2024-07-16T17:12:02.144+0000] {processor.py:830} INFO - Processing file /home/airflow/.local/lib/python3.12/site-packages/airflow/example_dags/example_short_circuit_decorator.py for tasks to queue
[2024-07-16T17:12:02.146+0000] {logging_mixin.py:188} INFO - [2024-07-16T17:12:02.145+0000] {dagbag.py:545} INFO - Filling up the DagBag from /home/airflow/.local/lib/python3.12/site-packages/airflow/example_dags/example_short_circuit_decorator.py
[2024-07-16T17:12:02.155+0000] {processor.py:840} INFO - DAG(s) 'example_short_circuit_decorator' retrieved from /home/airflow/.local/lib/python3.12/site-packages/airflow/example_dags/example_short_circuit_decorator.py
[2024-07-16T17:12:02.176+0000] {logging_mixin.py:188} INFO - [2024-07-16T17:12:02.176+0000] {dag.py:3089} INFO - Sync 1 DAGs
[2024-07-16T17:12:02.195+0000] {logging_mixin.py:188} INFO - [2024-07-16T17:12:02.195+0000] {dag.py:3947} INFO - Setting next_dagrun for example_short_circuit_decorator to 2024-07-15 00:00:00+00:00, run_after=2024-07-16 00:00:00+00:00
[2024-07-16T17:12:02.214+0000] {processor.py:183} INFO - Processing /home/airflow/.local/lib/python3.12/site-packages/airflow/example_dags/example_short_circuit_decorator.py took 0.077 seconds
[2024-07-16T17:12:32.770+0000] {processor.py:161} INFO - Started process (PID=341) to work on /home/airflow/.local/lib/python3.12/site-packages/airflow/example_dags/example_short_circuit_decorator.py
[2024-07-16T17:12:32.772+0000] {processor.py:830} INFO - Processing file /home/airflow/.local/lib/python3.12/site-packages/airflow/example_dags/example_short_circuit_decorator.py for tasks to queue
[2024-07-16T17:12:32.775+0000] {logging_mixin.py:188} INFO - [2024-07-16T17:12:32.775+0000] {dagbag.py:545} INFO - Filling up the DagBag from /home/airflow/.local/lib/python3.12/site-packages/airflow/example_dags/example_short_circuit_decorator.py
[2024-07-16T17:12:32.788+0000] {processor.py:840} INFO - DAG(s) 'example_short_circuit_decorator' retrieved from /home/airflow/.local/lib/python3.12/site-packages/airflow/example_dags/example_short_circuit_decorator.py
[2024-07-16T17:12:32.818+0000] {logging_mixin.py:188} INFO - [2024-07-16T17:12:32.818+0000] {dag.py:3089} INFO - Sync 1 DAGs
[2024-07-16T17:12:32.845+0000] {logging_mixin.py:188} INFO - [2024-07-16T17:12:32.845+0000] {dag.py:3947} INFO - Setting next_dagrun for example_short_circuit_decorator to 2024-07-15 00:00:00+00:00, run_after=2024-07-16 00:00:00+00:00
[2024-07-16T17:12:32.872+0000] {processor.py:183} INFO - Processing /home/airflow/.local/lib/python3.12/site-packages/airflow/example_dags/example_short_circuit_decorator.py took 0.109 seconds
[2024-07-16T17:13:04.879+0000] {processor.py:161} INFO - Started process (PID=399) to work on /home/airflow/.local/lib/python3.12/site-packages/airflow/example_dags/example_short_circuit_decorator.py
[2024-07-16T17:13:04.881+0000] {processor.py:830} INFO - Processing file /home/airflow/.local/lib/python3.12/site-packages/airflow/example_dags/example_short_circuit_decorator.py for tasks to queue
[2024-07-16T17:13:04.886+0000] {logging_mixin.py:188} INFO - [2024-07-16T17:13:04.885+0000] {dagbag.py:545} INFO - Filling up the DagBag from /home/airflow/.local/lib/python3.12/site-packages/airflow/example_dags/example_short_circuit_decorator.py
[2024-07-16T17:13:04.908+0000] {processor.py:840} INFO - DAG(s) 'example_short_circuit_decorator' retrieved from /home/airflow/.local/lib/python3.12/site-packages/airflow/example_dags/example_short_circuit_decorator.py
[2024-07-16T17:13:04.961+0000] {logging_mixin.py:188} INFO - [2024-07-16T17:13:04.961+0000] {dag.py:3089} INFO - Sync 1 DAGs
[2024-07-16T17:13:05.026+0000] {logging_mixin.py:188} INFO - [2024-07-16T17:13:05.025+0000] {dag.py:3947} INFO - Setting next_dagrun for example_short_circuit_decorator to 2024-07-15 00:00:00+00:00, run_after=2024-07-16 00:00:00+00:00
[2024-07-16T17:13:05.069+0000] {processor.py:183} INFO - Processing /home/airflow/.local/lib/python3.12/site-packages/airflow/example_dags/example_short_circuit_decorator.py took 0.201 seconds
[2024-07-16T17:13:35.346+0000] {processor.py:161} INFO - Started process (PID=457) to work on /home/airflow/.local/lib/python3.12/site-packages/airflow/example_dags/example_short_circuit_decorator.py
[2024-07-16T17:13:35.348+0000] {processor.py:830} INFO - Processing file /home/airflow/.local/lib/python3.12/site-packages/airflow/example_dags/example_short_circuit_decorator.py for tasks to queue
[2024-07-16T17:13:35.353+0000] {logging_mixin.py:188} INFO - [2024-07-16T17:13:35.352+0000] {dagbag.py:545} INFO - Filling up the DagBag from /home/airflow/.local/lib/python3.12/site-packages/airflow/example_dags/example_short_circuit_decorator.py
[2024-07-16T17:13:35.374+0000] {processor.py:840} INFO - DAG(s) 'example_short_circuit_decorator' retrieved from /home/airflow/.local/lib/python3.12/site-packages/airflow/example_dags/example_short_circuit_decorator.py
[2024-07-16T17:13:35.429+0000] {logging_mixin.py:188} INFO - [2024-07-16T17:13:35.429+0000] {dag.py:3089} INFO - Sync 1 DAGs
[2024-07-16T17:13:35.488+0000] {logging_mixin.py:188} INFO - [2024-07-16T17:13:35.487+0000] {dag.py:3947} INFO - Setting next_dagrun for example_short_circuit_decorator to 2024-07-15 00:00:00+00:00, run_after=2024-07-16 00:00:00+00:00
[2024-07-16T17:13:35.537+0000] {processor.py:183} INFO - Processing /home/airflow/.local/lib/python3.12/site-packages/airflow/example_dags/example_short_circuit_decorator.py took 0.204 seconds
[2024-07-16T17:14:06.173+0000] {processor.py:161} INFO - Started process (PID=515) to work on /home/airflow/.local/lib/python3.12/site-packages/airflow/example_dags/example_short_circuit_decorator.py
[2024-07-16T17:14:06.174+0000] {processor.py:830} INFO - Processing file /home/airflow/.local/lib/python3.12/site-packages/airflow/example_dags/example_short_circuit_decorator.py for tasks to queue
[2024-07-16T17:14:06.176+0000] {logging_mixin.py:188} INFO - [2024-07-16T17:14:06.175+0000] {dagbag.py:545} INFO - Filling up the DagBag from /home/airflow/.local/lib/python3.12/site-packages/airflow/example_dags/example_short_circuit_decorator.py
[2024-07-16T17:14:06.184+0000] {processor.py:840} INFO - DAG(s) 'example_short_circuit_decorator' retrieved from /home/airflow/.local/lib/python3.12/site-packages/airflow/example_dags/example_short_circuit_decorator.py
[2024-07-16T17:14:06.205+0000] {logging_mixin.py:188} INFO - [2024-07-16T17:14:06.205+0000] {dag.py:3089} INFO - Sync 1 DAGs
[2024-07-16T17:14:06.225+0000] {logging_mixin.py:188} INFO - [2024-07-16T17:14:06.225+0000] {dag.py:3947} INFO - Setting next_dagrun for example_short_circuit_decorator to 2024-07-15 00:00:00+00:00, run_after=2024-07-16 00:00:00+00:00
[2024-07-16T17:14:06.244+0000] {processor.py:183} INFO - Processing /home/airflow/.local/lib/python3.12/site-packages/airflow/example_dags/example_short_circuit_decorator.py took 0.076 seconds
[2024-07-16T17:14:36.725+0000] {processor.py:161} INFO - Started process (PID=573) to work on /home/airflow/.local/lib/python3.12/site-packages/airflow/example_dags/example_short_circuit_decorator.py
[2024-07-16T17:14:36.726+0000] {processor.py:830} INFO - Processing file /home/airflow/.local/lib/python3.12/site-packages/airflow/example_dags/example_short_circuit_decorator.py for tasks to queue
[2024-07-16T17:14:36.728+0000] {logging_mixin.py:188} INFO - [2024-07-16T17:14:36.728+0000] {dagbag.py:545} INFO - Filling up the DagBag from /home/airflow/.local/lib/python3.12/site-packages/airflow/example_dags/example_short_circuit_decorator.py
[2024-07-16T17:14:36.738+0000] {processor.py:840} INFO - DAG(s) 'example_short_circuit_decorator' retrieved from /home/airflow/.local/lib/python3.12/site-packages/airflow/example_dags/example_short_circuit_decorator.py
[2024-07-16T17:14:36.758+0000] {logging_mixin.py:188} INFO - [2024-07-16T17:14:36.758+0000] {dag.py:3089} INFO - Sync 1 DAGs
[2024-07-16T17:14:36.775+0000] {logging_mixin.py:188} INFO - [2024-07-16T17:14:36.775+0000] {dag.py:3947} INFO - Setting next_dagrun for example_short_circuit_decorator to 2024-07-15 00:00:00+00:00, run_after=2024-07-16 00:00:00+00:00
[2024-07-16T17:14:36.792+0000] {processor.py:183} INFO - Processing /home/airflow/.local/lib/python3.12/site-packages/airflow/example_dags/example_short_circuit_decorator.py took 0.073 seconds
[2024-07-16T17:15:06.924+0000] {processor.py:161} INFO - Started process (PID=631) to work on /home/airflow/.local/lib/python3.12/site-packages/airflow/example_dags/example_short_circuit_decorator.py
[2024-07-16T17:15:06.924+0000] {processor.py:830} INFO - Processing file /home/airflow/.local/lib/python3.12/site-packages/airflow/example_dags/example_short_circuit_decorator.py for tasks to queue
[2024-07-16T17:15:06.927+0000] {logging_mixin.py:188} INFO - [2024-07-16T17:15:06.926+0000] {dagbag.py:545} INFO - Filling up the DagBag from /home/airflow/.local/lib/python3.12/site-packages/airflow/example_dags/example_short_circuit_decorator.py
[2024-07-16T17:15:06.937+0000] {processor.py:840} INFO - DAG(s) 'example_short_circuit_decorator' retrieved from /home/airflow/.local/lib/python3.12/site-packages/airflow/example_dags/example_short_circuit_decorator.py
[2024-07-16T17:15:06.957+0000] {logging_mixin.py:188} INFO - [2024-07-16T17:15:06.957+0000] {dag.py:3089} INFO - Sync 1 DAGs
[2024-07-16T17:15:06.975+0000] {logging_mixin.py:188} INFO - [2024-07-16T17:15:06.975+0000] {dag.py:3947} INFO - Setting next_dagrun for example_short_circuit_decorator to 2024-07-15 00:00:00+00:00, run_after=2024-07-16 00:00:00+00:00
[2024-07-16T17:15:06.992+0000] {processor.py:183} INFO - Processing /home/airflow/.local/lib/python3.12/site-packages/airflow/example_dags/example_short_circuit_decorator.py took 0.073 seconds
[2024-07-16T17:15:37.262+0000] {processor.py:161} INFO - Started process (PID=689) to work on /home/airflow/.local/lib/python3.12/site-packages/airflow/example_dags/example_short_circuit_decorator.py
[2024-07-16T17:15:37.263+0000] {processor.py:830} INFO - Processing file /home/airflow/.local/lib/python3.12/site-packages/airflow/example_dags/example_short_circuit_decorator.py for tasks to queue
[2024-07-16T17:15:37.265+0000] {logging_mixin.py:188} INFO - [2024-07-16T17:15:37.265+0000] {dagbag.py:545} INFO - Filling up the DagBag from /home/airflow/.local/lib/python3.12/site-packages/airflow/example_dags/example_short_circuit_decorator.py
[2024-07-16T17:15:37.274+0000] {processor.py:840} INFO - DAG(s) 'example_short_circuit_decorator' retrieved from /home/airflow/.local/lib/python3.12/site-packages/airflow/example_dags/example_short_circuit_decorator.py
[2024-07-16T17:15:37.295+0000] {logging_mixin.py:188} INFO - [2024-07-16T17:15:37.295+0000] {dag.py:3089} INFO - Sync 1 DAGs
[2024-07-16T17:15:37.317+0000] {logging_mixin.py:188} INFO - [2024-07-16T17:15:37.317+0000] {dag.py:3947} INFO - Setting next_dagrun for example_short_circuit_decorator to 2024-07-15 00:00:00+00:00, run_after=2024-07-16 00:00:00+00:00
[2024-07-16T17:15:37.335+0000] {processor.py:183} INFO - Processing /home/airflow/.local/lib/python3.12/site-packages/airflow/example_dags/example_short_circuit_decorator.py took 0.078 seconds
[2024-07-16T17:16:07.525+0000] {processor.py:161} INFO - Started process (PID=747) to work on /home/airflow/.local/lib/python3.12/site-packages/airflow/example_dags/example_short_circuit_decorator.py
[2024-07-16T17:16:07.527+0000] {processor.py:830} INFO - Processing file /home/airflow/.local/lib/python3.12/site-packages/airflow/example_dags/example_short_circuit_decorator.py for tasks to queue
[2024-07-16T17:16:07.529+0000] {logging_mixin.py:188} INFO - [2024-07-16T17:16:07.528+0000] {dagbag.py:545} INFO - Filling up the DagBag from /home/airflow/.local/lib/python3.12/site-packages/airflow/example_dags/example_short_circuit_decorator.py
[2024-07-16T17:16:07.541+0000] {processor.py:840} INFO - DAG(s) 'example_short_circuit_decorator' retrieved from /home/airflow/.local/lib/python3.12/site-packages/airflow/example_dags/example_short_circuit_decorator.py
[2024-07-16T17:16:07.562+0000] {logging_mixin.py:188} INFO - [2024-07-16T17:16:07.562+0000] {dag.py:3089} INFO - Sync 1 DAGs
[2024-07-16T17:16:07.581+0000] {logging_mixin.py:188} INFO - [2024-07-16T17:16:07.581+0000] {dag.py:3947} INFO - Setting next_dagrun for example_short_circuit_decorator to 2024-07-15 00:00:00+00:00, run_after=2024-07-16 00:00:00+00:00
[2024-07-16T17:16:07.603+0000] {processor.py:183} INFO - Processing /home/airflow/.local/lib/python3.12/site-packages/airflow/example_dags/example_short_circuit_decorator.py took 0.084 seconds
[2024-07-16T17:16:37.907+0000] {processor.py:161} INFO - Started process (PID=805) to work on /home/airflow/.local/lib/python3.12/site-packages/airflow/example_dags/example_short_circuit_decorator.py
[2024-07-16T17:16:37.908+0000] {processor.py:830} INFO - Processing file /home/airflow/.local/lib/python3.12/site-packages/airflow/example_dags/example_short_circuit_decorator.py for tasks to queue
[2024-07-16T17:16:37.910+0000] {logging_mixin.py:188} INFO - [2024-07-16T17:16:37.909+0000] {dagbag.py:545} INFO - Filling up the DagBag from /home/airflow/.local/lib/python3.12/site-packages/airflow/example_dags/example_short_circuit_decorator.py
[2024-07-16T17:16:37.922+0000] {processor.py:840} INFO - DAG(s) 'example_short_circuit_decorator' retrieved from /home/airflow/.local/lib/python3.12/site-packages/airflow/example_dags/example_short_circuit_decorator.py
[2024-07-16T17:16:37.945+0000] {logging_mixin.py:188} INFO - [2024-07-16T17:16:37.944+0000] {dag.py:3089} INFO - Sync 1 DAGs
[2024-07-16T17:16:37.978+0000] {logging_mixin.py:188} INFO - [2024-07-16T17:16:37.977+0000] {dag.py:3947} INFO - Setting next_dagrun for example_short_circuit_decorator to 2024-07-15 00:00:00+00:00, run_after=2024-07-16 00:00:00+00:00
[2024-07-16T17:16:38.002+0000] {processor.py:183} INFO - Processing /home/airflow/.local/lib/python3.12/site-packages/airflow/example_dags/example_short_circuit_decorator.py took 0.102 seconds
[2024-07-16T17:17:08.200+0000] {processor.py:161} INFO - Started process (PID=863) to work on /home/airflow/.local/lib/python3.12/site-packages/airflow/example_dags/example_short_circuit_decorator.py
[2024-07-16T17:17:08.201+0000] {processor.py:830} INFO - Processing file /home/airflow/.local/lib/python3.12/site-packages/airflow/example_dags/example_short_circuit_decorator.py for tasks to queue
[2024-07-16T17:17:08.203+0000] {logging_mixin.py:188} INFO - [2024-07-16T17:17:08.203+0000] {dagbag.py:545} INFO - Filling up the DagBag from /home/airflow/.local/lib/python3.12/site-packages/airflow/example_dags/example_short_circuit_decorator.py
[2024-07-16T17:17:08.213+0000] {processor.py:840} INFO - DAG(s) 'example_short_circuit_decorator' retrieved from /home/airflow/.local/lib/python3.12/site-packages/airflow/example_dags/example_short_circuit_decorator.py
[2024-07-16T17:17:08.237+0000] {logging_mixin.py:188} INFO - [2024-07-16T17:17:08.237+0000] {dag.py:3089} INFO - Sync 1 DAGs
[2024-07-16T17:17:08.263+0000] {logging_mixin.py:188} INFO - [2024-07-16T17:17:08.263+0000] {dag.py:3947} INFO - Setting next_dagrun for example_short_circuit_decorator to 2024-07-15 00:00:00+00:00, run_after=2024-07-16 00:00:00+00:00
[2024-07-16T17:17:08.290+0000] {processor.py:183} INFO - Processing /home/airflow/.local/lib/python3.12/site-packages/airflow/example_dags/example_short_circuit_decorator.py took 0.094 seconds
[2024-07-16T17:17:39.272+0000] {processor.py:161} INFO - Started process (PID=921) to work on /home/airflow/.local/lib/python3.12/site-packages/airflow/example_dags/example_short_circuit_decorator.py
[2024-07-16T17:17:39.273+0000] {processor.py:830} INFO - Processing file /home/airflow/.local/lib/python3.12/site-packages/airflow/example_dags/example_short_circuit_decorator.py for tasks to queue
[2024-07-16T17:17:39.276+0000] {logging_mixin.py:188} INFO - [2024-07-16T17:17:39.275+0000] {dagbag.py:545} INFO - Filling up the DagBag from /home/airflow/.local/lib/python3.12/site-packages/airflow/example_dags/example_short_circuit_decorator.py
[2024-07-16T17:17:39.289+0000] {processor.py:840} INFO - DAG(s) 'example_short_circuit_decorator' retrieved from /home/airflow/.local/lib/python3.12/site-packages/airflow/example_dags/example_short_circuit_decorator.py
[2024-07-16T17:17:39.312+0000] {logging_mixin.py:188} INFO - [2024-07-16T17:17:39.312+0000] {dag.py:3089} INFO - Sync 1 DAGs
[2024-07-16T17:17:39.336+0000] {logging_mixin.py:188} INFO - [2024-07-16T17:17:39.336+0000] {dag.py:3947} INFO - Setting next_dagrun for example_short_circuit_decorator to 2024-07-15 00:00:00+00:00, run_after=2024-07-16 00:00:00+00:00
[2024-07-16T17:17:39.355+0000] {processor.py:183} INFO - Processing /home/airflow/.local/lib/python3.12/site-packages/airflow/example_dags/example_short_circuit_decorator.py took 0.089 seconds
[2024-07-16T17:18:09.941+0000] {processor.py:161} INFO - Started process (PID=979) to work on /home/airflow/.local/lib/python3.12/site-packages/airflow/example_dags/example_short_circuit_decorator.py
[2024-07-16T17:18:09.942+0000] {processor.py:830} INFO - Processing file /home/airflow/.local/lib/python3.12/site-packages/airflow/example_dags/example_short_circuit_decorator.py for tasks to queue
[2024-07-16T17:18:09.944+0000] {logging_mixin.py:188} INFO - [2024-07-16T17:18:09.944+0000] {dagbag.py:545} INFO - Filling up the DagBag from /home/airflow/.local/lib/python3.12/site-packages/airflow/example_dags/example_short_circuit_decorator.py
[2024-07-16T17:18:09.956+0000] {processor.py:840} INFO - DAG(s) 'example_short_circuit_decorator' retrieved from /home/airflow/.local/lib/python3.12/site-packages/airflow/example_dags/example_short_circuit_decorator.py
[2024-07-16T17:18:10.033+0000] {logging_mixin.py:188} INFO - [2024-07-16T17:18:10.032+0000] {dag.py:3089} INFO - Sync 1 DAGs
[2024-07-16T17:18:10.085+0000] {logging_mixin.py:188} INFO - [2024-07-16T17:18:10.084+0000] {dag.py:3947} INFO - Setting next_dagrun for example_short_circuit_decorator to 2024-07-15 00:00:00+00:00, run_after=2024-07-16 00:00:00+00:00
[2024-07-16T17:18:10.112+0000] {processor.py:183} INFO - Processing /home/airflow/.local/lib/python3.12/site-packages/airflow/example_dags/example_short_circuit_decorator.py took 0.178 seconds
[2024-07-16T17:18:40.196+0000] {processor.py:161} INFO - Started process (PID=1037) to work on /home/airflow/.local/lib/python3.12/site-packages/airflow/example_dags/example_short_circuit_decorator.py
[2024-07-16T17:18:40.200+0000] {processor.py:830} INFO - Processing file /home/airflow/.local/lib/python3.12/site-packages/airflow/example_dags/example_short_circuit_decorator.py for tasks to queue
[2024-07-16T17:18:40.203+0000] {logging_mixin.py:188} INFO - [2024-07-16T17:18:40.203+0000] {dagbag.py:545} INFO - Filling up the DagBag from /home/airflow/.local/lib/python3.12/site-packages/airflow/example_dags/example_short_circuit_decorator.py
[2024-07-16T17:18:40.219+0000] {processor.py:840} INFO - DAG(s) 'example_short_circuit_decorator' retrieved from /home/airflow/.local/lib/python3.12/site-packages/airflow/example_dags/example_short_circuit_decorator.py
[2024-07-16T17:18:40.257+0000] {logging_mixin.py:188} INFO - [2024-07-16T17:18:40.256+0000] {dag.py:3089} INFO - Sync 1 DAGs
[2024-07-16T17:18:40.297+0000] {logging_mixin.py:188} INFO - [2024-07-16T17:18:40.297+0000] {dag.py:3947} INFO - Setting next_dagrun for example_short_circuit_decorator to 2024-07-15 00:00:00+00:00, run_after=2024-07-16 00:00:00+00:00
[2024-07-16T17:18:40.333+0000] {processor.py:183} INFO - Processing /home/airflow/.local/lib/python3.12/site-packages/airflow/example_dags/example_short_circuit_decorator.py took 0.148 seconds
[2024-07-16T17:19:14.049+0000] {processor.py:161} INFO - Started process (PID=1095) to work on /home/airflow/.local/lib/python3.12/site-packages/airflow/example_dags/example_short_circuit_decorator.py
[2024-07-16T17:19:14.051+0000] {processor.py:830} INFO - Processing file /home/airflow/.local/lib/python3.12/site-packages/airflow/example_dags/example_short_circuit_decorator.py for tasks to queue
[2024-07-16T17:19:14.054+0000] {logging_mixin.py:188} INFO - [2024-07-16T17:19:14.054+0000] {dagbag.py:545} INFO - Filling up the DagBag from /home/airflow/.local/lib/python3.12/site-packages/airflow/example_dags/example_short_circuit_decorator.py
[2024-07-16T17:19:14.084+0000] {processor.py:840} INFO - DAG(s) 'example_short_circuit_decorator' retrieved from /home/airflow/.local/lib/python3.12/site-packages/airflow/example_dags/example_short_circuit_decorator.py
[2024-07-16T17:19:14.153+0000] {logging_mixin.py:188} INFO - [2024-07-16T17:19:14.152+0000] {dag.py:3089} INFO - Sync 1 DAGs
[2024-07-16T17:19:14.220+0000] {logging_mixin.py:188} INFO - [2024-07-16T17:19:14.220+0000] {dag.py:3947} INFO - Setting next_dagrun for example_short_circuit_decorator to 2024-07-15 00:00:00+00:00, run_after=2024-07-16 00:00:00+00:00
[2024-07-16T17:19:14.311+0000] {processor.py:183} INFO - Processing /home/airflow/.local/lib/python3.12/site-packages/airflow/example_dags/example_short_circuit_decorator.py took 0.291 seconds
[2024-07-16T17:19:45.263+0000] {processor.py:161} INFO - Started process (PID=1153) to work on /home/airflow/.local/lib/python3.12/site-packages/airflow/example_dags/example_short_circuit_decorator.py
[2024-07-16T17:19:45.270+0000] {processor.py:830} INFO - Processing file /home/airflow/.local/lib/python3.12/site-packages/airflow/example_dags/example_short_circuit_decorator.py for tasks to queue
[2024-07-16T17:19:45.278+0000] {logging_mixin.py:188} INFO - [2024-07-16T17:19:45.276+0000] {dagbag.py:545} INFO - Filling up the DagBag from /home/airflow/.local/lib/python3.12/site-packages/airflow/example_dags/example_short_circuit_decorator.py
[2024-07-16T17:19:45.311+0000] {processor.py:840} INFO - DAG(s) 'example_short_circuit_decorator' retrieved from /home/airflow/.local/lib/python3.12/site-packages/airflow/example_dags/example_short_circuit_decorator.py
[2024-07-16T17:19:45.395+0000] {logging_mixin.py:188} INFO - [2024-07-16T17:19:45.394+0000] {dag.py:3089} INFO - Sync 1 DAGs
[2024-07-16T17:19:45.493+0000] {logging_mixin.py:188} INFO - [2024-07-16T17:19:45.492+0000] {dag.py:3947} INFO - Setting next_dagrun for example_short_circuit_decorator to 2024-07-15 00:00:00+00:00, run_after=2024-07-16 00:00:00+00:00
[2024-07-16T17:19:45.595+0000] {processor.py:183} INFO - Processing /home/airflow/.local/lib/python3.12/site-packages/airflow/example_dags/example_short_circuit_decorator.py took 0.357 seconds
[2024-07-16T17:23:57.318+0000] {processor.py:161} INFO - Started process (PID=111) to work on /home/airflow/.local/lib/python3.12/site-packages/airflow/example_dags/example_short_circuit_decorator.py
[2024-07-16T17:23:57.319+0000] {processor.py:830} INFO - Processing file /home/airflow/.local/lib/python3.12/site-packages/airflow/example_dags/example_short_circuit_decorator.py for tasks to queue
[2024-07-16T17:23:57.321+0000] {logging_mixin.py:188} INFO - [2024-07-16T17:23:57.321+0000] {dagbag.py:545} INFO - Filling up the DagBag from /home/airflow/.local/lib/python3.12/site-packages/airflow/example_dags/example_short_circuit_decorator.py
[2024-07-16T17:23:57.333+0000] {processor.py:840} INFO - DAG(s) 'example_short_circuit_decorator' retrieved from /home/airflow/.local/lib/python3.12/site-packages/airflow/example_dags/example_short_circuit_decorator.py
[2024-07-16T17:23:57.445+0000] {logging_mixin.py:188} INFO - [2024-07-16T17:23:57.445+0000] {dag.py:3089} INFO - Sync 1 DAGs
[2024-07-16T17:23:57.468+0000] {logging_mixin.py:188} INFO - [2024-07-16T17:23:57.468+0000] {dag.py:3947} INFO - Setting next_dagrun for example_short_circuit_decorator to 2024-07-15 00:00:00+00:00, run_after=2024-07-16 00:00:00+00:00
[2024-07-16T17:23:57.491+0000] {processor.py:183} INFO - Processing /home/airflow/.local/lib/python3.12/site-packages/airflow/example_dags/example_short_circuit_decorator.py took 0.180 seconds
[2024-07-16T17:24:27.564+0000] {processor.py:161} INFO - Started process (PID=169) to work on /home/airflow/.local/lib/python3.12/site-packages/airflow/example_dags/example_short_circuit_decorator.py
[2024-07-16T17:24:27.566+0000] {processor.py:830} INFO - Processing file /home/airflow/.local/lib/python3.12/site-packages/airflow/example_dags/example_short_circuit_decorator.py for tasks to queue
[2024-07-16T17:24:27.568+0000] {logging_mixin.py:188} INFO - [2024-07-16T17:24:27.567+0000] {dagbag.py:545} INFO - Filling up the DagBag from /home/airflow/.local/lib/python3.12/site-packages/airflow/example_dags/example_short_circuit_decorator.py
[2024-07-16T17:24:27.576+0000] {processor.py:840} INFO - DAG(s) 'example_short_circuit_decorator' retrieved from /home/airflow/.local/lib/python3.12/site-packages/airflow/example_dags/example_short_circuit_decorator.py
[2024-07-16T17:24:27.595+0000] {logging_mixin.py:188} INFO - [2024-07-16T17:24:27.595+0000] {dag.py:3089} INFO - Sync 1 DAGs
[2024-07-16T17:24:27.615+0000] {logging_mixin.py:188} INFO - [2024-07-16T17:24:27.614+0000] {dag.py:3947} INFO - Setting next_dagrun for example_short_circuit_decorator to 2024-07-15 00:00:00+00:00, run_after=2024-07-16 00:00:00+00:00
[2024-07-16T17:24:27.632+0000] {processor.py:183} INFO - Processing /home/airflow/.local/lib/python3.12/site-packages/airflow/example_dags/example_short_circuit_decorator.py took 0.072 seconds
[2024-07-16T17:24:58.282+0000] {processor.py:161} INFO - Started process (PID=226) to work on /home/airflow/.local/lib/python3.12/site-packages/airflow/example_dags/example_short_circuit_decorator.py
[2024-07-16T17:24:58.284+0000] {processor.py:830} INFO - Processing file /home/airflow/.local/lib/python3.12/site-packages/airflow/example_dags/example_short_circuit_decorator.py for tasks to queue
[2024-07-16T17:24:58.286+0000] {logging_mixin.py:188} INFO - [2024-07-16T17:24:58.286+0000] {dagbag.py:545} INFO - Filling up the DagBag from /home/airflow/.local/lib/python3.12/site-packages/airflow/example_dags/example_short_circuit_decorator.py
[2024-07-16T17:24:58.293+0000] {processor.py:840} INFO - DAG(s) 'example_short_circuit_decorator' retrieved from /home/airflow/.local/lib/python3.12/site-packages/airflow/example_dags/example_short_circuit_decorator.py
[2024-07-16T17:24:58.312+0000] {logging_mixin.py:188} INFO - [2024-07-16T17:24:58.312+0000] {dag.py:3089} INFO - Sync 1 DAGs
[2024-07-16T17:24:58.335+0000] {logging_mixin.py:188} INFO - [2024-07-16T17:24:58.335+0000] {dag.py:3947} INFO - Setting next_dagrun for example_short_circuit_decorator to 2024-07-15 00:00:00+00:00, run_after=2024-07-16 00:00:00+00:00
[2024-07-16T17:24:58.352+0000] {processor.py:183} INFO - Processing /home/airflow/.local/lib/python3.12/site-packages/airflow/example_dags/example_short_circuit_decorator.py took 0.074 seconds
[2024-07-16T17:30:00.948+0000] {processor.py:161} INFO - Started process (PID=111) to work on /home/airflow/.local/lib/python3.12/site-packages/airflow/example_dags/example_short_circuit_decorator.py
[2024-07-16T17:30:00.950+0000] {processor.py:830} INFO - Processing file /home/airflow/.local/lib/python3.12/site-packages/airflow/example_dags/example_short_circuit_decorator.py for tasks to queue
[2024-07-16T17:30:00.954+0000] {logging_mixin.py:188} INFO - [2024-07-16T17:30:00.953+0000] {dagbag.py:545} INFO - Filling up the DagBag from /home/airflow/.local/lib/python3.12/site-packages/airflow/example_dags/example_short_circuit_decorator.py
[2024-07-16T17:30:00.973+0000] {processor.py:840} INFO - DAG(s) 'example_short_circuit_decorator' retrieved from /home/airflow/.local/lib/python3.12/site-packages/airflow/example_dags/example_short_circuit_decorator.py
[2024-07-16T17:30:01.159+0000] {logging_mixin.py:188} INFO - [2024-07-16T17:30:01.158+0000] {dag.py:3089} INFO - Sync 1 DAGs
[2024-07-16T17:30:01.185+0000] {logging_mixin.py:188} INFO - [2024-07-16T17:30:01.185+0000] {dag.py:3947} INFO - Setting next_dagrun for example_short_circuit_decorator to 2024-07-15 00:00:00+00:00, run_after=2024-07-16 00:00:00+00:00
[2024-07-16T17:30:01.219+0000] {processor.py:183} INFO - Processing /home/airflow/.local/lib/python3.12/site-packages/airflow/example_dags/example_short_circuit_decorator.py took 0.282 seconds
[2024-07-16T17:30:32.208+0000] {processor.py:161} INFO - Started process (PID=170) to work on /home/airflow/.local/lib/python3.12/site-packages/airflow/example_dags/example_short_circuit_decorator.py
[2024-07-16T17:30:32.209+0000] {processor.py:830} INFO - Processing file /home/airflow/.local/lib/python3.12/site-packages/airflow/example_dags/example_short_circuit_decorator.py for tasks to queue
[2024-07-16T17:30:32.216+0000] {logging_mixin.py:188} INFO - [2024-07-16T17:30:32.215+0000] {dagbag.py:545} INFO - Filling up the DagBag from /home/airflow/.local/lib/python3.12/site-packages/airflow/example_dags/example_short_circuit_decorator.py
[2024-07-16T17:30:32.237+0000] {processor.py:840} INFO - DAG(s) 'example_short_circuit_decorator' retrieved from /home/airflow/.local/lib/python3.12/site-packages/airflow/example_dags/example_short_circuit_decorator.py
[2024-07-16T17:30:32.272+0000] {logging_mixin.py:188} INFO - [2024-07-16T17:30:32.271+0000] {dag.py:3089} INFO - Sync 1 DAGs
[2024-07-16T17:30:32.291+0000] {logging_mixin.py:188} INFO - [2024-07-16T17:30:32.291+0000] {dag.py:3947} INFO - Setting next_dagrun for example_short_circuit_decorator to 2024-07-15 00:00:00+00:00, run_after=2024-07-16 00:00:00+00:00
[2024-07-16T17:30:32.324+0000] {processor.py:183} INFO - Processing /home/airflow/.local/lib/python3.12/site-packages/airflow/example_dags/example_short_circuit_decorator.py took 0.127 seconds
[2024-07-16T17:31:02.993+0000] {processor.py:161} INFO - Started process (PID=227) to work on /home/airflow/.local/lib/python3.12/site-packages/airflow/example_dags/example_short_circuit_decorator.py
[2024-07-16T17:31:02.995+0000] {processor.py:830} INFO - Processing file /home/airflow/.local/lib/python3.12/site-packages/airflow/example_dags/example_short_circuit_decorator.py for tasks to queue
[2024-07-16T17:31:03.001+0000] {logging_mixin.py:188} INFO - [2024-07-16T17:31:03.000+0000] {dagbag.py:545} INFO - Filling up the DagBag from /home/airflow/.local/lib/python3.12/site-packages/airflow/example_dags/example_short_circuit_decorator.py
[2024-07-16T17:31:03.014+0000] {processor.py:840} INFO - DAG(s) 'example_short_circuit_decorator' retrieved from /home/airflow/.local/lib/python3.12/site-packages/airflow/example_dags/example_short_circuit_decorator.py
[2024-07-16T17:31:03.063+0000] {logging_mixin.py:188} INFO - [2024-07-16T17:31:03.063+0000] {dag.py:3089} INFO - Sync 1 DAGs
[2024-07-16T17:31:03.103+0000] {logging_mixin.py:188} INFO - [2024-07-16T17:31:03.102+0000] {dag.py:3947} INFO - Setting next_dagrun for example_short_circuit_decorator to 2024-07-15 00:00:00+00:00, run_after=2024-07-16 00:00:00+00:00
[2024-07-16T17:31:03.150+0000] {processor.py:183} INFO - Processing /home/airflow/.local/lib/python3.12/site-packages/airflow/example_dags/example_short_circuit_decorator.py took 0.165 seconds
[2024-07-16T17:31:33.961+0000] {processor.py:161} INFO - Started process (PID=285) to work on /home/airflow/.local/lib/python3.12/site-packages/airflow/example_dags/example_short_circuit_decorator.py
[2024-07-16T17:31:33.962+0000] {processor.py:830} INFO - Processing file /home/airflow/.local/lib/python3.12/site-packages/airflow/example_dags/example_short_circuit_decorator.py for tasks to queue
[2024-07-16T17:31:33.969+0000] {logging_mixin.py:188} INFO - [2024-07-16T17:31:33.966+0000] {dagbag.py:545} INFO - Filling up the DagBag from /home/airflow/.local/lib/python3.12/site-packages/airflow/example_dags/example_short_circuit_decorator.py
[2024-07-16T17:31:33.988+0000] {processor.py:840} INFO - DAG(s) 'example_short_circuit_decorator' retrieved from /home/airflow/.local/lib/python3.12/site-packages/airflow/example_dags/example_short_circuit_decorator.py
[2024-07-16T17:31:34.047+0000] {logging_mixin.py:188} INFO - [2024-07-16T17:31:34.047+0000] {dag.py:3089} INFO - Sync 1 DAGs
[2024-07-16T17:31:34.094+0000] {logging_mixin.py:188} INFO - [2024-07-16T17:31:34.093+0000] {dag.py:3947} INFO - Setting next_dagrun for example_short_circuit_decorator to 2024-07-15 00:00:00+00:00, run_after=2024-07-16 00:00:00+00:00
[2024-07-16T17:31:34.137+0000] {processor.py:183} INFO - Processing /home/airflow/.local/lib/python3.12/site-packages/airflow/example_dags/example_short_circuit_decorator.py took 0.187 seconds
[2024-07-16T17:32:04.983+0000] {processor.py:161} INFO - Started process (PID=342) to work on /home/airflow/.local/lib/python3.12/site-packages/airflow/example_dags/example_short_circuit_decorator.py
[2024-07-16T17:32:04.986+0000] {processor.py:830} INFO - Processing file /home/airflow/.local/lib/python3.12/site-packages/airflow/example_dags/example_short_circuit_decorator.py for tasks to queue
[2024-07-16T17:32:05.008+0000] {logging_mixin.py:188} INFO - [2024-07-16T17:32:05.007+0000] {dagbag.py:545} INFO - Filling up the DagBag from /home/airflow/.local/lib/python3.12/site-packages/airflow/example_dags/example_short_circuit_decorator.py
[2024-07-16T17:32:05.090+0000] {processor.py:840} INFO - DAG(s) 'example_short_circuit_decorator' retrieved from /home/airflow/.local/lib/python3.12/site-packages/airflow/example_dags/example_short_circuit_decorator.py
[2024-07-16T17:32:05.232+0000] {logging_mixin.py:188} INFO - [2024-07-16T17:32:05.231+0000] {dag.py:3089} INFO - Sync 1 DAGs
[2024-07-16T17:32:05.313+0000] {logging_mixin.py:188} INFO - [2024-07-16T17:32:05.312+0000] {dag.py:3947} INFO - Setting next_dagrun for example_short_circuit_decorator to 2024-07-15 00:00:00+00:00, run_after=2024-07-16 00:00:00+00:00
[2024-07-16T17:32:05.371+0000] {processor.py:183} INFO - Processing /home/airflow/.local/lib/python3.12/site-packages/airflow/example_dags/example_short_circuit_decorator.py took 0.407 seconds
[2024-07-16T17:32:35.442+0000] {processor.py:161} INFO - Started process (PID=400) to work on /home/airflow/.local/lib/python3.12/site-packages/airflow/example_dags/example_short_circuit_decorator.py
[2024-07-16T17:32:35.444+0000] {processor.py:830} INFO - Processing file /home/airflow/.local/lib/python3.12/site-packages/airflow/example_dags/example_short_circuit_decorator.py for tasks to queue
[2024-07-16T17:32:35.448+0000] {logging_mixin.py:188} INFO - [2024-07-16T17:32:35.447+0000] {dagbag.py:545} INFO - Filling up the DagBag from /home/airflow/.local/lib/python3.12/site-packages/airflow/example_dags/example_short_circuit_decorator.py
[2024-07-16T17:32:35.471+0000] {processor.py:840} INFO - DAG(s) 'example_short_circuit_decorator' retrieved from /home/airflow/.local/lib/python3.12/site-packages/airflow/example_dags/example_short_circuit_decorator.py
[2024-07-16T17:32:35.527+0000] {logging_mixin.py:188} INFO - [2024-07-16T17:32:35.527+0000] {dag.py:3089} INFO - Sync 1 DAGs
[2024-07-16T17:32:35.589+0000] {logging_mixin.py:188} INFO - [2024-07-16T17:32:35.588+0000] {dag.py:3947} INFO - Setting next_dagrun for example_short_circuit_decorator to 2024-07-15 00:00:00+00:00, run_after=2024-07-16 00:00:00+00:00
[2024-07-16T17:32:35.636+0000] {processor.py:183} INFO - Processing /home/airflow/.local/lib/python3.12/site-packages/airflow/example_dags/example_short_circuit_decorator.py took 0.207 seconds
[2024-07-16T17:33:05.916+0000] {processor.py:161} INFO - Started process (PID=459) to work on /home/airflow/.local/lib/python3.12/site-packages/airflow/example_dags/example_short_circuit_decorator.py
[2024-07-16T17:33:05.918+0000] {processor.py:830} INFO - Processing file /home/airflow/.local/lib/python3.12/site-packages/airflow/example_dags/example_short_circuit_decorator.py for tasks to queue
[2024-07-16T17:33:05.921+0000] {logging_mixin.py:188} INFO - [2024-07-16T17:33:05.921+0000] {dagbag.py:545} INFO - Filling up the DagBag from /home/airflow/.local/lib/python3.12/site-packages/airflow/example_dags/example_short_circuit_decorator.py
[2024-07-16T17:33:05.937+0000] {processor.py:840} INFO - DAG(s) 'example_short_circuit_decorator' retrieved from /home/airflow/.local/lib/python3.12/site-packages/airflow/example_dags/example_short_circuit_decorator.py
[2024-07-16T17:33:05.977+0000] {logging_mixin.py:188} INFO - [2024-07-16T17:33:05.977+0000] {dag.py:3089} INFO - Sync 1 DAGs
[2024-07-16T17:33:06.021+0000] {logging_mixin.py:188} INFO - [2024-07-16T17:33:06.020+0000] {dag.py:3947} INFO - Setting next_dagrun for example_short_circuit_decorator to 2024-07-15 00:00:00+00:00, run_after=2024-07-16 00:00:00+00:00
[2024-07-16T17:33:06.068+0000] {processor.py:183} INFO - Processing /home/airflow/.local/lib/python3.12/site-packages/airflow/example_dags/example_short_circuit_decorator.py took 0.164 seconds
[2024-07-16T18:04:20.634+0000] {processor.py:161} INFO - Started process (PID=112) to work on /home/airflow/.local/lib/python3.12/site-packages/airflow/example_dags/example_short_circuit_decorator.py
[2024-07-16T18:04:20.635+0000] {processor.py:830} INFO - Processing file /home/airflow/.local/lib/python3.12/site-packages/airflow/example_dags/example_short_circuit_decorator.py for tasks to queue
[2024-07-16T18:04:20.638+0000] {logging_mixin.py:188} INFO - [2024-07-16T18:04:20.637+0000] {dagbag.py:545} INFO - Filling up the DagBag from /home/airflow/.local/lib/python3.12/site-packages/airflow/example_dags/example_short_circuit_decorator.py
[2024-07-16T18:04:20.650+0000] {processor.py:840} INFO - DAG(s) 'example_short_circuit_decorator' retrieved from /home/airflow/.local/lib/python3.12/site-packages/airflow/example_dags/example_short_circuit_decorator.py
[2024-07-16T18:04:20.795+0000] {logging_mixin.py:188} INFO - [2024-07-16T18:04:20.794+0000] {dag.py:3089} INFO - Sync 1 DAGs
[2024-07-16T18:04:20.840+0000] {logging_mixin.py:188} INFO - [2024-07-16T18:04:20.839+0000] {dag.py:3947} INFO - Setting next_dagrun for example_short_circuit_decorator to 2024-07-15 00:00:00+00:00, run_after=2024-07-16 00:00:00+00:00
[2024-07-16T18:04:20.884+0000] {processor.py:183} INFO - Processing /home/airflow/.local/lib/python3.12/site-packages/airflow/example_dags/example_short_circuit_decorator.py took 0.260 seconds
[2024-07-16T18:12:27.476+0000] {processor.py:161} INFO - Started process (PID=112) to work on /home/airflow/.local/lib/python3.12/site-packages/airflow/example_dags/example_short_circuit_decorator.py
[2024-07-16T18:12:27.478+0000] {processor.py:830} INFO - Processing file /home/airflow/.local/lib/python3.12/site-packages/airflow/example_dags/example_short_circuit_decorator.py for tasks to queue
[2024-07-16T18:12:27.480+0000] {logging_mixin.py:188} INFO - [2024-07-16T18:12:27.480+0000] {dagbag.py:545} INFO - Filling up the DagBag from /home/airflow/.local/lib/python3.12/site-packages/airflow/example_dags/example_short_circuit_decorator.py
[2024-07-16T18:12:27.492+0000] {processor.py:840} INFO - DAG(s) 'example_short_circuit_decorator' retrieved from /home/airflow/.local/lib/python3.12/site-packages/airflow/example_dags/example_short_circuit_decorator.py
[2024-07-16T18:12:27.635+0000] {logging_mixin.py:188} INFO - [2024-07-16T18:12:27.634+0000] {dag.py:3089} INFO - Sync 1 DAGs
[2024-07-16T18:12:27.664+0000] {logging_mixin.py:188} INFO - [2024-07-16T18:12:27.663+0000] {dag.py:3947} INFO - Setting next_dagrun for example_short_circuit_decorator to 2024-07-15 00:00:00+00:00, run_after=2024-07-16 00:00:00+00:00
[2024-07-16T18:12:27.690+0000] {processor.py:183} INFO - Processing /home/airflow/.local/lib/python3.12/site-packages/airflow/example_dags/example_short_circuit_decorator.py took 0.220 seconds
[2024-07-16T18:12:58.194+0000] {processor.py:161} INFO - Started process (PID=171) to work on /home/airflow/.local/lib/python3.12/site-packages/airflow/example_dags/example_short_circuit_decorator.py
[2024-07-16T18:12:58.195+0000] {processor.py:830} INFO - Processing file /home/airflow/.local/lib/python3.12/site-packages/airflow/example_dags/example_short_circuit_decorator.py for tasks to queue
[2024-07-16T18:12:58.197+0000] {logging_mixin.py:188} INFO - [2024-07-16T18:12:58.196+0000] {dagbag.py:545} INFO - Filling up the DagBag from /home/airflow/.local/lib/python3.12/site-packages/airflow/example_dags/example_short_circuit_decorator.py
[2024-07-16T18:12:58.208+0000] {processor.py:840} INFO - DAG(s) 'example_short_circuit_decorator' retrieved from /home/airflow/.local/lib/python3.12/site-packages/airflow/example_dags/example_short_circuit_decorator.py
[2024-07-16T18:12:58.236+0000] {logging_mixin.py:188} INFO - [2024-07-16T18:12:58.236+0000] {dag.py:3089} INFO - Sync 1 DAGs
[2024-07-16T18:12:58.265+0000] {logging_mixin.py:188} INFO - [2024-07-16T18:12:58.265+0000] {dag.py:3947} INFO - Setting next_dagrun for example_short_circuit_decorator to 2024-07-15 00:00:00+00:00, run_after=2024-07-16 00:00:00+00:00
[2024-07-16T18:12:58.289+0000] {processor.py:183} INFO - Processing /home/airflow/.local/lib/python3.12/site-packages/airflow/example_dags/example_short_circuit_decorator.py took 0.101 seconds
[2024-07-16T18:13:28.385+0000] {processor.py:161} INFO - Started process (PID=230) to work on /home/airflow/.local/lib/python3.12/site-packages/airflow/example_dags/example_short_circuit_decorator.py
[2024-07-16T18:13:28.386+0000] {processor.py:830} INFO - Processing file /home/airflow/.local/lib/python3.12/site-packages/airflow/example_dags/example_short_circuit_decorator.py for tasks to queue
[2024-07-16T18:13:28.388+0000] {logging_mixin.py:188} INFO - [2024-07-16T18:13:28.388+0000] {dagbag.py:545} INFO - Filling up the DagBag from /home/airflow/.local/lib/python3.12/site-packages/airflow/example_dags/example_short_circuit_decorator.py
[2024-07-16T18:13:28.396+0000] {processor.py:840} INFO - DAG(s) 'example_short_circuit_decorator' retrieved from /home/airflow/.local/lib/python3.12/site-packages/airflow/example_dags/example_short_circuit_decorator.py
[2024-07-16T18:13:28.418+0000] {logging_mixin.py:188} INFO - [2024-07-16T18:13:28.417+0000] {dag.py:3089} INFO - Sync 1 DAGs
[2024-07-16T18:13:28.441+0000] {logging_mixin.py:188} INFO - [2024-07-16T18:13:28.440+0000] {dag.py:3947} INFO - Setting next_dagrun for example_short_circuit_decorator to 2024-07-15 00:00:00+00:00, run_after=2024-07-16 00:00:00+00:00
[2024-07-16T18:13:28.462+0000] {processor.py:183} INFO - Processing /home/airflow/.local/lib/python3.12/site-packages/airflow/example_dags/example_short_circuit_decorator.py took 0.082 seconds
