[2024-07-16T17:10:26.790+0000] {processor.py:161} INFO - Started process (PID=82) to work on /home/airflow/.local/lib/python3.12/site-packages/airflow/example_dags/example_task_group_decorator.py
[2024-07-16T17:10:26.791+0000] {processor.py:830} INFO - Processing file /home/airflow/.local/lib/python3.12/site-packages/airflow/example_dags/example_task_group_decorator.py for tasks to queue
[2024-07-16T17:10:26.793+0000] {logging_mixin.py:188} INFO - [2024-07-16T17:10:26.793+0000] {dagbag.py:545} INFO - Filling up the DagBag from /home/airflow/.local/lib/python3.12/site-packages/airflow/example_dags/example_task_group_decorator.py
[2024-07-16T17:10:26.813+0000] {processor.py:840} INFO - DAG(s) 'example_task_group_decorator' retrieved from /home/airflow/.local/lib/python3.12/site-packages/airflow/example_dags/example_task_group_decorator.py
[2024-07-16T17:10:26.920+0000] {logging_mixin.py:188} INFO - [2024-07-16T17:10:26.920+0000] {dag.py:3089} INFO - Sync 1 DAGs
[2024-07-16T17:10:26.941+0000] {logging_mixin.py:188} INFO - [2024-07-16T17:10:26.941+0000] {dag.py:3947} INFO - Setting next_dagrun for example_task_group_decorator to 2024-07-15 00:00:00+00:00, run_after=2024-07-16 00:00:00+00:00
[2024-07-16T17:10:26.969+0000] {processor.py:183} INFO - Processing /home/airflow/.local/lib/python3.12/site-packages/airflow/example_dags/example_task_group_decorator.py took 0.184 seconds
[2024-07-16T17:10:57.003+0000] {processor.py:161} INFO - Started process (PID=140) to work on /home/airflow/.local/lib/python3.12/site-packages/airflow/example_dags/example_task_group_decorator.py
[2024-07-16T17:10:57.005+0000] {processor.py:830} INFO - Processing file /home/airflow/.local/lib/python3.12/site-packages/airflow/example_dags/example_task_group_decorator.py for tasks to queue
[2024-07-16T17:10:57.007+0000] {logging_mixin.py:188} INFO - [2024-07-16T17:10:57.006+0000] {dagbag.py:545} INFO - Filling up the DagBag from /home/airflow/.local/lib/python3.12/site-packages/airflow/example_dags/example_task_group_decorator.py
[2024-07-16T17:10:57.020+0000] {processor.py:840} INFO - DAG(s) 'example_task_group_decorator' retrieved from /home/airflow/.local/lib/python3.12/site-packages/airflow/example_dags/example_task_group_decorator.py
[2024-07-16T17:10:57.043+0000] {logging_mixin.py:188} INFO - [2024-07-16T17:10:57.043+0000] {dag.py:3089} INFO - Sync 1 DAGs
[2024-07-16T17:10:57.062+0000] {logging_mixin.py:188} INFO - [2024-07-16T17:10:57.062+0000] {dag.py:3947} INFO - Setting next_dagrun for example_task_group_decorator to 2024-07-15 00:00:00+00:00, run_after=2024-07-16 00:00:00+00:00
[2024-07-16T17:10:57.079+0000] {processor.py:183} INFO - Processing /home/airflow/.local/lib/python3.12/site-packages/airflow/example_dags/example_task_group_decorator.py took 0.081 seconds
[2024-07-16T17:11:27.388+0000] {processor.py:161} INFO - Started process (PID=198) to work on /home/airflow/.local/lib/python3.12/site-packages/airflow/example_dags/example_task_group_decorator.py
[2024-07-16T17:11:27.389+0000] {processor.py:830} INFO - Processing file /home/airflow/.local/lib/python3.12/site-packages/airflow/example_dags/example_task_group_decorator.py for tasks to queue
[2024-07-16T17:11:27.390+0000] {logging_mixin.py:188} INFO - [2024-07-16T17:11:27.390+0000] {dagbag.py:545} INFO - Filling up the DagBag from /home/airflow/.local/lib/python3.12/site-packages/airflow/example_dags/example_task_group_decorator.py
[2024-07-16T17:11:27.403+0000] {processor.py:840} INFO - DAG(s) 'example_task_group_decorator' retrieved from /home/airflow/.local/lib/python3.12/site-packages/airflow/example_dags/example_task_group_decorator.py
[2024-07-16T17:11:27.424+0000] {logging_mixin.py:188} INFO - [2024-07-16T17:11:27.424+0000] {dag.py:3089} INFO - Sync 1 DAGs
[2024-07-16T17:11:27.447+0000] {logging_mixin.py:188} INFO - [2024-07-16T17:11:27.447+0000] {dag.py:3947} INFO - Setting next_dagrun for example_task_group_decorator to 2024-07-15 00:00:00+00:00, run_after=2024-07-16 00:00:00+00:00
[2024-07-16T17:11:27.466+0000] {processor.py:183} INFO - Processing /home/airflow/.local/lib/python3.12/site-packages/airflow/example_dags/example_task_group_decorator.py took 0.083 seconds
[2024-07-16T17:11:57.685+0000] {processor.py:161} INFO - Started process (PID=256) to work on /home/airflow/.local/lib/python3.12/site-packages/airflow/example_dags/example_task_group_decorator.py
[2024-07-16T17:11:57.686+0000] {processor.py:830} INFO - Processing file /home/airflow/.local/lib/python3.12/site-packages/airflow/example_dags/example_task_group_decorator.py for tasks to queue
[2024-07-16T17:11:57.689+0000] {logging_mixin.py:188} INFO - [2024-07-16T17:11:57.689+0000] {dagbag.py:545} INFO - Filling up the DagBag from /home/airflow/.local/lib/python3.12/site-packages/airflow/example_dags/example_task_group_decorator.py
[2024-07-16T17:11:57.705+0000] {processor.py:840} INFO - DAG(s) 'example_task_group_decorator' retrieved from /home/airflow/.local/lib/python3.12/site-packages/airflow/example_dags/example_task_group_decorator.py
[2024-07-16T17:11:57.733+0000] {logging_mixin.py:188} INFO - [2024-07-16T17:11:57.733+0000] {dag.py:3089} INFO - Sync 1 DAGs
[2024-07-16T17:11:57.752+0000] {logging_mixin.py:188} INFO - [2024-07-16T17:11:57.751+0000] {dag.py:3947} INFO - Setting next_dagrun for example_task_group_decorator to 2024-07-15 00:00:00+00:00, run_after=2024-07-16 00:00:00+00:00
[2024-07-16T17:11:57.768+0000] {processor.py:183} INFO - Processing /home/airflow/.local/lib/python3.12/site-packages/airflow/example_dags/example_task_group_decorator.py took 0.089 seconds
[2024-07-16T17:12:27.950+0000] {processor.py:161} INFO - Started process (PID=314) to work on /home/airflow/.local/lib/python3.12/site-packages/airflow/example_dags/example_task_group_decorator.py
[2024-07-16T17:12:27.952+0000] {processor.py:830} INFO - Processing file /home/airflow/.local/lib/python3.12/site-packages/airflow/example_dags/example_task_group_decorator.py for tasks to queue
[2024-07-16T17:12:27.953+0000] {logging_mixin.py:188} INFO - [2024-07-16T17:12:27.953+0000] {dagbag.py:545} INFO - Filling up the DagBag from /home/airflow/.local/lib/python3.12/site-packages/airflow/example_dags/example_task_group_decorator.py
[2024-07-16T17:12:27.971+0000] {processor.py:840} INFO - DAG(s) 'example_task_group_decorator' retrieved from /home/airflow/.local/lib/python3.12/site-packages/airflow/example_dags/example_task_group_decorator.py
[2024-07-16T17:12:27.996+0000] {logging_mixin.py:188} INFO - [2024-07-16T17:12:27.995+0000] {dag.py:3089} INFO - Sync 1 DAGs
[2024-07-16T17:12:28.019+0000] {logging_mixin.py:188} INFO - [2024-07-16T17:12:28.018+0000] {dag.py:3947} INFO - Setting next_dagrun for example_task_group_decorator to 2024-07-15 00:00:00+00:00, run_after=2024-07-16 00:00:00+00:00
[2024-07-16T17:12:28.039+0000] {processor.py:183} INFO - Processing /home/airflow/.local/lib/python3.12/site-packages/airflow/example_dags/example_task_group_decorator.py took 0.094 seconds
[2024-07-16T17:12:58.906+0000] {processor.py:161} INFO - Started process (PID=372) to work on /home/airflow/.local/lib/python3.12/site-packages/airflow/example_dags/example_task_group_decorator.py
[2024-07-16T17:12:58.908+0000] {processor.py:830} INFO - Processing file /home/airflow/.local/lib/python3.12/site-packages/airflow/example_dags/example_task_group_decorator.py for tasks to queue
[2024-07-16T17:12:58.911+0000] {logging_mixin.py:188} INFO - [2024-07-16T17:12:58.910+0000] {dagbag.py:545} INFO - Filling up the DagBag from /home/airflow/.local/lib/python3.12/site-packages/airflow/example_dags/example_task_group_decorator.py
[2024-07-16T17:12:58.946+0000] {processor.py:840} INFO - DAG(s) 'example_task_group_decorator' retrieved from /home/airflow/.local/lib/python3.12/site-packages/airflow/example_dags/example_task_group_decorator.py
[2024-07-16T17:12:58.996+0000] {logging_mixin.py:188} INFO - [2024-07-16T17:12:58.996+0000] {dag.py:3089} INFO - Sync 1 DAGs
[2024-07-16T17:12:59.037+0000] {logging_mixin.py:188} INFO - [2024-07-16T17:12:59.036+0000] {dag.py:3947} INFO - Setting next_dagrun for example_task_group_decorator to 2024-07-15 00:00:00+00:00, run_after=2024-07-16 00:00:00+00:00
[2024-07-16T17:12:59.083+0000] {processor.py:183} INFO - Processing /home/airflow/.local/lib/python3.12/site-packages/airflow/example_dags/example_task_group_decorator.py took 0.188 seconds
[2024-07-16T17:13:29.979+0000] {processor.py:161} INFO - Started process (PID=430) to work on /home/airflow/.local/lib/python3.12/site-packages/airflow/example_dags/example_task_group_decorator.py
[2024-07-16T17:13:29.981+0000] {processor.py:830} INFO - Processing file /home/airflow/.local/lib/python3.12/site-packages/airflow/example_dags/example_task_group_decorator.py for tasks to queue
[2024-07-16T17:13:29.988+0000] {logging_mixin.py:188} INFO - [2024-07-16T17:13:29.987+0000] {dagbag.py:545} INFO - Filling up the DagBag from /home/airflow/.local/lib/python3.12/site-packages/airflow/example_dags/example_task_group_decorator.py
[2024-07-16T17:13:30.024+0000] {processor.py:840} INFO - DAG(s) 'example_task_group_decorator' retrieved from /home/airflow/.local/lib/python3.12/site-packages/airflow/example_dags/example_task_group_decorator.py
[2024-07-16T17:13:30.079+0000] {logging_mixin.py:188} INFO - [2024-07-16T17:13:30.078+0000] {dag.py:3089} INFO - Sync 1 DAGs
[2024-07-16T17:13:30.125+0000] {logging_mixin.py:188} INFO - [2024-07-16T17:13:30.125+0000] {dag.py:3947} INFO - Setting next_dagrun for example_task_group_decorator to 2024-07-15 00:00:00+00:00, run_after=2024-07-16 00:00:00+00:00
[2024-07-16T17:13:30.150+0000] {processor.py:183} INFO - Processing /home/airflow/.local/lib/python3.12/site-packages/airflow/example_dags/example_task_group_decorator.py took 0.189 seconds
[2024-07-16T17:14:00.454+0000] {processor.py:161} INFO - Started process (PID=488) to work on /home/airflow/.local/lib/python3.12/site-packages/airflow/example_dags/example_task_group_decorator.py
[2024-07-16T17:14:00.456+0000] {processor.py:830} INFO - Processing file /home/airflow/.local/lib/python3.12/site-packages/airflow/example_dags/example_task_group_decorator.py for tasks to queue
[2024-07-16T17:14:00.458+0000] {logging_mixin.py:188} INFO - [2024-07-16T17:14:00.457+0000] {dagbag.py:545} INFO - Filling up the DagBag from /home/airflow/.local/lib/python3.12/site-packages/airflow/example_dags/example_task_group_decorator.py
[2024-07-16T17:14:00.471+0000] {processor.py:840} INFO - DAG(s) 'example_task_group_decorator' retrieved from /home/airflow/.local/lib/python3.12/site-packages/airflow/example_dags/example_task_group_decorator.py
[2024-07-16T17:14:00.509+0000] {logging_mixin.py:188} INFO - [2024-07-16T17:14:00.509+0000] {dag.py:3089} INFO - Sync 1 DAGs
[2024-07-16T17:14:00.536+0000] {logging_mixin.py:188} INFO - [2024-07-16T17:14:00.536+0000] {dag.py:3947} INFO - Setting next_dagrun for example_task_group_decorator to 2024-07-15 00:00:00+00:00, run_after=2024-07-16 00:00:00+00:00
[2024-07-16T17:14:00.556+0000] {processor.py:183} INFO - Processing /home/airflow/.local/lib/python3.12/site-packages/airflow/example_dags/example_task_group_decorator.py took 0.107 seconds
[2024-07-16T17:14:31.344+0000] {processor.py:161} INFO - Started process (PID=546) to work on /home/airflow/.local/lib/python3.12/site-packages/airflow/example_dags/example_task_group_decorator.py
[2024-07-16T17:14:31.346+0000] {processor.py:830} INFO - Processing file /home/airflow/.local/lib/python3.12/site-packages/airflow/example_dags/example_task_group_decorator.py for tasks to queue
[2024-07-16T17:14:31.352+0000] {logging_mixin.py:188} INFO - [2024-07-16T17:14:31.350+0000] {dagbag.py:545} INFO - Filling up the DagBag from /home/airflow/.local/lib/python3.12/site-packages/airflow/example_dags/example_task_group_decorator.py
[2024-07-16T17:14:31.381+0000] {processor.py:840} INFO - DAG(s) 'example_task_group_decorator' retrieved from /home/airflow/.local/lib/python3.12/site-packages/airflow/example_dags/example_task_group_decorator.py
[2024-07-16T17:14:31.414+0000] {logging_mixin.py:188} INFO - [2024-07-16T17:14:31.414+0000] {dag.py:3089} INFO - Sync 1 DAGs
[2024-07-16T17:14:31.446+0000] {logging_mixin.py:188} INFO - [2024-07-16T17:14:31.446+0000] {dag.py:3947} INFO - Setting next_dagrun for example_task_group_decorator to 2024-07-15 00:00:00+00:00, run_after=2024-07-16 00:00:00+00:00
[2024-07-16T17:14:31.475+0000] {processor.py:183} INFO - Processing /home/airflow/.local/lib/python3.12/site-packages/airflow/example_dags/example_task_group_decorator.py took 0.140 seconds
[2024-07-16T17:15:01.634+0000] {processor.py:161} INFO - Started process (PID=604) to work on /home/airflow/.local/lib/python3.12/site-packages/airflow/example_dags/example_task_group_decorator.py
[2024-07-16T17:15:01.635+0000] {processor.py:830} INFO - Processing file /home/airflow/.local/lib/python3.12/site-packages/airflow/example_dags/example_task_group_decorator.py for tasks to queue
[2024-07-16T17:15:01.637+0000] {logging_mixin.py:188} INFO - [2024-07-16T17:15:01.637+0000] {dagbag.py:545} INFO - Filling up the DagBag from /home/airflow/.local/lib/python3.12/site-packages/airflow/example_dags/example_task_group_decorator.py
[2024-07-16T17:15:01.648+0000] {processor.py:840} INFO - DAG(s) 'example_task_group_decorator' retrieved from /home/airflow/.local/lib/python3.12/site-packages/airflow/example_dags/example_task_group_decorator.py
[2024-07-16T17:15:01.671+0000] {logging_mixin.py:188} INFO - [2024-07-16T17:15:01.671+0000] {dag.py:3089} INFO - Sync 1 DAGs
[2024-07-16T17:15:01.689+0000] {logging_mixin.py:188} INFO - [2024-07-16T17:15:01.689+0000] {dag.py:3947} INFO - Setting next_dagrun for example_task_group_decorator to 2024-07-15 00:00:00+00:00, run_after=2024-07-16 00:00:00+00:00
[2024-07-16T17:15:01.706+0000] {processor.py:183} INFO - Processing /home/airflow/.local/lib/python3.12/site-packages/airflow/example_dags/example_task_group_decorator.py took 0.076 seconds
[2024-07-16T17:15:31.947+0000] {processor.py:161} INFO - Started process (PID=662) to work on /home/airflow/.local/lib/python3.12/site-packages/airflow/example_dags/example_task_group_decorator.py
[2024-07-16T17:15:31.949+0000] {processor.py:830} INFO - Processing file /home/airflow/.local/lib/python3.12/site-packages/airflow/example_dags/example_task_group_decorator.py for tasks to queue
[2024-07-16T17:15:31.951+0000] {logging_mixin.py:188} INFO - [2024-07-16T17:15:31.951+0000] {dagbag.py:545} INFO - Filling up the DagBag from /home/airflow/.local/lib/python3.12/site-packages/airflow/example_dags/example_task_group_decorator.py
[2024-07-16T17:15:31.963+0000] {processor.py:840} INFO - DAG(s) 'example_task_group_decorator' retrieved from /home/airflow/.local/lib/python3.12/site-packages/airflow/example_dags/example_task_group_decorator.py
[2024-07-16T17:15:31.988+0000] {logging_mixin.py:188} INFO - [2024-07-16T17:15:31.988+0000] {dag.py:3089} INFO - Sync 1 DAGs
[2024-07-16T17:15:32.008+0000] {logging_mixin.py:188} INFO - [2024-07-16T17:15:32.007+0000] {dag.py:3947} INFO - Setting next_dagrun for example_task_group_decorator to 2024-07-15 00:00:00+00:00, run_after=2024-07-16 00:00:00+00:00
[2024-07-16T17:15:32.027+0000] {processor.py:183} INFO - Processing /home/airflow/.local/lib/python3.12/site-packages/airflow/example_dags/example_task_group_decorator.py took 0.084 seconds
[2024-07-16T17:16:02.889+0000] {processor.py:161} INFO - Started process (PID=720) to work on /home/airflow/.local/lib/python3.12/site-packages/airflow/example_dags/example_task_group_decorator.py
[2024-07-16T17:16:02.890+0000] {processor.py:830} INFO - Processing file /home/airflow/.local/lib/python3.12/site-packages/airflow/example_dags/example_task_group_decorator.py for tasks to queue
[2024-07-16T17:16:02.892+0000] {logging_mixin.py:188} INFO - [2024-07-16T17:16:02.891+0000] {dagbag.py:545} INFO - Filling up the DagBag from /home/airflow/.local/lib/python3.12/site-packages/airflow/example_dags/example_task_group_decorator.py
[2024-07-16T17:16:02.906+0000] {processor.py:840} INFO - DAG(s) 'example_task_group_decorator' retrieved from /home/airflow/.local/lib/python3.12/site-packages/airflow/example_dags/example_task_group_decorator.py
[2024-07-16T17:16:02.928+0000] {logging_mixin.py:188} INFO - [2024-07-16T17:16:02.928+0000] {dag.py:3089} INFO - Sync 1 DAGs
[2024-07-16T17:16:02.950+0000] {logging_mixin.py:188} INFO - [2024-07-16T17:16:02.950+0000] {dag.py:3947} INFO - Setting next_dagrun for example_task_group_decorator to 2024-07-15 00:00:00+00:00, run_after=2024-07-16 00:00:00+00:00
[2024-07-16T17:16:02.970+0000] {processor.py:183} INFO - Processing /home/airflow/.local/lib/python3.12/site-packages/airflow/example_dags/example_task_group_decorator.py took 0.087 seconds
[2024-07-16T17:16:33.312+0000] {processor.py:161} INFO - Started process (PID=778) to work on /home/airflow/.local/lib/python3.12/site-packages/airflow/example_dags/example_task_group_decorator.py
[2024-07-16T17:16:33.314+0000] {processor.py:830} INFO - Processing file /home/airflow/.local/lib/python3.12/site-packages/airflow/example_dags/example_task_group_decorator.py for tasks to queue
[2024-07-16T17:16:33.316+0000] {logging_mixin.py:188} INFO - [2024-07-16T17:16:33.315+0000] {dagbag.py:545} INFO - Filling up the DagBag from /home/airflow/.local/lib/python3.12/site-packages/airflow/example_dags/example_task_group_decorator.py
[2024-07-16T17:16:33.333+0000] {processor.py:840} INFO - DAG(s) 'example_task_group_decorator' retrieved from /home/airflow/.local/lib/python3.12/site-packages/airflow/example_dags/example_task_group_decorator.py
[2024-07-16T17:16:33.384+0000] {logging_mixin.py:188} INFO - [2024-07-16T17:16:33.383+0000] {dag.py:3089} INFO - Sync 1 DAGs
[2024-07-16T17:16:33.409+0000] {logging_mixin.py:188} INFO - [2024-07-16T17:16:33.409+0000] {dag.py:3947} INFO - Setting next_dagrun for example_task_group_decorator to 2024-07-15 00:00:00+00:00, run_after=2024-07-16 00:00:00+00:00
[2024-07-16T17:16:33.429+0000] {processor.py:183} INFO - Processing /home/airflow/.local/lib/python3.12/site-packages/airflow/example_dags/example_task_group_decorator.py took 0.122 seconds
[2024-07-16T17:17:03.490+0000] {processor.py:161} INFO - Started process (PID=835) to work on /home/airflow/.local/lib/python3.12/site-packages/airflow/example_dags/example_task_group_decorator.py
[2024-07-16T17:17:03.492+0000] {processor.py:830} INFO - Processing file /home/airflow/.local/lib/python3.12/site-packages/airflow/example_dags/example_task_group_decorator.py for tasks to queue
[2024-07-16T17:17:03.497+0000] {logging_mixin.py:188} INFO - [2024-07-16T17:17:03.497+0000] {dagbag.py:545} INFO - Filling up the DagBag from /home/airflow/.local/lib/python3.12/site-packages/airflow/example_dags/example_task_group_decorator.py
[2024-07-16T17:17:03.524+0000] {processor.py:840} INFO - DAG(s) 'example_task_group_decorator' retrieved from /home/airflow/.local/lib/python3.12/site-packages/airflow/example_dags/example_task_group_decorator.py
[2024-07-16T17:17:03.556+0000] {logging_mixin.py:188} INFO - [2024-07-16T17:17:03.556+0000] {dag.py:3089} INFO - Sync 1 DAGs
[2024-07-16T17:17:03.584+0000] {logging_mixin.py:188} INFO - [2024-07-16T17:17:03.583+0000] {dag.py:3947} INFO - Setting next_dagrun for example_task_group_decorator to 2024-07-15 00:00:00+00:00, run_after=2024-07-16 00:00:00+00:00
[2024-07-16T17:17:03.607+0000] {processor.py:183} INFO - Processing /home/airflow/.local/lib/python3.12/site-packages/airflow/example_dags/example_task_group_decorator.py took 0.126 seconds
[2024-07-16T17:17:33.768+0000] {processor.py:161} INFO - Started process (PID=893) to work on /home/airflow/.local/lib/python3.12/site-packages/airflow/example_dags/example_task_group_decorator.py
[2024-07-16T17:17:33.769+0000] {processor.py:830} INFO - Processing file /home/airflow/.local/lib/python3.12/site-packages/airflow/example_dags/example_task_group_decorator.py for tasks to queue
[2024-07-16T17:17:33.771+0000] {logging_mixin.py:188} INFO - [2024-07-16T17:17:33.771+0000] {dagbag.py:545} INFO - Filling up the DagBag from /home/airflow/.local/lib/python3.12/site-packages/airflow/example_dags/example_task_group_decorator.py
[2024-07-16T17:17:33.782+0000] {processor.py:840} INFO - DAG(s) 'example_task_group_decorator' retrieved from /home/airflow/.local/lib/python3.12/site-packages/airflow/example_dags/example_task_group_decorator.py
[2024-07-16T17:17:33.802+0000] {logging_mixin.py:188} INFO - [2024-07-16T17:17:33.802+0000] {dag.py:3089} INFO - Sync 1 DAGs
[2024-07-16T17:17:33.823+0000] {logging_mixin.py:188} INFO - [2024-07-16T17:17:33.823+0000] {dag.py:3947} INFO - Setting next_dagrun for example_task_group_decorator to 2024-07-15 00:00:00+00:00, run_after=2024-07-16 00:00:00+00:00
[2024-07-16T17:17:33.843+0000] {processor.py:183} INFO - Processing /home/airflow/.local/lib/python3.12/site-packages/airflow/example_dags/example_task_group_decorator.py took 0.080 seconds
[2024-07-16T17:18:04.452+0000] {processor.py:161} INFO - Started process (PID=951) to work on /home/airflow/.local/lib/python3.12/site-packages/airflow/example_dags/example_task_group_decorator.py
[2024-07-16T17:18:04.454+0000] {processor.py:830} INFO - Processing file /home/airflow/.local/lib/python3.12/site-packages/airflow/example_dags/example_task_group_decorator.py for tasks to queue
[2024-07-16T17:18:04.456+0000] {logging_mixin.py:188} INFO - [2024-07-16T17:18:04.455+0000] {dagbag.py:545} INFO - Filling up the DagBag from /home/airflow/.local/lib/python3.12/site-packages/airflow/example_dags/example_task_group_decorator.py
[2024-07-16T17:18:04.471+0000] {processor.py:840} INFO - DAG(s) 'example_task_group_decorator' retrieved from /home/airflow/.local/lib/python3.12/site-packages/airflow/example_dags/example_task_group_decorator.py
[2024-07-16T17:18:04.499+0000] {logging_mixin.py:188} INFO - [2024-07-16T17:18:04.498+0000] {dag.py:3089} INFO - Sync 1 DAGs
[2024-07-16T17:18:04.522+0000] {logging_mixin.py:188} INFO - [2024-07-16T17:18:04.521+0000] {dag.py:3947} INFO - Setting next_dagrun for example_task_group_decorator to 2024-07-15 00:00:00+00:00, run_after=2024-07-16 00:00:00+00:00
[2024-07-16T17:18:04.541+0000] {processor.py:183} INFO - Processing /home/airflow/.local/lib/python3.12/site-packages/airflow/example_dags/example_task_group_decorator.py took 0.095 seconds
[2024-07-16T17:18:34.785+0000] {processor.py:161} INFO - Started process (PID=1009) to work on /home/airflow/.local/lib/python3.12/site-packages/airflow/example_dags/example_task_group_decorator.py
[2024-07-16T17:18:34.787+0000] {processor.py:830} INFO - Processing file /home/airflow/.local/lib/python3.12/site-packages/airflow/example_dags/example_task_group_decorator.py for tasks to queue
[2024-07-16T17:18:34.791+0000] {logging_mixin.py:188} INFO - [2024-07-16T17:18:34.790+0000] {dagbag.py:545} INFO - Filling up the DagBag from /home/airflow/.local/lib/python3.12/site-packages/airflow/example_dags/example_task_group_decorator.py
[2024-07-16T17:18:34.836+0000] {processor.py:840} INFO - DAG(s) 'example_task_group_decorator' retrieved from /home/airflow/.local/lib/python3.12/site-packages/airflow/example_dags/example_task_group_decorator.py
[2024-07-16T17:18:34.929+0000] {logging_mixin.py:188} INFO - [2024-07-16T17:18:34.928+0000] {dag.py:3089} INFO - Sync 1 DAGs
[2024-07-16T17:18:35.024+0000] {logging_mixin.py:188} INFO - [2024-07-16T17:18:35.024+0000] {dag.py:3947} INFO - Setting next_dagrun for example_task_group_decorator to 2024-07-15 00:00:00+00:00, run_after=2024-07-16 00:00:00+00:00
[2024-07-16T17:18:35.087+0000] {processor.py:183} INFO - Processing /home/airflow/.local/lib/python3.12/site-packages/airflow/example_dags/example_task_group_decorator.py took 0.319 seconds
[2024-07-16T17:19:05.719+0000] {processor.py:161} INFO - Started process (PID=1067) to work on /home/airflow/.local/lib/python3.12/site-packages/airflow/example_dags/example_task_group_decorator.py
[2024-07-16T17:19:05.721+0000] {processor.py:830} INFO - Processing file /home/airflow/.local/lib/python3.12/site-packages/airflow/example_dags/example_task_group_decorator.py for tasks to queue
[2024-07-16T17:19:05.725+0000] {logging_mixin.py:188} INFO - [2024-07-16T17:19:05.725+0000] {dagbag.py:545} INFO - Filling up the DagBag from /home/airflow/.local/lib/python3.12/site-packages/airflow/example_dags/example_task_group_decorator.py
[2024-07-16T17:19:05.742+0000] {processor.py:840} INFO - DAG(s) 'example_task_group_decorator' retrieved from /home/airflow/.local/lib/python3.12/site-packages/airflow/example_dags/example_task_group_decorator.py
[2024-07-16T17:19:05.787+0000] {logging_mixin.py:188} INFO - [2024-07-16T17:19:05.787+0000] {dag.py:3089} INFO - Sync 1 DAGs
[2024-07-16T17:19:05.887+0000] {logging_mixin.py:188} INFO - [2024-07-16T17:19:05.887+0000] {dag.py:3947} INFO - Setting next_dagrun for example_task_group_decorator to 2024-07-15 00:00:00+00:00, run_after=2024-07-16 00:00:00+00:00
[2024-07-16T17:19:05.942+0000] {processor.py:183} INFO - Processing /home/airflow/.local/lib/python3.12/site-packages/airflow/example_dags/example_task_group_decorator.py took 0.232 seconds
[2024-07-16T17:19:36.508+0000] {processor.py:161} INFO - Started process (PID=1125) to work on /home/airflow/.local/lib/python3.12/site-packages/airflow/example_dags/example_task_group_decorator.py
[2024-07-16T17:19:36.510+0000] {processor.py:830} INFO - Processing file /home/airflow/.local/lib/python3.12/site-packages/airflow/example_dags/example_task_group_decorator.py for tasks to queue
[2024-07-16T17:19:36.512+0000] {logging_mixin.py:188} INFO - [2024-07-16T17:19:36.512+0000] {dagbag.py:545} INFO - Filling up the DagBag from /home/airflow/.local/lib/python3.12/site-packages/airflow/example_dags/example_task_group_decorator.py
[2024-07-16T17:19:36.525+0000] {processor.py:840} INFO - DAG(s) 'example_task_group_decorator' retrieved from /home/airflow/.local/lib/python3.12/site-packages/airflow/example_dags/example_task_group_decorator.py
[2024-07-16T17:19:36.551+0000] {logging_mixin.py:188} INFO - [2024-07-16T17:19:36.550+0000] {dag.py:3089} INFO - Sync 1 DAGs
[2024-07-16T17:19:36.576+0000] {logging_mixin.py:188} INFO - [2024-07-16T17:19:36.576+0000] {dag.py:3947} INFO - Setting next_dagrun for example_task_group_decorator to 2024-07-15 00:00:00+00:00, run_after=2024-07-16 00:00:00+00:00
[2024-07-16T17:19:36.597+0000] {processor.py:183} INFO - Processing /home/airflow/.local/lib/python3.12/site-packages/airflow/example_dags/example_task_group_decorator.py took 0.096 seconds
[2024-07-16T17:23:53.076+0000] {processor.py:161} INFO - Started process (PID=84) to work on /home/airflow/.local/lib/python3.12/site-packages/airflow/example_dags/example_task_group_decorator.py
[2024-07-16T17:23:53.079+0000] {processor.py:830} INFO - Processing file /home/airflow/.local/lib/python3.12/site-packages/airflow/example_dags/example_task_group_decorator.py for tasks to queue
[2024-07-16T17:23:53.082+0000] {logging_mixin.py:188} INFO - [2024-07-16T17:23:53.081+0000] {dagbag.py:545} INFO - Filling up the DagBag from /home/airflow/.local/lib/python3.12/site-packages/airflow/example_dags/example_task_group_decorator.py
[2024-07-16T17:23:53.114+0000] {processor.py:840} INFO - DAG(s) 'example_task_group_decorator' retrieved from /home/airflow/.local/lib/python3.12/site-packages/airflow/example_dags/example_task_group_decorator.py
[2024-07-16T17:23:53.333+0000] {logging_mixin.py:188} INFO - [2024-07-16T17:23:53.332+0000] {dag.py:3089} INFO - Sync 1 DAGs
[2024-07-16T17:23:53.368+0000] {logging_mixin.py:188} INFO - [2024-07-16T17:23:53.368+0000] {dag.py:3947} INFO - Setting next_dagrun for example_task_group_decorator to 2024-07-15 00:00:00+00:00, run_after=2024-07-16 00:00:00+00:00
[2024-07-16T17:23:53.403+0000] {processor.py:183} INFO - Processing /home/airflow/.local/lib/python3.12/site-packages/airflow/example_dags/example_task_group_decorator.py took 0.338 seconds
[2024-07-16T17:24:23.990+0000] {processor.py:161} INFO - Started process (PID=141) to work on /home/airflow/.local/lib/python3.12/site-packages/airflow/example_dags/example_task_group_decorator.py
[2024-07-16T17:24:23.991+0000] {processor.py:830} INFO - Processing file /home/airflow/.local/lib/python3.12/site-packages/airflow/example_dags/example_task_group_decorator.py for tasks to queue
[2024-07-16T17:24:23.993+0000] {logging_mixin.py:188} INFO - [2024-07-16T17:24:23.992+0000] {dagbag.py:545} INFO - Filling up the DagBag from /home/airflow/.local/lib/python3.12/site-packages/airflow/example_dags/example_task_group_decorator.py
[2024-07-16T17:24:24.004+0000] {processor.py:840} INFO - DAG(s) 'example_task_group_decorator' retrieved from /home/airflow/.local/lib/python3.12/site-packages/airflow/example_dags/example_task_group_decorator.py
[2024-07-16T17:24:24.025+0000] {logging_mixin.py:188} INFO - [2024-07-16T17:24:24.025+0000] {dag.py:3089} INFO - Sync 1 DAGs
[2024-07-16T17:24:24.042+0000] {logging_mixin.py:188} INFO - [2024-07-16T17:24:24.042+0000] {dag.py:3947} INFO - Setting next_dagrun for example_task_group_decorator to 2024-07-15 00:00:00+00:00, run_after=2024-07-16 00:00:00+00:00
[2024-07-16T17:24:24.059+0000] {processor.py:183} INFO - Processing /home/airflow/.local/lib/python3.12/site-packages/airflow/example_dags/example_task_group_decorator.py took 0.074 seconds
[2024-07-16T17:24:54.856+0000] {processor.py:161} INFO - Started process (PID=199) to work on /home/airflow/.local/lib/python3.12/site-packages/airflow/example_dags/example_task_group_decorator.py
[2024-07-16T17:24:54.857+0000] {processor.py:830} INFO - Processing file /home/airflow/.local/lib/python3.12/site-packages/airflow/example_dags/example_task_group_decorator.py for tasks to queue
[2024-07-16T17:24:54.859+0000] {logging_mixin.py:188} INFO - [2024-07-16T17:24:54.859+0000] {dagbag.py:545} INFO - Filling up the DagBag from /home/airflow/.local/lib/python3.12/site-packages/airflow/example_dags/example_task_group_decorator.py
[2024-07-16T17:24:54.871+0000] {processor.py:840} INFO - DAG(s) 'example_task_group_decorator' retrieved from /home/airflow/.local/lib/python3.12/site-packages/airflow/example_dags/example_task_group_decorator.py
[2024-07-16T17:24:54.891+0000] {logging_mixin.py:188} INFO - [2024-07-16T17:24:54.891+0000] {dag.py:3089} INFO - Sync 1 DAGs
[2024-07-16T17:24:54.912+0000] {logging_mixin.py:188} INFO - [2024-07-16T17:24:54.912+0000] {dag.py:3947} INFO - Setting next_dagrun for example_task_group_decorator to 2024-07-15 00:00:00+00:00, run_after=2024-07-16 00:00:00+00:00
[2024-07-16T17:24:54.929+0000] {processor.py:183} INFO - Processing /home/airflow/.local/lib/python3.12/site-packages/airflow/example_dags/example_task_group_decorator.py took 0.078 seconds
[2024-07-16T17:25:25.154+0000] {processor.py:161} INFO - Started process (PID=258) to work on /home/airflow/.local/lib/python3.12/site-packages/airflow/example_dags/example_task_group_decorator.py
[2024-07-16T17:25:25.155+0000] {processor.py:830} INFO - Processing file /home/airflow/.local/lib/python3.12/site-packages/airflow/example_dags/example_task_group_decorator.py for tasks to queue
[2024-07-16T17:25:25.157+0000] {logging_mixin.py:188} INFO - [2024-07-16T17:25:25.156+0000] {dagbag.py:545} INFO - Filling up the DagBag from /home/airflow/.local/lib/python3.12/site-packages/airflow/example_dags/example_task_group_decorator.py
[2024-07-16T17:25:25.167+0000] {processor.py:840} INFO - DAG(s) 'example_task_group_decorator' retrieved from /home/airflow/.local/lib/python3.12/site-packages/airflow/example_dags/example_task_group_decorator.py
[2024-07-16T17:25:25.188+0000] {logging_mixin.py:188} INFO - [2024-07-16T17:25:25.188+0000] {dag.py:3089} INFO - Sync 1 DAGs
[2024-07-16T17:25:25.206+0000] {logging_mixin.py:188} INFO - [2024-07-16T17:25:25.205+0000] {dag.py:3947} INFO - Setting next_dagrun for example_task_group_decorator to 2024-07-15 00:00:00+00:00, run_after=2024-07-16 00:00:00+00:00
[2024-07-16T17:25:25.225+0000] {processor.py:183} INFO - Processing /home/airflow/.local/lib/python3.12/site-packages/airflow/example_dags/example_task_group_decorator.py took 0.075 seconds
[2024-07-16T17:29:56.036+0000] {processor.py:161} INFO - Started process (PID=78) to work on /home/airflow/.local/lib/python3.12/site-packages/airflow/example_dags/example_task_group_decorator.py
[2024-07-16T17:29:56.038+0000] {processor.py:830} INFO - Processing file /home/airflow/.local/lib/python3.12/site-packages/airflow/example_dags/example_task_group_decorator.py for tasks to queue
[2024-07-16T17:29:56.041+0000] {logging_mixin.py:188} INFO - [2024-07-16T17:29:56.040+0000] {dagbag.py:545} INFO - Filling up the DagBag from /home/airflow/.local/lib/python3.12/site-packages/airflow/example_dags/example_task_group_decorator.py
[2024-07-16T17:29:56.073+0000] {processor.py:840} INFO - DAG(s) 'example_task_group_decorator' retrieved from /home/airflow/.local/lib/python3.12/site-packages/airflow/example_dags/example_task_group_decorator.py
[2024-07-16T17:29:56.288+0000] {logging_mixin.py:188} INFO - [2024-07-16T17:29:56.287+0000] {dag.py:3089} INFO - Sync 1 DAGs
[2024-07-16T17:29:56.325+0000] {logging_mixin.py:188} INFO - [2024-07-16T17:29:56.324+0000] {dag.py:3947} INFO - Setting next_dagrun for example_task_group_decorator to 2024-07-15 00:00:00+00:00, run_after=2024-07-16 00:00:00+00:00
[2024-07-16T17:29:56.356+0000] {processor.py:183} INFO - Processing /home/airflow/.local/lib/python3.12/site-packages/airflow/example_dags/example_task_group_decorator.py took 0.327 seconds
[2024-07-16T17:30:26.975+0000] {processor.py:161} INFO - Started process (PID=136) to work on /home/airflow/.local/lib/python3.12/site-packages/airflow/example_dags/example_task_group_decorator.py
[2024-07-16T17:30:26.976+0000] {processor.py:830} INFO - Processing file /home/airflow/.local/lib/python3.12/site-packages/airflow/example_dags/example_task_group_decorator.py for tasks to queue
[2024-07-16T17:30:26.979+0000] {logging_mixin.py:188} INFO - [2024-07-16T17:30:26.978+0000] {dagbag.py:545} INFO - Filling up the DagBag from /home/airflow/.local/lib/python3.12/site-packages/airflow/example_dags/example_task_group_decorator.py
[2024-07-16T17:30:27.004+0000] {processor.py:840} INFO - DAG(s) 'example_task_group_decorator' retrieved from /home/airflow/.local/lib/python3.12/site-packages/airflow/example_dags/example_task_group_decorator.py
[2024-07-16T17:30:27.043+0000] {logging_mixin.py:188} INFO - [2024-07-16T17:30:27.042+0000] {dag.py:3089} INFO - Sync 1 DAGs
[2024-07-16T17:30:27.074+0000] {logging_mixin.py:188} INFO - [2024-07-16T17:30:27.074+0000] {dag.py:3947} INFO - Setting next_dagrun for example_task_group_decorator to 2024-07-15 00:00:00+00:00, run_after=2024-07-16 00:00:00+00:00
[2024-07-16T17:30:27.101+0000] {processor.py:183} INFO - Processing /home/airflow/.local/lib/python3.12/site-packages/airflow/example_dags/example_task_group_decorator.py took 0.135 seconds
[2024-07-16T17:30:57.957+0000] {processor.py:161} INFO - Started process (PID=199) to work on /home/airflow/.local/lib/python3.12/site-packages/airflow/example_dags/example_task_group_decorator.py
[2024-07-16T17:30:57.958+0000] {processor.py:830} INFO - Processing file /home/airflow/.local/lib/python3.12/site-packages/airflow/example_dags/example_task_group_decorator.py for tasks to queue
[2024-07-16T17:30:57.961+0000] {logging_mixin.py:188} INFO - [2024-07-16T17:30:57.961+0000] {dagbag.py:545} INFO - Filling up the DagBag from /home/airflow/.local/lib/python3.12/site-packages/airflow/example_dags/example_task_group_decorator.py
[2024-07-16T17:30:57.983+0000] {processor.py:840} INFO - DAG(s) 'example_task_group_decorator' retrieved from /home/airflow/.local/lib/python3.12/site-packages/airflow/example_dags/example_task_group_decorator.py
[2024-07-16T17:30:58.019+0000] {logging_mixin.py:188} INFO - [2024-07-16T17:30:58.019+0000] {dag.py:3089} INFO - Sync 1 DAGs
[2024-07-16T17:30:58.050+0000] {logging_mixin.py:188} INFO - [2024-07-16T17:30:58.050+0000] {dag.py:3947} INFO - Setting next_dagrun for example_task_group_decorator to 2024-07-15 00:00:00+00:00, run_after=2024-07-16 00:00:00+00:00
[2024-07-16T17:30:58.080+0000] {processor.py:183} INFO - Processing /home/airflow/.local/lib/python3.12/site-packages/airflow/example_dags/example_task_group_decorator.py took 0.131 seconds
[2024-07-16T17:31:28.521+0000] {processor.py:161} INFO - Started process (PID=257) to work on /home/airflow/.local/lib/python3.12/site-packages/airflow/example_dags/example_task_group_decorator.py
[2024-07-16T17:31:28.523+0000] {processor.py:830} INFO - Processing file /home/airflow/.local/lib/python3.12/site-packages/airflow/example_dags/example_task_group_decorator.py for tasks to queue
[2024-07-16T17:31:28.527+0000] {logging_mixin.py:188} INFO - [2024-07-16T17:31:28.526+0000] {dagbag.py:545} INFO - Filling up the DagBag from /home/airflow/.local/lib/python3.12/site-packages/airflow/example_dags/example_task_group_decorator.py
[2024-07-16T17:31:28.561+0000] {processor.py:840} INFO - DAG(s) 'example_task_group_decorator' retrieved from /home/airflow/.local/lib/python3.12/site-packages/airflow/example_dags/example_task_group_decorator.py
[2024-07-16T17:31:28.609+0000] {logging_mixin.py:188} INFO - [2024-07-16T17:31:28.608+0000] {dag.py:3089} INFO - Sync 1 DAGs
[2024-07-16T17:31:28.660+0000] {logging_mixin.py:188} INFO - [2024-07-16T17:31:28.660+0000] {dag.py:3947} INFO - Setting next_dagrun for example_task_group_decorator to 2024-07-15 00:00:00+00:00, run_after=2024-07-16 00:00:00+00:00
[2024-07-16T17:31:28.694+0000] {processor.py:183} INFO - Processing /home/airflow/.local/lib/python3.12/site-packages/airflow/example_dags/example_task_group_decorator.py took 0.187 seconds
[2024-07-16T17:31:59.906+0000] {processor.py:161} INFO - Started process (PID=315) to work on /home/airflow/.local/lib/python3.12/site-packages/airflow/example_dags/example_task_group_decorator.py
[2024-07-16T17:31:59.908+0000] {processor.py:830} INFO - Processing file /home/airflow/.local/lib/python3.12/site-packages/airflow/example_dags/example_task_group_decorator.py for tasks to queue
[2024-07-16T17:31:59.913+0000] {logging_mixin.py:188} INFO - [2024-07-16T17:31:59.912+0000] {dagbag.py:545} INFO - Filling up the DagBag from /home/airflow/.local/lib/python3.12/site-packages/airflow/example_dags/example_task_group_decorator.py
[2024-07-16T17:31:59.949+0000] {processor.py:840} INFO - DAG(s) 'example_task_group_decorator' retrieved from /home/airflow/.local/lib/python3.12/site-packages/airflow/example_dags/example_task_group_decorator.py
[2024-07-16T17:32:00.019+0000] {logging_mixin.py:188} INFO - [2024-07-16T17:32:00.018+0000] {dag.py:3089} INFO - Sync 1 DAGs
[2024-07-16T17:32:00.074+0000] {logging_mixin.py:188} INFO - [2024-07-16T17:32:00.074+0000] {dag.py:3947} INFO - Setting next_dagrun for example_task_group_decorator to 2024-07-15 00:00:00+00:00, run_after=2024-07-16 00:00:00+00:00
[2024-07-16T17:32:00.121+0000] {processor.py:183} INFO - Processing /home/airflow/.local/lib/python3.12/site-packages/airflow/example_dags/example_task_group_decorator.py took 0.226 seconds
[2024-07-16T17:32:30.694+0000] {processor.py:161} INFO - Started process (PID=373) to work on /home/airflow/.local/lib/python3.12/site-packages/airflow/example_dags/example_task_group_decorator.py
[2024-07-16T17:32:30.696+0000] {processor.py:830} INFO - Processing file /home/airflow/.local/lib/python3.12/site-packages/airflow/example_dags/example_task_group_decorator.py for tasks to queue
[2024-07-16T17:32:30.701+0000] {logging_mixin.py:188} INFO - [2024-07-16T17:32:30.700+0000] {dagbag.py:545} INFO - Filling up the DagBag from /home/airflow/.local/lib/python3.12/site-packages/airflow/example_dags/example_task_group_decorator.py
[2024-07-16T17:32:30.735+0000] {processor.py:840} INFO - DAG(s) 'example_task_group_decorator' retrieved from /home/airflow/.local/lib/python3.12/site-packages/airflow/example_dags/example_task_group_decorator.py
[2024-07-16T17:32:30.789+0000] {logging_mixin.py:188} INFO - [2024-07-16T17:32:30.788+0000] {dag.py:3089} INFO - Sync 1 DAGs
[2024-07-16T17:32:30.829+0000] {logging_mixin.py:188} INFO - [2024-07-16T17:32:30.829+0000] {dag.py:3947} INFO - Setting next_dagrun for example_task_group_decorator to 2024-07-15 00:00:00+00:00, run_after=2024-07-16 00:00:00+00:00
[2024-07-16T17:32:30.876+0000] {processor.py:183} INFO - Processing /home/airflow/.local/lib/python3.12/site-packages/airflow/example_dags/example_task_group_decorator.py took 0.193 seconds
[2024-07-16T17:33:01.673+0000] {processor.py:161} INFO - Started process (PID=431) to work on /home/airflow/.local/lib/python3.12/site-packages/airflow/example_dags/example_task_group_decorator.py
[2024-07-16T17:33:01.675+0000] {processor.py:830} INFO - Processing file /home/airflow/.local/lib/python3.12/site-packages/airflow/example_dags/example_task_group_decorator.py for tasks to queue
[2024-07-16T17:33:01.678+0000] {logging_mixin.py:188} INFO - [2024-07-16T17:33:01.677+0000] {dagbag.py:545} INFO - Filling up the DagBag from /home/airflow/.local/lib/python3.12/site-packages/airflow/example_dags/example_task_group_decorator.py
[2024-07-16T17:33:01.699+0000] {processor.py:840} INFO - DAG(s) 'example_task_group_decorator' retrieved from /home/airflow/.local/lib/python3.12/site-packages/airflow/example_dags/example_task_group_decorator.py
[2024-07-16T17:33:01.740+0000] {logging_mixin.py:188} INFO - [2024-07-16T17:33:01.739+0000] {dag.py:3089} INFO - Sync 1 DAGs
[2024-07-16T17:33:01.785+0000] {logging_mixin.py:188} INFO - [2024-07-16T17:33:01.785+0000] {dag.py:3947} INFO - Setting next_dagrun for example_task_group_decorator to 2024-07-15 00:00:00+00:00, run_after=2024-07-16 00:00:00+00:00
[2024-07-16T17:33:01.829+0000] {processor.py:183} INFO - Processing /home/airflow/.local/lib/python3.12/site-packages/airflow/example_dags/example_task_group_decorator.py took 0.164 seconds
[2024-07-16T18:04:16.403+0000] {processor.py:161} INFO - Started process (PID=85) to work on /home/airflow/.local/lib/python3.12/site-packages/airflow/example_dags/example_task_group_decorator.py
[2024-07-16T18:04:16.405+0000] {processor.py:830} INFO - Processing file /home/airflow/.local/lib/python3.12/site-packages/airflow/example_dags/example_task_group_decorator.py for tasks to queue
[2024-07-16T18:04:16.407+0000] {logging_mixin.py:188} INFO - [2024-07-16T18:04:16.407+0000] {dagbag.py:545} INFO - Filling up the DagBag from /home/airflow/.local/lib/python3.12/site-packages/airflow/example_dags/example_task_group_decorator.py
[2024-07-16T18:04:16.430+0000] {processor.py:840} INFO - DAG(s) 'example_task_group_decorator' retrieved from /home/airflow/.local/lib/python3.12/site-packages/airflow/example_dags/example_task_group_decorator.py
[2024-07-16T18:04:16.594+0000] {logging_mixin.py:188} INFO - [2024-07-16T18:04:16.593+0000] {dag.py:3089} INFO - Sync 1 DAGs
[2024-07-16T18:04:16.633+0000] {logging_mixin.py:188} INFO - [2024-07-16T18:04:16.632+0000] {dag.py:3947} INFO - Setting next_dagrun for example_task_group_decorator to 2024-07-15 00:00:00+00:00, run_after=2024-07-16 00:00:00+00:00
[2024-07-16T18:04:16.663+0000] {processor.py:183} INFO - Processing /home/airflow/.local/lib/python3.12/site-packages/airflow/example_dags/example_task_group_decorator.py took 0.269 seconds
[2024-07-16T18:12:23.906+0000] {processor.py:161} INFO - Started process (PID=85) to work on /home/airflow/.local/lib/python3.12/site-packages/airflow/example_dags/example_task_group_decorator.py
[2024-07-16T18:12:23.908+0000] {processor.py:830} INFO - Processing file /home/airflow/.local/lib/python3.12/site-packages/airflow/example_dags/example_task_group_decorator.py for tasks to queue
[2024-07-16T18:12:23.910+0000] {logging_mixin.py:188} INFO - [2024-07-16T18:12:23.910+0000] {dagbag.py:545} INFO - Filling up the DagBag from /home/airflow/.local/lib/python3.12/site-packages/airflow/example_dags/example_task_group_decorator.py
[2024-07-16T18:12:23.938+0000] {processor.py:840} INFO - DAG(s) 'example_task_group_decorator' retrieved from /home/airflow/.local/lib/python3.12/site-packages/airflow/example_dags/example_task_group_decorator.py
[2024-07-16T18:12:24.067+0000] {logging_mixin.py:188} INFO - [2024-07-16T18:12:24.066+0000] {dag.py:3089} INFO - Sync 1 DAGs
[2024-07-16T18:12:24.088+0000] {logging_mixin.py:188} INFO - [2024-07-16T18:12:24.088+0000] {dag.py:3947} INFO - Setting next_dagrun for example_task_group_decorator to 2024-07-15 00:00:00+00:00, run_after=2024-07-16 00:00:00+00:00
[2024-07-16T18:12:24.116+0000] {processor.py:183} INFO - Processing /home/airflow/.local/lib/python3.12/site-packages/airflow/example_dags/example_task_group_decorator.py took 0.216 seconds
[2024-07-16T18:12:54.173+0000] {processor.py:161} INFO - Started process (PID=144) to work on /home/airflow/.local/lib/python3.12/site-packages/airflow/example_dags/example_task_group_decorator.py
[2024-07-16T18:12:54.175+0000] {processor.py:830} INFO - Processing file /home/airflow/.local/lib/python3.12/site-packages/airflow/example_dags/example_task_group_decorator.py for tasks to queue
[2024-07-16T18:12:54.177+0000] {logging_mixin.py:188} INFO - [2024-07-16T18:12:54.176+0000] {dagbag.py:545} INFO - Filling up the DagBag from /home/airflow/.local/lib/python3.12/site-packages/airflow/example_dags/example_task_group_decorator.py
[2024-07-16T18:12:54.195+0000] {processor.py:840} INFO - DAG(s) 'example_task_group_decorator' retrieved from /home/airflow/.local/lib/python3.12/site-packages/airflow/example_dags/example_task_group_decorator.py
[2024-07-16T18:12:54.221+0000] {logging_mixin.py:188} INFO - [2024-07-16T18:12:54.221+0000] {dag.py:3089} INFO - Sync 1 DAGs
[2024-07-16T18:12:54.241+0000] {logging_mixin.py:188} INFO - [2024-07-16T18:12:54.241+0000] {dag.py:3947} INFO - Setting next_dagrun for example_task_group_decorator to 2024-07-15 00:00:00+00:00, run_after=2024-07-16 00:00:00+00:00
[2024-07-16T18:12:54.261+0000] {processor.py:183} INFO - Processing /home/airflow/.local/lib/python3.12/site-packages/airflow/example_dags/example_task_group_decorator.py took 0.093 seconds
[2024-07-16T18:13:24.569+0000] {processor.py:161} INFO - Started process (PID=203) to work on /home/airflow/.local/lib/python3.12/site-packages/airflow/example_dags/example_task_group_decorator.py
[2024-07-16T18:13:24.570+0000] {processor.py:830} INFO - Processing file /home/airflow/.local/lib/python3.12/site-packages/airflow/example_dags/example_task_group_decorator.py for tasks to queue
[2024-07-16T18:13:24.571+0000] {logging_mixin.py:188} INFO - [2024-07-16T18:13:24.571+0000] {dagbag.py:545} INFO - Filling up the DagBag from /home/airflow/.local/lib/python3.12/site-packages/airflow/example_dags/example_task_group_decorator.py
[2024-07-16T18:13:24.583+0000] {processor.py:840} INFO - DAG(s) 'example_task_group_decorator' retrieved from /home/airflow/.local/lib/python3.12/site-packages/airflow/example_dags/example_task_group_decorator.py
[2024-07-16T18:13:24.608+0000] {logging_mixin.py:188} INFO - [2024-07-16T18:13:24.608+0000] {dag.py:3089} INFO - Sync 1 DAGs
[2024-07-16T18:13:24.629+0000] {logging_mixin.py:188} INFO - [2024-07-16T18:13:24.629+0000] {dag.py:3947} INFO - Setting next_dagrun for example_task_group_decorator to 2024-07-15 00:00:00+00:00, run_after=2024-07-16 00:00:00+00:00
[2024-07-16T18:13:24.649+0000] {processor.py:183} INFO - Processing /home/airflow/.local/lib/python3.12/site-packages/airflow/example_dags/example_task_group_decorator.py took 0.085 seconds
