[2024-07-16T17:10:25.077+0000] {processor.py:161} INFO - Started process (PID=75) to work on /home/airflow/.local/lib/python3.12/site-packages/airflow/example_dags/example_dag_decorator.py
[2024-07-16T17:10:25.079+0000] {processor.py:830} INFO - Processing file /home/airflow/.local/lib/python3.12/site-packages/airflow/example_dags/example_dag_decorator.py for tasks to queue
[2024-07-16T17:10:25.082+0000] {logging_mixin.py:188} INFO - [2024-07-16T17:10:25.082+0000] {dagbag.py:545} INFO - Filling up the DagBag from /home/airflow/.local/lib/python3.12/site-packages/airflow/example_dags/example_dag_decorator.py
[2024-07-16T17:10:25.820+0000] {processor.py:840} INFO - DAG(s) 'example_dag_decorator' retrieved from /home/airflow/.local/lib/python3.12/site-packages/airflow/example_dags/example_dag_decorator.py
[2024-07-16T17:10:26.044+0000] {logging_mixin.py:188} INFO - [2024-07-16T17:10:26.043+0000] {dag.py:3089} INFO - Sync 1 DAGs
[2024-07-16T17:10:26.058+0000] {logging_mixin.py:188} INFO - [2024-07-16T17:10:26.058+0000] {dag.py:3947} INFO - Setting next_dagrun for example_dag_decorator to None, run_after=None
[2024-07-16T17:10:26.085+0000] {processor.py:183} INFO - Processing /home/airflow/.local/lib/python3.12/site-packages/airflow/example_dags/example_dag_decorator.py took 1.014 seconds
[2024-07-16T17:10:56.606+0000] {processor.py:161} INFO - Started process (PID=133) to work on /home/airflow/.local/lib/python3.12/site-packages/airflow/example_dags/example_dag_decorator.py
[2024-07-16T17:10:56.607+0000] {processor.py:830} INFO - Processing file /home/airflow/.local/lib/python3.12/site-packages/airflow/example_dags/example_dag_decorator.py for tasks to queue
[2024-07-16T17:10:56.609+0000] {logging_mixin.py:188} INFO - [2024-07-16T17:10:56.609+0000] {dagbag.py:545} INFO - Filling up the DagBag from /home/airflow/.local/lib/python3.12/site-packages/airflow/example_dags/example_dag_decorator.py
[2024-07-16T17:10:56.699+0000] {processor.py:840} INFO - DAG(s) 'example_dag_decorator' retrieved from /home/airflow/.local/lib/python3.12/site-packages/airflow/example_dags/example_dag_decorator.py
[2024-07-16T17:10:56.777+0000] {logging_mixin.py:188} INFO - [2024-07-16T17:10:56.777+0000] {dag.py:3089} INFO - Sync 1 DAGs
[2024-07-16T17:10:56.786+0000] {logging_mixin.py:188} INFO - [2024-07-16T17:10:56.786+0000] {dag.py:3947} INFO - Setting next_dagrun for example_dag_decorator to None, run_after=None
[2024-07-16T17:10:56.803+0000] {processor.py:183} INFO - Processing /home/airflow/.local/lib/python3.12/site-packages/airflow/example_dags/example_dag_decorator.py took 0.201 seconds
[2024-07-16T17:11:26.981+0000] {processor.py:161} INFO - Started process (PID=191) to work on /home/airflow/.local/lib/python3.12/site-packages/airflow/example_dags/example_dag_decorator.py
[2024-07-16T17:11:26.982+0000] {processor.py:830} INFO - Processing file /home/airflow/.local/lib/python3.12/site-packages/airflow/example_dags/example_dag_decorator.py for tasks to queue
[2024-07-16T17:11:26.985+0000] {logging_mixin.py:188} INFO - [2024-07-16T17:11:26.984+0000] {dagbag.py:545} INFO - Filling up the DagBag from /home/airflow/.local/lib/python3.12/site-packages/airflow/example_dags/example_dag_decorator.py
[2024-07-16T17:11:27.074+0000] {processor.py:840} INFO - DAG(s) 'example_dag_decorator' retrieved from /home/airflow/.local/lib/python3.12/site-packages/airflow/example_dags/example_dag_decorator.py
[2024-07-16T17:11:27.161+0000] {logging_mixin.py:188} INFO - [2024-07-16T17:11:27.160+0000] {dag.py:3089} INFO - Sync 1 DAGs
[2024-07-16T17:11:27.170+0000] {logging_mixin.py:188} INFO - [2024-07-16T17:11:27.170+0000] {dag.py:3947} INFO - Setting next_dagrun for example_dag_decorator to None, run_after=None
[2024-07-16T17:11:27.187+0000] {processor.py:183} INFO - Processing /home/airflow/.local/lib/python3.12/site-packages/airflow/example_dags/example_dag_decorator.py took 0.210 seconds
[2024-07-16T17:11:57.219+0000] {processor.py:161} INFO - Started process (PID=250) to work on /home/airflow/.local/lib/python3.12/site-packages/airflow/example_dags/example_dag_decorator.py
[2024-07-16T17:11:57.220+0000] {processor.py:830} INFO - Processing file /home/airflow/.local/lib/python3.12/site-packages/airflow/example_dags/example_dag_decorator.py for tasks to queue
[2024-07-16T17:11:57.222+0000] {logging_mixin.py:188} INFO - [2024-07-16T17:11:57.222+0000] {dagbag.py:545} INFO - Filling up the DagBag from /home/airflow/.local/lib/python3.12/site-packages/airflow/example_dags/example_dag_decorator.py
[2024-07-16T17:11:57.322+0000] {processor.py:840} INFO - DAG(s) 'example_dag_decorator' retrieved from /home/airflow/.local/lib/python3.12/site-packages/airflow/example_dags/example_dag_decorator.py
[2024-07-16T17:11:57.412+0000] {logging_mixin.py:188} INFO - [2024-07-16T17:11:57.412+0000] {dag.py:3089} INFO - Sync 1 DAGs
[2024-07-16T17:11:57.421+0000] {logging_mixin.py:188} INFO - [2024-07-16T17:11:57.421+0000] {dag.py:3947} INFO - Setting next_dagrun for example_dag_decorator to None, run_after=None
[2024-07-16T17:11:57.439+0000] {processor.py:183} INFO - Processing /home/airflow/.local/lib/python3.12/site-packages/airflow/example_dags/example_dag_decorator.py took 0.225 seconds
[2024-07-16T17:12:27.492+0000] {processor.py:161} INFO - Started process (PID=307) to work on /home/airflow/.local/lib/python3.12/site-packages/airflow/example_dags/example_dag_decorator.py
[2024-07-16T17:12:27.493+0000] {processor.py:830} INFO - Processing file /home/airflow/.local/lib/python3.12/site-packages/airflow/example_dags/example_dag_decorator.py for tasks to queue
[2024-07-16T17:12:27.495+0000] {logging_mixin.py:188} INFO - [2024-07-16T17:12:27.495+0000] {dagbag.py:545} INFO - Filling up the DagBag from /home/airflow/.local/lib/python3.12/site-packages/airflow/example_dags/example_dag_decorator.py
[2024-07-16T17:12:27.614+0000] {processor.py:840} INFO - DAG(s) 'example_dag_decorator' retrieved from /home/airflow/.local/lib/python3.12/site-packages/airflow/example_dags/example_dag_decorator.py
[2024-07-16T17:12:27.741+0000] {logging_mixin.py:188} INFO - [2024-07-16T17:12:27.741+0000] {dag.py:3089} INFO - Sync 1 DAGs
[2024-07-16T17:12:27.752+0000] {logging_mixin.py:188} INFO - [2024-07-16T17:12:27.751+0000] {dag.py:3947} INFO - Setting next_dagrun for example_dag_decorator to None, run_after=None
[2024-07-16T17:12:27.768+0000] {processor.py:183} INFO - Processing /home/airflow/.local/lib/python3.12/site-packages/airflow/example_dags/example_dag_decorator.py took 0.280 seconds
[2024-07-16T17:12:58.038+0000] {processor.py:161} INFO - Started process (PID=365) to work on /home/airflow/.local/lib/python3.12/site-packages/airflow/example_dags/example_dag_decorator.py
[2024-07-16T17:12:58.039+0000] {processor.py:830} INFO - Processing file /home/airflow/.local/lib/python3.12/site-packages/airflow/example_dags/example_dag_decorator.py for tasks to queue
[2024-07-16T17:12:58.043+0000] {logging_mixin.py:188} INFO - [2024-07-16T17:12:58.042+0000] {dagbag.py:545} INFO - Filling up the DagBag from /home/airflow/.local/lib/python3.12/site-packages/airflow/example_dags/example_dag_decorator.py
[2024-07-16T17:12:58.213+0000] {processor.py:840} INFO - DAG(s) 'example_dag_decorator' retrieved from /home/airflow/.local/lib/python3.12/site-packages/airflow/example_dags/example_dag_decorator.py
[2024-07-16T17:12:58.402+0000] {logging_mixin.py:188} INFO - [2024-07-16T17:12:58.402+0000] {dag.py:3089} INFO - Sync 1 DAGs
[2024-07-16T17:12:58.447+0000] {logging_mixin.py:188} INFO - [2024-07-16T17:12:58.447+0000] {dag.py:3947} INFO - Setting next_dagrun for example_dag_decorator to None, run_after=None
[2024-07-16T17:12:58.506+0000] {processor.py:183} INFO - Processing /home/airflow/.local/lib/python3.12/site-packages/airflow/example_dags/example_dag_decorator.py took 0.477 seconds
[2024-07-16T17:13:29.376+0000] {processor.py:161} INFO - Started process (PID=425) to work on /home/airflow/.local/lib/python3.12/site-packages/airflow/example_dags/example_dag_decorator.py
[2024-07-16T17:13:29.377+0000] {processor.py:830} INFO - Processing file /home/airflow/.local/lib/python3.12/site-packages/airflow/example_dags/example_dag_decorator.py for tasks to queue
[2024-07-16T17:13:29.379+0000] {logging_mixin.py:188} INFO - [2024-07-16T17:13:29.379+0000] {dagbag.py:545} INFO - Filling up the DagBag from /home/airflow/.local/lib/python3.12/site-packages/airflow/example_dags/example_dag_decorator.py
[2024-07-16T17:13:29.600+0000] {processor.py:840} INFO - DAG(s) 'example_dag_decorator' retrieved from /home/airflow/.local/lib/python3.12/site-packages/airflow/example_dags/example_dag_decorator.py
[2024-07-16T17:13:29.763+0000] {logging_mixin.py:188} INFO - [2024-07-16T17:13:29.762+0000] {dag.py:3089} INFO - Sync 1 DAGs
[2024-07-16T17:13:29.785+0000] {logging_mixin.py:188} INFO - [2024-07-16T17:13:29.785+0000] {dag.py:3947} INFO - Setting next_dagrun for example_dag_decorator to None, run_after=None
[2024-07-16T17:13:29.818+0000] {processor.py:183} INFO - Processing /home/airflow/.local/lib/python3.12/site-packages/airflow/example_dags/example_dag_decorator.py took 0.448 seconds
[2024-07-16T17:13:59.921+0000] {processor.py:161} INFO - Started process (PID=485) to work on /home/airflow/.local/lib/python3.12/site-packages/airflow/example_dags/example_dag_decorator.py
[2024-07-16T17:13:59.923+0000] {processor.py:830} INFO - Processing file /home/airflow/.local/lib/python3.12/site-packages/airflow/example_dags/example_dag_decorator.py for tasks to queue
[2024-07-16T17:13:59.925+0000] {logging_mixin.py:188} INFO - [2024-07-16T17:13:59.924+0000] {dagbag.py:545} INFO - Filling up the DagBag from /home/airflow/.local/lib/python3.12/site-packages/airflow/example_dags/example_dag_decorator.py
[2024-07-16T17:14:00.024+0000] {processor.py:840} INFO - DAG(s) 'example_dag_decorator' retrieved from /home/airflow/.local/lib/python3.12/site-packages/airflow/example_dags/example_dag_decorator.py
[2024-07-16T17:14:00.115+0000] {logging_mixin.py:188} INFO - [2024-07-16T17:14:00.114+0000] {dag.py:3089} INFO - Sync 1 DAGs
[2024-07-16T17:14:00.124+0000] {logging_mixin.py:188} INFO - [2024-07-16T17:14:00.124+0000] {dag.py:3947} INFO - Setting next_dagrun for example_dag_decorator to None, run_after=None
[2024-07-16T17:14:00.281+0000] {processor.py:183} INFO - Processing /home/airflow/.local/lib/python3.12/site-packages/airflow/example_dags/example_dag_decorator.py took 0.365 seconds
[2024-07-16T17:14:31.008+0000] {processor.py:161} INFO - Started process (PID=543) to work on /home/airflow/.local/lib/python3.12/site-packages/airflow/example_dags/example_dag_decorator.py
[2024-07-16T17:14:31.009+0000] {processor.py:830} INFO - Processing file /home/airflow/.local/lib/python3.12/site-packages/airflow/example_dags/example_dag_decorator.py for tasks to queue
[2024-07-16T17:14:31.011+0000] {logging_mixin.py:188} INFO - [2024-07-16T17:14:31.011+0000] {dagbag.py:545} INFO - Filling up the DagBag from /home/airflow/.local/lib/python3.12/site-packages/airflow/example_dags/example_dag_decorator.py
[2024-07-16T17:14:31.131+0000] {processor.py:840} INFO - DAG(s) 'example_dag_decorator' retrieved from /home/airflow/.local/lib/python3.12/site-packages/airflow/example_dags/example_dag_decorator.py
[2024-07-16T17:14:31.264+0000] {logging_mixin.py:188} INFO - [2024-07-16T17:14:31.264+0000] {dag.py:3089} INFO - Sync 1 DAGs
[2024-07-16T17:14:31.284+0000] {logging_mixin.py:188} INFO - [2024-07-16T17:14:31.284+0000] {dag.py:3947} INFO - Setting next_dagrun for example_dag_decorator to None, run_after=None
[2024-07-16T17:14:31.348+0000] {processor.py:183} INFO - Processing /home/airflow/.local/lib/python3.12/site-packages/airflow/example_dags/example_dag_decorator.py took 0.346 seconds
[2024-07-16T17:15:01.402+0000] {processor.py:161} INFO - Started process (PID=603) to work on /home/airflow/.local/lib/python3.12/site-packages/airflow/example_dags/example_dag_decorator.py
[2024-07-16T17:15:01.404+0000] {processor.py:830} INFO - Processing file /home/airflow/.local/lib/python3.12/site-packages/airflow/example_dags/example_dag_decorator.py for tasks to queue
[2024-07-16T17:15:01.406+0000] {logging_mixin.py:188} INFO - [2024-07-16T17:15:01.406+0000] {dagbag.py:545} INFO - Filling up the DagBag from /home/airflow/.local/lib/python3.12/site-packages/airflow/example_dags/example_dag_decorator.py
[2024-07-16T17:15:01.496+0000] {processor.py:840} INFO - DAG(s) 'example_dag_decorator' retrieved from /home/airflow/.local/lib/python3.12/site-packages/airflow/example_dags/example_dag_decorator.py
[2024-07-16T17:15:01.575+0000] {logging_mixin.py:188} INFO - [2024-07-16T17:15:01.575+0000] {dag.py:3089} INFO - Sync 1 DAGs
[2024-07-16T17:15:01.583+0000] {logging_mixin.py:188} INFO - [2024-07-16T17:15:01.583+0000] {dag.py:3947} INFO - Setting next_dagrun for example_dag_decorator to None, run_after=None
[2024-07-16T17:15:01.601+0000] {processor.py:183} INFO - Processing /home/airflow/.local/lib/python3.12/site-packages/airflow/example_dags/example_dag_decorator.py took 0.205 seconds
[2024-07-16T17:15:31.648+0000] {processor.py:161} INFO - Started process (PID=661) to work on /home/airflow/.local/lib/python3.12/site-packages/airflow/example_dags/example_dag_decorator.py
[2024-07-16T17:15:31.649+0000] {processor.py:830} INFO - Processing file /home/airflow/.local/lib/python3.12/site-packages/airflow/example_dags/example_dag_decorator.py for tasks to queue
[2024-07-16T17:15:31.651+0000] {logging_mixin.py:188} INFO - [2024-07-16T17:15:31.651+0000] {dagbag.py:545} INFO - Filling up the DagBag from /home/airflow/.local/lib/python3.12/site-packages/airflow/example_dags/example_dag_decorator.py
[2024-07-16T17:15:31.773+0000] {processor.py:840} INFO - DAG(s) 'example_dag_decorator' retrieved from /home/airflow/.local/lib/python3.12/site-packages/airflow/example_dags/example_dag_decorator.py
[2024-07-16T17:15:31.879+0000] {logging_mixin.py:188} INFO - [2024-07-16T17:15:31.879+0000] {dag.py:3089} INFO - Sync 1 DAGs
[2024-07-16T17:15:31.890+0000] {logging_mixin.py:188} INFO - [2024-07-16T17:15:31.890+0000] {dag.py:3947} INFO - Setting next_dagrun for example_dag_decorator to None, run_after=None
[2024-07-16T17:15:31.911+0000] {processor.py:183} INFO - Processing /home/airflow/.local/lib/python3.12/site-packages/airflow/example_dags/example_dag_decorator.py took 0.269 seconds
[2024-07-16T17:16:02.887+0000] {processor.py:161} INFO - Started process (PID=719) to work on /home/airflow/.local/lib/python3.12/site-packages/airflow/example_dags/example_dag_decorator.py
[2024-07-16T17:16:02.888+0000] {processor.py:830} INFO - Processing file /home/airflow/.local/lib/python3.12/site-packages/airflow/example_dags/example_dag_decorator.py for tasks to queue
[2024-07-16T17:16:02.890+0000] {logging_mixin.py:188} INFO - [2024-07-16T17:16:02.890+0000] {dagbag.py:545} INFO - Filling up the DagBag from /home/airflow/.local/lib/python3.12/site-packages/airflow/example_dags/example_dag_decorator.py
[2024-07-16T17:16:02.985+0000] {processor.py:840} INFO - DAG(s) 'example_dag_decorator' retrieved from /home/airflow/.local/lib/python3.12/site-packages/airflow/example_dags/example_dag_decorator.py
[2024-07-16T17:16:03.212+0000] {logging_mixin.py:188} INFO - [2024-07-16T17:16:03.212+0000] {dag.py:3089} INFO - Sync 1 DAGs
[2024-07-16T17:16:03.222+0000] {logging_mixin.py:188} INFO - [2024-07-16T17:16:03.222+0000] {dag.py:3947} INFO - Setting next_dagrun for example_dag_decorator to None, run_after=None
[2024-07-16T17:16:03.240+0000] {processor.py:183} INFO - Processing /home/airflow/.local/lib/python3.12/site-packages/airflow/example_dags/example_dag_decorator.py took 0.360 seconds
[2024-07-16T17:16:33.312+0000] {processor.py:161} INFO - Started process (PID=777) to work on /home/airflow/.local/lib/python3.12/site-packages/airflow/example_dags/example_dag_decorator.py
[2024-07-16T17:16:33.314+0000] {processor.py:830} INFO - Processing file /home/airflow/.local/lib/python3.12/site-packages/airflow/example_dags/example_dag_decorator.py for tasks to queue
[2024-07-16T17:16:33.316+0000] {logging_mixin.py:188} INFO - [2024-07-16T17:16:33.316+0000] {dagbag.py:545} INFO - Filling up the DagBag from /home/airflow/.local/lib/python3.12/site-packages/airflow/example_dags/example_dag_decorator.py
[2024-07-16T17:16:33.443+0000] {processor.py:840} INFO - DAG(s) 'example_dag_decorator' retrieved from /home/airflow/.local/lib/python3.12/site-packages/airflow/example_dags/example_dag_decorator.py
[2024-07-16T17:16:33.683+0000] {logging_mixin.py:188} INFO - [2024-07-16T17:16:33.682+0000] {dag.py:3089} INFO - Sync 1 DAGs
[2024-07-16T17:16:33.693+0000] {logging_mixin.py:188} INFO - [2024-07-16T17:16:33.692+0000] {dag.py:3947} INFO - Setting next_dagrun for example_dag_decorator to None, run_after=None
[2024-07-16T17:16:33.719+0000] {processor.py:183} INFO - Processing /home/airflow/.local/lib/python3.12/site-packages/airflow/example_dags/example_dag_decorator.py took 0.413 seconds
[2024-07-16T17:17:03.894+0000] {processor.py:161} INFO - Started process (PID=838) to work on /home/airflow/.local/lib/python3.12/site-packages/airflow/example_dags/example_dag_decorator.py
[2024-07-16T17:17:03.895+0000] {processor.py:830} INFO - Processing file /home/airflow/.local/lib/python3.12/site-packages/airflow/example_dags/example_dag_decorator.py for tasks to queue
[2024-07-16T17:17:03.897+0000] {logging_mixin.py:188} INFO - [2024-07-16T17:17:03.897+0000] {dagbag.py:545} INFO - Filling up the DagBag from /home/airflow/.local/lib/python3.12/site-packages/airflow/example_dags/example_dag_decorator.py
[2024-07-16T17:17:04.002+0000] {processor.py:840} INFO - DAG(s) 'example_dag_decorator' retrieved from /home/airflow/.local/lib/python3.12/site-packages/airflow/example_dags/example_dag_decorator.py
[2024-07-16T17:17:04.091+0000] {logging_mixin.py:188} INFO - [2024-07-16T17:17:04.091+0000] {dag.py:3089} INFO - Sync 1 DAGs
[2024-07-16T17:17:04.228+0000] {logging_mixin.py:188} INFO - [2024-07-16T17:17:04.228+0000] {dag.py:3947} INFO - Setting next_dagrun for example_dag_decorator to None, run_after=None
[2024-07-16T17:17:04.247+0000] {processor.py:183} INFO - Processing /home/airflow/.local/lib/python3.12/site-packages/airflow/example_dags/example_dag_decorator.py took 0.357 seconds
[2024-07-16T17:17:34.873+0000] {processor.py:161} INFO - Started process (PID=895) to work on /home/airflow/.local/lib/python3.12/site-packages/airflow/example_dags/example_dag_decorator.py
[2024-07-16T17:17:34.874+0000] {processor.py:830} INFO - Processing file /home/airflow/.local/lib/python3.12/site-packages/airflow/example_dags/example_dag_decorator.py for tasks to queue
[2024-07-16T17:17:34.877+0000] {logging_mixin.py:188} INFO - [2024-07-16T17:17:34.876+0000] {dagbag.py:545} INFO - Filling up the DagBag from /home/airflow/.local/lib/python3.12/site-packages/airflow/example_dags/example_dag_decorator.py
[2024-07-16T17:17:34.969+0000] {processor.py:840} INFO - DAG(s) 'example_dag_decorator' retrieved from /home/airflow/.local/lib/python3.12/site-packages/airflow/example_dags/example_dag_decorator.py
[2024-07-16T17:17:35.063+0000] {logging_mixin.py:188} INFO - [2024-07-16T17:17:35.063+0000] {dag.py:3089} INFO - Sync 1 DAGs
[2024-07-16T17:17:35.074+0000] {logging_mixin.py:188} INFO - [2024-07-16T17:17:35.073+0000] {dag.py:3947} INFO - Setting next_dagrun for example_dag_decorator to None, run_after=None
[2024-07-16T17:17:35.098+0000] {processor.py:183} INFO - Processing /home/airflow/.local/lib/python3.12/site-packages/airflow/example_dags/example_dag_decorator.py took 0.232 seconds
[2024-07-16T17:18:05.569+0000] {processor.py:161} INFO - Started process (PID=953) to work on /home/airflow/.local/lib/python3.12/site-packages/airflow/example_dags/example_dag_decorator.py
[2024-07-16T17:18:05.570+0000] {processor.py:830} INFO - Processing file /home/airflow/.local/lib/python3.12/site-packages/airflow/example_dags/example_dag_decorator.py for tasks to queue
[2024-07-16T17:18:05.572+0000] {logging_mixin.py:188} INFO - [2024-07-16T17:18:05.572+0000] {dagbag.py:545} INFO - Filling up the DagBag from /home/airflow/.local/lib/python3.12/site-packages/airflow/example_dags/example_dag_decorator.py
[2024-07-16T17:18:05.712+0000] {processor.py:840} INFO - DAG(s) 'example_dag_decorator' retrieved from /home/airflow/.local/lib/python3.12/site-packages/airflow/example_dags/example_dag_decorator.py
[2024-07-16T17:18:05.952+0000] {logging_mixin.py:188} INFO - [2024-07-16T17:18:05.951+0000] {dag.py:3089} INFO - Sync 1 DAGs
[2024-07-16T17:18:05.963+0000] {logging_mixin.py:188} INFO - [2024-07-16T17:18:05.963+0000] {dag.py:3947} INFO - Setting next_dagrun for example_dag_decorator to None, run_after=None
[2024-07-16T17:18:05.984+0000] {processor.py:183} INFO - Processing /home/airflow/.local/lib/python3.12/site-packages/airflow/example_dags/example_dag_decorator.py took 0.422 seconds
[2024-07-16T17:18:36.218+0000] {processor.py:161} INFO - Started process (PID=1011) to work on /home/airflow/.local/lib/python3.12/site-packages/airflow/example_dags/example_dag_decorator.py
[2024-07-16T17:18:36.220+0000] {processor.py:830} INFO - Processing file /home/airflow/.local/lib/python3.12/site-packages/airflow/example_dags/example_dag_decorator.py for tasks to queue
[2024-07-16T17:18:36.226+0000] {logging_mixin.py:188} INFO - [2024-07-16T17:18:36.224+0000] {dagbag.py:545} INFO - Filling up the DagBag from /home/airflow/.local/lib/python3.12/site-packages/airflow/example_dags/example_dag_decorator.py
[2024-07-16T17:18:36.575+0000] {processor.py:840} INFO - DAG(s) 'example_dag_decorator' retrieved from /home/airflow/.local/lib/python3.12/site-packages/airflow/example_dags/example_dag_decorator.py
[2024-07-16T17:18:37.220+0000] {logging_mixin.py:188} INFO - [2024-07-16T17:18:37.220+0000] {dag.py:3089} INFO - Sync 1 DAGs
[2024-07-16T17:18:37.251+0000] {logging_mixin.py:188} INFO - [2024-07-16T17:18:37.251+0000] {dag.py:3947} INFO - Setting next_dagrun for example_dag_decorator to None, run_after=None
[2024-07-16T17:18:37.317+0000] {processor.py:183} INFO - Processing /home/airflow/.local/lib/python3.12/site-packages/airflow/example_dags/example_dag_decorator.py took 1.113 seconds
[2024-07-16T17:19:07.668+0000] {processor.py:161} INFO - Started process (PID=1071) to work on /home/airflow/.local/lib/python3.12/site-packages/airflow/example_dags/example_dag_decorator.py
[2024-07-16T17:19:07.670+0000] {processor.py:830} INFO - Processing file /home/airflow/.local/lib/python3.12/site-packages/airflow/example_dags/example_dag_decorator.py for tasks to queue
[2024-07-16T17:19:07.674+0000] {logging_mixin.py:188} INFO - [2024-07-16T17:19:07.674+0000] {dagbag.py:545} INFO - Filling up the DagBag from /home/airflow/.local/lib/python3.12/site-packages/airflow/example_dags/example_dag_decorator.py
[2024-07-16T17:19:08.120+0000] {processor.py:840} INFO - DAG(s) 'example_dag_decorator' retrieved from /home/airflow/.local/lib/python3.12/site-packages/airflow/example_dags/example_dag_decorator.py
[2024-07-16T17:19:09.346+0000] {logging_mixin.py:188} INFO - [2024-07-16T17:19:09.345+0000] {dag.py:3089} INFO - Sync 1 DAGs
[2024-07-16T17:19:09.391+0000] {logging_mixin.py:188} INFO - [2024-07-16T17:19:09.390+0000] {dag.py:3947} INFO - Setting next_dagrun for example_dag_decorator to None, run_after=None
[2024-07-16T17:19:09.461+0000] {processor.py:183} INFO - Processing /home/airflow/.local/lib/python3.12/site-packages/airflow/example_dags/example_dag_decorator.py took 1.822 seconds
[2024-07-16T17:19:39.868+0000] {processor.py:161} INFO - Started process (PID=1131) to work on /home/airflow/.local/lib/python3.12/site-packages/airflow/example_dags/example_dag_decorator.py
[2024-07-16T17:19:39.870+0000] {processor.py:830} INFO - Processing file /home/airflow/.local/lib/python3.12/site-packages/airflow/example_dags/example_dag_decorator.py for tasks to queue
[2024-07-16T17:19:39.874+0000] {logging_mixin.py:188} INFO - [2024-07-16T17:19:39.874+0000] {dagbag.py:545} INFO - Filling up the DagBag from /home/airflow/.local/lib/python3.12/site-packages/airflow/example_dags/example_dag_decorator.py
[2024-07-16T17:19:40.269+0000] {processor.py:840} INFO - DAG(s) 'example_dag_decorator' retrieved from /home/airflow/.local/lib/python3.12/site-packages/airflow/example_dags/example_dag_decorator.py
[2024-07-16T17:19:40.936+0000] {logging_mixin.py:188} INFO - [2024-07-16T17:19:40.936+0000] {dag.py:3089} INFO - Sync 1 DAGs
[2024-07-16T17:19:40.969+0000] {logging_mixin.py:188} INFO - [2024-07-16T17:19:40.968+0000] {dag.py:3947} INFO - Setting next_dagrun for example_dag_decorator to None, run_after=None
[2024-07-16T17:19:41.051+0000] {processor.py:183} INFO - Processing /home/airflow/.local/lib/python3.12/site-packages/airflow/example_dags/example_dag_decorator.py took 1.200 seconds
[2024-07-16T17:23:51.515+0000] {processor.py:161} INFO - Started process (PID=77) to work on /home/airflow/.local/lib/python3.12/site-packages/airflow/example_dags/example_dag_decorator.py
[2024-07-16T17:23:51.516+0000] {processor.py:830} INFO - Processing file /home/airflow/.local/lib/python3.12/site-packages/airflow/example_dags/example_dag_decorator.py for tasks to queue
[2024-07-16T17:23:51.519+0000] {logging_mixin.py:188} INFO - [2024-07-16T17:23:51.518+0000] {dagbag.py:545} INFO - Filling up the DagBag from /home/airflow/.local/lib/python3.12/site-packages/airflow/example_dags/example_dag_decorator.py
[2024-07-16T17:23:52.174+0000] {processor.py:840} INFO - DAG(s) 'example_dag_decorator' retrieved from /home/airflow/.local/lib/python3.12/site-packages/airflow/example_dags/example_dag_decorator.py
[2024-07-16T17:23:52.355+0000] {logging_mixin.py:188} INFO - [2024-07-16T17:23:52.355+0000] {dag.py:3089} INFO - Sync 1 DAGs
[2024-07-16T17:23:52.374+0000] {logging_mixin.py:188} INFO - [2024-07-16T17:23:52.373+0000] {dag.py:3947} INFO - Setting next_dagrun for example_dag_decorator to None, run_after=None
[2024-07-16T17:23:52.406+0000] {processor.py:183} INFO - Processing /home/airflow/.local/lib/python3.12/site-packages/airflow/example_dags/example_dag_decorator.py took 0.899 seconds
[2024-07-16T17:24:22.682+0000] {processor.py:161} INFO - Started process (PID=136) to work on /home/airflow/.local/lib/python3.12/site-packages/airflow/example_dags/example_dag_decorator.py
[2024-07-16T17:24:22.683+0000] {processor.py:830} INFO - Processing file /home/airflow/.local/lib/python3.12/site-packages/airflow/example_dags/example_dag_decorator.py for tasks to queue
[2024-07-16T17:24:22.685+0000] {logging_mixin.py:188} INFO - [2024-07-16T17:24:22.685+0000] {dagbag.py:545} INFO - Filling up the DagBag from /home/airflow/.local/lib/python3.12/site-packages/airflow/example_dags/example_dag_decorator.py
[2024-07-16T17:24:22.782+0000] {processor.py:840} INFO - DAG(s) 'example_dag_decorator' retrieved from /home/airflow/.local/lib/python3.12/site-packages/airflow/example_dags/example_dag_decorator.py
[2024-07-16T17:24:22.802+0000] {logging_mixin.py:188} INFO - [2024-07-16T17:24:22.802+0000] {dag.py:3089} INFO - Sync 1 DAGs
[2024-07-16T17:24:22.815+0000] {logging_mixin.py:188} INFO - [2024-07-16T17:24:22.814+0000] {dag.py:3947} INFO - Setting next_dagrun for example_dag_decorator to None, run_after=None
[2024-07-16T17:24:22.833+0000] {processor.py:183} INFO - Processing /home/airflow/.local/lib/python3.12/site-packages/airflow/example_dags/example_dag_decorator.py took 0.155 seconds
[2024-07-16T17:24:53.449+0000] {processor.py:161} INFO - Started process (PID=192) to work on /home/airflow/.local/lib/python3.12/site-packages/airflow/example_dags/example_dag_decorator.py
[2024-07-16T17:24:53.451+0000] {processor.py:830} INFO - Processing file /home/airflow/.local/lib/python3.12/site-packages/airflow/example_dags/example_dag_decorator.py for tasks to queue
[2024-07-16T17:24:53.453+0000] {logging_mixin.py:188} INFO - [2024-07-16T17:24:53.453+0000] {dagbag.py:545} INFO - Filling up the DagBag from /home/airflow/.local/lib/python3.12/site-packages/airflow/example_dags/example_dag_decorator.py
[2024-07-16T17:24:53.552+0000] {processor.py:840} INFO - DAG(s) 'example_dag_decorator' retrieved from /home/airflow/.local/lib/python3.12/site-packages/airflow/example_dags/example_dag_decorator.py
[2024-07-16T17:24:53.642+0000] {logging_mixin.py:188} INFO - [2024-07-16T17:24:53.642+0000] {dag.py:3089} INFO - Sync 1 DAGs
[2024-07-16T17:24:53.652+0000] {logging_mixin.py:188} INFO - [2024-07-16T17:24:53.652+0000] {dag.py:3947} INFO - Setting next_dagrun for example_dag_decorator to None, run_after=None
[2024-07-16T17:24:53.669+0000] {processor.py:183} INFO - Processing /home/airflow/.local/lib/python3.12/site-packages/airflow/example_dags/example_dag_decorator.py took 0.228 seconds
[2024-07-16T17:25:23.749+0000] {processor.py:161} INFO - Started process (PID=252) to work on /home/airflow/.local/lib/python3.12/site-packages/airflow/example_dags/example_dag_decorator.py
[2024-07-16T17:25:23.751+0000] {processor.py:830} INFO - Processing file /home/airflow/.local/lib/python3.12/site-packages/airflow/example_dags/example_dag_decorator.py for tasks to queue
[2024-07-16T17:25:23.752+0000] {logging_mixin.py:188} INFO - [2024-07-16T17:25:23.752+0000] {dagbag.py:545} INFO - Filling up the DagBag from /home/airflow/.local/lib/python3.12/site-packages/airflow/example_dags/example_dag_decorator.py
[2024-07-16T17:25:23.848+0000] {processor.py:840} INFO - DAG(s) 'example_dag_decorator' retrieved from /home/airflow/.local/lib/python3.12/site-packages/airflow/example_dags/example_dag_decorator.py
[2024-07-16T17:25:23.945+0000] {logging_mixin.py:188} INFO - [2024-07-16T17:25:23.945+0000] {dag.py:3089} INFO - Sync 1 DAGs
[2024-07-16T17:25:23.956+0000] {logging_mixin.py:188} INFO - [2024-07-16T17:25:23.956+0000] {dag.py:3947} INFO - Setting next_dagrun for example_dag_decorator to None, run_after=None
[2024-07-16T17:25:23.976+0000] {processor.py:183} INFO - Processing /home/airflow/.local/lib/python3.12/site-packages/airflow/example_dags/example_dag_decorator.py took 0.231 seconds
[2024-07-16T17:29:54.665+0000] {processor.py:161} INFO - Started process (PID=71) to work on /home/airflow/.local/lib/python3.12/site-packages/airflow/example_dags/example_dag_decorator.py
[2024-07-16T17:29:54.667+0000] {processor.py:830} INFO - Processing file /home/airflow/.local/lib/python3.12/site-packages/airflow/example_dags/example_dag_decorator.py for tasks to queue
[2024-07-16T17:29:54.670+0000] {logging_mixin.py:188} INFO - [2024-07-16T17:29:54.669+0000] {dagbag.py:545} INFO - Filling up the DagBag from /home/airflow/.local/lib/python3.12/site-packages/airflow/example_dags/example_dag_decorator.py
[2024-07-16T17:29:55.271+0000] {processor.py:840} INFO - DAG(s) 'example_dag_decorator' retrieved from /home/airflow/.local/lib/python3.12/site-packages/airflow/example_dags/example_dag_decorator.py
[2024-07-16T17:29:55.426+0000] {logging_mixin.py:188} INFO - [2024-07-16T17:29:55.425+0000] {dag.py:3089} INFO - Sync 1 DAGs
[2024-07-16T17:29:55.441+0000] {logging_mixin.py:188} INFO - [2024-07-16T17:29:55.440+0000] {dag.py:3947} INFO - Setting next_dagrun for example_dag_decorator to None, run_after=None
[2024-07-16T17:29:55.476+0000] {processor.py:183} INFO - Processing /home/airflow/.local/lib/python3.12/site-packages/airflow/example_dags/example_dag_decorator.py took 0.821 seconds
[2024-07-16T17:30:25.514+0000] {processor.py:161} INFO - Started process (PID=130) to work on /home/airflow/.local/lib/python3.12/site-packages/airflow/example_dags/example_dag_decorator.py
[2024-07-16T17:30:25.515+0000] {processor.py:830} INFO - Processing file /home/airflow/.local/lib/python3.12/site-packages/airflow/example_dags/example_dag_decorator.py for tasks to queue
[2024-07-16T17:30:25.517+0000] {logging_mixin.py:188} INFO - [2024-07-16T17:30:25.517+0000] {dagbag.py:545} INFO - Filling up the DagBag from /home/airflow/.local/lib/python3.12/site-packages/airflow/example_dags/example_dag_decorator.py
[2024-07-16T17:30:25.652+0000] {processor.py:840} INFO - DAG(s) 'example_dag_decorator' retrieved from /home/airflow/.local/lib/python3.12/site-packages/airflow/example_dags/example_dag_decorator.py
[2024-07-16T17:30:25.797+0000] {logging_mixin.py:188} INFO - [2024-07-16T17:30:25.796+0000] {dag.py:3089} INFO - Sync 1 DAGs
[2024-07-16T17:30:25.812+0000] {logging_mixin.py:188} INFO - [2024-07-16T17:30:25.811+0000] {dag.py:3947} INFO - Setting next_dagrun for example_dag_decorator to None, run_after=None
[2024-07-16T17:30:25.835+0000] {processor.py:183} INFO - Processing /home/airflow/.local/lib/python3.12/site-packages/airflow/example_dags/example_dag_decorator.py took 0.328 seconds
[2024-07-16T17:30:56.036+0000] {processor.py:161} INFO - Started process (PID=188) to work on /home/airflow/.local/lib/python3.12/site-packages/airflow/example_dags/example_dag_decorator.py
[2024-07-16T17:30:56.037+0000] {processor.py:830} INFO - Processing file /home/airflow/.local/lib/python3.12/site-packages/airflow/example_dags/example_dag_decorator.py for tasks to queue
[2024-07-16T17:30:56.042+0000] {logging_mixin.py:188} INFO - [2024-07-16T17:30:56.041+0000] {dagbag.py:545} INFO - Filling up the DagBag from /home/airflow/.local/lib/python3.12/site-packages/airflow/example_dags/example_dag_decorator.py
[2024-07-16T17:30:56.305+0000] {processor.py:840} INFO - DAG(s) 'example_dag_decorator' retrieved from /home/airflow/.local/lib/python3.12/site-packages/airflow/example_dags/example_dag_decorator.py
[2024-07-16T17:30:56.643+0000] {logging_mixin.py:188} INFO - [2024-07-16T17:30:56.642+0000] {dag.py:3089} INFO - Sync 1 DAGs
[2024-07-16T17:30:56.676+0000] {logging_mixin.py:188} INFO - [2024-07-16T17:30:56.675+0000] {dag.py:3947} INFO - Setting next_dagrun for example_dag_decorator to None, run_after=None
[2024-07-16T17:30:56.732+0000] {processor.py:183} INFO - Processing /home/airflow/.local/lib/python3.12/site-packages/airflow/example_dags/example_dag_decorator.py took 0.708 seconds
[2024-07-16T17:31:27.003+0000] {processor.py:161} INFO - Started process (PID=246) to work on /home/airflow/.local/lib/python3.12/site-packages/airflow/example_dags/example_dag_decorator.py
[2024-07-16T17:31:27.004+0000] {processor.py:830} INFO - Processing file /home/airflow/.local/lib/python3.12/site-packages/airflow/example_dags/example_dag_decorator.py for tasks to queue
[2024-07-16T17:31:27.007+0000] {logging_mixin.py:188} INFO - [2024-07-16T17:31:27.007+0000] {dagbag.py:545} INFO - Filling up the DagBag from /home/airflow/.local/lib/python3.12/site-packages/airflow/example_dags/example_dag_decorator.py
[2024-07-16T17:31:27.183+0000] {processor.py:840} INFO - DAG(s) 'example_dag_decorator' retrieved from /home/airflow/.local/lib/python3.12/site-packages/airflow/example_dags/example_dag_decorator.py
[2024-07-16T17:31:27.510+0000] {logging_mixin.py:188} INFO - [2024-07-16T17:31:27.509+0000] {dag.py:3089} INFO - Sync 1 DAGs
[2024-07-16T17:31:27.559+0000] {logging_mixin.py:188} INFO - [2024-07-16T17:31:27.559+0000] {dag.py:3947} INFO - Setting next_dagrun for example_dag_decorator to None, run_after=None
[2024-07-16T17:31:27.656+0000] {processor.py:183} INFO - Processing /home/airflow/.local/lib/python3.12/site-packages/airflow/example_dags/example_dag_decorator.py took 0.660 seconds
[2024-07-16T17:31:59.035+0000] {processor.py:161} INFO - Started process (PID=310) to work on /home/airflow/.local/lib/python3.12/site-packages/airflow/example_dags/example_dag_decorator.py
[2024-07-16T17:31:59.037+0000] {processor.py:830} INFO - Processing file /home/airflow/.local/lib/python3.12/site-packages/airflow/example_dags/example_dag_decorator.py for tasks to queue
[2024-07-16T17:31:59.044+0000] {logging_mixin.py:188} INFO - [2024-07-16T17:31:59.043+0000] {dagbag.py:545} INFO - Filling up the DagBag from /home/airflow/.local/lib/python3.12/site-packages/airflow/example_dags/example_dag_decorator.py
[2024-07-16T17:31:59.311+0000] {processor.py:840} INFO - DAG(s) 'example_dag_decorator' retrieved from /home/airflow/.local/lib/python3.12/site-packages/airflow/example_dags/example_dag_decorator.py
[2024-07-16T17:31:59.571+0000] {logging_mixin.py:188} INFO - [2024-07-16T17:31:59.571+0000] {dag.py:3089} INFO - Sync 1 DAGs
[2024-07-16T17:31:59.599+0000] {logging_mixin.py:188} INFO - [2024-07-16T17:31:59.599+0000] {dag.py:3947} INFO - Setting next_dagrun for example_dag_decorator to None, run_after=None
[2024-07-16T17:31:59.642+0000] {processor.py:183} INFO - Processing /home/airflow/.local/lib/python3.12/site-packages/airflow/example_dags/example_dag_decorator.py took 0.624 seconds
[2024-07-16T17:32:30.201+0000] {processor.py:161} INFO - Started process (PID=370) to work on /home/airflow/.local/lib/python3.12/site-packages/airflow/example_dags/example_dag_decorator.py
[2024-07-16T17:32:30.203+0000] {processor.py:830} INFO - Processing file /home/airflow/.local/lib/python3.12/site-packages/airflow/example_dags/example_dag_decorator.py for tasks to queue
[2024-07-16T17:32:30.206+0000] {logging_mixin.py:188} INFO - [2024-07-16T17:32:30.206+0000] {dagbag.py:545} INFO - Filling up the DagBag from /home/airflow/.local/lib/python3.12/site-packages/airflow/example_dags/example_dag_decorator.py
[2024-07-16T17:32:30.429+0000] {processor.py:840} INFO - DAG(s) 'example_dag_decorator' retrieved from /home/airflow/.local/lib/python3.12/site-packages/airflow/example_dags/example_dag_decorator.py
[2024-07-16T17:32:30.655+0000] {logging_mixin.py:188} INFO - [2024-07-16T17:32:30.655+0000] {dag.py:3089} INFO - Sync 1 DAGs
[2024-07-16T17:32:30.683+0000] {logging_mixin.py:188} INFO - [2024-07-16T17:32:30.683+0000] {dag.py:3947} INFO - Setting next_dagrun for example_dag_decorator to None, run_after=None
[2024-07-16T17:32:30.720+0000] {processor.py:183} INFO - Processing /home/airflow/.local/lib/python3.12/site-packages/airflow/example_dags/example_dag_decorator.py took 0.529 seconds
[2024-07-16T17:33:01.273+0000] {processor.py:161} INFO - Started process (PID=428) to work on /home/airflow/.local/lib/python3.12/site-packages/airflow/example_dags/example_dag_decorator.py
[2024-07-16T17:33:01.274+0000] {processor.py:830} INFO - Processing file /home/airflow/.local/lib/python3.12/site-packages/airflow/example_dags/example_dag_decorator.py for tasks to queue
[2024-07-16T17:33:01.277+0000] {logging_mixin.py:188} INFO - [2024-07-16T17:33:01.277+0000] {dagbag.py:545} INFO - Filling up the DagBag from /home/airflow/.local/lib/python3.12/site-packages/airflow/example_dags/example_dag_decorator.py
[2024-07-16T17:33:01.436+0000] {processor.py:840} INFO - DAG(s) 'example_dag_decorator' retrieved from /home/airflow/.local/lib/python3.12/site-packages/airflow/example_dags/example_dag_decorator.py
[2024-07-16T17:33:01.596+0000] {logging_mixin.py:188} INFO - [2024-07-16T17:33:01.595+0000] {dag.py:3089} INFO - Sync 1 DAGs
[2024-07-16T17:33:01.791+0000] {logging_mixin.py:188} INFO - [2024-07-16T17:33:01.791+0000] {dag.py:3947} INFO - Setting next_dagrun for example_dag_decorator to None, run_after=None
[2024-07-16T17:33:01.828+0000] {processor.py:183} INFO - Processing /home/airflow/.local/lib/python3.12/site-packages/airflow/example_dags/example_dag_decorator.py took 0.562 seconds
[2024-07-16T18:04:14.495+0000] {processor.py:161} INFO - Started process (PID=72) to work on /home/airflow/.local/lib/python3.12/site-packages/airflow/example_dags/example_dag_decorator.py
[2024-07-16T18:04:14.498+0000] {processor.py:830} INFO - Processing file /home/airflow/.local/lib/python3.12/site-packages/airflow/example_dags/example_dag_decorator.py for tasks to queue
[2024-07-16T18:04:14.508+0000] {logging_mixin.py:188} INFO - [2024-07-16T18:04:14.507+0000] {dagbag.py:545} INFO - Filling up the DagBag from /home/airflow/.local/lib/python3.12/site-packages/airflow/example_dags/example_dag_decorator.py
[2024-07-16T18:04:15.157+0000] {processor.py:840} INFO - DAG(s) 'example_dag_decorator' retrieved from /home/airflow/.local/lib/python3.12/site-packages/airflow/example_dags/example_dag_decorator.py
[2024-07-16T18:04:15.395+0000] {logging_mixin.py:188} INFO - [2024-07-16T18:04:15.394+0000] {dag.py:3089} INFO - Sync 1 DAGs
[2024-07-16T18:04:15.433+0000] {logging_mixin.py:188} INFO - [2024-07-16T18:04:15.433+0000] {dag.py:3947} INFO - Setting next_dagrun for example_dag_decorator to None, run_after=None
[2024-07-16T18:04:15.511+0000] {processor.py:183} INFO - Processing /home/airflow/.local/lib/python3.12/site-packages/airflow/example_dags/example_dag_decorator.py took 1.025 seconds
[2024-07-16T18:12:22.446+0000] {processor.py:161} INFO - Started process (PID=78) to work on /home/airflow/.local/lib/python3.12/site-packages/airflow/example_dags/example_dag_decorator.py
[2024-07-16T18:12:22.448+0000] {processor.py:830} INFO - Processing file /home/airflow/.local/lib/python3.12/site-packages/airflow/example_dags/example_dag_decorator.py for tasks to queue
[2024-07-16T18:12:22.454+0000] {logging_mixin.py:188} INFO - [2024-07-16T18:12:22.452+0000] {dagbag.py:545} INFO - Filling up the DagBag from /home/airflow/.local/lib/python3.12/site-packages/airflow/example_dags/example_dag_decorator.py
[2024-07-16T18:12:23.105+0000] {processor.py:840} INFO - DAG(s) 'example_dag_decorator' retrieved from /home/airflow/.local/lib/python3.12/site-packages/airflow/example_dags/example_dag_decorator.py
[2024-07-16T18:12:23.278+0000] {logging_mixin.py:188} INFO - [2024-07-16T18:12:23.278+0000] {dag.py:3089} INFO - Sync 1 DAGs
[2024-07-16T18:12:23.299+0000] {logging_mixin.py:188} INFO - [2024-07-16T18:12:23.299+0000] {dag.py:3947} INFO - Setting next_dagrun for example_dag_decorator to None, run_after=None
[2024-07-16T18:12:23.327+0000] {processor.py:183} INFO - Processing /home/airflow/.local/lib/python3.12/site-packages/airflow/example_dags/example_dag_decorator.py took 0.892 seconds
[2024-07-16T18:12:53.672+0000] {processor.py:161} INFO - Started process (PID=137) to work on /home/airflow/.local/lib/python3.12/site-packages/airflow/example_dags/example_dag_decorator.py
[2024-07-16T18:12:53.673+0000] {processor.py:830} INFO - Processing file /home/airflow/.local/lib/python3.12/site-packages/airflow/example_dags/example_dag_decorator.py for tasks to queue
[2024-07-16T18:12:53.675+0000] {logging_mixin.py:188} INFO - [2024-07-16T18:12:53.675+0000] {dagbag.py:545} INFO - Filling up the DagBag from /home/airflow/.local/lib/python3.12/site-packages/airflow/example_dags/example_dag_decorator.py
[2024-07-16T18:12:53.758+0000] {processor.py:840} INFO - DAG(s) 'example_dag_decorator' retrieved from /home/airflow/.local/lib/python3.12/site-packages/airflow/example_dags/example_dag_decorator.py
[2024-07-16T18:12:53.839+0000] {logging_mixin.py:188} INFO - [2024-07-16T18:12:53.838+0000] {dag.py:3089} INFO - Sync 1 DAGs
[2024-07-16T18:12:53.848+0000] {logging_mixin.py:188} INFO - [2024-07-16T18:12:53.848+0000] {dag.py:3947} INFO - Setting next_dagrun for example_dag_decorator to None, run_after=None
[2024-07-16T18:12:53.868+0000] {processor.py:183} INFO - Processing /home/airflow/.local/lib/python3.12/site-packages/airflow/example_dags/example_dag_decorator.py took 0.201 seconds
[2024-07-16T18:13:24.102+0000] {processor.py:161} INFO - Started process (PID=196) to work on /home/airflow/.local/lib/python3.12/site-packages/airflow/example_dags/example_dag_decorator.py
[2024-07-16T18:13:24.104+0000] {processor.py:830} INFO - Processing file /home/airflow/.local/lib/python3.12/site-packages/airflow/example_dags/example_dag_decorator.py for tasks to queue
[2024-07-16T18:13:24.107+0000] {logging_mixin.py:188} INFO - [2024-07-16T18:13:24.107+0000] {dagbag.py:545} INFO - Filling up the DagBag from /home/airflow/.local/lib/python3.12/site-packages/airflow/example_dags/example_dag_decorator.py
[2024-07-16T18:13:24.228+0000] {processor.py:840} INFO - DAG(s) 'example_dag_decorator' retrieved from /home/airflow/.local/lib/python3.12/site-packages/airflow/example_dags/example_dag_decorator.py
[2024-07-16T18:13:24.319+0000] {logging_mixin.py:188} INFO - [2024-07-16T18:13:24.318+0000] {dag.py:3089} INFO - Sync 1 DAGs
[2024-07-16T18:13:24.328+0000] {logging_mixin.py:188} INFO - [2024-07-16T18:13:24.327+0000] {dag.py:3947} INFO - Setting next_dagrun for example_dag_decorator to None, run_after=None
[2024-07-16T18:13:24.348+0000] {processor.py:183} INFO - Processing /home/airflow/.local/lib/python3.12/site-packages/airflow/example_dags/example_dag_decorator.py took 0.253 seconds
