[2024-07-16T17:10:29.877+0000] {processor.py:161} INFO - Started process (PID=104) to work on /home/airflow/.local/lib/python3.12/site-packages/airflow/example_dags/example_subdag_operator.py
[2024-07-16T17:10:29.878+0000] {processor.py:830} INFO - Processing file /home/airflow/.local/lib/python3.12/site-packages/airflow/example_dags/example_subdag_operator.py for tasks to queue
[2024-07-16T17:10:29.880+0000] {logging_mixin.py:188} INFO - [2024-07-16T17:10:29.880+0000] {dagbag.py:545} INFO - Filling up the DagBag from /home/airflow/.local/lib/python3.12/site-packages/airflow/example_dags/example_subdag_operator.py
[2024-07-16T17:10:29.904+0000] {processor.py:840} INFO - DAG(s) 'example_subdag_operator.section-1', 'example_subdag_operator.section-2', 'example_subdag_operator' retrieved from /home/airflow/.local/lib/python3.12/site-packages/airflow/example_dags/example_subdag_operator.py
[2024-07-16T17:10:30.002+0000] {logging_mixin.py:188} INFO - [2024-07-16T17:10:30.002+0000] {dag.py:3089} INFO - Sync 3 DAGs
[2024-07-16T17:10:30.027+0000] {logging_mixin.py:188} INFO - [2024-07-16T17:10:30.027+0000] {dag.py:3947} INFO - Setting next_dagrun for example_subdag_operator to 2022-01-01 00:00:00+00:00, run_after=2022-01-01 00:00:00+00:00
[2024-07-16T17:10:30.031+0000] {logging_mixin.py:188} INFO - [2024-07-16T17:10:30.030+0000] {dag.py:3947} INFO - Setting next_dagrun for example_subdag_operator.section-1 to None, run_after=None
[2024-07-16T17:10:30.033+0000] {logging_mixin.py:188} INFO - [2024-07-16T17:10:30.032+0000] {dag.py:3947} INFO - Setting next_dagrun for example_subdag_operator.section-2 to None, run_after=None
[2024-07-16T17:10:30.042+0000] {logging_mixin.py:188} INFO - [2024-07-16T17:10:30.042+0000] {dag.py:3089} INFO - Sync 2 DAGs
[2024-07-16T17:10:30.047+0000] {logging_mixin.py:188} INFO - [2024-07-16T17:10:30.047+0000] {dag.py:3947} INFO - Setting next_dagrun for example_subdag_operator.section-1 to None, run_after=None
[2024-07-16T17:10:30.048+0000] {logging_mixin.py:188} INFO - [2024-07-16T17:10:30.047+0000] {dag.py:3947} INFO - Setting next_dagrun for example_subdag_operator.section-2 to None, run_after=None
[2024-07-16T17:10:30.059+0000] {processor.py:183} INFO - Processing /home/airflow/.local/lib/python3.12/site-packages/airflow/example_dags/example_subdag_operator.py took 0.187 seconds
[2024-07-16T17:11:00.271+0000] {processor.py:161} INFO - Started process (PID=162) to work on /home/airflow/.local/lib/python3.12/site-packages/airflow/example_dags/example_subdag_operator.py
[2024-07-16T17:11:00.272+0000] {processor.py:830} INFO - Processing file /home/airflow/.local/lib/python3.12/site-packages/airflow/example_dags/example_subdag_operator.py for tasks to queue
[2024-07-16T17:11:00.274+0000] {logging_mixin.py:188} INFO - [2024-07-16T17:11:00.274+0000] {dagbag.py:545} INFO - Filling up the DagBag from /home/airflow/.local/lib/python3.12/site-packages/airflow/example_dags/example_subdag_operator.py
[2024-07-16T17:11:00.294+0000] {processor.py:840} INFO - DAG(s) 'example_subdag_operator.section-1', 'example_subdag_operator.section-2', 'example_subdag_operator' retrieved from /home/airflow/.local/lib/python3.12/site-packages/airflow/example_dags/example_subdag_operator.py
[2024-07-16T17:11:00.307+0000] {logging_mixin.py:188} INFO - [2024-07-16T17:11:00.307+0000] {dag.py:3089} INFO - Sync 3 DAGs
[2024-07-16T17:11:00.327+0000] {logging_mixin.py:188} INFO - [2024-07-16T17:11:00.326+0000] {dag.py:3947} INFO - Setting next_dagrun for example_subdag_operator to 2022-01-01 00:00:00+00:00, run_after=2022-01-01 00:00:00+00:00
[2024-07-16T17:11:00.330+0000] {logging_mixin.py:188} INFO - [2024-07-16T17:11:00.329+0000] {dag.py:3947} INFO - Setting next_dagrun for example_subdag_operator.section-1 to None, run_after=None
[2024-07-16T17:11:00.331+0000] {logging_mixin.py:188} INFO - [2024-07-16T17:11:00.331+0000] {dag.py:3947} INFO - Setting next_dagrun for example_subdag_operator.section-2 to None, run_after=None
[2024-07-16T17:11:00.336+0000] {logging_mixin.py:188} INFO - [2024-07-16T17:11:00.336+0000] {dag.py:3089} INFO - Sync 2 DAGs
[2024-07-16T17:11:00.340+0000] {logging_mixin.py:188} INFO - [2024-07-16T17:11:00.340+0000] {dag.py:3947} INFO - Setting next_dagrun for example_subdag_operator.section-1 to None, run_after=None
[2024-07-16T17:11:00.341+0000] {logging_mixin.py:188} INFO - [2024-07-16T17:11:00.341+0000] {dag.py:3947} INFO - Setting next_dagrun for example_subdag_operator.section-2 to None, run_after=None
[2024-07-16T17:11:00.350+0000] {processor.py:183} INFO - Processing /home/airflow/.local/lib/python3.12/site-packages/airflow/example_dags/example_subdag_operator.py took 0.084 seconds
[2024-07-16T17:11:30.589+0000] {processor.py:161} INFO - Started process (PID=220) to work on /home/airflow/.local/lib/python3.12/site-packages/airflow/example_dags/example_subdag_operator.py
[2024-07-16T17:11:30.590+0000] {processor.py:830} INFO - Processing file /home/airflow/.local/lib/python3.12/site-packages/airflow/example_dags/example_subdag_operator.py for tasks to queue
[2024-07-16T17:11:30.591+0000] {logging_mixin.py:188} INFO - [2024-07-16T17:11:30.591+0000] {dagbag.py:545} INFO - Filling up the DagBag from /home/airflow/.local/lib/python3.12/site-packages/airflow/example_dags/example_subdag_operator.py
[2024-07-16T17:11:30.610+0000] {processor.py:840} INFO - DAG(s) 'example_subdag_operator.section-1', 'example_subdag_operator.section-2', 'example_subdag_operator' retrieved from /home/airflow/.local/lib/python3.12/site-packages/airflow/example_dags/example_subdag_operator.py
[2024-07-16T17:11:30.627+0000] {logging_mixin.py:188} INFO - [2024-07-16T17:11:30.627+0000] {dag.py:3089} INFO - Sync 3 DAGs
[2024-07-16T17:11:30.645+0000] {logging_mixin.py:188} INFO - [2024-07-16T17:11:30.645+0000] {dag.py:3947} INFO - Setting next_dagrun for example_subdag_operator to 2022-01-01 00:00:00+00:00, run_after=2022-01-01 00:00:00+00:00
[2024-07-16T17:11:30.648+0000] {logging_mixin.py:188} INFO - [2024-07-16T17:11:30.648+0000] {dag.py:3947} INFO - Setting next_dagrun for example_subdag_operator.section-1 to None, run_after=None
[2024-07-16T17:11:30.650+0000] {logging_mixin.py:188} INFO - [2024-07-16T17:11:30.650+0000] {dag.py:3947} INFO - Setting next_dagrun for example_subdag_operator.section-2 to None, run_after=None
[2024-07-16T17:11:30.657+0000] {logging_mixin.py:188} INFO - [2024-07-16T17:11:30.657+0000] {dag.py:3089} INFO - Sync 2 DAGs
[2024-07-16T17:11:30.662+0000] {logging_mixin.py:188} INFO - [2024-07-16T17:11:30.662+0000] {dag.py:3947} INFO - Setting next_dagrun for example_subdag_operator.section-1 to None, run_after=None
[2024-07-16T17:11:30.663+0000] {logging_mixin.py:188} INFO - [2024-07-16T17:11:30.663+0000] {dag.py:3947} INFO - Setting next_dagrun for example_subdag_operator.section-2 to None, run_after=None
[2024-07-16T17:11:30.675+0000] {processor.py:183} INFO - Processing /home/airflow/.local/lib/python3.12/site-packages/airflow/example_dags/example_subdag_operator.py took 0.090 seconds
[2024-07-16T17:12:00.869+0000] {processor.py:161} INFO - Started process (PID=278) to work on /home/airflow/.local/lib/python3.12/site-packages/airflow/example_dags/example_subdag_operator.py
[2024-07-16T17:12:00.871+0000] {processor.py:830} INFO - Processing file /home/airflow/.local/lib/python3.12/site-packages/airflow/example_dags/example_subdag_operator.py for tasks to queue
[2024-07-16T17:12:00.872+0000] {logging_mixin.py:188} INFO - [2024-07-16T17:12:00.872+0000] {dagbag.py:545} INFO - Filling up the DagBag from /home/airflow/.local/lib/python3.12/site-packages/airflow/example_dags/example_subdag_operator.py
[2024-07-16T17:12:00.892+0000] {processor.py:840} INFO - DAG(s) 'example_subdag_operator.section-1', 'example_subdag_operator.section-2', 'example_subdag_operator' retrieved from /home/airflow/.local/lib/python3.12/site-packages/airflow/example_dags/example_subdag_operator.py
[2024-07-16T17:12:00.906+0000] {logging_mixin.py:188} INFO - [2024-07-16T17:12:00.906+0000] {dag.py:3089} INFO - Sync 3 DAGs
[2024-07-16T17:12:00.924+0000] {logging_mixin.py:188} INFO - [2024-07-16T17:12:00.924+0000] {dag.py:3947} INFO - Setting next_dagrun for example_subdag_operator to 2022-01-01 00:00:00+00:00, run_after=2022-01-01 00:00:00+00:00
[2024-07-16T17:12:00.928+0000] {logging_mixin.py:188} INFO - [2024-07-16T17:12:00.928+0000] {dag.py:3947} INFO - Setting next_dagrun for example_subdag_operator.section-1 to None, run_after=None
[2024-07-16T17:12:00.929+0000] {logging_mixin.py:188} INFO - [2024-07-16T17:12:00.929+0000] {dag.py:3947} INFO - Setting next_dagrun for example_subdag_operator.section-2 to None, run_after=None
[2024-07-16T17:12:00.936+0000] {logging_mixin.py:188} INFO - [2024-07-16T17:12:00.936+0000] {dag.py:3089} INFO - Sync 2 DAGs
[2024-07-16T17:12:00.940+0000] {logging_mixin.py:188} INFO - [2024-07-16T17:12:00.940+0000] {dag.py:3947} INFO - Setting next_dagrun for example_subdag_operator.section-1 to None, run_after=None
[2024-07-16T17:12:00.941+0000] {logging_mixin.py:188} INFO - [2024-07-16T17:12:00.941+0000] {dag.py:3947} INFO - Setting next_dagrun for example_subdag_operator.section-2 to None, run_after=None
[2024-07-16T17:12:00.953+0000] {processor.py:183} INFO - Processing /home/airflow/.local/lib/python3.12/site-packages/airflow/example_dags/example_subdag_operator.py took 0.088 seconds
[2024-07-16T17:12:31.338+0000] {processor.py:161} INFO - Started process (PID=336) to work on /home/airflow/.local/lib/python3.12/site-packages/airflow/example_dags/example_subdag_operator.py
[2024-07-16T17:12:31.339+0000] {processor.py:830} INFO - Processing file /home/airflow/.local/lib/python3.12/site-packages/airflow/example_dags/example_subdag_operator.py for tasks to queue
[2024-07-16T17:12:31.340+0000] {logging_mixin.py:188} INFO - [2024-07-16T17:12:31.340+0000] {dagbag.py:545} INFO - Filling up the DagBag from /home/airflow/.local/lib/python3.12/site-packages/airflow/example_dags/example_subdag_operator.py
[2024-07-16T17:12:31.365+0000] {processor.py:840} INFO - DAG(s) 'example_subdag_operator.section-1', 'example_subdag_operator.section-2', 'example_subdag_operator' retrieved from /home/airflow/.local/lib/python3.12/site-packages/airflow/example_dags/example_subdag_operator.py
[2024-07-16T17:12:31.390+0000] {logging_mixin.py:188} INFO - [2024-07-16T17:12:31.390+0000] {dag.py:3089} INFO - Sync 3 DAGs
[2024-07-16T17:12:31.411+0000] {logging_mixin.py:188} INFO - [2024-07-16T17:12:31.411+0000] {dag.py:3947} INFO - Setting next_dagrun for example_subdag_operator to 2022-01-01 00:00:00+00:00, run_after=2022-01-01 00:00:00+00:00
[2024-07-16T17:12:31.418+0000] {logging_mixin.py:188} INFO - [2024-07-16T17:12:31.417+0000] {dag.py:3947} INFO - Setting next_dagrun for example_subdag_operator.section-1 to None, run_after=None
[2024-07-16T17:12:31.421+0000] {logging_mixin.py:188} INFO - [2024-07-16T17:12:31.420+0000] {dag.py:3947} INFO - Setting next_dagrun for example_subdag_operator.section-2 to None, run_after=None
[2024-07-16T17:12:31.432+0000] {logging_mixin.py:188} INFO - [2024-07-16T17:12:31.432+0000] {dag.py:3089} INFO - Sync 2 DAGs
[2024-07-16T17:12:31.440+0000] {logging_mixin.py:188} INFO - [2024-07-16T17:12:31.439+0000] {dag.py:3947} INFO - Setting next_dagrun for example_subdag_operator.section-1 to None, run_after=None
[2024-07-16T17:12:31.441+0000] {logging_mixin.py:188} INFO - [2024-07-16T17:12:31.440+0000] {dag.py:3947} INFO - Setting next_dagrun for example_subdag_operator.section-2 to None, run_after=None
[2024-07-16T17:12:31.457+0000] {processor.py:183} INFO - Processing /home/airflow/.local/lib/python3.12/site-packages/airflow/example_dags/example_subdag_operator.py took 0.126 seconds
[2024-07-16T17:13:04.160+0000] {processor.py:161} INFO - Started process (PID=394) to work on /home/airflow/.local/lib/python3.12/site-packages/airflow/example_dags/example_subdag_operator.py
[2024-07-16T17:13:04.162+0000] {processor.py:830} INFO - Processing file /home/airflow/.local/lib/python3.12/site-packages/airflow/example_dags/example_subdag_operator.py for tasks to queue
[2024-07-16T17:13:04.168+0000] {logging_mixin.py:188} INFO - [2024-07-16T17:13:04.167+0000] {dagbag.py:545} INFO - Filling up the DagBag from /home/airflow/.local/lib/python3.12/site-packages/airflow/example_dags/example_subdag_operator.py
[2024-07-16T17:13:04.224+0000] {processor.py:840} INFO - DAG(s) 'example_subdag_operator.section-1', 'example_subdag_operator.section-2', 'example_subdag_operator' retrieved from /home/airflow/.local/lib/python3.12/site-packages/airflow/example_dags/example_subdag_operator.py
[2024-07-16T17:13:04.276+0000] {logging_mixin.py:188} INFO - [2024-07-16T17:13:04.276+0000] {dag.py:3089} INFO - Sync 3 DAGs
[2024-07-16T17:13:04.343+0000] {logging_mixin.py:188} INFO - [2024-07-16T17:13:04.342+0000] {dag.py:3947} INFO - Setting next_dagrun for example_subdag_operator to 2022-01-01 00:00:00+00:00, run_after=2022-01-01 00:00:00+00:00
[2024-07-16T17:13:04.351+0000] {logging_mixin.py:188} INFO - [2024-07-16T17:13:04.350+0000] {dag.py:3947} INFO - Setting next_dagrun for example_subdag_operator.section-1 to None, run_after=None
[2024-07-16T17:13:04.356+0000] {logging_mixin.py:188} INFO - [2024-07-16T17:13:04.355+0000] {dag.py:3947} INFO - Setting next_dagrun for example_subdag_operator.section-2 to None, run_after=None
[2024-07-16T17:13:04.377+0000] {logging_mixin.py:188} INFO - [2024-07-16T17:13:04.376+0000] {dag.py:3089} INFO - Sync 2 DAGs
[2024-07-16T17:13:04.390+0000] {logging_mixin.py:188} INFO - [2024-07-16T17:13:04.389+0000] {dag.py:3947} INFO - Setting next_dagrun for example_subdag_operator.section-1 to None, run_after=None
[2024-07-16T17:13:04.391+0000] {logging_mixin.py:188} INFO - [2024-07-16T17:13:04.391+0000] {dag.py:3947} INFO - Setting next_dagrun for example_subdag_operator.section-2 to None, run_after=None
[2024-07-16T17:13:04.419+0000] {processor.py:183} INFO - Processing /home/airflow/.local/lib/python3.12/site-packages/airflow/example_dags/example_subdag_operator.py took 0.275 seconds
[2024-07-16T17:13:34.594+0000] {processor.py:161} INFO - Started process (PID=452) to work on /home/airflow/.local/lib/python3.12/site-packages/airflow/example_dags/example_subdag_operator.py
[2024-07-16T17:13:34.595+0000] {processor.py:830} INFO - Processing file /home/airflow/.local/lib/python3.12/site-packages/airflow/example_dags/example_subdag_operator.py for tasks to queue
[2024-07-16T17:13:34.598+0000] {logging_mixin.py:188} INFO - [2024-07-16T17:13:34.598+0000] {dagbag.py:545} INFO - Filling up the DagBag from /home/airflow/.local/lib/python3.12/site-packages/airflow/example_dags/example_subdag_operator.py
[2024-07-16T17:13:34.634+0000] {processor.py:840} INFO - DAG(s) 'example_subdag_operator.section-1', 'example_subdag_operator.section-2', 'example_subdag_operator' retrieved from /home/airflow/.local/lib/python3.12/site-packages/airflow/example_dags/example_subdag_operator.py
[2024-07-16T17:13:34.661+0000] {logging_mixin.py:188} INFO - [2024-07-16T17:13:34.661+0000] {dag.py:3089} INFO - Sync 3 DAGs
[2024-07-16T17:13:34.700+0000] {logging_mixin.py:188} INFO - [2024-07-16T17:13:34.700+0000] {dag.py:3947} INFO - Setting next_dagrun for example_subdag_operator to 2022-01-01 00:00:00+00:00, run_after=2022-01-01 00:00:00+00:00
[2024-07-16T17:13:34.707+0000] {logging_mixin.py:188} INFO - [2024-07-16T17:13:34.707+0000] {dag.py:3947} INFO - Setting next_dagrun for example_subdag_operator.section-1 to None, run_after=None
[2024-07-16T17:13:34.709+0000] {logging_mixin.py:188} INFO - [2024-07-16T17:13:34.709+0000] {dag.py:3947} INFO - Setting next_dagrun for example_subdag_operator.section-2 to None, run_after=None
[2024-07-16T17:13:34.721+0000] {logging_mixin.py:188} INFO - [2024-07-16T17:13:34.721+0000] {dag.py:3089} INFO - Sync 2 DAGs
[2024-07-16T17:13:34.733+0000] {logging_mixin.py:188} INFO - [2024-07-16T17:13:34.732+0000] {dag.py:3947} INFO - Setting next_dagrun for example_subdag_operator.section-1 to None, run_after=None
[2024-07-16T17:13:34.734+0000] {logging_mixin.py:188} INFO - [2024-07-16T17:13:34.734+0000] {dag.py:3947} INFO - Setting next_dagrun for example_subdag_operator.section-2 to None, run_after=None
[2024-07-16T17:13:34.752+0000] {processor.py:183} INFO - Processing /home/airflow/.local/lib/python3.12/site-packages/airflow/example_dags/example_subdag_operator.py took 0.167 seconds
[2024-07-16T17:14:04.953+0000] {processor.py:161} INFO - Started process (PID=510) to work on /home/airflow/.local/lib/python3.12/site-packages/airflow/example_dags/example_subdag_operator.py
[2024-07-16T17:14:04.954+0000] {processor.py:830} INFO - Processing file /home/airflow/.local/lib/python3.12/site-packages/airflow/example_dags/example_subdag_operator.py for tasks to queue
[2024-07-16T17:14:04.955+0000] {logging_mixin.py:188} INFO - [2024-07-16T17:14:04.955+0000] {dagbag.py:545} INFO - Filling up the DagBag from /home/airflow/.local/lib/python3.12/site-packages/airflow/example_dags/example_subdag_operator.py
[2024-07-16T17:14:04.979+0000] {processor.py:840} INFO - DAG(s) 'example_subdag_operator.section-1', 'example_subdag_operator.section-2', 'example_subdag_operator' retrieved from /home/airflow/.local/lib/python3.12/site-packages/airflow/example_dags/example_subdag_operator.py
[2024-07-16T17:14:04.996+0000] {logging_mixin.py:188} INFO - [2024-07-16T17:14:04.995+0000] {dag.py:3089} INFO - Sync 3 DAGs
[2024-07-16T17:14:05.016+0000] {logging_mixin.py:188} INFO - [2024-07-16T17:14:05.015+0000] {dag.py:3947} INFO - Setting next_dagrun for example_subdag_operator to 2022-01-01 00:00:00+00:00, run_after=2022-01-01 00:00:00+00:00
[2024-07-16T17:14:05.020+0000] {logging_mixin.py:188} INFO - [2024-07-16T17:14:05.020+0000] {dag.py:3947} INFO - Setting next_dagrun for example_subdag_operator.section-1 to None, run_after=None
[2024-07-16T17:14:05.022+0000] {logging_mixin.py:188} INFO - [2024-07-16T17:14:05.022+0000] {dag.py:3947} INFO - Setting next_dagrun for example_subdag_operator.section-2 to None, run_after=None
[2024-07-16T17:14:05.029+0000] {logging_mixin.py:188} INFO - [2024-07-16T17:14:05.029+0000] {dag.py:3089} INFO - Sync 2 DAGs
[2024-07-16T17:14:05.036+0000] {logging_mixin.py:188} INFO - [2024-07-16T17:14:05.036+0000] {dag.py:3947} INFO - Setting next_dagrun for example_subdag_operator.section-1 to None, run_after=None
[2024-07-16T17:14:05.037+0000] {logging_mixin.py:188} INFO - [2024-07-16T17:14:05.037+0000] {dag.py:3947} INFO - Setting next_dagrun for example_subdag_operator.section-2 to None, run_after=None
[2024-07-16T17:14:05.048+0000] {processor.py:183} INFO - Processing /home/airflow/.local/lib/python3.12/site-packages/airflow/example_dags/example_subdag_operator.py took 0.101 seconds
[2024-07-16T17:14:35.472+0000] {processor.py:161} INFO - Started process (PID=568) to work on /home/airflow/.local/lib/python3.12/site-packages/airflow/example_dags/example_subdag_operator.py
[2024-07-16T17:14:35.473+0000] {processor.py:830} INFO - Processing file /home/airflow/.local/lib/python3.12/site-packages/airflow/example_dags/example_subdag_operator.py for tasks to queue
[2024-07-16T17:14:35.475+0000] {logging_mixin.py:188} INFO - [2024-07-16T17:14:35.475+0000] {dagbag.py:545} INFO - Filling up the DagBag from /home/airflow/.local/lib/python3.12/site-packages/airflow/example_dags/example_subdag_operator.py
[2024-07-16T17:14:35.497+0000] {processor.py:840} INFO - DAG(s) 'example_subdag_operator.section-1', 'example_subdag_operator.section-2', 'example_subdag_operator' retrieved from /home/airflow/.local/lib/python3.12/site-packages/airflow/example_dags/example_subdag_operator.py
[2024-07-16T17:14:35.513+0000] {logging_mixin.py:188} INFO - [2024-07-16T17:14:35.513+0000] {dag.py:3089} INFO - Sync 3 DAGs
[2024-07-16T17:14:35.538+0000] {logging_mixin.py:188} INFO - [2024-07-16T17:14:35.537+0000] {dag.py:3947} INFO - Setting next_dagrun for example_subdag_operator to 2022-01-01 00:00:00+00:00, run_after=2022-01-01 00:00:00+00:00
[2024-07-16T17:14:35.542+0000] {logging_mixin.py:188} INFO - [2024-07-16T17:14:35.541+0000] {dag.py:3947} INFO - Setting next_dagrun for example_subdag_operator.section-1 to None, run_after=None
[2024-07-16T17:14:35.543+0000] {logging_mixin.py:188} INFO - [2024-07-16T17:14:35.543+0000] {dag.py:3947} INFO - Setting next_dagrun for example_subdag_operator.section-2 to None, run_after=None
[2024-07-16T17:14:35.551+0000] {logging_mixin.py:188} INFO - [2024-07-16T17:14:35.551+0000] {dag.py:3089} INFO - Sync 2 DAGs
[2024-07-16T17:14:35.556+0000] {logging_mixin.py:188} INFO - [2024-07-16T17:14:35.556+0000] {dag.py:3947} INFO - Setting next_dagrun for example_subdag_operator.section-1 to None, run_after=None
[2024-07-16T17:14:35.557+0000] {logging_mixin.py:188} INFO - [2024-07-16T17:14:35.557+0000] {dag.py:3947} INFO - Setting next_dagrun for example_subdag_operator.section-2 to None, run_after=None
[2024-07-16T17:14:35.574+0000] {processor.py:183} INFO - Processing /home/airflow/.local/lib/python3.12/site-packages/airflow/example_dags/example_subdag_operator.py took 0.108 seconds
[2024-07-16T17:15:05.689+0000] {processor.py:161} INFO - Started process (PID=626) to work on /home/airflow/.local/lib/python3.12/site-packages/airflow/example_dags/example_subdag_operator.py
[2024-07-16T17:15:05.690+0000] {processor.py:830} INFO - Processing file /home/airflow/.local/lib/python3.12/site-packages/airflow/example_dags/example_subdag_operator.py for tasks to queue
[2024-07-16T17:15:05.692+0000] {logging_mixin.py:188} INFO - [2024-07-16T17:15:05.691+0000] {dagbag.py:545} INFO - Filling up the DagBag from /home/airflow/.local/lib/python3.12/site-packages/airflow/example_dags/example_subdag_operator.py
[2024-07-16T17:15:05.712+0000] {processor.py:840} INFO - DAG(s) 'example_subdag_operator.section-1', 'example_subdag_operator.section-2', 'example_subdag_operator' retrieved from /home/airflow/.local/lib/python3.12/site-packages/airflow/example_dags/example_subdag_operator.py
[2024-07-16T17:15:05.726+0000] {logging_mixin.py:188} INFO - [2024-07-16T17:15:05.726+0000] {dag.py:3089} INFO - Sync 3 DAGs
[2024-07-16T17:15:05.747+0000] {logging_mixin.py:188} INFO - [2024-07-16T17:15:05.747+0000] {dag.py:3947} INFO - Setting next_dagrun for example_subdag_operator to 2022-01-01 00:00:00+00:00, run_after=2022-01-01 00:00:00+00:00
[2024-07-16T17:15:05.752+0000] {logging_mixin.py:188} INFO - [2024-07-16T17:15:05.751+0000] {dag.py:3947} INFO - Setting next_dagrun for example_subdag_operator.section-1 to None, run_after=None
[2024-07-16T17:15:05.754+0000] {logging_mixin.py:188} INFO - [2024-07-16T17:15:05.754+0000] {dag.py:3947} INFO - Setting next_dagrun for example_subdag_operator.section-2 to None, run_after=None
[2024-07-16T17:15:05.761+0000] {logging_mixin.py:188} INFO - [2024-07-16T17:15:05.761+0000] {dag.py:3089} INFO - Sync 2 DAGs
[2024-07-16T17:15:05.768+0000] {logging_mixin.py:188} INFO - [2024-07-16T17:15:05.768+0000] {dag.py:3947} INFO - Setting next_dagrun for example_subdag_operator.section-1 to None, run_after=None
[2024-07-16T17:15:05.770+0000] {logging_mixin.py:188} INFO - [2024-07-16T17:15:05.769+0000] {dag.py:3947} INFO - Setting next_dagrun for example_subdag_operator.section-2 to None, run_after=None
[2024-07-16T17:15:05.783+0000] {processor.py:183} INFO - Processing /home/airflow/.local/lib/python3.12/site-packages/airflow/example_dags/example_subdag_operator.py took 0.100 seconds
[2024-07-16T17:15:36.041+0000] {processor.py:161} INFO - Started process (PID=684) to work on /home/airflow/.local/lib/python3.12/site-packages/airflow/example_dags/example_subdag_operator.py
[2024-07-16T17:15:36.042+0000] {processor.py:830} INFO - Processing file /home/airflow/.local/lib/python3.12/site-packages/airflow/example_dags/example_subdag_operator.py for tasks to queue
[2024-07-16T17:15:36.044+0000] {logging_mixin.py:188} INFO - [2024-07-16T17:15:36.043+0000] {dagbag.py:545} INFO - Filling up the DagBag from /home/airflow/.local/lib/python3.12/site-packages/airflow/example_dags/example_subdag_operator.py
[2024-07-16T17:15:36.065+0000] {processor.py:840} INFO - DAG(s) 'example_subdag_operator.section-1', 'example_subdag_operator.section-2', 'example_subdag_operator' retrieved from /home/airflow/.local/lib/python3.12/site-packages/airflow/example_dags/example_subdag_operator.py
[2024-07-16T17:15:36.078+0000] {logging_mixin.py:188} INFO - [2024-07-16T17:15:36.078+0000] {dag.py:3089} INFO - Sync 3 DAGs
[2024-07-16T17:15:36.099+0000] {logging_mixin.py:188} INFO - [2024-07-16T17:15:36.099+0000] {dag.py:3947} INFO - Setting next_dagrun for example_subdag_operator to 2022-01-01 00:00:00+00:00, run_after=2022-01-01 00:00:00+00:00
[2024-07-16T17:15:36.104+0000] {logging_mixin.py:188} INFO - [2024-07-16T17:15:36.103+0000] {dag.py:3947} INFO - Setting next_dagrun for example_subdag_operator.section-1 to None, run_after=None
[2024-07-16T17:15:36.105+0000] {logging_mixin.py:188} INFO - [2024-07-16T17:15:36.105+0000] {dag.py:3947} INFO - Setting next_dagrun for example_subdag_operator.section-2 to None, run_after=None
[2024-07-16T17:15:36.111+0000] {logging_mixin.py:188} INFO - [2024-07-16T17:15:36.111+0000] {dag.py:3089} INFO - Sync 2 DAGs
[2024-07-16T17:15:36.115+0000] {logging_mixin.py:188} INFO - [2024-07-16T17:15:36.115+0000] {dag.py:3947} INFO - Setting next_dagrun for example_subdag_operator.section-1 to None, run_after=None
[2024-07-16T17:15:36.116+0000] {logging_mixin.py:188} INFO - [2024-07-16T17:15:36.116+0000] {dag.py:3947} INFO - Setting next_dagrun for example_subdag_operator.section-2 to None, run_after=None
[2024-07-16T17:15:36.128+0000] {processor.py:183} INFO - Processing /home/airflow/.local/lib/python3.12/site-packages/airflow/example_dags/example_subdag_operator.py took 0.091 seconds
[2024-07-16T17:16:06.309+0000] {processor.py:161} INFO - Started process (PID=742) to work on /home/airflow/.local/lib/python3.12/site-packages/airflow/example_dags/example_subdag_operator.py
[2024-07-16T17:16:06.310+0000] {processor.py:830} INFO - Processing file /home/airflow/.local/lib/python3.12/site-packages/airflow/example_dags/example_subdag_operator.py for tasks to queue
[2024-07-16T17:16:06.312+0000] {logging_mixin.py:188} INFO - [2024-07-16T17:16:06.312+0000] {dagbag.py:545} INFO - Filling up the DagBag from /home/airflow/.local/lib/python3.12/site-packages/airflow/example_dags/example_subdag_operator.py
[2024-07-16T17:16:06.330+0000] {processor.py:840} INFO - DAG(s) 'example_subdag_operator.section-1', 'example_subdag_operator.section-2', 'example_subdag_operator' retrieved from /home/airflow/.local/lib/python3.12/site-packages/airflow/example_dags/example_subdag_operator.py
[2024-07-16T17:16:06.343+0000] {logging_mixin.py:188} INFO - [2024-07-16T17:16:06.343+0000] {dag.py:3089} INFO - Sync 3 DAGs
[2024-07-16T17:16:06.363+0000] {logging_mixin.py:188} INFO - [2024-07-16T17:16:06.363+0000] {dag.py:3947} INFO - Setting next_dagrun for example_subdag_operator to 2022-01-01 00:00:00+00:00, run_after=2022-01-01 00:00:00+00:00
[2024-07-16T17:16:06.367+0000] {logging_mixin.py:188} INFO - [2024-07-16T17:16:06.366+0000] {dag.py:3947} INFO - Setting next_dagrun for example_subdag_operator.section-1 to None, run_after=None
[2024-07-16T17:16:06.368+0000] {logging_mixin.py:188} INFO - [2024-07-16T17:16:06.368+0000] {dag.py:3947} INFO - Setting next_dagrun for example_subdag_operator.section-2 to None, run_after=None
[2024-07-16T17:16:06.374+0000] {logging_mixin.py:188} INFO - [2024-07-16T17:16:06.374+0000] {dag.py:3089} INFO - Sync 2 DAGs
[2024-07-16T17:16:06.379+0000] {logging_mixin.py:188} INFO - [2024-07-16T17:16:06.378+0000] {dag.py:3947} INFO - Setting next_dagrun for example_subdag_operator.section-1 to None, run_after=None
[2024-07-16T17:16:06.379+0000] {logging_mixin.py:188} INFO - [2024-07-16T17:16:06.379+0000] {dag.py:3947} INFO - Setting next_dagrun for example_subdag_operator.section-2 to None, run_after=None
[2024-07-16T17:16:06.389+0000] {processor.py:183} INFO - Processing /home/airflow/.local/lib/python3.12/site-packages/airflow/example_dags/example_subdag_operator.py took 0.085 seconds
[2024-07-16T17:16:36.671+0000] {processor.py:161} INFO - Started process (PID=800) to work on /home/airflow/.local/lib/python3.12/site-packages/airflow/example_dags/example_subdag_operator.py
[2024-07-16T17:16:36.672+0000] {processor.py:830} INFO - Processing file /home/airflow/.local/lib/python3.12/site-packages/airflow/example_dags/example_subdag_operator.py for tasks to queue
[2024-07-16T17:16:36.674+0000] {logging_mixin.py:188} INFO - [2024-07-16T17:16:36.673+0000] {dagbag.py:545} INFO - Filling up the DagBag from /home/airflow/.local/lib/python3.12/site-packages/airflow/example_dags/example_subdag_operator.py
[2024-07-16T17:16:36.699+0000] {processor.py:840} INFO - DAG(s) 'example_subdag_operator.section-1', 'example_subdag_operator.section-2', 'example_subdag_operator' retrieved from /home/airflow/.local/lib/python3.12/site-packages/airflow/example_dags/example_subdag_operator.py
[2024-07-16T17:16:36.715+0000] {logging_mixin.py:188} INFO - [2024-07-16T17:16:36.714+0000] {dag.py:3089} INFO - Sync 3 DAGs
[2024-07-16T17:16:36.738+0000] {logging_mixin.py:188} INFO - [2024-07-16T17:16:36.737+0000] {dag.py:3947} INFO - Setting next_dagrun for example_subdag_operator to 2022-01-01 00:00:00+00:00, run_after=2022-01-01 00:00:00+00:00
[2024-07-16T17:16:36.741+0000] {logging_mixin.py:188} INFO - [2024-07-16T17:16:36.741+0000] {dag.py:3947} INFO - Setting next_dagrun for example_subdag_operator.section-1 to None, run_after=None
[2024-07-16T17:16:36.743+0000] {logging_mixin.py:188} INFO - [2024-07-16T17:16:36.743+0000] {dag.py:3947} INFO - Setting next_dagrun for example_subdag_operator.section-2 to None, run_after=None
[2024-07-16T17:16:36.750+0000] {logging_mixin.py:188} INFO - [2024-07-16T17:16:36.750+0000] {dag.py:3089} INFO - Sync 2 DAGs
[2024-07-16T17:16:36.755+0000] {logging_mixin.py:188} INFO - [2024-07-16T17:16:36.754+0000] {dag.py:3947} INFO - Setting next_dagrun for example_subdag_operator.section-1 to None, run_after=None
[2024-07-16T17:16:36.755+0000] {logging_mixin.py:188} INFO - [2024-07-16T17:16:36.755+0000] {dag.py:3947} INFO - Setting next_dagrun for example_subdag_operator.section-2 to None, run_after=None
[2024-07-16T17:16:36.766+0000] {processor.py:183} INFO - Processing /home/airflow/.local/lib/python3.12/site-packages/airflow/example_dags/example_subdag_operator.py took 0.100 seconds
[2024-07-16T17:17:06.971+0000] {processor.py:161} INFO - Started process (PID=858) to work on /home/airflow/.local/lib/python3.12/site-packages/airflow/example_dags/example_subdag_operator.py
[2024-07-16T17:17:06.971+0000] {processor.py:830} INFO - Processing file /home/airflow/.local/lib/python3.12/site-packages/airflow/example_dags/example_subdag_operator.py for tasks to queue
[2024-07-16T17:17:06.973+0000] {logging_mixin.py:188} INFO - [2024-07-16T17:17:06.973+0000] {dagbag.py:545} INFO - Filling up the DagBag from /home/airflow/.local/lib/python3.12/site-packages/airflow/example_dags/example_subdag_operator.py
[2024-07-16T17:17:06.992+0000] {processor.py:840} INFO - DAG(s) 'example_subdag_operator.section-1', 'example_subdag_operator.section-2', 'example_subdag_operator' retrieved from /home/airflow/.local/lib/python3.12/site-packages/airflow/example_dags/example_subdag_operator.py
[2024-07-16T17:17:07.008+0000] {logging_mixin.py:188} INFO - [2024-07-16T17:17:07.008+0000] {dag.py:3089} INFO - Sync 3 DAGs
[2024-07-16T17:17:07.030+0000] {logging_mixin.py:188} INFO - [2024-07-16T17:17:07.029+0000] {dag.py:3947} INFO - Setting next_dagrun for example_subdag_operator to 2022-01-01 00:00:00+00:00, run_after=2022-01-01 00:00:00+00:00
[2024-07-16T17:17:07.033+0000] {logging_mixin.py:188} INFO - [2024-07-16T17:17:07.033+0000] {dag.py:3947} INFO - Setting next_dagrun for example_subdag_operator.section-1 to None, run_after=None
[2024-07-16T17:17:07.035+0000] {logging_mixin.py:188} INFO - [2024-07-16T17:17:07.034+0000] {dag.py:3947} INFO - Setting next_dagrun for example_subdag_operator.section-2 to None, run_after=None
[2024-07-16T17:17:07.043+0000] {logging_mixin.py:188} INFO - [2024-07-16T17:17:07.043+0000] {dag.py:3089} INFO - Sync 2 DAGs
[2024-07-16T17:17:07.049+0000] {logging_mixin.py:188} INFO - [2024-07-16T17:17:07.049+0000] {dag.py:3947} INFO - Setting next_dagrun for example_subdag_operator.section-1 to None, run_after=None
[2024-07-16T17:17:07.050+0000] {logging_mixin.py:188} INFO - [2024-07-16T17:17:07.050+0000] {dag.py:3947} INFO - Setting next_dagrun for example_subdag_operator.section-2 to None, run_after=None
[2024-07-16T17:17:07.062+0000] {processor.py:183} INFO - Processing /home/airflow/.local/lib/python3.12/site-packages/airflow/example_dags/example_subdag_operator.py took 0.097 seconds
[2024-07-16T17:17:38.014+0000] {processor.py:161} INFO - Started process (PID=916) to work on /home/airflow/.local/lib/python3.12/site-packages/airflow/example_dags/example_subdag_operator.py
[2024-07-16T17:17:38.015+0000] {processor.py:830} INFO - Processing file /home/airflow/.local/lib/python3.12/site-packages/airflow/example_dags/example_subdag_operator.py for tasks to queue
[2024-07-16T17:17:38.016+0000] {logging_mixin.py:188} INFO - [2024-07-16T17:17:38.016+0000] {dagbag.py:545} INFO - Filling up the DagBag from /home/airflow/.local/lib/python3.12/site-packages/airflow/example_dags/example_subdag_operator.py
[2024-07-16T17:17:38.049+0000] {processor.py:840} INFO - DAG(s) 'example_subdag_operator.section-1', 'example_subdag_operator.section-2', 'example_subdag_operator' retrieved from /home/airflow/.local/lib/python3.12/site-packages/airflow/example_dags/example_subdag_operator.py
[2024-07-16T17:17:38.065+0000] {logging_mixin.py:188} INFO - [2024-07-16T17:17:38.065+0000] {dag.py:3089} INFO - Sync 3 DAGs
[2024-07-16T17:17:38.091+0000] {logging_mixin.py:188} INFO - [2024-07-16T17:17:38.091+0000] {dag.py:3947} INFO - Setting next_dagrun for example_subdag_operator to 2022-01-01 00:00:00+00:00, run_after=2022-01-01 00:00:00+00:00
[2024-07-16T17:17:38.095+0000] {logging_mixin.py:188} INFO - [2024-07-16T17:17:38.095+0000] {dag.py:3947} INFO - Setting next_dagrun for example_subdag_operator.section-1 to None, run_after=None
[2024-07-16T17:17:38.098+0000] {logging_mixin.py:188} INFO - [2024-07-16T17:17:38.097+0000] {dag.py:3947} INFO - Setting next_dagrun for example_subdag_operator.section-2 to None, run_after=None
[2024-07-16T17:17:38.106+0000] {logging_mixin.py:188} INFO - [2024-07-16T17:17:38.106+0000] {dag.py:3089} INFO - Sync 2 DAGs
[2024-07-16T17:17:38.111+0000] {logging_mixin.py:188} INFO - [2024-07-16T17:17:38.111+0000] {dag.py:3947} INFO - Setting next_dagrun for example_subdag_operator.section-1 to None, run_after=None
[2024-07-16T17:17:38.112+0000] {logging_mixin.py:188} INFO - [2024-07-16T17:17:38.112+0000] {dag.py:3947} INFO - Setting next_dagrun for example_subdag_operator.section-2 to None, run_after=None
[2024-07-16T17:17:38.125+0000] {processor.py:183} INFO - Processing /home/airflow/.local/lib/python3.12/site-packages/airflow/example_dags/example_subdag_operator.py took 0.116 seconds
[2024-07-16T17:18:08.502+0000] {processor.py:161} INFO - Started process (PID=974) to work on /home/airflow/.local/lib/python3.12/site-packages/airflow/example_dags/example_subdag_operator.py
[2024-07-16T17:18:08.503+0000] {processor.py:830} INFO - Processing file /home/airflow/.local/lib/python3.12/site-packages/airflow/example_dags/example_subdag_operator.py for tasks to queue
[2024-07-16T17:18:08.506+0000] {logging_mixin.py:188} INFO - [2024-07-16T17:18:08.505+0000] {dagbag.py:545} INFO - Filling up the DagBag from /home/airflow/.local/lib/python3.12/site-packages/airflow/example_dags/example_subdag_operator.py
[2024-07-16T17:18:08.561+0000] {processor.py:840} INFO - DAG(s) 'example_subdag_operator.section-1', 'example_subdag_operator.section-2', 'example_subdag_operator' retrieved from /home/airflow/.local/lib/python3.12/site-packages/airflow/example_dags/example_subdag_operator.py
[2024-07-16T17:18:08.589+0000] {logging_mixin.py:188} INFO - [2024-07-16T17:18:08.589+0000] {dag.py:3089} INFO - Sync 3 DAGs
[2024-07-16T17:18:08.637+0000] {logging_mixin.py:188} INFO - [2024-07-16T17:18:08.637+0000] {dag.py:3947} INFO - Setting next_dagrun for example_subdag_operator to 2022-01-01 00:00:00+00:00, run_after=2022-01-01 00:00:00+00:00
[2024-07-16T17:18:08.645+0000] {logging_mixin.py:188} INFO - [2024-07-16T17:18:08.645+0000] {dag.py:3947} INFO - Setting next_dagrun for example_subdag_operator.section-1 to None, run_after=None
[2024-07-16T17:18:08.647+0000] {logging_mixin.py:188} INFO - [2024-07-16T17:18:08.647+0000] {dag.py:3947} INFO - Setting next_dagrun for example_subdag_operator.section-2 to None, run_after=None
[2024-07-16T17:18:08.658+0000] {logging_mixin.py:188} INFO - [2024-07-16T17:18:08.657+0000] {dag.py:3089} INFO - Sync 2 DAGs
[2024-07-16T17:18:08.666+0000] {logging_mixin.py:188} INFO - [2024-07-16T17:18:08.666+0000] {dag.py:3947} INFO - Setting next_dagrun for example_subdag_operator.section-1 to None, run_after=None
[2024-07-16T17:18:08.667+0000] {logging_mixin.py:188} INFO - [2024-07-16T17:18:08.667+0000] {dag.py:3947} INFO - Setting next_dagrun for example_subdag_operator.section-2 to None, run_after=None
[2024-07-16T17:18:08.685+0000] {processor.py:183} INFO - Processing /home/airflow/.local/lib/python3.12/site-packages/airflow/example_dags/example_subdag_operator.py took 0.194 seconds
[2024-07-16T17:18:39.801+0000] {processor.py:161} INFO - Started process (PID=1032) to work on /home/airflow/.local/lib/python3.12/site-packages/airflow/example_dags/example_subdag_operator.py
[2024-07-16T17:18:39.803+0000] {processor.py:830} INFO - Processing file /home/airflow/.local/lib/python3.12/site-packages/airflow/example_dags/example_subdag_operator.py for tasks to queue
[2024-07-16T17:18:39.806+0000] {logging_mixin.py:188} INFO - [2024-07-16T17:18:39.805+0000] {dagbag.py:545} INFO - Filling up the DagBag from /home/airflow/.local/lib/python3.12/site-packages/airflow/example_dags/example_subdag_operator.py
[2024-07-16T17:18:39.841+0000] {processor.py:840} INFO - DAG(s) 'example_subdag_operator.section-1', 'example_subdag_operator.section-2', 'example_subdag_operator' retrieved from /home/airflow/.local/lib/python3.12/site-packages/airflow/example_dags/example_subdag_operator.py
[2024-07-16T17:18:39.865+0000] {logging_mixin.py:188} INFO - [2024-07-16T17:18:39.865+0000] {dag.py:3089} INFO - Sync 3 DAGs
[2024-07-16T17:18:39.902+0000] {logging_mixin.py:188} INFO - [2024-07-16T17:18:39.902+0000] {dag.py:3947} INFO - Setting next_dagrun for example_subdag_operator to 2022-01-01 00:00:00+00:00, run_after=2022-01-01 00:00:00+00:00
[2024-07-16T17:18:39.910+0000] {logging_mixin.py:188} INFO - [2024-07-16T17:18:39.909+0000] {dag.py:3947} INFO - Setting next_dagrun for example_subdag_operator.section-1 to None, run_after=None
[2024-07-16T17:18:39.912+0000] {logging_mixin.py:188} INFO - [2024-07-16T17:18:39.912+0000] {dag.py:3947} INFO - Setting next_dagrun for example_subdag_operator.section-2 to None, run_after=None
[2024-07-16T17:18:39.922+0000] {logging_mixin.py:188} INFO - [2024-07-16T17:18:39.922+0000] {dag.py:3089} INFO - Sync 2 DAGs
[2024-07-16T17:18:39.930+0000] {logging_mixin.py:188} INFO - [2024-07-16T17:18:39.930+0000] {dag.py:3947} INFO - Setting next_dagrun for example_subdag_operator.section-1 to None, run_after=None
[2024-07-16T17:18:39.931+0000] {logging_mixin.py:188} INFO - [2024-07-16T17:18:39.931+0000] {dag.py:3947} INFO - Setting next_dagrun for example_subdag_operator.section-2 to None, run_after=None
[2024-07-16T17:18:39.948+0000] {processor.py:183} INFO - Processing /home/airflow/.local/lib/python3.12/site-packages/airflow/example_dags/example_subdag_operator.py took 0.154 seconds
[2024-07-16T17:19:13.358+0000] {processor.py:161} INFO - Started process (PID=1090) to work on /home/airflow/.local/lib/python3.12/site-packages/airflow/example_dags/example_subdag_operator.py
[2024-07-16T17:19:13.360+0000] {processor.py:830} INFO - Processing file /home/airflow/.local/lib/python3.12/site-packages/airflow/example_dags/example_subdag_operator.py for tasks to queue
[2024-07-16T17:19:13.363+0000] {logging_mixin.py:188} INFO - [2024-07-16T17:19:13.363+0000] {dagbag.py:545} INFO - Filling up the DagBag from /home/airflow/.local/lib/python3.12/site-packages/airflow/example_dags/example_subdag_operator.py
[2024-07-16T17:19:13.439+0000] {processor.py:840} INFO - DAG(s) 'example_subdag_operator.section-1', 'example_subdag_operator.section-2', 'example_subdag_operator' retrieved from /home/airflow/.local/lib/python3.12/site-packages/airflow/example_dags/example_subdag_operator.py
[2024-07-16T17:19:13.467+0000] {logging_mixin.py:188} INFO - [2024-07-16T17:19:13.466+0000] {dag.py:3089} INFO - Sync 3 DAGs
[2024-07-16T17:19:13.499+0000] {logging_mixin.py:188} INFO - [2024-07-16T17:19:13.499+0000] {dag.py:3947} INFO - Setting next_dagrun for example_subdag_operator to 2022-01-01 00:00:00+00:00, run_after=2022-01-01 00:00:00+00:00
[2024-07-16T17:19:13.507+0000] {logging_mixin.py:188} INFO - [2024-07-16T17:19:13.507+0000] {dag.py:3947} INFO - Setting next_dagrun for example_subdag_operator.section-1 to None, run_after=None
[2024-07-16T17:19:13.523+0000] {logging_mixin.py:188} INFO - [2024-07-16T17:19:13.522+0000] {dag.py:3947} INFO - Setting next_dagrun for example_subdag_operator.section-2 to None, run_after=None
[2024-07-16T17:19:13.555+0000] {logging_mixin.py:188} INFO - [2024-07-16T17:19:13.555+0000] {dag.py:3089} INFO - Sync 2 DAGs
[2024-07-16T17:19:13.577+0000] {logging_mixin.py:188} INFO - [2024-07-16T17:19:13.576+0000] {dag.py:3947} INFO - Setting next_dagrun for example_subdag_operator.section-1 to None, run_after=None
[2024-07-16T17:19:13.584+0000] {logging_mixin.py:188} INFO - [2024-07-16T17:19:13.584+0000] {dag.py:3947} INFO - Setting next_dagrun for example_subdag_operator.section-2 to None, run_after=None
[2024-07-16T17:19:13.627+0000] {processor.py:183} INFO - Processing /home/airflow/.local/lib/python3.12/site-packages/airflow/example_dags/example_subdag_operator.py took 0.287 seconds
[2024-07-16T17:19:44.001+0000] {processor.py:161} INFO - Started process (PID=1148) to work on /home/airflow/.local/lib/python3.12/site-packages/airflow/example_dags/example_subdag_operator.py
[2024-07-16T17:19:44.003+0000] {processor.py:830} INFO - Processing file /home/airflow/.local/lib/python3.12/site-packages/airflow/example_dags/example_subdag_operator.py for tasks to queue
[2024-07-16T17:19:44.008+0000] {logging_mixin.py:188} INFO - [2024-07-16T17:19:44.007+0000] {dagbag.py:545} INFO - Filling up the DagBag from /home/airflow/.local/lib/python3.12/site-packages/airflow/example_dags/example_subdag_operator.py
[2024-07-16T17:19:44.051+0000] {processor.py:840} INFO - DAG(s) 'example_subdag_operator.section-1', 'example_subdag_operator.section-2', 'example_subdag_operator' retrieved from /home/airflow/.local/lib/python3.12/site-packages/airflow/example_dags/example_subdag_operator.py
[2024-07-16T17:19:44.082+0000] {logging_mixin.py:188} INFO - [2024-07-16T17:19:44.081+0000] {dag.py:3089} INFO - Sync 3 DAGs
[2024-07-16T17:19:44.140+0000] {logging_mixin.py:188} INFO - [2024-07-16T17:19:44.140+0000] {dag.py:3947} INFO - Setting next_dagrun for example_subdag_operator to 2022-01-01 00:00:00+00:00, run_after=2022-01-01 00:00:00+00:00
[2024-07-16T17:19:44.149+0000] {logging_mixin.py:188} INFO - [2024-07-16T17:19:44.148+0000] {dag.py:3947} INFO - Setting next_dagrun for example_subdag_operator.section-1 to None, run_after=None
[2024-07-16T17:19:44.153+0000] {logging_mixin.py:188} INFO - [2024-07-16T17:19:44.152+0000] {dag.py:3947} INFO - Setting next_dagrun for example_subdag_operator.section-2 to None, run_after=None
[2024-07-16T17:19:44.178+0000] {logging_mixin.py:188} INFO - [2024-07-16T17:19:44.178+0000] {dag.py:3089} INFO - Sync 2 DAGs
[2024-07-16T17:19:44.191+0000] {logging_mixin.py:188} INFO - [2024-07-16T17:19:44.189+0000] {dag.py:3947} INFO - Setting next_dagrun for example_subdag_operator.section-1 to None, run_after=None
[2024-07-16T17:19:44.194+0000] {logging_mixin.py:188} INFO - [2024-07-16T17:19:44.194+0000] {dag.py:3947} INFO - Setting next_dagrun for example_subdag_operator.section-2 to None, run_after=None
[2024-07-16T17:19:44.227+0000] {processor.py:183} INFO - Processing /home/airflow/.local/lib/python3.12/site-packages/airflow/example_dags/example_subdag_operator.py took 0.239 seconds
[2024-07-16T17:23:56.444+0000] {processor.py:161} INFO - Started process (PID=106) to work on /home/airflow/.local/lib/python3.12/site-packages/airflow/example_dags/example_subdag_operator.py
[2024-07-16T17:23:56.446+0000] {processor.py:830} INFO - Processing file /home/airflow/.local/lib/python3.12/site-packages/airflow/example_dags/example_subdag_operator.py for tasks to queue
[2024-07-16T17:23:56.448+0000] {logging_mixin.py:188} INFO - [2024-07-16T17:23:56.448+0000] {dagbag.py:545} INFO - Filling up the DagBag from /home/airflow/.local/lib/python3.12/site-packages/airflow/example_dags/example_subdag_operator.py
[2024-07-16T17:23:56.477+0000] {processor.py:840} INFO - DAG(s) 'example_subdag_operator.section-1', 'example_subdag_operator.section-2', 'example_subdag_operator' retrieved from /home/airflow/.local/lib/python3.12/site-packages/airflow/example_dags/example_subdag_operator.py
[2024-07-16T17:23:56.613+0000] {logging_mixin.py:188} INFO - [2024-07-16T17:23:56.613+0000] {dag.py:3089} INFO - Sync 3 DAGs
[2024-07-16T17:23:56.642+0000] {logging_mixin.py:188} INFO - [2024-07-16T17:23:56.642+0000] {dag.py:3947} INFO - Setting next_dagrun for example_subdag_operator to 2022-01-01 00:00:00+00:00, run_after=2022-01-01 00:00:00+00:00
[2024-07-16T17:23:56.646+0000] {logging_mixin.py:188} INFO - [2024-07-16T17:23:56.645+0000] {dag.py:3947} INFO - Setting next_dagrun for example_subdag_operator.section-1 to None, run_after=None
[2024-07-16T17:23:56.647+0000] {logging_mixin.py:188} INFO - [2024-07-16T17:23:56.647+0000] {dag.py:3947} INFO - Setting next_dagrun for example_subdag_operator.section-2 to None, run_after=None
[2024-07-16T17:23:56.657+0000] {logging_mixin.py:188} INFO - [2024-07-16T17:23:56.657+0000] {dag.py:3089} INFO - Sync 2 DAGs
[2024-07-16T17:23:56.663+0000] {logging_mixin.py:188} INFO - [2024-07-16T17:23:56.663+0000] {dag.py:3947} INFO - Setting next_dagrun for example_subdag_operator.section-1 to None, run_after=None
[2024-07-16T17:23:56.664+0000] {logging_mixin.py:188} INFO - [2024-07-16T17:23:56.664+0000] {dag.py:3947} INFO - Setting next_dagrun for example_subdag_operator.section-2 to None, run_after=None
[2024-07-16T17:23:56.676+0000] {processor.py:183} INFO - Processing /home/airflow/.local/lib/python3.12/site-packages/airflow/example_dags/example_subdag_operator.py took 0.241 seconds
[2024-07-16T17:24:27.263+0000] {processor.py:161} INFO - Started process (PID=163) to work on /home/airflow/.local/lib/python3.12/site-packages/airflow/example_dags/example_subdag_operator.py
[2024-07-16T17:24:27.265+0000] {processor.py:830} INFO - Processing file /home/airflow/.local/lib/python3.12/site-packages/airflow/example_dags/example_subdag_operator.py for tasks to queue
[2024-07-16T17:24:27.266+0000] {logging_mixin.py:188} INFO - [2024-07-16T17:24:27.266+0000] {dagbag.py:545} INFO - Filling up the DagBag from /home/airflow/.local/lib/python3.12/site-packages/airflow/example_dags/example_subdag_operator.py
[2024-07-16T17:24:27.286+0000] {processor.py:840} INFO - DAG(s) 'example_subdag_operator.section-1', 'example_subdag_operator.section-2', 'example_subdag_operator' retrieved from /home/airflow/.local/lib/python3.12/site-packages/airflow/example_dags/example_subdag_operator.py
[2024-07-16T17:24:27.304+0000] {logging_mixin.py:188} INFO - [2024-07-16T17:24:27.303+0000] {dag.py:3089} INFO - Sync 3 DAGs
[2024-07-16T17:24:27.325+0000] {logging_mixin.py:188} INFO - [2024-07-16T17:24:27.324+0000] {dag.py:3947} INFO - Setting next_dagrun for example_subdag_operator to 2022-01-01 00:00:00+00:00, run_after=2022-01-01 00:00:00+00:00
[2024-07-16T17:24:27.329+0000] {logging_mixin.py:188} INFO - [2024-07-16T17:24:27.329+0000] {dag.py:3947} INFO - Setting next_dagrun for example_subdag_operator.section-1 to None, run_after=None
[2024-07-16T17:24:27.331+0000] {logging_mixin.py:188} INFO - [2024-07-16T17:24:27.331+0000] {dag.py:3947} INFO - Setting next_dagrun for example_subdag_operator.section-2 to None, run_after=None
[2024-07-16T17:24:27.340+0000] {logging_mixin.py:188} INFO - [2024-07-16T17:24:27.339+0000] {dag.py:3089} INFO - Sync 2 DAGs
[2024-07-16T17:24:27.346+0000] {logging_mixin.py:188} INFO - [2024-07-16T17:24:27.346+0000] {dag.py:3947} INFO - Setting next_dagrun for example_subdag_operator.section-1 to None, run_after=None
[2024-07-16T17:24:27.347+0000] {logging_mixin.py:188} INFO - [2024-07-16T17:24:27.346+0000] {dag.py:3947} INFO - Setting next_dagrun for example_subdag_operator.section-2 to None, run_after=None
[2024-07-16T17:24:27.358+0000] {processor.py:183} INFO - Processing /home/airflow/.local/lib/python3.12/site-packages/airflow/example_dags/example_subdag_operator.py took 0.100 seconds
[2024-07-16T17:24:58.014+0000] {processor.py:161} INFO - Started process (PID=221) to work on /home/airflow/.local/lib/python3.12/site-packages/airflow/example_dags/example_subdag_operator.py
[2024-07-16T17:24:58.015+0000] {processor.py:830} INFO - Processing file /home/airflow/.local/lib/python3.12/site-packages/airflow/example_dags/example_subdag_operator.py for tasks to queue
[2024-07-16T17:24:58.017+0000] {logging_mixin.py:188} INFO - [2024-07-16T17:24:58.016+0000] {dagbag.py:545} INFO - Filling up the DagBag from /home/airflow/.local/lib/python3.12/site-packages/airflow/example_dags/example_subdag_operator.py
[2024-07-16T17:24:58.038+0000] {processor.py:840} INFO - DAG(s) 'example_subdag_operator.section-1', 'example_subdag_operator.section-2', 'example_subdag_operator' retrieved from /home/airflow/.local/lib/python3.12/site-packages/airflow/example_dags/example_subdag_operator.py
[2024-07-16T17:24:58.054+0000] {logging_mixin.py:188} INFO - [2024-07-16T17:24:58.054+0000] {dag.py:3089} INFO - Sync 3 DAGs
[2024-07-16T17:24:58.072+0000] {logging_mixin.py:188} INFO - [2024-07-16T17:24:58.072+0000] {dag.py:3947} INFO - Setting next_dagrun for example_subdag_operator to 2022-01-01 00:00:00+00:00, run_after=2022-01-01 00:00:00+00:00
[2024-07-16T17:24:58.076+0000] {logging_mixin.py:188} INFO - [2024-07-16T17:24:58.075+0000] {dag.py:3947} INFO - Setting next_dagrun for example_subdag_operator.section-1 to None, run_after=None
[2024-07-16T17:24:58.077+0000] {logging_mixin.py:188} INFO - [2024-07-16T17:24:58.077+0000] {dag.py:3947} INFO - Setting next_dagrun for example_subdag_operator.section-2 to None, run_after=None
[2024-07-16T17:24:58.083+0000] {logging_mixin.py:188} INFO - [2024-07-16T17:24:58.083+0000] {dag.py:3089} INFO - Sync 2 DAGs
[2024-07-16T17:24:58.089+0000] {logging_mixin.py:188} INFO - [2024-07-16T17:24:58.089+0000] {dag.py:3947} INFO - Setting next_dagrun for example_subdag_operator.section-1 to None, run_after=None
[2024-07-16T17:24:58.090+0000] {logging_mixin.py:188} INFO - [2024-07-16T17:24:58.090+0000] {dag.py:3947} INFO - Setting next_dagrun for example_subdag_operator.section-2 to None, run_after=None
[2024-07-16T17:24:58.100+0000] {processor.py:183} INFO - Processing /home/airflow/.local/lib/python3.12/site-packages/airflow/example_dags/example_subdag_operator.py took 0.091 seconds
[2024-07-16T17:29:59.671+0000] {processor.py:161} INFO - Started process (PID=106) to work on /home/airflow/.local/lib/python3.12/site-packages/airflow/example_dags/example_subdag_operator.py
[2024-07-16T17:29:59.673+0000] {processor.py:830} INFO - Processing file /home/airflow/.local/lib/python3.12/site-packages/airflow/example_dags/example_subdag_operator.py for tasks to queue
[2024-07-16T17:29:59.676+0000] {logging_mixin.py:188} INFO - [2024-07-16T17:29:59.675+0000] {dagbag.py:545} INFO - Filling up the DagBag from /home/airflow/.local/lib/python3.12/site-packages/airflow/example_dags/example_subdag_operator.py
[2024-07-16T17:29:59.705+0000] {processor.py:840} INFO - DAG(s) 'example_subdag_operator.section-1', 'example_subdag_operator.section-2', 'example_subdag_operator' retrieved from /home/airflow/.local/lib/python3.12/site-packages/airflow/example_dags/example_subdag_operator.py
[2024-07-16T17:29:59.844+0000] {logging_mixin.py:188} INFO - [2024-07-16T17:29:59.843+0000] {dag.py:3089} INFO - Sync 3 DAGs
[2024-07-16T17:29:59.872+0000] {logging_mixin.py:188} INFO - [2024-07-16T17:29:59.872+0000] {dag.py:3947} INFO - Setting next_dagrun for example_subdag_operator to 2022-01-01 00:00:00+00:00, run_after=2022-01-01 00:00:00+00:00
[2024-07-16T17:29:59.876+0000] {logging_mixin.py:188} INFO - [2024-07-16T17:29:59.876+0000] {dag.py:3947} INFO - Setting next_dagrun for example_subdag_operator.section-1 to None, run_after=None
[2024-07-16T17:29:59.878+0000] {logging_mixin.py:188} INFO - [2024-07-16T17:29:59.878+0000] {dag.py:3947} INFO - Setting next_dagrun for example_subdag_operator.section-2 to None, run_after=None
[2024-07-16T17:29:59.889+0000] {logging_mixin.py:188} INFO - [2024-07-16T17:29:59.889+0000] {dag.py:3089} INFO - Sync 2 DAGs
[2024-07-16T17:29:59.896+0000] {logging_mixin.py:188} INFO - [2024-07-16T17:29:59.896+0000] {dag.py:3947} INFO - Setting next_dagrun for example_subdag_operator.section-1 to None, run_after=None
[2024-07-16T17:29:59.897+0000] {logging_mixin.py:188} INFO - [2024-07-16T17:29:59.897+0000] {dag.py:3947} INFO - Setting next_dagrun for example_subdag_operator.section-2 to None, run_after=None
[2024-07-16T17:29:59.911+0000] {processor.py:183} INFO - Processing /home/airflow/.local/lib/python3.12/site-packages/airflow/example_dags/example_subdag_operator.py took 0.246 seconds
[2024-07-16T17:30:30.711+0000] {processor.py:161} INFO - Started process (PID=164) to work on /home/airflow/.local/lib/python3.12/site-packages/airflow/example_dags/example_subdag_operator.py
[2024-07-16T17:30:30.712+0000] {processor.py:830} INFO - Processing file /home/airflow/.local/lib/python3.12/site-packages/airflow/example_dags/example_subdag_operator.py for tasks to queue
[2024-07-16T17:30:30.714+0000] {logging_mixin.py:188} INFO - [2024-07-16T17:30:30.714+0000] {dagbag.py:545} INFO - Filling up the DagBag from /home/airflow/.local/lib/python3.12/site-packages/airflow/example_dags/example_subdag_operator.py
[2024-07-16T17:30:30.739+0000] {processor.py:840} INFO - DAG(s) 'example_subdag_operator.section-1', 'example_subdag_operator.section-2', 'example_subdag_operator' retrieved from /home/airflow/.local/lib/python3.12/site-packages/airflow/example_dags/example_subdag_operator.py
[2024-07-16T17:30:30.755+0000] {logging_mixin.py:188} INFO - [2024-07-16T17:30:30.755+0000] {dag.py:3089} INFO - Sync 3 DAGs
[2024-07-16T17:30:30.777+0000] {logging_mixin.py:188} INFO - [2024-07-16T17:30:30.776+0000] {dag.py:3947} INFO - Setting next_dagrun for example_subdag_operator to 2022-01-01 00:00:00+00:00, run_after=2022-01-01 00:00:00+00:00
[2024-07-16T17:30:30.781+0000] {logging_mixin.py:188} INFO - [2024-07-16T17:30:30.780+0000] {dag.py:3947} INFO - Setting next_dagrun for example_subdag_operator.section-1 to None, run_after=None
[2024-07-16T17:30:30.783+0000] {logging_mixin.py:188} INFO - [2024-07-16T17:30:30.782+0000] {dag.py:3947} INFO - Setting next_dagrun for example_subdag_operator.section-2 to None, run_after=None
[2024-07-16T17:30:30.789+0000] {logging_mixin.py:188} INFO - [2024-07-16T17:30:30.789+0000] {dag.py:3089} INFO - Sync 2 DAGs
[2024-07-16T17:30:30.796+0000] {logging_mixin.py:188} INFO - [2024-07-16T17:30:30.796+0000] {dag.py:3947} INFO - Setting next_dagrun for example_subdag_operator.section-1 to None, run_after=None
[2024-07-16T17:30:30.797+0000] {logging_mixin.py:188} INFO - [2024-07-16T17:30:30.797+0000] {dag.py:3947} INFO - Setting next_dagrun for example_subdag_operator.section-2 to None, run_after=None
[2024-07-16T17:30:30.811+0000] {processor.py:183} INFO - Processing /home/airflow/.local/lib/python3.12/site-packages/airflow/example_dags/example_subdag_operator.py took 0.105 seconds
[2024-07-16T17:31:01.092+0000] {processor.py:161} INFO - Started process (PID=221) to work on /home/airflow/.local/lib/python3.12/site-packages/airflow/example_dags/example_subdag_operator.py
[2024-07-16T17:31:01.102+0000] {processor.py:830} INFO - Processing file /home/airflow/.local/lib/python3.12/site-packages/airflow/example_dags/example_subdag_operator.py for tasks to queue
[2024-07-16T17:31:01.105+0000] {logging_mixin.py:188} INFO - [2024-07-16T17:31:01.105+0000] {dagbag.py:545} INFO - Filling up the DagBag from /home/airflow/.local/lib/python3.12/site-packages/airflow/example_dags/example_subdag_operator.py
[2024-07-16T17:31:01.148+0000] {processor.py:840} INFO - DAG(s) 'example_subdag_operator.section-1', 'example_subdag_operator.section-2', 'example_subdag_operator' retrieved from /home/airflow/.local/lib/python3.12/site-packages/airflow/example_dags/example_subdag_operator.py
[2024-07-16T17:31:01.181+0000] {logging_mixin.py:188} INFO - [2024-07-16T17:31:01.180+0000] {dag.py:3089} INFO - Sync 3 DAGs
[2024-07-16T17:31:01.281+0000] {logging_mixin.py:188} INFO - [2024-07-16T17:31:01.281+0000] {dag.py:3947} INFO - Setting next_dagrun for example_subdag_operator to 2022-01-01 00:00:00+00:00, run_after=2022-01-01 00:00:00+00:00
[2024-07-16T17:31:01.289+0000] {logging_mixin.py:188} INFO - [2024-07-16T17:31:01.288+0000] {dag.py:3947} INFO - Setting next_dagrun for example_subdag_operator.section-1 to None, run_after=None
[2024-07-16T17:31:01.292+0000] {logging_mixin.py:188} INFO - [2024-07-16T17:31:01.291+0000] {dag.py:3947} INFO - Setting next_dagrun for example_subdag_operator.section-2 to None, run_after=None
[2024-07-16T17:31:01.307+0000] {logging_mixin.py:188} INFO - [2024-07-16T17:31:01.307+0000] {dag.py:3089} INFO - Sync 2 DAGs
[2024-07-16T17:31:01.320+0000] {logging_mixin.py:188} INFO - [2024-07-16T17:31:01.319+0000] {dag.py:3947} INFO - Setting next_dagrun for example_subdag_operator.section-1 to None, run_after=None
[2024-07-16T17:31:01.321+0000] {logging_mixin.py:188} INFO - [2024-07-16T17:31:01.321+0000] {dag.py:3947} INFO - Setting next_dagrun for example_subdag_operator.section-2 to None, run_after=None
[2024-07-16T17:31:01.346+0000] {processor.py:183} INFO - Processing /home/airflow/.local/lib/python3.12/site-packages/airflow/example_dags/example_subdag_operator.py took 0.264 seconds
[2024-07-16T17:31:31.742+0000] {processor.py:161} INFO - Started process (PID=279) to work on /home/airflow/.local/lib/python3.12/site-packages/airflow/example_dags/example_subdag_operator.py
[2024-07-16T17:31:31.744+0000] {processor.py:830} INFO - Processing file /home/airflow/.local/lib/python3.12/site-packages/airflow/example_dags/example_subdag_operator.py for tasks to queue
[2024-07-16T17:31:31.749+0000] {logging_mixin.py:188} INFO - [2024-07-16T17:31:31.748+0000] {dagbag.py:545} INFO - Filling up the DagBag from /home/airflow/.local/lib/python3.12/site-packages/airflow/example_dags/example_subdag_operator.py
[2024-07-16T17:31:31.832+0000] {processor.py:840} INFO - DAG(s) 'example_subdag_operator.section-1', 'example_subdag_operator.section-2', 'example_subdag_operator' retrieved from /home/airflow/.local/lib/python3.12/site-packages/airflow/example_dags/example_subdag_operator.py
[2024-07-16T17:31:31.900+0000] {logging_mixin.py:188} INFO - [2024-07-16T17:31:31.899+0000] {dag.py:3089} INFO - Sync 3 DAGs
[2024-07-16T17:31:32.004+0000] {logging_mixin.py:188} INFO - [2024-07-16T17:31:32.004+0000] {dag.py:3947} INFO - Setting next_dagrun for example_subdag_operator to 2022-01-01 00:00:00+00:00, run_after=2022-01-01 00:00:00+00:00
[2024-07-16T17:31:32.021+0000] {logging_mixin.py:188} INFO - [2024-07-16T17:31:32.021+0000] {dag.py:3947} INFO - Setting next_dagrun for example_subdag_operator.section-1 to None, run_after=None
[2024-07-16T17:31:32.025+0000] {logging_mixin.py:188} INFO - [2024-07-16T17:31:32.024+0000] {dag.py:3947} INFO - Setting next_dagrun for example_subdag_operator.section-2 to None, run_after=None
[2024-07-16T17:31:32.046+0000] {logging_mixin.py:188} INFO - [2024-07-16T17:31:32.045+0000] {dag.py:3089} INFO - Sync 2 DAGs
[2024-07-16T17:31:32.062+0000] {logging_mixin.py:188} INFO - [2024-07-16T17:31:32.062+0000] {dag.py:3947} INFO - Setting next_dagrun for example_subdag_operator.section-1 to None, run_after=None
[2024-07-16T17:31:32.064+0000] {logging_mixin.py:188} INFO - [2024-07-16T17:31:32.063+0000] {dag.py:3947} INFO - Setting next_dagrun for example_subdag_operator.section-2 to None, run_after=None
[2024-07-16T17:31:32.093+0000] {processor.py:183} INFO - Processing /home/airflow/.local/lib/python3.12/site-packages/airflow/example_dags/example_subdag_operator.py took 0.365 seconds
[2024-07-16T17:32:04.212+0000] {processor.py:161} INFO - Started process (PID=337) to work on /home/airflow/.local/lib/python3.12/site-packages/airflow/example_dags/example_subdag_operator.py
[2024-07-16T17:32:04.215+0000] {processor.py:830} INFO - Processing file /home/airflow/.local/lib/python3.12/site-packages/airflow/example_dags/example_subdag_operator.py for tasks to queue
[2024-07-16T17:32:04.219+0000] {logging_mixin.py:188} INFO - [2024-07-16T17:32:04.218+0000] {dagbag.py:545} INFO - Filling up the DagBag from /home/airflow/.local/lib/python3.12/site-packages/airflow/example_dags/example_subdag_operator.py
[2024-07-16T17:32:04.273+0000] {processor.py:840} INFO - DAG(s) 'example_subdag_operator.section-1', 'example_subdag_operator.section-2', 'example_subdag_operator' retrieved from /home/airflow/.local/lib/python3.12/site-packages/airflow/example_dags/example_subdag_operator.py
[2024-07-16T17:32:04.315+0000] {logging_mixin.py:188} INFO - [2024-07-16T17:32:04.315+0000] {dag.py:3089} INFO - Sync 3 DAGs
[2024-07-16T17:32:04.371+0000] {logging_mixin.py:188} INFO - [2024-07-16T17:32:04.371+0000] {dag.py:3947} INFO - Setting next_dagrun for example_subdag_operator to 2022-01-01 00:00:00+00:00, run_after=2022-01-01 00:00:00+00:00
[2024-07-16T17:32:04.384+0000] {logging_mixin.py:188} INFO - [2024-07-16T17:32:04.384+0000] {dag.py:3947} INFO - Setting next_dagrun for example_subdag_operator.section-1 to None, run_after=None
[2024-07-16T17:32:04.388+0000] {logging_mixin.py:188} INFO - [2024-07-16T17:32:04.388+0000] {dag.py:3947} INFO - Setting next_dagrun for example_subdag_operator.section-2 to None, run_after=None
[2024-07-16T17:32:04.410+0000] {logging_mixin.py:188} INFO - [2024-07-16T17:32:04.409+0000] {dag.py:3089} INFO - Sync 2 DAGs
[2024-07-16T17:32:04.423+0000] {logging_mixin.py:188} INFO - [2024-07-16T17:32:04.422+0000] {dag.py:3947} INFO - Setting next_dagrun for example_subdag_operator.section-1 to None, run_after=None
[2024-07-16T17:32:04.424+0000] {logging_mixin.py:188} INFO - [2024-07-16T17:32:04.424+0000] {dag.py:3947} INFO - Setting next_dagrun for example_subdag_operator.section-2 to None, run_after=None
[2024-07-16T17:32:04.453+0000] {processor.py:183} INFO - Processing /home/airflow/.local/lib/python3.12/site-packages/airflow/example_dags/example_subdag_operator.py took 0.256 seconds
[2024-07-16T17:32:34.649+0000] {processor.py:161} INFO - Started process (PID=395) to work on /home/airflow/.local/lib/python3.12/site-packages/airflow/example_dags/example_subdag_operator.py
[2024-07-16T17:32:34.651+0000] {processor.py:830} INFO - Processing file /home/airflow/.local/lib/python3.12/site-packages/airflow/example_dags/example_subdag_operator.py for tasks to queue
[2024-07-16T17:32:34.656+0000] {logging_mixin.py:188} INFO - [2024-07-16T17:32:34.655+0000] {dagbag.py:545} INFO - Filling up the DagBag from /home/airflow/.local/lib/python3.12/site-packages/airflow/example_dags/example_subdag_operator.py
[2024-07-16T17:32:34.721+0000] {processor.py:840} INFO - DAG(s) 'example_subdag_operator.section-1', 'example_subdag_operator.section-2', 'example_subdag_operator' retrieved from /home/airflow/.local/lib/python3.12/site-packages/airflow/example_dags/example_subdag_operator.py
[2024-07-16T17:32:34.779+0000] {logging_mixin.py:188} INFO - [2024-07-16T17:32:34.778+0000] {dag.py:3089} INFO - Sync 3 DAGs
[2024-07-16T17:32:34.850+0000] {logging_mixin.py:188} INFO - [2024-07-16T17:32:34.849+0000] {dag.py:3947} INFO - Setting next_dagrun for example_subdag_operator to 2022-01-01 00:00:00+00:00, run_after=2022-01-01 00:00:00+00:00
[2024-07-16T17:32:34.864+0000] {logging_mixin.py:188} INFO - [2024-07-16T17:32:34.862+0000] {dag.py:3947} INFO - Setting next_dagrun for example_subdag_operator.section-1 to None, run_after=None
[2024-07-16T17:32:34.871+0000] {logging_mixin.py:188} INFO - [2024-07-16T17:32:34.870+0000] {dag.py:3947} INFO - Setting next_dagrun for example_subdag_operator.section-2 to None, run_after=None
[2024-07-16T17:32:34.899+0000] {logging_mixin.py:188} INFO - [2024-07-16T17:32:34.899+0000] {dag.py:3089} INFO - Sync 2 DAGs
[2024-07-16T17:32:34.916+0000] {logging_mixin.py:188} INFO - [2024-07-16T17:32:34.916+0000] {dag.py:3947} INFO - Setting next_dagrun for example_subdag_operator.section-1 to None, run_after=None
[2024-07-16T17:32:34.919+0000] {logging_mixin.py:188} INFO - [2024-07-16T17:32:34.918+0000] {dag.py:3947} INFO - Setting next_dagrun for example_subdag_operator.section-2 to None, run_after=None
[2024-07-16T17:32:34.988+0000] {processor.py:183} INFO - Processing /home/airflow/.local/lib/python3.12/site-packages/airflow/example_dags/example_subdag_operator.py took 0.356 seconds
[2024-07-16T17:33:05.289+0000] {processor.py:161} INFO - Started process (PID=453) to work on /home/airflow/.local/lib/python3.12/site-packages/airflow/example_dags/example_subdag_operator.py
[2024-07-16T17:33:05.292+0000] {processor.py:830} INFO - Processing file /home/airflow/.local/lib/python3.12/site-packages/airflow/example_dags/example_subdag_operator.py for tasks to queue
[2024-07-16T17:33:05.297+0000] {logging_mixin.py:188} INFO - [2024-07-16T17:33:05.296+0000] {dagbag.py:545} INFO - Filling up the DagBag from /home/airflow/.local/lib/python3.12/site-packages/airflow/example_dags/example_subdag_operator.py
[2024-07-16T17:33:05.354+0000] {processor.py:840} INFO - DAG(s) 'example_subdag_operator.section-1', 'example_subdag_operator.section-2', 'example_subdag_operator' retrieved from /home/airflow/.local/lib/python3.12/site-packages/airflow/example_dags/example_subdag_operator.py
[2024-07-16T17:33:05.403+0000] {logging_mixin.py:188} INFO - [2024-07-16T17:33:05.402+0000] {dag.py:3089} INFO - Sync 3 DAGs
[2024-07-16T17:33:05.463+0000] {logging_mixin.py:188} INFO - [2024-07-16T17:33:05.462+0000] {dag.py:3947} INFO - Setting next_dagrun for example_subdag_operator to 2022-01-01 00:00:00+00:00, run_after=2022-01-01 00:00:00+00:00
[2024-07-16T17:33:05.472+0000] {logging_mixin.py:188} INFO - [2024-07-16T17:33:05.472+0000] {dag.py:3947} INFO - Setting next_dagrun for example_subdag_operator.section-1 to None, run_after=None
[2024-07-16T17:33:05.475+0000] {logging_mixin.py:188} INFO - [2024-07-16T17:33:05.475+0000] {dag.py:3947} INFO - Setting next_dagrun for example_subdag_operator.section-2 to None, run_after=None
[2024-07-16T17:33:05.491+0000] {logging_mixin.py:188} INFO - [2024-07-16T17:33:05.491+0000] {dag.py:3089} INFO - Sync 2 DAGs
[2024-07-16T17:33:05.503+0000] {logging_mixin.py:188} INFO - [2024-07-16T17:33:05.502+0000] {dag.py:3947} INFO - Setting next_dagrun for example_subdag_operator.section-1 to None, run_after=None
[2024-07-16T17:33:05.504+0000] {logging_mixin.py:188} INFO - [2024-07-16T17:33:05.504+0000] {dag.py:3947} INFO - Setting next_dagrun for example_subdag_operator.section-2 to None, run_after=None
[2024-07-16T17:33:05.525+0000] {processor.py:183} INFO - Processing /home/airflow/.local/lib/python3.12/site-packages/airflow/example_dags/example_subdag_operator.py took 0.250 seconds
[2024-07-16T18:04:19.662+0000] {processor.py:161} INFO - Started process (PID=107) to work on /home/airflow/.local/lib/python3.12/site-packages/airflow/example_dags/example_subdag_operator.py
[2024-07-16T18:04:19.663+0000] {processor.py:830} INFO - Processing file /home/airflow/.local/lib/python3.12/site-packages/airflow/example_dags/example_subdag_operator.py for tasks to queue
[2024-07-16T18:04:19.666+0000] {logging_mixin.py:188} INFO - [2024-07-16T18:04:19.665+0000] {dagbag.py:545} INFO - Filling up the DagBag from /home/airflow/.local/lib/python3.12/site-packages/airflow/example_dags/example_subdag_operator.py
[2024-07-16T18:04:19.692+0000] {processor.py:840} INFO - DAG(s) 'example_subdag_operator.section-1', 'example_subdag_operator.section-2', 'example_subdag_operator' retrieved from /home/airflow/.local/lib/python3.12/site-packages/airflow/example_dags/example_subdag_operator.py
[2024-07-16T18:04:19.858+0000] {logging_mixin.py:188} INFO - [2024-07-16T18:04:19.858+0000] {dag.py:3089} INFO - Sync 3 DAGs
[2024-07-16T18:04:19.895+0000] {logging_mixin.py:188} INFO - [2024-07-16T18:04:19.894+0000] {dag.py:3947} INFO - Setting next_dagrun for example_subdag_operator to 2022-01-01 00:00:00+00:00, run_after=2022-01-01 00:00:00+00:00
[2024-07-16T18:04:19.899+0000] {logging_mixin.py:188} INFO - [2024-07-16T18:04:19.898+0000] {dag.py:3947} INFO - Setting next_dagrun for example_subdag_operator.section-1 to None, run_after=None
[2024-07-16T18:04:19.901+0000] {logging_mixin.py:188} INFO - [2024-07-16T18:04:19.901+0000] {dag.py:3947} INFO - Setting next_dagrun for example_subdag_operator.section-2 to None, run_after=None
[2024-07-16T18:04:19.919+0000] {logging_mixin.py:188} INFO - [2024-07-16T18:04:19.919+0000] {dag.py:3089} INFO - Sync 2 DAGs
[2024-07-16T18:04:19.927+0000] {logging_mixin.py:188} INFO - [2024-07-16T18:04:19.927+0000] {dag.py:3947} INFO - Setting next_dagrun for example_subdag_operator.section-1 to None, run_after=None
[2024-07-16T18:04:19.928+0000] {logging_mixin.py:188} INFO - [2024-07-16T18:04:19.928+0000] {dag.py:3947} INFO - Setting next_dagrun for example_subdag_operator.section-2 to None, run_after=None
[2024-07-16T18:04:19.943+0000] {processor.py:183} INFO - Processing /home/airflow/.local/lib/python3.12/site-packages/airflow/example_dags/example_subdag_operator.py took 0.290 seconds
[2024-07-16T18:12:26.736+0000] {processor.py:161} INFO - Started process (PID=107) to work on /home/airflow/.local/lib/python3.12/site-packages/airflow/example_dags/example_subdag_operator.py
[2024-07-16T18:12:26.738+0000] {processor.py:830} INFO - Processing file /home/airflow/.local/lib/python3.12/site-packages/airflow/example_dags/example_subdag_operator.py for tasks to queue
[2024-07-16T18:12:26.740+0000] {logging_mixin.py:188} INFO - [2024-07-16T18:12:26.739+0000] {dagbag.py:545} INFO - Filling up the DagBag from /home/airflow/.local/lib/python3.12/site-packages/airflow/example_dags/example_subdag_operator.py
[2024-07-16T18:12:26.768+0000] {processor.py:840} INFO - DAG(s) 'example_subdag_operator.section-1', 'example_subdag_operator.section-2', 'example_subdag_operator' retrieved from /home/airflow/.local/lib/python3.12/site-packages/airflow/example_dags/example_subdag_operator.py
[2024-07-16T18:12:26.908+0000] {logging_mixin.py:188} INFO - [2024-07-16T18:12:26.908+0000] {dag.py:3089} INFO - Sync 3 DAGs
[2024-07-16T18:12:26.934+0000] {logging_mixin.py:188} INFO - [2024-07-16T18:12:26.934+0000] {dag.py:3947} INFO - Setting next_dagrun for example_subdag_operator to 2022-01-01 00:00:00+00:00, run_after=2022-01-01 00:00:00+00:00
[2024-07-16T18:12:26.939+0000] {logging_mixin.py:188} INFO - [2024-07-16T18:12:26.939+0000] {dag.py:3947} INFO - Setting next_dagrun for example_subdag_operator.section-1 to None, run_after=None
[2024-07-16T18:12:26.941+0000] {logging_mixin.py:188} INFO - [2024-07-16T18:12:26.941+0000] {dag.py:3947} INFO - Setting next_dagrun for example_subdag_operator.section-2 to None, run_after=None
[2024-07-16T18:12:26.953+0000] {logging_mixin.py:188} INFO - [2024-07-16T18:12:26.952+0000] {dag.py:3089} INFO - Sync 2 DAGs
[2024-07-16T18:12:26.959+0000] {logging_mixin.py:188} INFO - [2024-07-16T18:12:26.958+0000] {dag.py:3947} INFO - Setting next_dagrun for example_subdag_operator.section-1 to None, run_after=None
[2024-07-16T18:12:26.959+0000] {logging_mixin.py:188} INFO - [2024-07-16T18:12:26.959+0000] {dag.py:3947} INFO - Setting next_dagrun for example_subdag_operator.section-2 to None, run_after=None
[2024-07-16T18:12:26.975+0000] {processor.py:183} INFO - Processing /home/airflow/.local/lib/python3.12/site-packages/airflow/example_dags/example_subdag_operator.py took 0.245 seconds
[2024-07-16T18:12:57.857+0000] {processor.py:161} INFO - Started process (PID=166) to work on /home/airflow/.local/lib/python3.12/site-packages/airflow/example_dags/example_subdag_operator.py
[2024-07-16T18:12:57.858+0000] {processor.py:830} INFO - Processing file /home/airflow/.local/lib/python3.12/site-packages/airflow/example_dags/example_subdag_operator.py for tasks to queue
[2024-07-16T18:12:57.860+0000] {logging_mixin.py:188} INFO - [2024-07-16T18:12:57.859+0000] {dagbag.py:545} INFO - Filling up the DagBag from /home/airflow/.local/lib/python3.12/site-packages/airflow/example_dags/example_subdag_operator.py
[2024-07-16T18:12:57.882+0000] {processor.py:840} INFO - DAG(s) 'example_subdag_operator.section-1', 'example_subdag_operator.section-2', 'example_subdag_operator' retrieved from /home/airflow/.local/lib/python3.12/site-packages/airflow/example_dags/example_subdag_operator.py
[2024-07-16T18:12:57.897+0000] {logging_mixin.py:188} INFO - [2024-07-16T18:12:57.897+0000] {dag.py:3089} INFO - Sync 3 DAGs
[2024-07-16T18:12:57.918+0000] {logging_mixin.py:188} INFO - [2024-07-16T18:12:57.918+0000] {dag.py:3947} INFO - Setting next_dagrun for example_subdag_operator to 2022-01-01 00:00:00+00:00, run_after=2022-01-01 00:00:00+00:00
[2024-07-16T18:12:57.922+0000] {logging_mixin.py:188} INFO - [2024-07-16T18:12:57.922+0000] {dag.py:3947} INFO - Setting next_dagrun for example_subdag_operator.section-1 to None, run_after=None
[2024-07-16T18:12:57.924+0000] {logging_mixin.py:188} INFO - [2024-07-16T18:12:57.924+0000] {dag.py:3947} INFO - Setting next_dagrun for example_subdag_operator.section-2 to None, run_after=None
[2024-07-16T18:12:57.931+0000] {logging_mixin.py:188} INFO - [2024-07-16T18:12:57.931+0000] {dag.py:3089} INFO - Sync 2 DAGs
[2024-07-16T18:12:57.939+0000] {logging_mixin.py:188} INFO - [2024-07-16T18:12:57.939+0000] {dag.py:3947} INFO - Setting next_dagrun for example_subdag_operator.section-1 to None, run_after=None
[2024-07-16T18:12:57.940+0000] {logging_mixin.py:188} INFO - [2024-07-16T18:12:57.940+0000] {dag.py:3947} INFO - Setting next_dagrun for example_subdag_operator.section-2 to None, run_after=None
[2024-07-16T18:12:57.955+0000] {processor.py:183} INFO - Processing /home/airflow/.local/lib/python3.12/site-packages/airflow/example_dags/example_subdag_operator.py took 0.103 seconds
[2024-07-16T18:13:28.153+0000] {processor.py:161} INFO - Started process (PID=225) to work on /home/airflow/.local/lib/python3.12/site-packages/airflow/example_dags/example_subdag_operator.py
[2024-07-16T18:13:28.154+0000] {processor.py:830} INFO - Processing file /home/airflow/.local/lib/python3.12/site-packages/airflow/example_dags/example_subdag_operator.py for tasks to queue
[2024-07-16T18:13:28.156+0000] {logging_mixin.py:188} INFO - [2024-07-16T18:13:28.156+0000] {dagbag.py:545} INFO - Filling up the DagBag from /home/airflow/.local/lib/python3.12/site-packages/airflow/example_dags/example_subdag_operator.py
[2024-07-16T18:13:28.178+0000] {processor.py:840} INFO - DAG(s) 'example_subdag_operator.section-1', 'example_subdag_operator.section-2', 'example_subdag_operator' retrieved from /home/airflow/.local/lib/python3.12/site-packages/airflow/example_dags/example_subdag_operator.py
[2024-07-16T18:13:28.192+0000] {logging_mixin.py:188} INFO - [2024-07-16T18:13:28.191+0000] {dag.py:3089} INFO - Sync 3 DAGs
[2024-07-16T18:13:28.212+0000] {logging_mixin.py:188} INFO - [2024-07-16T18:13:28.212+0000] {dag.py:3947} INFO - Setting next_dagrun for example_subdag_operator to 2022-01-01 00:00:00+00:00, run_after=2022-01-01 00:00:00+00:00
[2024-07-16T18:13:28.216+0000] {logging_mixin.py:188} INFO - [2024-07-16T18:13:28.215+0000] {dag.py:3947} INFO - Setting next_dagrun for example_subdag_operator.section-1 to None, run_after=None
[2024-07-16T18:13:28.218+0000] {logging_mixin.py:188} INFO - [2024-07-16T18:13:28.217+0000] {dag.py:3947} INFO - Setting next_dagrun for example_subdag_operator.section-2 to None, run_after=None
[2024-07-16T18:13:28.225+0000] {logging_mixin.py:188} INFO - [2024-07-16T18:13:28.225+0000] {dag.py:3089} INFO - Sync 2 DAGs
[2024-07-16T18:13:28.230+0000] {logging_mixin.py:188} INFO - [2024-07-16T18:13:28.230+0000] {dag.py:3947} INFO - Setting next_dagrun for example_subdag_operator.section-1 to None, run_after=None
[2024-07-16T18:13:28.231+0000] {logging_mixin.py:188} INFO - [2024-07-16T18:13:28.231+0000] {dag.py:3947} INFO - Setting next_dagrun for example_subdag_operator.section-2 to None, run_after=None
[2024-07-16T18:13:28.244+0000] {processor.py:183} INFO - Processing /home/airflow/.local/lib/python3.12/site-packages/airflow/example_dags/example_subdag_operator.py took 0.095 seconds
