[2024-07-16T17:10:23.768+0000] {processor.py:161} INFO - Started process (PID=66) to work on /home/airflow/.local/lib/python3.12/site-packages/airflow/example_dags/tutorial.py
[2024-07-16T17:10:23.770+0000] {processor.py:830} INFO - Processing file /home/airflow/.local/lib/python3.12/site-packages/airflow/example_dags/tutorial.py for tasks to queue
[2024-07-16T17:10:23.776+0000] {logging_mixin.py:188} INFO - [2024-07-16T17:10:23.775+0000] {dagbag.py:545} INFO - Filling up the DagBag from /home/airflow/.local/lib/python3.12/site-packages/airflow/example_dags/tutorial.py
[2024-07-16T17:10:23.788+0000] {processor.py:840} INFO - DAG(s) 'tutorial' retrieved from /home/airflow/.local/lib/python3.12/site-packages/airflow/example_dags/tutorial.py
[2024-07-16T17:10:23.956+0000] {logging_mixin.py:188} INFO - [2024-07-16T17:10:23.956+0000] {dag.py:3089} INFO - Sync 1 DAGs
[2024-07-16T17:10:23.993+0000] {logging_mixin.py:188} INFO - [2024-07-16T17:10:23.992+0000] {dag.py:3947} INFO - Setting next_dagrun for tutorial to 2024-07-15 00:00:00+00:00, run_after=2024-07-16 00:00:00+00:00
[2024-07-16T17:10:24.021+0000] {processor.py:183} INFO - Processing /home/airflow/.local/lib/python3.12/site-packages/airflow/example_dags/tutorial.py took 0.263 seconds
[2024-07-16T17:10:54.168+0000] {processor.py:161} INFO - Started process (PID=124) to work on /home/airflow/.local/lib/python3.12/site-packages/airflow/example_dags/tutorial.py
[2024-07-16T17:10:54.171+0000] {processor.py:830} INFO - Processing file /home/airflow/.local/lib/python3.12/site-packages/airflow/example_dags/tutorial.py for tasks to queue
[2024-07-16T17:10:54.173+0000] {logging_mixin.py:188} INFO - [2024-07-16T17:10:54.172+0000] {dagbag.py:545} INFO - Filling up the DagBag from /home/airflow/.local/lib/python3.12/site-packages/airflow/example_dags/tutorial.py
[2024-07-16T17:10:54.179+0000] {processor.py:840} INFO - DAG(s) 'tutorial' retrieved from /home/airflow/.local/lib/python3.12/site-packages/airflow/example_dags/tutorial.py
[2024-07-16T17:10:54.203+0000] {logging_mixin.py:188} INFO - [2024-07-16T17:10:54.202+0000] {dag.py:3089} INFO - Sync 1 DAGs
[2024-07-16T17:10:54.231+0000] {logging_mixin.py:188} INFO - [2024-07-16T17:10:54.231+0000] {dag.py:3947} INFO - Setting next_dagrun for tutorial to 2024-07-15 00:00:00+00:00, run_after=2024-07-16 00:00:00+00:00
[2024-07-16T17:10:54.257+0000] {processor.py:183} INFO - Processing /home/airflow/.local/lib/python3.12/site-packages/airflow/example_dags/tutorial.py took 0.096 seconds
[2024-07-16T17:11:24.387+0000] {processor.py:161} INFO - Started process (PID=182) to work on /home/airflow/.local/lib/python3.12/site-packages/airflow/example_dags/tutorial.py
[2024-07-16T17:11:24.389+0000] {processor.py:830} INFO - Processing file /home/airflow/.local/lib/python3.12/site-packages/airflow/example_dags/tutorial.py for tasks to queue
[2024-07-16T17:11:24.390+0000] {logging_mixin.py:188} INFO - [2024-07-16T17:11:24.390+0000] {dagbag.py:545} INFO - Filling up the DagBag from /home/airflow/.local/lib/python3.12/site-packages/airflow/example_dags/tutorial.py
[2024-07-16T17:11:24.395+0000] {processor.py:840} INFO - DAG(s) 'tutorial' retrieved from /home/airflow/.local/lib/python3.12/site-packages/airflow/example_dags/tutorial.py
[2024-07-16T17:11:24.417+0000] {logging_mixin.py:188} INFO - [2024-07-16T17:11:24.417+0000] {dag.py:3089} INFO - Sync 1 DAGs
[2024-07-16T17:11:24.437+0000] {logging_mixin.py:188} INFO - [2024-07-16T17:11:24.437+0000] {dag.py:3947} INFO - Setting next_dagrun for tutorial to 2024-07-15 00:00:00+00:00, run_after=2024-07-16 00:00:00+00:00
[2024-07-16T17:11:24.465+0000] {processor.py:183} INFO - Processing /home/airflow/.local/lib/python3.12/site-packages/airflow/example_dags/tutorial.py took 0.084 seconds
[2024-07-16T17:11:54.692+0000] {processor.py:161} INFO - Started process (PID=240) to work on /home/airflow/.local/lib/python3.12/site-packages/airflow/example_dags/tutorial.py
[2024-07-16T17:11:54.694+0000] {processor.py:830} INFO - Processing file /home/airflow/.local/lib/python3.12/site-packages/airflow/example_dags/tutorial.py for tasks to queue
[2024-07-16T17:11:54.696+0000] {logging_mixin.py:188} INFO - [2024-07-16T17:11:54.695+0000] {dagbag.py:545} INFO - Filling up the DagBag from /home/airflow/.local/lib/python3.12/site-packages/airflow/example_dags/tutorial.py
[2024-07-16T17:11:54.701+0000] {processor.py:840} INFO - DAG(s) 'tutorial' retrieved from /home/airflow/.local/lib/python3.12/site-packages/airflow/example_dags/tutorial.py
[2024-07-16T17:11:54.720+0000] {logging_mixin.py:188} INFO - [2024-07-16T17:11:54.720+0000] {dag.py:3089} INFO - Sync 1 DAGs
[2024-07-16T17:11:54.739+0000] {logging_mixin.py:188} INFO - [2024-07-16T17:11:54.739+0000] {dag.py:3947} INFO - Setting next_dagrun for tutorial to 2024-07-15 00:00:00+00:00, run_after=2024-07-16 00:00:00+00:00
[2024-07-16T17:11:54.760+0000] {processor.py:183} INFO - Processing /home/airflow/.local/lib/python3.12/site-packages/airflow/example_dags/tutorial.py took 0.072 seconds
[2024-07-16T17:12:24.972+0000] {processor.py:161} INFO - Started process (PID=298) to work on /home/airflow/.local/lib/python3.12/site-packages/airflow/example_dags/tutorial.py
[2024-07-16T17:12:24.973+0000] {processor.py:830} INFO - Processing file /home/airflow/.local/lib/python3.12/site-packages/airflow/example_dags/tutorial.py for tasks to queue
[2024-07-16T17:12:24.975+0000] {logging_mixin.py:188} INFO - [2024-07-16T17:12:24.975+0000] {dagbag.py:545} INFO - Filling up the DagBag from /home/airflow/.local/lib/python3.12/site-packages/airflow/example_dags/tutorial.py
[2024-07-16T17:12:24.984+0000] {processor.py:840} INFO - DAG(s) 'tutorial' retrieved from /home/airflow/.local/lib/python3.12/site-packages/airflow/example_dags/tutorial.py
[2024-07-16T17:12:25.013+0000] {logging_mixin.py:188} INFO - [2024-07-16T17:12:25.013+0000] {dag.py:3089} INFO - Sync 1 DAGs
[2024-07-16T17:12:25.055+0000] {logging_mixin.py:188} INFO - [2024-07-16T17:12:25.054+0000] {dag.py:3947} INFO - Setting next_dagrun for tutorial to 2024-07-15 00:00:00+00:00, run_after=2024-07-16 00:00:00+00:00
[2024-07-16T17:12:25.099+0000] {processor.py:183} INFO - Processing /home/airflow/.local/lib/python3.12/site-packages/airflow/example_dags/tutorial.py took 0.132 seconds
[2024-07-16T17:12:55.406+0000] {processor.py:161} INFO - Started process (PID=356) to work on /home/airflow/.local/lib/python3.12/site-packages/airflow/example_dags/tutorial.py
[2024-07-16T17:12:55.408+0000] {processor.py:830} INFO - Processing file /home/airflow/.local/lib/python3.12/site-packages/airflow/example_dags/tutorial.py for tasks to queue
[2024-07-16T17:12:55.410+0000] {logging_mixin.py:188} INFO - [2024-07-16T17:12:55.410+0000] {dagbag.py:545} INFO - Filling up the DagBag from /home/airflow/.local/lib/python3.12/site-packages/airflow/example_dags/tutorial.py
[2024-07-16T17:12:55.417+0000] {processor.py:840} INFO - DAG(s) 'tutorial' retrieved from /home/airflow/.local/lib/python3.12/site-packages/airflow/example_dags/tutorial.py
[2024-07-16T17:12:55.443+0000] {logging_mixin.py:188} INFO - [2024-07-16T17:12:55.442+0000] {dag.py:3089} INFO - Sync 1 DAGs
[2024-07-16T17:12:55.468+0000] {logging_mixin.py:188} INFO - [2024-07-16T17:12:55.468+0000] {dag.py:3947} INFO - Setting next_dagrun for tutorial to 2024-07-15 00:00:00+00:00, run_after=2024-07-16 00:00:00+00:00
[2024-07-16T17:12:55.488+0000] {processor.py:183} INFO - Processing /home/airflow/.local/lib/python3.12/site-packages/airflow/example_dags/tutorial.py took 0.087 seconds
[2024-07-16T17:13:25.608+0000] {processor.py:161} INFO - Started process (PID=414) to work on /home/airflow/.local/lib/python3.12/site-packages/airflow/example_dags/tutorial.py
[2024-07-16T17:13:25.609+0000] {processor.py:830} INFO - Processing file /home/airflow/.local/lib/python3.12/site-packages/airflow/example_dags/tutorial.py for tasks to queue
[2024-07-16T17:13:25.611+0000] {logging_mixin.py:188} INFO - [2024-07-16T17:13:25.611+0000] {dagbag.py:545} INFO - Filling up the DagBag from /home/airflow/.local/lib/python3.12/site-packages/airflow/example_dags/tutorial.py
[2024-07-16T17:13:25.618+0000] {processor.py:840} INFO - DAG(s) 'tutorial' retrieved from /home/airflow/.local/lib/python3.12/site-packages/airflow/example_dags/tutorial.py
[2024-07-16T17:13:25.635+0000] {logging_mixin.py:188} INFO - [2024-07-16T17:13:25.634+0000] {dag.py:3089} INFO - Sync 1 DAGs
[2024-07-16T17:13:25.656+0000] {logging_mixin.py:188} INFO - [2024-07-16T17:13:25.656+0000] {dag.py:3947} INFO - Setting next_dagrun for tutorial to 2024-07-15 00:00:00+00:00, run_after=2024-07-16 00:00:00+00:00
[2024-07-16T17:13:25.682+0000] {processor.py:183} INFO - Processing /home/airflow/.local/lib/python3.12/site-packages/airflow/example_dags/tutorial.py took 0.079 seconds
[2024-07-16T17:13:55.948+0000] {processor.py:161} INFO - Started process (PID=472) to work on /home/airflow/.local/lib/python3.12/site-packages/airflow/example_dags/tutorial.py
[2024-07-16T17:13:55.949+0000] {processor.py:830} INFO - Processing file /home/airflow/.local/lib/python3.12/site-packages/airflow/example_dags/tutorial.py for tasks to queue
[2024-07-16T17:13:55.952+0000] {logging_mixin.py:188} INFO - [2024-07-16T17:13:55.952+0000] {dagbag.py:545} INFO - Filling up the DagBag from /home/airflow/.local/lib/python3.12/site-packages/airflow/example_dags/tutorial.py
[2024-07-16T17:13:55.957+0000] {processor.py:840} INFO - DAG(s) 'tutorial' retrieved from /home/airflow/.local/lib/python3.12/site-packages/airflow/example_dags/tutorial.py
[2024-07-16T17:13:55.976+0000] {logging_mixin.py:188} INFO - [2024-07-16T17:13:55.976+0000] {dag.py:3089} INFO - Sync 1 DAGs
[2024-07-16T17:13:56.005+0000] {logging_mixin.py:188} INFO - [2024-07-16T17:13:56.005+0000] {dag.py:3947} INFO - Setting next_dagrun for tutorial to 2024-07-15 00:00:00+00:00, run_after=2024-07-16 00:00:00+00:00
[2024-07-16T17:13:56.043+0000] {processor.py:183} INFO - Processing /home/airflow/.local/lib/python3.12/site-packages/airflow/example_dags/tutorial.py took 0.101 seconds
[2024-07-16T17:14:26.141+0000] {processor.py:161} INFO - Started process (PID=530) to work on /home/airflow/.local/lib/python3.12/site-packages/airflow/example_dags/tutorial.py
[2024-07-16T17:14:26.142+0000] {processor.py:830} INFO - Processing file /home/airflow/.local/lib/python3.12/site-packages/airflow/example_dags/tutorial.py for tasks to queue
[2024-07-16T17:14:26.144+0000] {logging_mixin.py:188} INFO - [2024-07-16T17:14:26.144+0000] {dagbag.py:545} INFO - Filling up the DagBag from /home/airflow/.local/lib/python3.12/site-packages/airflow/example_dags/tutorial.py
[2024-07-16T17:14:26.149+0000] {processor.py:840} INFO - DAG(s) 'tutorial' retrieved from /home/airflow/.local/lib/python3.12/site-packages/airflow/example_dags/tutorial.py
[2024-07-16T17:14:26.168+0000] {logging_mixin.py:188} INFO - [2024-07-16T17:14:26.168+0000] {dag.py:3089} INFO - Sync 1 DAGs
[2024-07-16T17:14:26.188+0000] {logging_mixin.py:188} INFO - [2024-07-16T17:14:26.187+0000] {dag.py:3947} INFO - Setting next_dagrun for tutorial to 2024-07-15 00:00:00+00:00, run_after=2024-07-16 00:00:00+00:00
[2024-07-16T17:14:26.207+0000] {processor.py:183} INFO - Processing /home/airflow/.local/lib/python3.12/site-packages/airflow/example_dags/tutorial.py took 0.071 seconds
[2024-07-16T17:14:56.643+0000] {processor.py:161} INFO - Started process (PID=588) to work on /home/airflow/.local/lib/python3.12/site-packages/airflow/example_dags/tutorial.py
[2024-07-16T17:14:56.645+0000] {processor.py:830} INFO - Processing file /home/airflow/.local/lib/python3.12/site-packages/airflow/example_dags/tutorial.py for tasks to queue
[2024-07-16T17:14:56.648+0000] {logging_mixin.py:188} INFO - [2024-07-16T17:14:56.647+0000] {dagbag.py:545} INFO - Filling up the DagBag from /home/airflow/.local/lib/python3.12/site-packages/airflow/example_dags/tutorial.py
[2024-07-16T17:14:56.654+0000] {processor.py:840} INFO - DAG(s) 'tutorial' retrieved from /home/airflow/.local/lib/python3.12/site-packages/airflow/example_dags/tutorial.py
[2024-07-16T17:14:56.676+0000] {logging_mixin.py:188} INFO - [2024-07-16T17:14:56.676+0000] {dag.py:3089} INFO - Sync 1 DAGs
[2024-07-16T17:14:56.704+0000] {logging_mixin.py:188} INFO - [2024-07-16T17:14:56.703+0000] {dag.py:3947} INFO - Setting next_dagrun for tutorial to 2024-07-15 00:00:00+00:00, run_after=2024-07-16 00:00:00+00:00
[2024-07-16T17:14:56.736+0000] {processor.py:183} INFO - Processing /home/airflow/.local/lib/python3.12/site-packages/airflow/example_dags/tutorial.py took 0.103 seconds
[2024-07-16T17:15:26.777+0000] {processor.py:161} INFO - Started process (PID=646) to work on /home/airflow/.local/lib/python3.12/site-packages/airflow/example_dags/tutorial.py
[2024-07-16T17:15:26.778+0000] {processor.py:830} INFO - Processing file /home/airflow/.local/lib/python3.12/site-packages/airflow/example_dags/tutorial.py for tasks to queue
[2024-07-16T17:15:26.779+0000] {logging_mixin.py:188} INFO - [2024-07-16T17:15:26.779+0000] {dagbag.py:545} INFO - Filling up the DagBag from /home/airflow/.local/lib/python3.12/site-packages/airflow/example_dags/tutorial.py
[2024-07-16T17:15:26.784+0000] {processor.py:840} INFO - DAG(s) 'tutorial' retrieved from /home/airflow/.local/lib/python3.12/site-packages/airflow/example_dags/tutorial.py
[2024-07-16T17:15:26.800+0000] {logging_mixin.py:188} INFO - [2024-07-16T17:15:26.799+0000] {dag.py:3089} INFO - Sync 1 DAGs
[2024-07-16T17:15:26.817+0000] {logging_mixin.py:188} INFO - [2024-07-16T17:15:26.817+0000] {dag.py:3947} INFO - Setting next_dagrun for tutorial to 2024-07-15 00:00:00+00:00, run_after=2024-07-16 00:00:00+00:00
[2024-07-16T17:15:26.833+0000] {processor.py:183} INFO - Processing /home/airflow/.local/lib/python3.12/site-packages/airflow/example_dags/tutorial.py took 0.062 seconds
[2024-07-16T17:15:57.212+0000] {processor.py:161} INFO - Started process (PID=704) to work on /home/airflow/.local/lib/python3.12/site-packages/airflow/example_dags/tutorial.py
[2024-07-16T17:15:57.213+0000] {processor.py:830} INFO - Processing file /home/airflow/.local/lib/python3.12/site-packages/airflow/example_dags/tutorial.py for tasks to queue
[2024-07-16T17:15:57.215+0000] {logging_mixin.py:188} INFO - [2024-07-16T17:15:57.215+0000] {dagbag.py:545} INFO - Filling up the DagBag from /home/airflow/.local/lib/python3.12/site-packages/airflow/example_dags/tutorial.py
[2024-07-16T17:15:57.220+0000] {processor.py:840} INFO - DAG(s) 'tutorial' retrieved from /home/airflow/.local/lib/python3.12/site-packages/airflow/example_dags/tutorial.py
[2024-07-16T17:15:57.242+0000] {logging_mixin.py:188} INFO - [2024-07-16T17:15:57.242+0000] {dag.py:3089} INFO - Sync 1 DAGs
[2024-07-16T17:15:57.269+0000] {logging_mixin.py:188} INFO - [2024-07-16T17:15:57.268+0000] {dag.py:3947} INFO - Setting next_dagrun for tutorial to 2024-07-15 00:00:00+00:00, run_after=2024-07-16 00:00:00+00:00
[2024-07-16T17:15:57.289+0000] {processor.py:183} INFO - Processing /home/airflow/.local/lib/python3.12/site-packages/airflow/example_dags/tutorial.py took 0.082 seconds
[2024-07-16T17:16:27.382+0000] {processor.py:161} INFO - Started process (PID=762) to work on /home/airflow/.local/lib/python3.12/site-packages/airflow/example_dags/tutorial.py
[2024-07-16T17:16:27.383+0000] {processor.py:830} INFO - Processing file /home/airflow/.local/lib/python3.12/site-packages/airflow/example_dags/tutorial.py for tasks to queue
[2024-07-16T17:16:27.386+0000] {logging_mixin.py:188} INFO - [2024-07-16T17:16:27.385+0000] {dagbag.py:545} INFO - Filling up the DagBag from /home/airflow/.local/lib/python3.12/site-packages/airflow/example_dags/tutorial.py
[2024-07-16T17:16:27.392+0000] {processor.py:840} INFO - DAG(s) 'tutorial' retrieved from /home/airflow/.local/lib/python3.12/site-packages/airflow/example_dags/tutorial.py
[2024-07-16T17:16:27.413+0000] {logging_mixin.py:188} INFO - [2024-07-16T17:16:27.412+0000] {dag.py:3089} INFO - Sync 1 DAGs
[2024-07-16T17:16:27.437+0000] {logging_mixin.py:188} INFO - [2024-07-16T17:16:27.436+0000] {dag.py:3947} INFO - Setting next_dagrun for tutorial to 2024-07-15 00:00:00+00:00, run_after=2024-07-16 00:00:00+00:00
[2024-07-16T17:16:27.459+0000] {processor.py:183} INFO - Processing /home/airflow/.local/lib/python3.12/site-packages/airflow/example_dags/tutorial.py took 0.082 seconds
[2024-07-16T17:16:57.771+0000] {processor.py:161} INFO - Started process (PID=820) to work on /home/airflow/.local/lib/python3.12/site-packages/airflow/example_dags/tutorial.py
[2024-07-16T17:16:57.773+0000] {processor.py:830} INFO - Processing file /home/airflow/.local/lib/python3.12/site-packages/airflow/example_dags/tutorial.py for tasks to queue
[2024-07-16T17:16:57.775+0000] {logging_mixin.py:188} INFO - [2024-07-16T17:16:57.775+0000] {dagbag.py:545} INFO - Filling up the DagBag from /home/airflow/.local/lib/python3.12/site-packages/airflow/example_dags/tutorial.py
[2024-07-16T17:16:57.782+0000] {processor.py:840} INFO - DAG(s) 'tutorial' retrieved from /home/airflow/.local/lib/python3.12/site-packages/airflow/example_dags/tutorial.py
[2024-07-16T17:16:57.800+0000] {logging_mixin.py:188} INFO - [2024-07-16T17:16:57.800+0000] {dag.py:3089} INFO - Sync 1 DAGs
[2024-07-16T17:16:57.818+0000] {logging_mixin.py:188} INFO - [2024-07-16T17:16:57.818+0000] {dag.py:3947} INFO - Setting next_dagrun for tutorial to 2024-07-15 00:00:00+00:00, run_after=2024-07-16 00:00:00+00:00
[2024-07-16T17:16:57.839+0000] {processor.py:183} INFO - Processing /home/airflow/.local/lib/python3.12/site-packages/airflow/example_dags/tutorial.py took 0.073 seconds
[2024-07-16T17:17:28.086+0000] {processor.py:161} INFO - Started process (PID=878) to work on /home/airflow/.local/lib/python3.12/site-packages/airflow/example_dags/tutorial.py
[2024-07-16T17:17:28.087+0000] {processor.py:830} INFO - Processing file /home/airflow/.local/lib/python3.12/site-packages/airflow/example_dags/tutorial.py for tasks to queue
[2024-07-16T17:17:28.088+0000] {logging_mixin.py:188} INFO - [2024-07-16T17:17:28.088+0000] {dagbag.py:545} INFO - Filling up the DagBag from /home/airflow/.local/lib/python3.12/site-packages/airflow/example_dags/tutorial.py
[2024-07-16T17:17:28.094+0000] {processor.py:840} INFO - DAG(s) 'tutorial' retrieved from /home/airflow/.local/lib/python3.12/site-packages/airflow/example_dags/tutorial.py
[2024-07-16T17:17:28.113+0000] {logging_mixin.py:188} INFO - [2024-07-16T17:17:28.112+0000] {dag.py:3089} INFO - Sync 1 DAGs
[2024-07-16T17:17:28.137+0000] {logging_mixin.py:188} INFO - [2024-07-16T17:17:28.137+0000] {dag.py:3947} INFO - Setting next_dagrun for tutorial to 2024-07-15 00:00:00+00:00, run_after=2024-07-16 00:00:00+00:00
[2024-07-16T17:17:28.158+0000] {processor.py:183} INFO - Processing /home/airflow/.local/lib/python3.12/site-packages/airflow/example_dags/tutorial.py took 0.077 seconds
[2024-07-16T17:17:58.698+0000] {processor.py:161} INFO - Started process (PID=936) to work on /home/airflow/.local/lib/python3.12/site-packages/airflow/example_dags/tutorial.py
[2024-07-16T17:17:58.699+0000] {processor.py:830} INFO - Processing file /home/airflow/.local/lib/python3.12/site-packages/airflow/example_dags/tutorial.py for tasks to queue
[2024-07-16T17:17:58.701+0000] {logging_mixin.py:188} INFO - [2024-07-16T17:17:58.701+0000] {dagbag.py:545} INFO - Filling up the DagBag from /home/airflow/.local/lib/python3.12/site-packages/airflow/example_dags/tutorial.py
[2024-07-16T17:17:58.706+0000] {processor.py:840} INFO - DAG(s) 'tutorial' retrieved from /home/airflow/.local/lib/python3.12/site-packages/airflow/example_dags/tutorial.py
[2024-07-16T17:17:58.723+0000] {logging_mixin.py:188} INFO - [2024-07-16T17:17:58.723+0000] {dag.py:3089} INFO - Sync 1 DAGs
[2024-07-16T17:17:58.740+0000] {logging_mixin.py:188} INFO - [2024-07-16T17:17:58.740+0000] {dag.py:3947} INFO - Setting next_dagrun for tutorial to 2024-07-15 00:00:00+00:00, run_after=2024-07-16 00:00:00+00:00
[2024-07-16T17:17:58.760+0000] {processor.py:183} INFO - Processing /home/airflow/.local/lib/python3.12/site-packages/airflow/example_dags/tutorial.py took 0.067 seconds
[2024-07-16T17:18:29.874+0000] {processor.py:161} INFO - Started process (PID=994) to work on /home/airflow/.local/lib/python3.12/site-packages/airflow/example_dags/tutorial.py
[2024-07-16T17:18:29.876+0000] {processor.py:830} INFO - Processing file /home/airflow/.local/lib/python3.12/site-packages/airflow/example_dags/tutorial.py for tasks to queue
[2024-07-16T17:18:29.879+0000] {logging_mixin.py:188} INFO - [2024-07-16T17:18:29.879+0000] {dagbag.py:545} INFO - Filling up the DagBag from /home/airflow/.local/lib/python3.12/site-packages/airflow/example_dags/tutorial.py
[2024-07-16T17:18:29.898+0000] {processor.py:840} INFO - DAG(s) 'tutorial' retrieved from /home/airflow/.local/lib/python3.12/site-packages/airflow/example_dags/tutorial.py
[2024-07-16T17:18:29.974+0000] {logging_mixin.py:188} INFO - [2024-07-16T17:18:29.970+0000] {dag.py:3089} INFO - Sync 1 DAGs
[2024-07-16T17:18:30.064+0000] {logging_mixin.py:188} INFO - [2024-07-16T17:18:30.063+0000] {dag.py:3947} INFO - Setting next_dagrun for tutorial to 2024-07-15 00:00:00+00:00, run_after=2024-07-16 00:00:00+00:00
[2024-07-16T17:18:30.131+0000] {processor.py:183} INFO - Processing /home/airflow/.local/lib/python3.12/site-packages/airflow/example_dags/tutorial.py took 0.275 seconds
[2024-07-16T17:19:00.259+0000] {processor.py:161} INFO - Started process (PID=1052) to work on /home/airflow/.local/lib/python3.12/site-packages/airflow/example_dags/tutorial.py
[2024-07-16T17:19:00.260+0000] {processor.py:830} INFO - Processing file /home/airflow/.local/lib/python3.12/site-packages/airflow/example_dags/tutorial.py for tasks to queue
[2024-07-16T17:19:00.262+0000] {logging_mixin.py:188} INFO - [2024-07-16T17:19:00.261+0000] {dagbag.py:545} INFO - Filling up the DagBag from /home/airflow/.local/lib/python3.12/site-packages/airflow/example_dags/tutorial.py
[2024-07-16T17:19:00.267+0000] {processor.py:840} INFO - DAG(s) 'tutorial' retrieved from /home/airflow/.local/lib/python3.12/site-packages/airflow/example_dags/tutorial.py
[2024-07-16T17:19:00.285+0000] {logging_mixin.py:188} INFO - [2024-07-16T17:19:00.284+0000] {dag.py:3089} INFO - Sync 1 DAGs
[2024-07-16T17:19:00.307+0000] {logging_mixin.py:188} INFO - [2024-07-16T17:19:00.307+0000] {dag.py:3947} INFO - Setting next_dagrun for tutorial to 2024-07-15 00:00:00+00:00, run_after=2024-07-16 00:00:00+00:00
[2024-07-16T17:19:00.332+0000] {processor.py:183} INFO - Processing /home/airflow/.local/lib/python3.12/site-packages/airflow/example_dags/tutorial.py took 0.079 seconds
[2024-07-16T17:19:30.622+0000] {processor.py:161} INFO - Started process (PID=1110) to work on /home/airflow/.local/lib/python3.12/site-packages/airflow/example_dags/tutorial.py
[2024-07-16T17:19:30.624+0000] {processor.py:830} INFO - Processing file /home/airflow/.local/lib/python3.12/site-packages/airflow/example_dags/tutorial.py for tasks to queue
[2024-07-16T17:19:30.640+0000] {logging_mixin.py:188} INFO - [2024-07-16T17:19:30.640+0000] {dagbag.py:545} INFO - Filling up the DagBag from /home/airflow/.local/lib/python3.12/site-packages/airflow/example_dags/tutorial.py
[2024-07-16T17:19:30.657+0000] {processor.py:840} INFO - DAG(s) 'tutorial' retrieved from /home/airflow/.local/lib/python3.12/site-packages/airflow/example_dags/tutorial.py
[2024-07-16T17:19:30.711+0000] {logging_mixin.py:188} INFO - [2024-07-16T17:19:30.711+0000] {dag.py:3089} INFO - Sync 1 DAGs
[2024-07-16T17:19:30.776+0000] {logging_mixin.py:188} INFO - [2024-07-16T17:19:30.775+0000] {dag.py:3947} INFO - Setting next_dagrun for tutorial to 2024-07-15 00:00:00+00:00, run_after=2024-07-16 00:00:00+00:00
[2024-07-16T17:19:30.843+0000] {processor.py:183} INFO - Processing /home/airflow/.local/lib/python3.12/site-packages/airflow/example_dags/tutorial.py took 0.228 seconds
[2024-07-16T17:23:49.028+0000] {processor.py:161} INFO - Started process (PID=68) to work on /home/airflow/.local/lib/python3.12/site-packages/airflow/example_dags/tutorial.py
[2024-07-16T17:23:49.030+0000] {processor.py:830} INFO - Processing file /home/airflow/.local/lib/python3.12/site-packages/airflow/example_dags/tutorial.py for tasks to queue
[2024-07-16T17:23:49.034+0000] {logging_mixin.py:188} INFO - [2024-07-16T17:23:49.033+0000] {dagbag.py:545} INFO - Filling up the DagBag from /home/airflow/.local/lib/python3.12/site-packages/airflow/example_dags/tutorial.py
[2024-07-16T17:23:49.047+0000] {processor.py:840} INFO - DAG(s) 'tutorial' retrieved from /home/airflow/.local/lib/python3.12/site-packages/airflow/example_dags/tutorial.py
[2024-07-16T17:23:49.337+0000] {logging_mixin.py:188} INFO - [2024-07-16T17:23:49.337+0000] {dag.py:3089} INFO - Sync 1 DAGs
[2024-07-16T17:23:49.390+0000] {logging_mixin.py:188} INFO - [2024-07-16T17:23:49.390+0000] {dag.py:3947} INFO - Setting next_dagrun for tutorial to 2024-07-15 00:00:00+00:00, run_after=2024-07-16 00:00:00+00:00
[2024-07-16T17:23:49.430+0000] {processor.py:183} INFO - Processing /home/airflow/.local/lib/python3.12/site-packages/airflow/example_dags/tutorial.py took 0.418 seconds
[2024-07-16T17:24:20.118+0000] {processor.py:161} INFO - Started process (PID=125) to work on /home/airflow/.local/lib/python3.12/site-packages/airflow/example_dags/tutorial.py
[2024-07-16T17:24:20.120+0000] {processor.py:830} INFO - Processing file /home/airflow/.local/lib/python3.12/site-packages/airflow/example_dags/tutorial.py for tasks to queue
[2024-07-16T17:24:20.122+0000] {logging_mixin.py:188} INFO - [2024-07-16T17:24:20.122+0000] {dagbag.py:545} INFO - Filling up the DagBag from /home/airflow/.local/lib/python3.12/site-packages/airflow/example_dags/tutorial.py
[2024-07-16T17:24:20.131+0000] {processor.py:840} INFO - DAG(s) 'tutorial' retrieved from /home/airflow/.local/lib/python3.12/site-packages/airflow/example_dags/tutorial.py
[2024-07-16T17:24:20.152+0000] {logging_mixin.py:188} INFO - [2024-07-16T17:24:20.152+0000] {dag.py:3089} INFO - Sync 1 DAGs
[2024-07-16T17:24:20.173+0000] {logging_mixin.py:188} INFO - [2024-07-16T17:24:20.173+0000] {dag.py:3947} INFO - Setting next_dagrun for tutorial to 2024-07-15 00:00:00+00:00, run_after=2024-07-16 00:00:00+00:00
[2024-07-16T17:24:20.196+0000] {processor.py:183} INFO - Processing /home/airflow/.local/lib/python3.12/site-packages/airflow/example_dags/tutorial.py took 0.085 seconds
[2024-07-16T17:24:50.920+0000] {processor.py:161} INFO - Started process (PID=183) to work on /home/airflow/.local/lib/python3.12/site-packages/airflow/example_dags/tutorial.py
[2024-07-16T17:24:50.921+0000] {processor.py:830} INFO - Processing file /home/airflow/.local/lib/python3.12/site-packages/airflow/example_dags/tutorial.py for tasks to queue
[2024-07-16T17:24:50.923+0000] {logging_mixin.py:188} INFO - [2024-07-16T17:24:50.923+0000] {dagbag.py:545} INFO - Filling up the DagBag from /home/airflow/.local/lib/python3.12/site-packages/airflow/example_dags/tutorial.py
[2024-07-16T17:24:50.929+0000] {processor.py:840} INFO - DAG(s) 'tutorial' retrieved from /home/airflow/.local/lib/python3.12/site-packages/airflow/example_dags/tutorial.py
[2024-07-16T17:24:50.951+0000] {logging_mixin.py:188} INFO - [2024-07-16T17:24:50.950+0000] {dag.py:3089} INFO - Sync 1 DAGs
[2024-07-16T17:24:50.971+0000] {logging_mixin.py:188} INFO - [2024-07-16T17:24:50.970+0000] {dag.py:3947} INFO - Setting next_dagrun for tutorial to 2024-07-15 00:00:00+00:00, run_after=2024-07-16 00:00:00+00:00
[2024-07-16T17:24:50.989+0000] {processor.py:183} INFO - Processing /home/airflow/.local/lib/python3.12/site-packages/airflow/example_dags/tutorial.py took 0.075 seconds
[2024-07-16T17:25:21.064+0000] {processor.py:161} INFO - Started process (PID=242) to work on /home/airflow/.local/lib/python3.12/site-packages/airflow/example_dags/tutorial.py
[2024-07-16T17:25:21.065+0000] {processor.py:830} INFO - Processing file /home/airflow/.local/lib/python3.12/site-packages/airflow/example_dags/tutorial.py for tasks to queue
[2024-07-16T17:25:21.067+0000] {logging_mixin.py:188} INFO - [2024-07-16T17:25:21.067+0000] {dagbag.py:545} INFO - Filling up the DagBag from /home/airflow/.local/lib/python3.12/site-packages/airflow/example_dags/tutorial.py
[2024-07-16T17:25:21.073+0000] {processor.py:840} INFO - DAG(s) 'tutorial' retrieved from /home/airflow/.local/lib/python3.12/site-packages/airflow/example_dags/tutorial.py
[2024-07-16T17:25:21.094+0000] {logging_mixin.py:188} INFO - [2024-07-16T17:25:21.094+0000] {dag.py:3089} INFO - Sync 1 DAGs
[2024-07-16T17:25:21.118+0000] {logging_mixin.py:188} INFO - [2024-07-16T17:25:21.118+0000] {dag.py:3947} INFO - Setting next_dagrun for tutorial to 2024-07-15 00:00:00+00:00, run_after=2024-07-16 00:00:00+00:00
[2024-07-16T17:25:21.141+0000] {processor.py:183} INFO - Processing /home/airflow/.local/lib/python3.12/site-packages/airflow/example_dags/tutorial.py took 0.083 seconds
[2024-07-16T17:29:52.902+0000] {processor.py:161} INFO - Started process (PID=62) to work on /home/airflow/.local/lib/python3.12/site-packages/airflow/example_dags/tutorial.py
[2024-07-16T17:29:52.903+0000] {processor.py:830} INFO - Processing file /home/airflow/.local/lib/python3.12/site-packages/airflow/example_dags/tutorial.py for tasks to queue
[2024-07-16T17:29:52.905+0000] {logging_mixin.py:188} INFO - [2024-07-16T17:29:52.905+0000] {dagbag.py:545} INFO - Filling up the DagBag from /home/airflow/.local/lib/python3.12/site-packages/airflow/example_dags/tutorial.py
[2024-07-16T17:29:52.916+0000] {processor.py:840} INFO - DAG(s) 'tutorial' retrieved from /home/airflow/.local/lib/python3.12/site-packages/airflow/example_dags/tutorial.py
[2024-07-16T17:29:53.080+0000] {logging_mixin.py:188} INFO - [2024-07-16T17:29:53.080+0000] {dag.py:3089} INFO - Sync 1 DAGs
[2024-07-16T17:29:53.104+0000] {logging_mixin.py:188} INFO - [2024-07-16T17:29:53.104+0000] {dag.py:3947} INFO - Setting next_dagrun for tutorial to 2024-07-15 00:00:00+00:00, run_after=2024-07-16 00:00:00+00:00
[2024-07-16T17:29:53.131+0000] {processor.py:183} INFO - Processing /home/airflow/.local/lib/python3.12/site-packages/airflow/example_dags/tutorial.py took 0.236 seconds
[2024-07-16T17:30:23.716+0000] {processor.py:161} INFO - Started process (PID=120) to work on /home/airflow/.local/lib/python3.12/site-packages/airflow/example_dags/tutorial.py
[2024-07-16T17:30:23.717+0000] {processor.py:830} INFO - Processing file /home/airflow/.local/lib/python3.12/site-packages/airflow/example_dags/tutorial.py for tasks to queue
[2024-07-16T17:30:23.719+0000] {logging_mixin.py:188} INFO - [2024-07-16T17:30:23.718+0000] {dagbag.py:545} INFO - Filling up the DagBag from /home/airflow/.local/lib/python3.12/site-packages/airflow/example_dags/tutorial.py
[2024-07-16T17:30:23.725+0000] {processor.py:840} INFO - DAG(s) 'tutorial' retrieved from /home/airflow/.local/lib/python3.12/site-packages/airflow/example_dags/tutorial.py
[2024-07-16T17:30:23.746+0000] {logging_mixin.py:188} INFO - [2024-07-16T17:30:23.746+0000] {dag.py:3089} INFO - Sync 1 DAGs
[2024-07-16T17:30:23.772+0000] {logging_mixin.py:188} INFO - [2024-07-16T17:30:23.771+0000] {dag.py:3947} INFO - Setting next_dagrun for tutorial to 2024-07-15 00:00:00+00:00, run_after=2024-07-16 00:00:00+00:00
[2024-07-16T17:30:23.821+0000] {processor.py:183} INFO - Processing /home/airflow/.local/lib/python3.12/site-packages/airflow/example_dags/tutorial.py took 0.112 seconds
[2024-07-16T17:30:54.212+0000] {processor.py:161} INFO - Started process (PID=178) to work on /home/airflow/.local/lib/python3.12/site-packages/airflow/example_dags/tutorial.py
[2024-07-16T17:30:54.213+0000] {processor.py:830} INFO - Processing file /home/airflow/.local/lib/python3.12/site-packages/airflow/example_dags/tutorial.py for tasks to queue
[2024-07-16T17:30:54.216+0000] {logging_mixin.py:188} INFO - [2024-07-16T17:30:54.215+0000] {dagbag.py:545} INFO - Filling up the DagBag from /home/airflow/.local/lib/python3.12/site-packages/airflow/example_dags/tutorial.py
[2024-07-16T17:30:54.224+0000] {processor.py:840} INFO - DAG(s) 'tutorial' retrieved from /home/airflow/.local/lib/python3.12/site-packages/airflow/example_dags/tutorial.py
[2024-07-16T17:30:54.259+0000] {logging_mixin.py:188} INFO - [2024-07-16T17:30:54.259+0000] {dag.py:3089} INFO - Sync 1 DAGs
[2024-07-16T17:30:54.296+0000] {logging_mixin.py:188} INFO - [2024-07-16T17:30:54.296+0000] {dag.py:3947} INFO - Setting next_dagrun for tutorial to 2024-07-15 00:00:00+00:00, run_after=2024-07-16 00:00:00+00:00
[2024-07-16T17:30:54.327+0000] {processor.py:183} INFO - Processing /home/airflow/.local/lib/python3.12/site-packages/airflow/example_dags/tutorial.py took 0.126 seconds
[2024-07-16T17:31:24.464+0000] {processor.py:161} INFO - Started process (PID=235) to work on /home/airflow/.local/lib/python3.12/site-packages/airflow/example_dags/tutorial.py
[2024-07-16T17:31:24.466+0000] {processor.py:830} INFO - Processing file /home/airflow/.local/lib/python3.12/site-packages/airflow/example_dags/tutorial.py for tasks to queue
[2024-07-16T17:31:24.468+0000] {logging_mixin.py:188} INFO - [2024-07-16T17:31:24.468+0000] {dagbag.py:545} INFO - Filling up the DagBag from /home/airflow/.local/lib/python3.12/site-packages/airflow/example_dags/tutorial.py
[2024-07-16T17:31:24.474+0000] {processor.py:840} INFO - DAG(s) 'tutorial' retrieved from /home/airflow/.local/lib/python3.12/site-packages/airflow/example_dags/tutorial.py
[2024-07-16T17:31:24.498+0000] {logging_mixin.py:188} INFO - [2024-07-16T17:31:24.498+0000] {dag.py:3089} INFO - Sync 1 DAGs
[2024-07-16T17:31:24.520+0000] {logging_mixin.py:188} INFO - [2024-07-16T17:31:24.520+0000] {dag.py:3947} INFO - Setting next_dagrun for tutorial to 2024-07-15 00:00:00+00:00, run_after=2024-07-16 00:00:00+00:00
[2024-07-16T17:31:24.542+0000] {processor.py:183} INFO - Processing /home/airflow/.local/lib/python3.12/site-packages/airflow/example_dags/tutorial.py took 0.083 seconds
[2024-07-16T17:31:55.335+0000] {processor.py:161} INFO - Started process (PID=293) to work on /home/airflow/.local/lib/python3.12/site-packages/airflow/example_dags/tutorial.py
[2024-07-16T17:31:55.337+0000] {processor.py:830} INFO - Processing file /home/airflow/.local/lib/python3.12/site-packages/airflow/example_dags/tutorial.py for tasks to queue
[2024-07-16T17:31:55.340+0000] {logging_mixin.py:188} INFO - [2024-07-16T17:31:55.340+0000] {dagbag.py:545} INFO - Filling up the DagBag from /home/airflow/.local/lib/python3.12/site-packages/airflow/example_dags/tutorial.py
[2024-07-16T17:31:55.350+0000] {processor.py:840} INFO - DAG(s) 'tutorial' retrieved from /home/airflow/.local/lib/python3.12/site-packages/airflow/example_dags/tutorial.py
[2024-07-16T17:31:55.383+0000] {logging_mixin.py:188} INFO - [2024-07-16T17:31:55.382+0000] {dag.py:3089} INFO - Sync 1 DAGs
[2024-07-16T17:31:55.423+0000] {logging_mixin.py:188} INFO - [2024-07-16T17:31:55.423+0000] {dag.py:3947} INFO - Setting next_dagrun for tutorial to 2024-07-15 00:00:00+00:00, run_after=2024-07-16 00:00:00+00:00
[2024-07-16T17:31:55.477+0000] {processor.py:183} INFO - Processing /home/airflow/.local/lib/python3.12/site-packages/airflow/example_dags/tutorial.py took 0.152 seconds
[2024-07-16T17:32:25.808+0000] {processor.py:161} INFO - Started process (PID=351) to work on /home/airflow/.local/lib/python3.12/site-packages/airflow/example_dags/tutorial.py
[2024-07-16T17:32:25.810+0000] {processor.py:830} INFO - Processing file /home/airflow/.local/lib/python3.12/site-packages/airflow/example_dags/tutorial.py for tasks to queue
[2024-07-16T17:32:25.815+0000] {logging_mixin.py:188} INFO - [2024-07-16T17:32:25.814+0000] {dagbag.py:545} INFO - Filling up the DagBag from /home/airflow/.local/lib/python3.12/site-packages/airflow/example_dags/tutorial.py
[2024-07-16T17:32:25.824+0000] {processor.py:840} INFO - DAG(s) 'tutorial' retrieved from /home/airflow/.local/lib/python3.12/site-packages/airflow/example_dags/tutorial.py
[2024-07-16T17:32:25.862+0000] {logging_mixin.py:188} INFO - [2024-07-16T17:32:25.861+0000] {dag.py:3089} INFO - Sync 1 DAGs
[2024-07-16T17:32:25.907+0000] {logging_mixin.py:188} INFO - [2024-07-16T17:32:25.906+0000] {dag.py:3947} INFO - Setting next_dagrun for tutorial to 2024-07-15 00:00:00+00:00, run_after=2024-07-16 00:00:00+00:00
[2024-07-16T17:32:25.951+0000] {processor.py:183} INFO - Processing /home/airflow/.local/lib/python3.12/site-packages/airflow/example_dags/tutorial.py took 0.152 seconds
[2024-07-16T17:32:56.228+0000] {processor.py:161} INFO - Started process (PID=409) to work on /home/airflow/.local/lib/python3.12/site-packages/airflow/example_dags/tutorial.py
[2024-07-16T17:32:56.230+0000] {processor.py:830} INFO - Processing file /home/airflow/.local/lib/python3.12/site-packages/airflow/example_dags/tutorial.py for tasks to queue
[2024-07-16T17:32:56.232+0000] {logging_mixin.py:188} INFO - [2024-07-16T17:32:56.232+0000] {dagbag.py:545} INFO - Filling up the DagBag from /home/airflow/.local/lib/python3.12/site-packages/airflow/example_dags/tutorial.py
[2024-07-16T17:32:56.240+0000] {processor.py:840} INFO - DAG(s) 'tutorial' retrieved from /home/airflow/.local/lib/python3.12/site-packages/airflow/example_dags/tutorial.py
[2024-07-16T17:32:56.268+0000] {logging_mixin.py:188} INFO - [2024-07-16T17:32:56.268+0000] {dag.py:3089} INFO - Sync 1 DAGs
[2024-07-16T17:32:56.304+0000] {logging_mixin.py:188} INFO - [2024-07-16T17:32:56.304+0000] {dag.py:3947} INFO - Setting next_dagrun for tutorial to 2024-07-15 00:00:00+00:00, run_after=2024-07-16 00:00:00+00:00
[2024-07-16T17:32:56.344+0000] {processor.py:183} INFO - Processing /home/airflow/.local/lib/python3.12/site-packages/airflow/example_dags/tutorial.py took 0.124 seconds
[2024-07-16T18:04:12.393+0000] {processor.py:161} INFO - Started process (PID=63) to work on /home/airflow/.local/lib/python3.12/site-packages/airflow/example_dags/tutorial.py
[2024-07-16T18:04:12.396+0000] {processor.py:830} INFO - Processing file /home/airflow/.local/lib/python3.12/site-packages/airflow/example_dags/tutorial.py for tasks to queue
[2024-07-16T18:04:12.403+0000] {logging_mixin.py:188} INFO - [2024-07-16T18:04:12.399+0000] {dagbag.py:545} INFO - Filling up the DagBag from /home/airflow/.local/lib/python3.12/site-packages/airflow/example_dags/tutorial.py
[2024-07-16T18:04:12.428+0000] {processor.py:840} INFO - DAG(s) 'tutorial' retrieved from /home/airflow/.local/lib/python3.12/site-packages/airflow/example_dags/tutorial.py
[2024-07-16T18:04:12.633+0000] {logging_mixin.py:188} INFO - [2024-07-16T18:04:12.633+0000] {dag.py:3089} INFO - Sync 1 DAGs
[2024-07-16T18:04:12.661+0000] {logging_mixin.py:188} INFO - [2024-07-16T18:04:12.660+0000] {dag.py:3947} INFO - Setting next_dagrun for tutorial to 2024-07-15 00:00:00+00:00, run_after=2024-07-16 00:00:00+00:00
[2024-07-16T18:04:12.690+0000] {processor.py:183} INFO - Processing /home/airflow/.local/lib/python3.12/site-packages/airflow/example_dags/tutorial.py took 0.304 seconds
[2024-07-16T18:12:20.496+0000] {processor.py:161} INFO - Started process (PID=69) to work on /home/airflow/.local/lib/python3.12/site-packages/airflow/example_dags/tutorial.py
[2024-07-16T18:12:20.498+0000] {processor.py:830} INFO - Processing file /home/airflow/.local/lib/python3.12/site-packages/airflow/example_dags/tutorial.py for tasks to queue
[2024-07-16T18:12:20.502+0000] {logging_mixin.py:188} INFO - [2024-07-16T18:12:20.502+0000] {dagbag.py:545} INFO - Filling up the DagBag from /home/airflow/.local/lib/python3.12/site-packages/airflow/example_dags/tutorial.py
[2024-07-16T18:12:20.519+0000] {processor.py:840} INFO - DAG(s) 'tutorial' retrieved from /home/airflow/.local/lib/python3.12/site-packages/airflow/example_dags/tutorial.py
[2024-07-16T18:12:20.764+0000] {logging_mixin.py:188} INFO - [2024-07-16T18:12:20.764+0000] {dag.py:3089} INFO - Sync 1 DAGs
[2024-07-16T18:12:20.805+0000] {logging_mixin.py:188} INFO - [2024-07-16T18:12:20.804+0000] {dag.py:3947} INFO - Setting next_dagrun for tutorial to 2024-07-15 00:00:00+00:00, run_after=2024-07-16 00:00:00+00:00
[2024-07-16T18:12:20.840+0000] {processor.py:183} INFO - Processing /home/airflow/.local/lib/python3.12/site-packages/airflow/example_dags/tutorial.py took 0.357 seconds
[2024-07-16T18:12:51.092+0000] {processor.py:161} INFO - Started process (PID=128) to work on /home/airflow/.local/lib/python3.12/site-packages/airflow/example_dags/tutorial.py
[2024-07-16T18:12:51.093+0000] {processor.py:830} INFO - Processing file /home/airflow/.local/lib/python3.12/site-packages/airflow/example_dags/tutorial.py for tasks to queue
[2024-07-16T18:12:51.095+0000] {logging_mixin.py:188} INFO - [2024-07-16T18:12:51.095+0000] {dagbag.py:545} INFO - Filling up the DagBag from /home/airflow/.local/lib/python3.12/site-packages/airflow/example_dags/tutorial.py
[2024-07-16T18:12:51.107+0000] {processor.py:840} INFO - DAG(s) 'tutorial' retrieved from /home/airflow/.local/lib/python3.12/site-packages/airflow/example_dags/tutorial.py
[2024-07-16T18:12:51.129+0000] {logging_mixin.py:188} INFO - [2024-07-16T18:12:51.129+0000] {dag.py:3089} INFO - Sync 1 DAGs
[2024-07-16T18:12:51.165+0000] {logging_mixin.py:188} INFO - [2024-07-16T18:12:51.165+0000] {dag.py:3947} INFO - Setting next_dagrun for tutorial to 2024-07-15 00:00:00+00:00, run_after=2024-07-16 00:00:00+00:00
[2024-07-16T18:12:51.211+0000] {processor.py:183} INFO - Processing /home/airflow/.local/lib/python3.12/site-packages/airflow/example_dags/tutorial.py took 0.125 seconds
[2024-07-16T18:13:21.638+0000] {processor.py:161} INFO - Started process (PID=187) to work on /home/airflow/.local/lib/python3.12/site-packages/airflow/example_dags/tutorial.py
[2024-07-16T18:13:21.648+0000] {processor.py:830} INFO - Processing file /home/airflow/.local/lib/python3.12/site-packages/airflow/example_dags/tutorial.py for tasks to queue
[2024-07-16T18:13:21.652+0000] {logging_mixin.py:188} INFO - [2024-07-16T18:13:21.652+0000] {dagbag.py:545} INFO - Filling up the DagBag from /home/airflow/.local/lib/python3.12/site-packages/airflow/example_dags/tutorial.py
[2024-07-16T18:13:21.668+0000] {processor.py:840} INFO - DAG(s) 'tutorial' retrieved from /home/airflow/.local/lib/python3.12/site-packages/airflow/example_dags/tutorial.py
[2024-07-16T18:13:21.698+0000] {logging_mixin.py:188} INFO - [2024-07-16T18:13:21.697+0000] {dag.py:3089} INFO - Sync 1 DAGs
[2024-07-16T18:13:21.728+0000] {logging_mixin.py:188} INFO - [2024-07-16T18:13:21.727+0000] {dag.py:3947} INFO - Setting next_dagrun for tutorial to 2024-07-15 00:00:00+00:00, run_after=2024-07-16 00:00:00+00:00
[2024-07-16T18:13:21.751+0000] {processor.py:183} INFO - Processing /home/airflow/.local/lib/python3.12/site-packages/airflow/example_dags/tutorial.py took 0.120 seconds
