[2024-07-16T17:10:27.255+0000] {processor.py:161} INFO - Started process (PID=86) to work on /home/airflow/.local/lib/python3.12/site-packages/airflow/example_dags/tutorial_dag.py
[2024-07-16T17:10:27.256+0000] {processor.py:830} INFO - Processing file /home/airflow/.local/lib/python3.12/site-packages/airflow/example_dags/tutorial_dag.py for tasks to queue
[2024-07-16T17:10:27.258+0000] {logging_mixin.py:188} INFO - [2024-07-16T17:10:27.258+0000] {dagbag.py:545} INFO - Filling up the DagBag from /home/airflow/.local/lib/python3.12/site-packages/airflow/example_dags/tutorial_dag.py
[2024-07-16T17:10:27.267+0000] {processor.py:840} INFO - DAG(s) 'tutorial_dag' retrieved from /home/airflow/.local/lib/python3.12/site-packages/airflow/example_dags/tutorial_dag.py
[2024-07-16T17:10:27.372+0000] {logging_mixin.py:188} INFO - [2024-07-16T17:10:27.372+0000] {dag.py:3089} INFO - Sync 1 DAGs
[2024-07-16T17:10:27.382+0000] {logging_mixin.py:188} INFO - [2024-07-16T17:10:27.382+0000] {dag.py:3947} INFO - Setting next_dagrun for tutorial_dag to None, run_after=None
[2024-07-16T17:10:27.413+0000] {processor.py:183} INFO - Processing /home/airflow/.local/lib/python3.12/site-packages/airflow/example_dags/tutorial_dag.py took 0.163 seconds
[2024-07-16T17:10:58.155+0000] {processor.py:161} INFO - Started process (PID=144) to work on /home/airflow/.local/lib/python3.12/site-packages/airflow/example_dags/tutorial_dag.py
[2024-07-16T17:10:58.157+0000] {processor.py:830} INFO - Processing file /home/airflow/.local/lib/python3.12/site-packages/airflow/example_dags/tutorial_dag.py for tasks to queue
[2024-07-16T17:10:58.158+0000] {logging_mixin.py:188} INFO - [2024-07-16T17:10:58.158+0000] {dagbag.py:545} INFO - Filling up the DagBag from /home/airflow/.local/lib/python3.12/site-packages/airflow/example_dags/tutorial_dag.py
[2024-07-16T17:10:58.163+0000] {processor.py:840} INFO - DAG(s) 'tutorial_dag' retrieved from /home/airflow/.local/lib/python3.12/site-packages/airflow/example_dags/tutorial_dag.py
[2024-07-16T17:10:58.182+0000] {logging_mixin.py:188} INFO - [2024-07-16T17:10:58.181+0000] {dag.py:3089} INFO - Sync 1 DAGs
[2024-07-16T17:10:58.192+0000] {logging_mixin.py:188} INFO - [2024-07-16T17:10:58.191+0000] {dag.py:3947} INFO - Setting next_dagrun for tutorial_dag to None, run_after=None
[2024-07-16T17:10:58.209+0000] {processor.py:183} INFO - Processing /home/airflow/.local/lib/python3.12/site-packages/airflow/example_dags/tutorial_dag.py took 0.058 seconds
[2024-07-16T17:11:28.550+0000] {processor.py:161} INFO - Started process (PID=202) to work on /home/airflow/.local/lib/python3.12/site-packages/airflow/example_dags/tutorial_dag.py
[2024-07-16T17:11:28.551+0000] {processor.py:830} INFO - Processing file /home/airflow/.local/lib/python3.12/site-packages/airflow/example_dags/tutorial_dag.py for tasks to queue
[2024-07-16T17:11:28.554+0000] {logging_mixin.py:188} INFO - [2024-07-16T17:11:28.554+0000] {dagbag.py:545} INFO - Filling up the DagBag from /home/airflow/.local/lib/python3.12/site-packages/airflow/example_dags/tutorial_dag.py
[2024-07-16T17:11:28.558+0000] {processor.py:840} INFO - DAG(s) 'tutorial_dag' retrieved from /home/airflow/.local/lib/python3.12/site-packages/airflow/example_dags/tutorial_dag.py
[2024-07-16T17:11:28.576+0000] {logging_mixin.py:188} INFO - [2024-07-16T17:11:28.575+0000] {dag.py:3089} INFO - Sync 1 DAGs
[2024-07-16T17:11:28.587+0000] {logging_mixin.py:188} INFO - [2024-07-16T17:11:28.587+0000] {dag.py:3947} INFO - Setting next_dagrun for tutorial_dag to None, run_after=None
[2024-07-16T17:11:28.606+0000] {processor.py:183} INFO - Processing /home/airflow/.local/lib/python3.12/site-packages/airflow/example_dags/tutorial_dag.py took 0.062 seconds
[2024-07-16T17:11:58.966+0000] {processor.py:161} INFO - Started process (PID=260) to work on /home/airflow/.local/lib/python3.12/site-packages/airflow/example_dags/tutorial_dag.py
[2024-07-16T17:11:58.967+0000] {processor.py:830} INFO - Processing file /home/airflow/.local/lib/python3.12/site-packages/airflow/example_dags/tutorial_dag.py for tasks to queue
[2024-07-16T17:11:58.969+0000] {logging_mixin.py:188} INFO - [2024-07-16T17:11:58.969+0000] {dagbag.py:545} INFO - Filling up the DagBag from /home/airflow/.local/lib/python3.12/site-packages/airflow/example_dags/tutorial_dag.py
[2024-07-16T17:11:58.974+0000] {processor.py:840} INFO - DAG(s) 'tutorial_dag' retrieved from /home/airflow/.local/lib/python3.12/site-packages/airflow/example_dags/tutorial_dag.py
[2024-07-16T17:11:58.991+0000] {logging_mixin.py:188} INFO - [2024-07-16T17:11:58.991+0000] {dag.py:3089} INFO - Sync 1 DAGs
[2024-07-16T17:11:59.004+0000] {logging_mixin.py:188} INFO - [2024-07-16T17:11:59.004+0000] {dag.py:3947} INFO - Setting next_dagrun for tutorial_dag to None, run_after=None
[2024-07-16T17:11:59.023+0000] {processor.py:183} INFO - Processing /home/airflow/.local/lib/python3.12/site-packages/airflow/example_dags/tutorial_dag.py took 0.064 seconds
[2024-07-16T17:12:29.250+0000] {processor.py:161} INFO - Started process (PID=318) to work on /home/airflow/.local/lib/python3.12/site-packages/airflow/example_dags/tutorial_dag.py
[2024-07-16T17:12:29.251+0000] {processor.py:830} INFO - Processing file /home/airflow/.local/lib/python3.12/site-packages/airflow/example_dags/tutorial_dag.py for tasks to queue
[2024-07-16T17:12:29.253+0000] {logging_mixin.py:188} INFO - [2024-07-16T17:12:29.253+0000] {dagbag.py:545} INFO - Filling up the DagBag from /home/airflow/.local/lib/python3.12/site-packages/airflow/example_dags/tutorial_dag.py
[2024-07-16T17:12:29.257+0000] {processor.py:840} INFO - DAG(s) 'tutorial_dag' retrieved from /home/airflow/.local/lib/python3.12/site-packages/airflow/example_dags/tutorial_dag.py
[2024-07-16T17:12:29.276+0000] {logging_mixin.py:188} INFO - [2024-07-16T17:12:29.276+0000] {dag.py:3089} INFO - Sync 1 DAGs
[2024-07-16T17:12:29.287+0000] {logging_mixin.py:188} INFO - [2024-07-16T17:12:29.287+0000] {dag.py:3947} INFO - Setting next_dagrun for tutorial_dag to None, run_after=None
[2024-07-16T17:12:29.304+0000] {processor.py:183} INFO - Processing /home/airflow/.local/lib/python3.12/site-packages/airflow/example_dags/tutorial_dag.py took 0.058 seconds
[2024-07-16T17:13:00.276+0000] {processor.py:161} INFO - Started process (PID=376) to work on /home/airflow/.local/lib/python3.12/site-packages/airflow/example_dags/tutorial_dag.py
[2024-07-16T17:13:00.280+0000] {processor.py:830} INFO - Processing file /home/airflow/.local/lib/python3.12/site-packages/airflow/example_dags/tutorial_dag.py for tasks to queue
[2024-07-16T17:13:00.285+0000] {logging_mixin.py:188} INFO - [2024-07-16T17:13:00.284+0000] {dagbag.py:545} INFO - Filling up the DagBag from /home/airflow/.local/lib/python3.12/site-packages/airflow/example_dags/tutorial_dag.py
[2024-07-16T17:13:00.305+0000] {processor.py:840} INFO - DAG(s) 'tutorial_dag' retrieved from /home/airflow/.local/lib/python3.12/site-packages/airflow/example_dags/tutorial_dag.py
[2024-07-16T17:13:00.400+0000] {logging_mixin.py:188} INFO - [2024-07-16T17:13:00.400+0000] {dag.py:3089} INFO - Sync 1 DAGs
[2024-07-16T17:13:00.487+0000] {logging_mixin.py:188} INFO - [2024-07-16T17:13:00.486+0000] {dag.py:3947} INFO - Setting next_dagrun for tutorial_dag to None, run_after=None
[2024-07-16T17:13:00.575+0000] {processor.py:183} INFO - Processing /home/airflow/.local/lib/python3.12/site-packages/airflow/example_dags/tutorial_dag.py took 0.314 seconds
[2024-07-16T17:13:31.336+0000] {processor.py:161} INFO - Started process (PID=434) to work on /home/airflow/.local/lib/python3.12/site-packages/airflow/example_dags/tutorial_dag.py
[2024-07-16T17:13:31.338+0000] {processor.py:830} INFO - Processing file /home/airflow/.local/lib/python3.12/site-packages/airflow/example_dags/tutorial_dag.py for tasks to queue
[2024-07-16T17:13:31.342+0000] {logging_mixin.py:188} INFO - [2024-07-16T17:13:31.341+0000] {dagbag.py:545} INFO - Filling up the DagBag from /home/airflow/.local/lib/python3.12/site-packages/airflow/example_dags/tutorial_dag.py
[2024-07-16T17:13:31.351+0000] {processor.py:840} INFO - DAG(s) 'tutorial_dag' retrieved from /home/airflow/.local/lib/python3.12/site-packages/airflow/example_dags/tutorial_dag.py
[2024-07-16T17:13:31.389+0000] {logging_mixin.py:188} INFO - [2024-07-16T17:13:31.389+0000] {dag.py:3089} INFO - Sync 1 DAGs
[2024-07-16T17:13:31.421+0000] {logging_mixin.py:188} INFO - [2024-07-16T17:13:31.420+0000] {dag.py:3947} INFO - Setting next_dagrun for tutorial_dag to None, run_after=None
[2024-07-16T17:13:31.481+0000] {processor.py:183} INFO - Processing /home/airflow/.local/lib/python3.12/site-packages/airflow/example_dags/tutorial_dag.py took 0.155 seconds
[2024-07-16T17:14:01.723+0000] {processor.py:161} INFO - Started process (PID=492) to work on /home/airflow/.local/lib/python3.12/site-packages/airflow/example_dags/tutorial_dag.py
[2024-07-16T17:14:01.724+0000] {processor.py:830} INFO - Processing file /home/airflow/.local/lib/python3.12/site-packages/airflow/example_dags/tutorial_dag.py for tasks to queue
[2024-07-16T17:14:01.725+0000] {logging_mixin.py:188} INFO - [2024-07-16T17:14:01.725+0000] {dagbag.py:545} INFO - Filling up the DagBag from /home/airflow/.local/lib/python3.12/site-packages/airflow/example_dags/tutorial_dag.py
[2024-07-16T17:14:01.729+0000] {processor.py:840} INFO - DAG(s) 'tutorial_dag' retrieved from /home/airflow/.local/lib/python3.12/site-packages/airflow/example_dags/tutorial_dag.py
[2024-07-16T17:14:01.748+0000] {logging_mixin.py:188} INFO - [2024-07-16T17:14:01.748+0000] {dag.py:3089} INFO - Sync 1 DAGs
[2024-07-16T17:14:01.759+0000] {logging_mixin.py:188} INFO - [2024-07-16T17:14:01.758+0000] {dag.py:3947} INFO - Setting next_dagrun for tutorial_dag to None, run_after=None
[2024-07-16T17:14:01.779+0000] {processor.py:183} INFO - Processing /home/airflow/.local/lib/python3.12/site-packages/airflow/example_dags/tutorial_dag.py took 0.061 seconds
[2024-07-16T17:14:32.546+0000] {processor.py:161} INFO - Started process (PID=550) to work on /home/airflow/.local/lib/python3.12/site-packages/airflow/example_dags/tutorial_dag.py
[2024-07-16T17:14:32.546+0000] {processor.py:830} INFO - Processing file /home/airflow/.local/lib/python3.12/site-packages/airflow/example_dags/tutorial_dag.py for tasks to queue
[2024-07-16T17:14:32.548+0000] {logging_mixin.py:188} INFO - [2024-07-16T17:14:32.548+0000] {dagbag.py:545} INFO - Filling up the DagBag from /home/airflow/.local/lib/python3.12/site-packages/airflow/example_dags/tutorial_dag.py
[2024-07-16T17:14:32.553+0000] {processor.py:840} INFO - DAG(s) 'tutorial_dag' retrieved from /home/airflow/.local/lib/python3.12/site-packages/airflow/example_dags/tutorial_dag.py
[2024-07-16T17:14:32.573+0000] {logging_mixin.py:188} INFO - [2024-07-16T17:14:32.572+0000] {dag.py:3089} INFO - Sync 1 DAGs
[2024-07-16T17:14:32.589+0000] {logging_mixin.py:188} INFO - [2024-07-16T17:14:32.589+0000] {dag.py:3947} INFO - Setting next_dagrun for tutorial_dag to None, run_after=None
[2024-07-16T17:14:32.611+0000] {processor.py:183} INFO - Processing /home/airflow/.local/lib/python3.12/site-packages/airflow/example_dags/tutorial_dag.py took 0.071 seconds
[2024-07-16T17:15:02.745+0000] {processor.py:161} INFO - Started process (PID=608) to work on /home/airflow/.local/lib/python3.12/site-packages/airflow/example_dags/tutorial_dag.py
[2024-07-16T17:15:02.746+0000] {processor.py:830} INFO - Processing file /home/airflow/.local/lib/python3.12/site-packages/airflow/example_dags/tutorial_dag.py for tasks to queue
[2024-07-16T17:15:02.748+0000] {logging_mixin.py:188} INFO - [2024-07-16T17:15:02.748+0000] {dagbag.py:545} INFO - Filling up the DagBag from /home/airflow/.local/lib/python3.12/site-packages/airflow/example_dags/tutorial_dag.py
[2024-07-16T17:15:02.753+0000] {processor.py:840} INFO - DAG(s) 'tutorial_dag' retrieved from /home/airflow/.local/lib/python3.12/site-packages/airflow/example_dags/tutorial_dag.py
[2024-07-16T17:15:02.772+0000] {logging_mixin.py:188} INFO - [2024-07-16T17:15:02.772+0000] {dag.py:3089} INFO - Sync 1 DAGs
[2024-07-16T17:15:02.786+0000] {logging_mixin.py:188} INFO - [2024-07-16T17:15:02.786+0000] {dag.py:3947} INFO - Setting next_dagrun for tutorial_dag to None, run_after=None
[2024-07-16T17:15:02.812+0000] {processor.py:183} INFO - Processing /home/airflow/.local/lib/python3.12/site-packages/airflow/example_dags/tutorial_dag.py took 0.072 seconds
[2024-07-16T17:15:33.072+0000] {processor.py:161} INFO - Started process (PID=666) to work on /home/airflow/.local/lib/python3.12/site-packages/airflow/example_dags/tutorial_dag.py
[2024-07-16T17:15:33.073+0000] {processor.py:830} INFO - Processing file /home/airflow/.local/lib/python3.12/site-packages/airflow/example_dags/tutorial_dag.py for tasks to queue
[2024-07-16T17:15:33.075+0000] {logging_mixin.py:188} INFO - [2024-07-16T17:15:33.074+0000] {dagbag.py:545} INFO - Filling up the DagBag from /home/airflow/.local/lib/python3.12/site-packages/airflow/example_dags/tutorial_dag.py
[2024-07-16T17:15:33.080+0000] {processor.py:840} INFO - DAG(s) 'tutorial_dag' retrieved from /home/airflow/.local/lib/python3.12/site-packages/airflow/example_dags/tutorial_dag.py
[2024-07-16T17:15:33.102+0000] {logging_mixin.py:188} INFO - [2024-07-16T17:15:33.102+0000] {dag.py:3089} INFO - Sync 1 DAGs
[2024-07-16T17:15:33.117+0000] {logging_mixin.py:188} INFO - [2024-07-16T17:15:33.117+0000] {dag.py:3947} INFO - Setting next_dagrun for tutorial_dag to None, run_after=None
[2024-07-16T17:15:33.138+0000] {processor.py:183} INFO - Processing /home/airflow/.local/lib/python3.12/site-packages/airflow/example_dags/tutorial_dag.py took 0.072 seconds
[2024-07-16T17:16:03.271+0000] {processor.py:161} INFO - Started process (PID=724) to work on /home/airflow/.local/lib/python3.12/site-packages/airflow/example_dags/tutorial_dag.py
[2024-07-16T17:16:03.272+0000] {processor.py:830} INFO - Processing file /home/airflow/.local/lib/python3.12/site-packages/airflow/example_dags/tutorial_dag.py for tasks to queue
[2024-07-16T17:16:03.274+0000] {logging_mixin.py:188} INFO - [2024-07-16T17:16:03.274+0000] {dagbag.py:545} INFO - Filling up the DagBag from /home/airflow/.local/lib/python3.12/site-packages/airflow/example_dags/tutorial_dag.py
[2024-07-16T17:16:03.279+0000] {processor.py:840} INFO - DAG(s) 'tutorial_dag' retrieved from /home/airflow/.local/lib/python3.12/site-packages/airflow/example_dags/tutorial_dag.py
[2024-07-16T17:16:03.298+0000] {logging_mixin.py:188} INFO - [2024-07-16T17:16:03.297+0000] {dag.py:3089} INFO - Sync 1 DAGs
[2024-07-16T17:16:03.312+0000] {logging_mixin.py:188} INFO - [2024-07-16T17:16:03.312+0000] {dag.py:3947} INFO - Setting next_dagrun for tutorial_dag to None, run_after=None
[2024-07-16T17:16:03.335+0000] {processor.py:183} INFO - Processing /home/airflow/.local/lib/python3.12/site-packages/airflow/example_dags/tutorial_dag.py took 0.069 seconds
[2024-07-16T17:16:33.757+0000] {processor.py:161} INFO - Started process (PID=782) to work on /home/airflow/.local/lib/python3.12/site-packages/airflow/example_dags/tutorial_dag.py
[2024-07-16T17:16:33.758+0000] {processor.py:830} INFO - Processing file /home/airflow/.local/lib/python3.12/site-packages/airflow/example_dags/tutorial_dag.py for tasks to queue
[2024-07-16T17:16:33.760+0000] {logging_mixin.py:188} INFO - [2024-07-16T17:16:33.759+0000] {dagbag.py:545} INFO - Filling up the DagBag from /home/airflow/.local/lib/python3.12/site-packages/airflow/example_dags/tutorial_dag.py
[2024-07-16T17:16:33.765+0000] {processor.py:840} INFO - DAG(s) 'tutorial_dag' retrieved from /home/airflow/.local/lib/python3.12/site-packages/airflow/example_dags/tutorial_dag.py
[2024-07-16T17:16:33.784+0000] {logging_mixin.py:188} INFO - [2024-07-16T17:16:33.784+0000] {dag.py:3089} INFO - Sync 1 DAGs
[2024-07-16T17:16:33.800+0000] {logging_mixin.py:188} INFO - [2024-07-16T17:16:33.799+0000] {dag.py:3947} INFO - Setting next_dagrun for tutorial_dag to None, run_after=None
[2024-07-16T17:16:33.819+0000] {processor.py:183} INFO - Processing /home/airflow/.local/lib/python3.12/site-packages/airflow/example_dags/tutorial_dag.py took 0.068 seconds
[2024-07-16T17:17:04.006+0000] {processor.py:161} INFO - Started process (PID=840) to work on /home/airflow/.local/lib/python3.12/site-packages/airflow/example_dags/tutorial_dag.py
[2024-07-16T17:17:04.007+0000] {processor.py:830} INFO - Processing file /home/airflow/.local/lib/python3.12/site-packages/airflow/example_dags/tutorial_dag.py for tasks to queue
[2024-07-16T17:17:04.009+0000] {logging_mixin.py:188} INFO - [2024-07-16T17:17:04.009+0000] {dagbag.py:545} INFO - Filling up the DagBag from /home/airflow/.local/lib/python3.12/site-packages/airflow/example_dags/tutorial_dag.py
[2024-07-16T17:17:04.013+0000] {processor.py:840} INFO - DAG(s) 'tutorial_dag' retrieved from /home/airflow/.local/lib/python3.12/site-packages/airflow/example_dags/tutorial_dag.py
[2024-07-16T17:17:04.033+0000] {logging_mixin.py:188} INFO - [2024-07-16T17:17:04.033+0000] {dag.py:3089} INFO - Sync 1 DAGs
[2024-07-16T17:17:04.044+0000] {logging_mixin.py:188} INFO - [2024-07-16T17:17:04.044+0000] {dag.py:3947} INFO - Setting next_dagrun for tutorial_dag to None, run_after=None
[2024-07-16T17:17:04.063+0000] {processor.py:183} INFO - Processing /home/airflow/.local/lib/python3.12/site-packages/airflow/example_dags/tutorial_dag.py took 0.062 seconds
[2024-07-16T17:17:35.104+0000] {processor.py:161} INFO - Started process (PID=898) to work on /home/airflow/.local/lib/python3.12/site-packages/airflow/example_dags/tutorial_dag.py
[2024-07-16T17:17:35.105+0000] {processor.py:830} INFO - Processing file /home/airflow/.local/lib/python3.12/site-packages/airflow/example_dags/tutorial_dag.py for tasks to queue
[2024-07-16T17:17:35.107+0000] {logging_mixin.py:188} INFO - [2024-07-16T17:17:35.107+0000] {dagbag.py:545} INFO - Filling up the DagBag from /home/airflow/.local/lib/python3.12/site-packages/airflow/example_dags/tutorial_dag.py
[2024-07-16T17:17:35.111+0000] {processor.py:840} INFO - DAG(s) 'tutorial_dag' retrieved from /home/airflow/.local/lib/python3.12/site-packages/airflow/example_dags/tutorial_dag.py
[2024-07-16T17:17:35.130+0000] {logging_mixin.py:188} INFO - [2024-07-16T17:17:35.130+0000] {dag.py:3089} INFO - Sync 1 DAGs
[2024-07-16T17:17:35.147+0000] {logging_mixin.py:188} INFO - [2024-07-16T17:17:35.147+0000] {dag.py:3947} INFO - Setting next_dagrun for tutorial_dag to None, run_after=None
[2024-07-16T17:17:35.165+0000] {processor.py:183} INFO - Processing /home/airflow/.local/lib/python3.12/site-packages/airflow/example_dags/tutorial_dag.py took 0.066 seconds
[2024-07-16T17:18:05.823+0000] {processor.py:161} INFO - Started process (PID=956) to work on /home/airflow/.local/lib/python3.12/site-packages/airflow/example_dags/tutorial_dag.py
[2024-07-16T17:18:05.824+0000] {processor.py:830} INFO - Processing file /home/airflow/.local/lib/python3.12/site-packages/airflow/example_dags/tutorial_dag.py for tasks to queue
[2024-07-16T17:18:05.827+0000] {logging_mixin.py:188} INFO - [2024-07-16T17:18:05.826+0000] {dagbag.py:545} INFO - Filling up the DagBag from /home/airflow/.local/lib/python3.12/site-packages/airflow/example_dags/tutorial_dag.py
[2024-07-16T17:18:05.831+0000] {processor.py:840} INFO - DAG(s) 'tutorial_dag' retrieved from /home/airflow/.local/lib/python3.12/site-packages/airflow/example_dags/tutorial_dag.py
[2024-07-16T17:18:05.852+0000] {logging_mixin.py:188} INFO - [2024-07-16T17:18:05.852+0000] {dag.py:3089} INFO - Sync 1 DAGs
[2024-07-16T17:18:05.864+0000] {logging_mixin.py:188} INFO - [2024-07-16T17:18:05.864+0000] {dag.py:3947} INFO - Setting next_dagrun for tutorial_dag to None, run_after=None
[2024-07-16T17:18:05.885+0000] {processor.py:183} INFO - Processing /home/airflow/.local/lib/python3.12/site-packages/airflow/example_dags/tutorial_dag.py took 0.067 seconds
[2024-07-16T17:18:36.919+0000] {processor.py:161} INFO - Started process (PID=1014) to work on /home/airflow/.local/lib/python3.12/site-packages/airflow/example_dags/tutorial_dag.py
[2024-07-16T17:18:36.924+0000] {processor.py:830} INFO - Processing file /home/airflow/.local/lib/python3.12/site-packages/airflow/example_dags/tutorial_dag.py for tasks to queue
[2024-07-16T17:18:36.928+0000] {logging_mixin.py:188} INFO - [2024-07-16T17:18:36.927+0000] {dagbag.py:545} INFO - Filling up the DagBag from /home/airflow/.local/lib/python3.12/site-packages/airflow/example_dags/tutorial_dag.py
[2024-07-16T17:18:36.943+0000] {processor.py:840} INFO - DAG(s) 'tutorial_dag' retrieved from /home/airflow/.local/lib/python3.12/site-packages/airflow/example_dags/tutorial_dag.py
[2024-07-16T17:18:36.998+0000] {logging_mixin.py:188} INFO - [2024-07-16T17:18:36.998+0000] {dag.py:3089} INFO - Sync 1 DAGs
[2024-07-16T17:18:37.034+0000] {logging_mixin.py:188} INFO - [2024-07-16T17:18:37.033+0000] {dag.py:3947} INFO - Setting next_dagrun for tutorial_dag to None, run_after=None
[2024-07-16T17:18:37.113+0000] {processor.py:183} INFO - Processing /home/airflow/.local/lib/python3.12/site-packages/airflow/example_dags/tutorial_dag.py took 0.212 seconds
[2024-07-16T17:19:07.677+0000] {processor.py:161} INFO - Started process (PID=1072) to work on /home/airflow/.local/lib/python3.12/site-packages/airflow/example_dags/tutorial_dag.py
[2024-07-16T17:19:07.678+0000] {processor.py:830} INFO - Processing file /home/airflow/.local/lib/python3.12/site-packages/airflow/example_dags/tutorial_dag.py for tasks to queue
[2024-07-16T17:19:07.681+0000] {logging_mixin.py:188} INFO - [2024-07-16T17:19:07.681+0000] {dagbag.py:545} INFO - Filling up the DagBag from /home/airflow/.local/lib/python3.12/site-packages/airflow/example_dags/tutorial_dag.py
[2024-07-16T17:19:07.726+0000] {processor.py:840} INFO - DAG(s) 'tutorial_dag' retrieved from /home/airflow/.local/lib/python3.12/site-packages/airflow/example_dags/tutorial_dag.py
[2024-07-16T17:19:07.803+0000] {logging_mixin.py:188} INFO - [2024-07-16T17:19:07.802+0000] {dag.py:3089} INFO - Sync 1 DAGs
[2024-07-16T17:19:07.884+0000] {logging_mixin.py:188} INFO - [2024-07-16T17:19:07.884+0000] {dag.py:3947} INFO - Setting next_dagrun for tutorial_dag to None, run_after=None
[2024-07-16T17:19:07.966+0000] {processor.py:183} INFO - Processing /home/airflow/.local/lib/python3.12/site-packages/airflow/example_dags/tutorial_dag.py took 0.300 seconds
[2024-07-16T17:19:38.759+0000] {processor.py:161} INFO - Started process (PID=1129) to work on /home/airflow/.local/lib/python3.12/site-packages/airflow/example_dags/tutorial_dag.py
[2024-07-16T17:19:38.761+0000] {processor.py:830} INFO - Processing file /home/airflow/.local/lib/python3.12/site-packages/airflow/example_dags/tutorial_dag.py for tasks to queue
[2024-07-16T17:19:38.763+0000] {logging_mixin.py:188} INFO - [2024-07-16T17:19:38.763+0000] {dagbag.py:545} INFO - Filling up the DagBag from /home/airflow/.local/lib/python3.12/site-packages/airflow/example_dags/tutorial_dag.py
[2024-07-16T17:19:38.770+0000] {processor.py:840} INFO - DAG(s) 'tutorial_dag' retrieved from /home/airflow/.local/lib/python3.12/site-packages/airflow/example_dags/tutorial_dag.py
[2024-07-16T17:19:38.793+0000] {logging_mixin.py:188} INFO - [2024-07-16T17:19:38.793+0000] {dag.py:3089} INFO - Sync 1 DAGs
[2024-07-16T17:19:38.811+0000] {logging_mixin.py:188} INFO - [2024-07-16T17:19:38.811+0000] {dag.py:3947} INFO - Setting next_dagrun for tutorial_dag to None, run_after=None
[2024-07-16T17:19:38.840+0000] {processor.py:183} INFO - Processing /home/airflow/.local/lib/python3.12/site-packages/airflow/example_dags/tutorial_dag.py took 0.086 seconds
[2024-07-16T17:23:53.759+0000] {processor.py:161} INFO - Started process (PID=88) to work on /home/airflow/.local/lib/python3.12/site-packages/airflow/example_dags/tutorial_dag.py
[2024-07-16T17:23:53.761+0000] {processor.py:830} INFO - Processing file /home/airflow/.local/lib/python3.12/site-packages/airflow/example_dags/tutorial_dag.py for tasks to queue
[2024-07-16T17:23:53.764+0000] {logging_mixin.py:188} INFO - [2024-07-16T17:23:53.763+0000] {dagbag.py:545} INFO - Filling up the DagBag from /home/airflow/.local/lib/python3.12/site-packages/airflow/example_dags/tutorial_dag.py
[2024-07-16T17:23:53.773+0000] {processor.py:840} INFO - DAG(s) 'tutorial_dag' retrieved from /home/airflow/.local/lib/python3.12/site-packages/airflow/example_dags/tutorial_dag.py
[2024-07-16T17:23:53.916+0000] {logging_mixin.py:188} INFO - [2024-07-16T17:23:53.916+0000] {dag.py:3089} INFO - Sync 1 DAGs
[2024-07-16T17:23:53.930+0000] {logging_mixin.py:188} INFO - [2024-07-16T17:23:53.929+0000] {dag.py:3947} INFO - Setting next_dagrun for tutorial_dag to None, run_after=None
[2024-07-16T17:23:53.957+0000] {processor.py:183} INFO - Processing /home/airflow/.local/lib/python3.12/site-packages/airflow/example_dags/tutorial_dag.py took 0.205 seconds
[2024-07-16T17:24:24.197+0000] {processor.py:161} INFO - Started process (PID=145) to work on /home/airflow/.local/lib/python3.12/site-packages/airflow/example_dags/tutorial_dag.py
[2024-07-16T17:24:24.198+0000] {processor.py:830} INFO - Processing file /home/airflow/.local/lib/python3.12/site-packages/airflow/example_dags/tutorial_dag.py for tasks to queue
[2024-07-16T17:24:24.199+0000] {logging_mixin.py:188} INFO - [2024-07-16T17:24:24.199+0000] {dagbag.py:545} INFO - Filling up the DagBag from /home/airflow/.local/lib/python3.12/site-packages/airflow/example_dags/tutorial_dag.py
[2024-07-16T17:24:24.203+0000] {processor.py:840} INFO - DAG(s) 'tutorial_dag' retrieved from /home/airflow/.local/lib/python3.12/site-packages/airflow/example_dags/tutorial_dag.py
[2024-07-16T17:24:24.221+0000] {logging_mixin.py:188} INFO - [2024-07-16T17:24:24.221+0000] {dag.py:3089} INFO - Sync 1 DAGs
[2024-07-16T17:24:24.235+0000] {logging_mixin.py:188} INFO - [2024-07-16T17:24:24.235+0000] {dag.py:3947} INFO - Setting next_dagrun for tutorial_dag to None, run_after=None
[2024-07-16T17:24:24.254+0000] {processor.py:183} INFO - Processing /home/airflow/.local/lib/python3.12/site-packages/airflow/example_dags/tutorial_dag.py took 0.063 seconds
[2024-07-16T17:24:55.079+0000] {processor.py:161} INFO - Started process (PID=203) to work on /home/airflow/.local/lib/python3.12/site-packages/airflow/example_dags/tutorial_dag.py
[2024-07-16T17:24:55.080+0000] {processor.py:830} INFO - Processing file /home/airflow/.local/lib/python3.12/site-packages/airflow/example_dags/tutorial_dag.py for tasks to queue
[2024-07-16T17:24:55.082+0000] {logging_mixin.py:188} INFO - [2024-07-16T17:24:55.082+0000] {dagbag.py:545} INFO - Filling up the DagBag from /home/airflow/.local/lib/python3.12/site-packages/airflow/example_dags/tutorial_dag.py
[2024-07-16T17:24:55.086+0000] {processor.py:840} INFO - DAG(s) 'tutorial_dag' retrieved from /home/airflow/.local/lib/python3.12/site-packages/airflow/example_dags/tutorial_dag.py
[2024-07-16T17:24:55.103+0000] {logging_mixin.py:188} INFO - [2024-07-16T17:24:55.103+0000] {dag.py:3089} INFO - Sync 1 DAGs
[2024-07-16T17:24:55.114+0000] {logging_mixin.py:188} INFO - [2024-07-16T17:24:55.114+0000] {dag.py:3947} INFO - Setting next_dagrun for tutorial_dag to None, run_after=None
[2024-07-16T17:24:55.131+0000] {processor.py:183} INFO - Processing /home/airflow/.local/lib/python3.12/site-packages/airflow/example_dags/tutorial_dag.py took 0.056 seconds
[2024-07-16T17:25:25.451+0000] {processor.py:161} INFO - Started process (PID=262) to work on /home/airflow/.local/lib/python3.12/site-packages/airflow/example_dags/tutorial_dag.py
[2024-07-16T17:25:25.452+0000] {processor.py:830} INFO - Processing file /home/airflow/.local/lib/python3.12/site-packages/airflow/example_dags/tutorial_dag.py for tasks to queue
[2024-07-16T17:25:25.454+0000] {logging_mixin.py:188} INFO - [2024-07-16T17:25:25.454+0000] {dagbag.py:545} INFO - Filling up the DagBag from /home/airflow/.local/lib/python3.12/site-packages/airflow/example_dags/tutorial_dag.py
[2024-07-16T17:25:25.458+0000] {processor.py:840} INFO - DAG(s) 'tutorial_dag' retrieved from /home/airflow/.local/lib/python3.12/site-packages/airflow/example_dags/tutorial_dag.py
[2024-07-16T17:25:25.474+0000] {logging_mixin.py:188} INFO - [2024-07-16T17:25:25.474+0000] {dag.py:3089} INFO - Sync 1 DAGs
[2024-07-16T17:25:25.485+0000] {logging_mixin.py:188} INFO - [2024-07-16T17:25:25.484+0000] {dag.py:3947} INFO - Setting next_dagrun for tutorial_dag to None, run_after=None
[2024-07-16T17:25:25.503+0000] {processor.py:183} INFO - Processing /home/airflow/.local/lib/python3.12/site-packages/airflow/example_dags/tutorial_dag.py took 0.056 seconds
[2024-07-16T17:29:56.721+0000] {processor.py:161} INFO - Started process (PID=82) to work on /home/airflow/.local/lib/python3.12/site-packages/airflow/example_dags/tutorial_dag.py
[2024-07-16T17:29:56.722+0000] {processor.py:830} INFO - Processing file /home/airflow/.local/lib/python3.12/site-packages/airflow/example_dags/tutorial_dag.py for tasks to queue
[2024-07-16T17:29:56.725+0000] {logging_mixin.py:188} INFO - [2024-07-16T17:29:56.725+0000] {dagbag.py:545} INFO - Filling up the DagBag from /home/airflow/.local/lib/python3.12/site-packages/airflow/example_dags/tutorial_dag.py
[2024-07-16T17:29:56.735+0000] {processor.py:840} INFO - DAG(s) 'tutorial_dag' retrieved from /home/airflow/.local/lib/python3.12/site-packages/airflow/example_dags/tutorial_dag.py
[2024-07-16T17:29:56.885+0000] {logging_mixin.py:188} INFO - [2024-07-16T17:29:56.885+0000] {dag.py:3089} INFO - Sync 1 DAGs
[2024-07-16T17:29:56.901+0000] {logging_mixin.py:188} INFO - [2024-07-16T17:29:56.901+0000] {dag.py:3947} INFO - Setting next_dagrun for tutorial_dag to None, run_after=None
[2024-07-16T17:29:56.926+0000] {processor.py:183} INFO - Processing /home/airflow/.local/lib/python3.12/site-packages/airflow/example_dags/tutorial_dag.py took 0.215 seconds
[2024-07-16T17:30:27.534+0000] {processor.py:161} INFO - Started process (PID=146) to work on /home/airflow/.local/lib/python3.12/site-packages/airflow/example_dags/tutorial_dag.py
[2024-07-16T17:30:27.536+0000] {processor.py:830} INFO - Processing file /home/airflow/.local/lib/python3.12/site-packages/airflow/example_dags/tutorial_dag.py for tasks to queue
[2024-07-16T17:30:27.540+0000] {logging_mixin.py:188} INFO - [2024-07-16T17:30:27.539+0000] {dagbag.py:545} INFO - Filling up the DagBag from /home/airflow/.local/lib/python3.12/site-packages/airflow/example_dags/tutorial_dag.py
[2024-07-16T17:30:27.549+0000] {processor.py:840} INFO - DAG(s) 'tutorial_dag' retrieved from /home/airflow/.local/lib/python3.12/site-packages/airflow/example_dags/tutorial_dag.py
[2024-07-16T17:30:27.582+0000] {logging_mixin.py:188} INFO - [2024-07-16T17:30:27.582+0000] {dag.py:3089} INFO - Sync 1 DAGs
[2024-07-16T17:30:27.609+0000] {logging_mixin.py:188} INFO - [2024-07-16T17:30:27.609+0000] {dag.py:3947} INFO - Setting next_dagrun for tutorial_dag to None, run_after=None
[2024-07-16T17:30:27.645+0000] {processor.py:183} INFO - Processing /home/airflow/.local/lib/python3.12/site-packages/airflow/example_dags/tutorial_dag.py took 0.132 seconds
[2024-07-16T17:30:58.302+0000] {processor.py:161} INFO - Started process (PID=203) to work on /home/airflow/.local/lib/python3.12/site-packages/airflow/example_dags/tutorial_dag.py
[2024-07-16T17:30:58.303+0000] {processor.py:830} INFO - Processing file /home/airflow/.local/lib/python3.12/site-packages/airflow/example_dags/tutorial_dag.py for tasks to queue
[2024-07-16T17:30:58.306+0000] {logging_mixin.py:188} INFO - [2024-07-16T17:30:58.306+0000] {dagbag.py:545} INFO - Filling up the DagBag from /home/airflow/.local/lib/python3.12/site-packages/airflow/example_dags/tutorial_dag.py
[2024-07-16T17:30:58.314+0000] {processor.py:840} INFO - DAG(s) 'tutorial_dag' retrieved from /home/airflow/.local/lib/python3.12/site-packages/airflow/example_dags/tutorial_dag.py
[2024-07-16T17:30:58.349+0000] {logging_mixin.py:188} INFO - [2024-07-16T17:30:58.348+0000] {dag.py:3089} INFO - Sync 1 DAGs
[2024-07-16T17:30:58.369+0000] {logging_mixin.py:188} INFO - [2024-07-16T17:30:58.369+0000] {dag.py:3947} INFO - Setting next_dagrun for tutorial_dag to None, run_after=None
[2024-07-16T17:30:58.405+0000] {processor.py:183} INFO - Processing /home/airflow/.local/lib/python3.12/site-packages/airflow/example_dags/tutorial_dag.py took 0.114 seconds
[2024-07-16T17:31:28.941+0000] {processor.py:161} INFO - Started process (PID=261) to work on /home/airflow/.local/lib/python3.12/site-packages/airflow/example_dags/tutorial_dag.py
[2024-07-16T17:31:28.942+0000] {processor.py:830} INFO - Processing file /home/airflow/.local/lib/python3.12/site-packages/airflow/example_dags/tutorial_dag.py for tasks to queue
[2024-07-16T17:31:28.945+0000] {logging_mixin.py:188} INFO - [2024-07-16T17:31:28.944+0000] {dagbag.py:545} INFO - Filling up the DagBag from /home/airflow/.local/lib/python3.12/site-packages/airflow/example_dags/tutorial_dag.py
[2024-07-16T17:31:28.952+0000] {processor.py:840} INFO - DAG(s) 'tutorial_dag' retrieved from /home/airflow/.local/lib/python3.12/site-packages/airflow/example_dags/tutorial_dag.py
[2024-07-16T17:31:28.982+0000] {logging_mixin.py:188} INFO - [2024-07-16T17:31:28.982+0000] {dag.py:3089} INFO - Sync 1 DAGs
[2024-07-16T17:31:29.005+0000] {logging_mixin.py:188} INFO - [2024-07-16T17:31:29.004+0000] {dag.py:3947} INFO - Setting next_dagrun for tutorial_dag to None, run_after=None
[2024-07-16T17:31:29.038+0000] {processor.py:183} INFO - Processing /home/airflow/.local/lib/python3.12/site-packages/airflow/example_dags/tutorial_dag.py took 0.107 seconds
[2024-07-16T17:32:00.520+0000] {processor.py:161} INFO - Started process (PID=319) to work on /home/airflow/.local/lib/python3.12/site-packages/airflow/example_dags/tutorial_dag.py
[2024-07-16T17:32:00.522+0000] {processor.py:830} INFO - Processing file /home/airflow/.local/lib/python3.12/site-packages/airflow/example_dags/tutorial_dag.py for tasks to queue
[2024-07-16T17:32:00.526+0000] {logging_mixin.py:188} INFO - [2024-07-16T17:32:00.525+0000] {dagbag.py:545} INFO - Filling up the DagBag from /home/airflow/.local/lib/python3.12/site-packages/airflow/example_dags/tutorial_dag.py
[2024-07-16T17:32:00.536+0000] {processor.py:840} INFO - DAG(s) 'tutorial_dag' retrieved from /home/airflow/.local/lib/python3.12/site-packages/airflow/example_dags/tutorial_dag.py
[2024-07-16T17:32:00.591+0000] {logging_mixin.py:188} INFO - [2024-07-16T17:32:00.590+0000] {dag.py:3089} INFO - Sync 1 DAGs
[2024-07-16T17:32:00.633+0000] {logging_mixin.py:188} INFO - [2024-07-16T17:32:00.633+0000] {dag.py:3947} INFO - Setting next_dagrun for tutorial_dag to None, run_after=None
[2024-07-16T17:32:00.704+0000] {processor.py:183} INFO - Processing /home/airflow/.local/lib/python3.12/site-packages/airflow/example_dags/tutorial_dag.py took 0.198 seconds
[2024-07-16T17:32:31.214+0000] {processor.py:161} INFO - Started process (PID=377) to work on /home/airflow/.local/lib/python3.12/site-packages/airflow/example_dags/tutorial_dag.py
[2024-07-16T17:32:31.216+0000] {processor.py:830} INFO - Processing file /home/airflow/.local/lib/python3.12/site-packages/airflow/example_dags/tutorial_dag.py for tasks to queue
[2024-07-16T17:32:31.219+0000] {logging_mixin.py:188} INFO - [2024-07-16T17:32:31.219+0000] {dagbag.py:545} INFO - Filling up the DagBag from /home/airflow/.local/lib/python3.12/site-packages/airflow/example_dags/tutorial_dag.py
[2024-07-16T17:32:31.229+0000] {processor.py:840} INFO - DAG(s) 'tutorial_dag' retrieved from /home/airflow/.local/lib/python3.12/site-packages/airflow/example_dags/tutorial_dag.py
[2024-07-16T17:32:31.291+0000] {logging_mixin.py:188} INFO - [2024-07-16T17:32:31.288+0000] {dag.py:3089} INFO - Sync 1 DAGs
[2024-07-16T17:32:31.339+0000] {logging_mixin.py:188} INFO - [2024-07-16T17:32:31.338+0000] {dag.py:3947} INFO - Setting next_dagrun for tutorial_dag to None, run_after=None
[2024-07-16T17:32:31.400+0000] {processor.py:183} INFO - Processing /home/airflow/.local/lib/python3.12/site-packages/airflow/example_dags/tutorial_dag.py took 0.199 seconds
[2024-07-16T17:33:02.297+0000] {processor.py:161} INFO - Started process (PID=435) to work on /home/airflow/.local/lib/python3.12/site-packages/airflow/example_dags/tutorial_dag.py
[2024-07-16T17:33:02.299+0000] {processor.py:830} INFO - Processing file /home/airflow/.local/lib/python3.12/site-packages/airflow/example_dags/tutorial_dag.py for tasks to queue
[2024-07-16T17:33:02.302+0000] {logging_mixin.py:188} INFO - [2024-07-16T17:33:02.301+0000] {dagbag.py:545} INFO - Filling up the DagBag from /home/airflow/.local/lib/python3.12/site-packages/airflow/example_dags/tutorial_dag.py
[2024-07-16T17:33:02.309+0000] {processor.py:840} INFO - DAG(s) 'tutorial_dag' retrieved from /home/airflow/.local/lib/python3.12/site-packages/airflow/example_dags/tutorial_dag.py
[2024-07-16T17:33:02.334+0000] {logging_mixin.py:188} INFO - [2024-07-16T17:33:02.333+0000] {dag.py:3089} INFO - Sync 1 DAGs
[2024-07-16T17:33:02.354+0000] {logging_mixin.py:188} INFO - [2024-07-16T17:33:02.354+0000] {dag.py:3947} INFO - Setting next_dagrun for tutorial_dag to None, run_after=None
[2024-07-16T17:33:02.405+0000] {processor.py:183} INFO - Processing /home/airflow/.local/lib/python3.12/site-packages/airflow/example_dags/tutorial_dag.py took 0.116 seconds
[2024-07-16T18:04:16.969+0000] {processor.py:161} INFO - Started process (PID=89) to work on /home/airflow/.local/lib/python3.12/site-packages/airflow/example_dags/tutorial_dag.py
[2024-07-16T18:04:16.971+0000] {processor.py:830} INFO - Processing file /home/airflow/.local/lib/python3.12/site-packages/airflow/example_dags/tutorial_dag.py for tasks to queue
[2024-07-16T18:04:16.973+0000] {logging_mixin.py:188} INFO - [2024-07-16T18:04:16.973+0000] {dagbag.py:545} INFO - Filling up the DagBag from /home/airflow/.local/lib/python3.12/site-packages/airflow/example_dags/tutorial_dag.py
[2024-07-16T18:04:16.983+0000] {processor.py:840} INFO - DAG(s) 'tutorial_dag' retrieved from /home/airflow/.local/lib/python3.12/site-packages/airflow/example_dags/tutorial_dag.py
[2024-07-16T18:04:17.140+0000] {logging_mixin.py:188} INFO - [2024-07-16T18:04:17.140+0000] {dag.py:3089} INFO - Sync 1 DAGs
[2024-07-16T18:04:17.162+0000] {logging_mixin.py:188} INFO - [2024-07-16T18:04:17.161+0000] {dag.py:3947} INFO - Setting next_dagrun for tutorial_dag to None, run_after=None
[2024-07-16T18:04:17.187+0000] {processor.py:183} INFO - Processing /home/airflow/.local/lib/python3.12/site-packages/airflow/example_dags/tutorial_dag.py took 0.225 seconds
[2024-07-16T18:12:24.403+0000] {processor.py:161} INFO - Started process (PID=89) to work on /home/airflow/.local/lib/python3.12/site-packages/airflow/example_dags/tutorial_dag.py
[2024-07-16T18:12:24.404+0000] {processor.py:830} INFO - Processing file /home/airflow/.local/lib/python3.12/site-packages/airflow/example_dags/tutorial_dag.py for tasks to queue
[2024-07-16T18:12:24.406+0000] {logging_mixin.py:188} INFO - [2024-07-16T18:12:24.406+0000] {dagbag.py:545} INFO - Filling up the DagBag from /home/airflow/.local/lib/python3.12/site-packages/airflow/example_dags/tutorial_dag.py
[2024-07-16T18:12:24.415+0000] {processor.py:840} INFO - DAG(s) 'tutorial_dag' retrieved from /home/airflow/.local/lib/python3.12/site-packages/airflow/example_dags/tutorial_dag.py
[2024-07-16T18:12:24.521+0000] {logging_mixin.py:188} INFO - [2024-07-16T18:12:24.520+0000] {dag.py:3089} INFO - Sync 1 DAGs
[2024-07-16T18:12:24.533+0000] {logging_mixin.py:188} INFO - [2024-07-16T18:12:24.533+0000] {dag.py:3947} INFO - Setting next_dagrun for tutorial_dag to None, run_after=None
[2024-07-16T18:12:24.558+0000] {processor.py:183} INFO - Processing /home/airflow/.local/lib/python3.12/site-packages/airflow/example_dags/tutorial_dag.py took 0.163 seconds
[2024-07-16T18:12:55.396+0000] {processor.py:161} INFO - Started process (PID=148) to work on /home/airflow/.local/lib/python3.12/site-packages/airflow/example_dags/tutorial_dag.py
[2024-07-16T18:12:55.397+0000] {processor.py:830} INFO - Processing file /home/airflow/.local/lib/python3.12/site-packages/airflow/example_dags/tutorial_dag.py for tasks to queue
[2024-07-16T18:12:55.399+0000] {logging_mixin.py:188} INFO - [2024-07-16T18:12:55.398+0000] {dagbag.py:545} INFO - Filling up the DagBag from /home/airflow/.local/lib/python3.12/site-packages/airflow/example_dags/tutorial_dag.py
[2024-07-16T18:12:55.403+0000] {processor.py:840} INFO - DAG(s) 'tutorial_dag' retrieved from /home/airflow/.local/lib/python3.12/site-packages/airflow/example_dags/tutorial_dag.py
[2024-07-16T18:12:55.423+0000] {logging_mixin.py:188} INFO - [2024-07-16T18:12:55.423+0000] {dag.py:3089} INFO - Sync 1 DAGs
[2024-07-16T18:12:55.437+0000] {logging_mixin.py:188} INFO - [2024-07-16T18:12:55.436+0000] {dag.py:3947} INFO - Setting next_dagrun for tutorial_dag to None, run_after=None
[2024-07-16T18:12:55.457+0000] {processor.py:183} INFO - Processing /home/airflow/.local/lib/python3.12/site-packages/airflow/example_dags/tutorial_dag.py took 0.066 seconds
[2024-07-16T18:13:25.821+0000] {processor.py:161} INFO - Started process (PID=207) to work on /home/airflow/.local/lib/python3.12/site-packages/airflow/example_dags/tutorial_dag.py
[2024-07-16T18:13:25.822+0000] {processor.py:830} INFO - Processing file /home/airflow/.local/lib/python3.12/site-packages/airflow/example_dags/tutorial_dag.py for tasks to queue
[2024-07-16T18:13:25.823+0000] {logging_mixin.py:188} INFO - [2024-07-16T18:13:25.823+0000] {dagbag.py:545} INFO - Filling up the DagBag from /home/airflow/.local/lib/python3.12/site-packages/airflow/example_dags/tutorial_dag.py
[2024-07-16T18:13:25.829+0000] {processor.py:840} INFO - DAG(s) 'tutorial_dag' retrieved from /home/airflow/.local/lib/python3.12/site-packages/airflow/example_dags/tutorial_dag.py
[2024-07-16T18:13:25.853+0000] {logging_mixin.py:188} INFO - [2024-07-16T18:13:25.853+0000] {dag.py:3089} INFO - Sync 1 DAGs
[2024-07-16T18:13:25.865+0000] {logging_mixin.py:188} INFO - [2024-07-16T18:13:25.864+0000] {dag.py:3947} INFO - Setting next_dagrun for tutorial_dag to None, run_after=None
[2024-07-16T18:13:25.889+0000] {processor.py:183} INFO - Processing /home/airflow/.local/lib/python3.12/site-packages/airflow/example_dags/tutorial_dag.py took 0.075 seconds
